[ 2017-07-11T20:16:55+08:00 ] 127.0.0.1 /index.php/Home/Shop/addCart?goods_id=54
INFO: [ app_begin ] --START--
INFO: Run Behavior\ReadHtmlCacheBehavior [ RunTime:0.002000s ]
INFO: [ app_begin ] --END-- [ RunTime:0.004000s ]

[ 2017-07-11T20:16:58+08:00 ] 127.0.0.1 /index.php/Home/Shop/addCart?goods_id=54
INFO: [ app_begin ] --START--
INFO: Run Behavior\ReadHtmlCacheBehavior [ RunTime:0.002000s ]
INFO: [ app_begin ] --END-- [ RunTime:0.003000s ]

[ 2017-07-11T20:17:37+08:00 ] 127.0.0.1 /index.php/Home/Shop/addCart?goods_id=54
INFO: [ app_begin ] --START--
INFO: Run Behavior\ReadHtmlCacheBehavior [ RunTime:0.002000s ]
INFO: [ app_begin ] --END-- [ RunTime:0.004000s ]
SQL: SHOW COLUMNS FROM `sp_goods` [ RunTime:0.0380s ]
SQL: SELECT * FROM `sp_goods` WHERE `goods_id` = 54 LIMIT 1   [ RunTime:0.0010s ]
SQL: SHOW COLUMNS FROM `sp_goods` [ RunTime:0.0260s ]
SQL: SELECT `goods_price`,`goods_member_price` FROM `sp_goods` WHERE `goods_id` = 54 LIMIT 1   [ RunTime:0.0010s ]
SQL: SHOW COLUMNS FROM `sp_user` [ RunTime:0.0310s ]
SQL: SELECT `jifen` FROM `sp_user` WHERE `user_id` = 133 LIMIT 1   [ RunTime:0.0010s ]
SQL: SHOW COLUMNS FROM `sp_member_level` [ RunTime:0.0340s ]
SQL: SELECT `id`,`level_rate` FROM `sp_member_level` WHERE `jifen_bottom` <= '3001' AND `jifen_top` >= '3001' LIMIT 1   [ RunTime:0.0010s ]
SQL: SHOW COLUMNS FROM `sp_member_price` [ RunTime:0.0240s ]
SQL: SELECT `price` FROM `sp_member_price` WHERE `goods_id` = '133' AND `level_id` = '16' LIMIT 1   [ RunTime:0.0010s ]
INFO: [ app_end ] --START--
INFO: Run Behavior\ShowPageTraceBehavior [ RunTime:0.002000s ]
INFO: [ app_end ] --END-- [ RunTime:0.002000s ]

[ 2017-07-11T20:18:20+08:00 ] 127.0.0.1 /index.php/Home/Shop/addCart?goods_id=54
INFO: [ app_begin ] --START--
INFO: Run Behavior\ReadHtmlCacheBehavior [ RunTime:0.000000s ]
INFO: [ app_begin ] --END-- [ RunTime:0.001001s ]
SQL: SHOW COLUMNS FROM `sp_goods` [ RunTime:0.0230s ]
SQL: SELECT * FROM `sp_goods` WHERE `goods_id` = 54 LIMIT 1   [ RunTime:0.0020s ]
SQL: SHOW COLUMNS FROM `sp_goods` [ RunTime:0.0240s ]
SQL: SELECT `goods_price`,`goods_member_price` FROM `sp_goods` WHERE `goods_id` = 54 LIMIT 1   [ RunTime:0.0010s ]
SQL: SHOW COLUMNS FROM `sp_user` [ RunTime:0.0250s ]
SQL: SELECT `jifen` FROM `sp_user` WHERE `user_id` = 133 LIMIT 1   [ RunTime:0.0010s ]
SQL: SHOW COLUMNS FROM `sp_member_level` [ RunTime:0.0380s ]
SQL: SELECT `id`,`level_rate` FROM `sp_member_level` WHERE `jifen_bottom` <= '3001' AND `jifen_top` >= '3001' LIMIT 1   [ RunTime:0.0010s ]
SQL: SHOW COLUMNS FROM `sp_member_price` [ RunTime:0.0270s ]
SQL: SELECT `price` FROM `sp_member_price` WHERE `goods_id` = '133' AND `level_id` = '16' LIMIT 1   [ RunTime:0.0010s ]
INFO: [ app_end ] --START--
INFO: Run Behavior\ShowPageTraceBehavior [ RunTime:0.002000s ]
INFO: [ app_end ] --END-- [ RunTime:0.002000s ]

[ 2017-07-11T20:20:42+08:00 ] 127.0.0.1 /index.php/Home/Shop/changeNumber
INFO: [ app_begin ] --START--
INFO: Run Behavior\ReadHtmlCacheBehavior [ RunTime:0.001001s ]
INFO: [ app_begin ] --END-- [ RunTime:0.002001s ]
INFO: [ app_end ] --START--
INFO: Run Behavior\ShowPageTraceBehavior [ RunTime:0.002000s ]
INFO: [ app_end ] --END-- [ RunTime:0.003000s ]

[ 2017-07-11T20:20:43+08:00 ] 127.0.0.1 /index.php/Home/Shop/changeNumber
INFO: [ app_begin ] --START--
INFO: Run Behavior\ReadHtmlCacheBehavior [ RunTime:0.002000s ]
INFO: [ app_begin ] --END-- [ RunTime:0.003000s ]
INFO: [ app_end ] --START--
INFO: Run Behavior\ShowPageTraceBehavior [ RunTime:0.001001s ]
INFO: [ app_end ] --END-- [ RunTime:0.001001s ]

[ 2017-07-11T20:20:44+08:00 ] 127.0.0.1 /index.php/Home/Shop/changeNumber
INFO: [ app_begin ] --START--
INFO: Run Behavior\ReadHtmlCacheBehavior [ RunTime:0.002001s ]
INFO: [ app_begin ] --END-- [ RunTime:0.003001s ]
INFO: [ app_end ] --START--
INFO: Run Behavior\ShowPageTraceBehavior [ RunTime:0.001000s ]
INFO: [ app_end ] --END-- [ RunTime:0.001000s ]

[ 2017-07-11T20:20:45+08:00 ] 127.0.0.1 /index.php/Home/Shop/changeNumber
INFO: [ app_begin ] --START--
INFO: Run Behavior\ReadHtmlCacheBehavior [ RunTime:0.002000s ]
INFO: [ app_begin ] --END-- [ RunTime:0.004001s ]
INFO: [ app_end ] --START--
INFO: Run Behavior\ShowPageTraceBehavior [ RunTime:0.002000s ]
INFO: [ app_end ] --END-- [ RunTime:0.003000s ]

[ 2017-07-11T20:20:47+08:00 ] 127.0.0.1 /index.php/Home/Shop/changeNumber
INFO: [ app_begin ] --START--
INFO: Run Behavior\ReadHtmlCacheBehavior [ RunTime:0.001000s ]
INFO: [ app_begin ] --END-- [ RunTime:0.001000s ]
INFO: [ app_end ] --START--
INFO: Run Behavior\ShowPageTraceBehavior [ RunTime:0.000000s ]
INFO: [ app_end ] --END-- [ RunTime:0.000000s ]

[ 2017-07-11T20:20:47+08:00 ] 127.0.0.1 /index.php/Home/Shop/changeNumber
INFO: [ app_begin ] --START--
INFO: Run Behavior\ReadHtmlCacheBehavior [ RunTime:0.002000s ]
INFO: [ app_begin ] --END-- [ RunTime:0.004000s ]
INFO: [ app_end ] --START--
INFO: Run Behavior\ShowPageTraceBehavior [ RunTime:0.002000s ]
INFO: [ app_end ] --END-- [ RunTime:0.002000s ]

[ 2017-07-11T20:20:53+08:00 ] 127.0.0.1 /index.php/Home/Shop/addCart?goods_id=54
INFO: [ app_begin ] --START--
INFO: Run Behavior\ReadHtmlCacheBehavior [ RunTime:0.001000s ]
INFO: [ app_begin ] --END-- [ RunTime:0.002000s ]
SQL: SHOW COLUMNS FROM `sp_goods` [ RunTime:0.0280s ]
SQL: SELECT * FROM `sp_goods` WHERE `goods_id` = 54 LIMIT 1   [ RunTime:0.0010s ]
SQL: SHOW COLUMNS FROM `sp_goods` [ RunTime:0.0260s ]
SQL: SELECT `goods_price`,`goods_member_price` FROM `sp_goods` WHERE `goods_id` = 54 LIMIT 1   [ RunTime:0.0020s ]
SQL: SHOW COLUMNS FROM `sp_user` [ RunTime:0.0270s ]
SQL: SELECT `jifen` FROM `sp_user` WHERE `user_id` = 133 LIMIT 1   [ RunTime:0.0010s ]
SQL: SHOW COLUMNS FROM `sp_member_level` [ RunTime:0.0210s ]
SQL: SELECT `id`,`level_rate` FROM `sp_member_level` WHERE `jifen_bottom` <= '3001' AND `jifen_top` >= '3001' LIMIT 1   [ RunTime:0.0010s ]
SQL: SHOW COLUMNS FROM `sp_member_price` [ RunTime:0.0220s ]
SQL: SELECT `price` FROM `sp_member_price` WHERE `goods_id` = '133' AND `level_id` = '16' LIMIT 1   [ RunTime:0.0010s ]
INFO: [ app_end ] --START--
INFO: Run Behavior\ShowPageTraceBehavior [ RunTime:0.001000s ]
INFO: [ app_end ] --END-- [ RunTime:0.001000s ]

[ 2017-07-11T20:20:57+08:00 ] 127.0.0.1 /index.php/Home/Shop/changeNumber
INFO: [ app_begin ] --START--
INFO: Run Behavior\ReadHtmlCacheBehavior [ RunTime:0.002000s ]
INFO: [ app_begin ] --END-- [ RunTime:0.004000s ]
INFO: [ app_end ] --START--
INFO: Run Behavior\ShowPageTraceBehavior [ RunTime:0.002000s ]
INFO: [ app_end ] --END-- [ RunTime:0.002000s ]

[ 2017-07-11T20:20:57+08:00 ] 127.0.0.1 /index.php/Home/Shop/changeNumber
INFO: [ app_begin ] --START--
INFO: Run Behavior\ReadHtmlCacheBehavior [ RunTime:0.001000s ]
INFO: [ app_begin ] --END-- [ RunTime:0.002001s ]
INFO: [ app_end ] --START--
INFO: Run Behavior\ShowPageTraceBehavior [ RunTime:0.001000s ]
INFO: [ app_end ] --END-- [ RunTime:0.001000s ]

[ 2017-07-11T20:20:58+08:00 ] 127.0.0.1 /index.php/Home/Shop/changeNumber
INFO: [ app_begin ] --START--
INFO: Run Behavior\ReadHtmlCacheBehavior [ RunTime:0.002000s ]
INFO: [ app_begin ] --END-- [ RunTime:0.003000s ]
INFO: [ app_end ] --START--
INFO: Run Behavior\ShowPageTraceBehavior [ RunTime:0.002000s ]
INFO: [ app_end ] --END-- [ RunTime:0.002000s ]

[ 2017-07-11T20:20:58+08:00 ] 127.0.0.1 /index.php/Home/Shop/changeNumber
INFO: [ app_begin ] --START--
INFO: Run Behavior\ReadHtmlCacheBehavior [ RunTime:0.002000s ]
INFO: [ app_begin ] --END-- [ RunTime:0.003000s ]
INFO: [ app_end ] --START--
INFO: Run Behavior\ShowPageTraceBehavior [ RunTime:0.001000s ]
INFO: [ app_end ] --END-- [ RunTime:0.001000s ]

[ 2017-07-11T20:20:58+08:00 ] 127.0.0.1 /index.php/Home/Shop/changeNumber
INFO: [ app_begin ] --START--
INFO: Run Behavior\ReadHtmlCacheBehavior [ RunTime:0.002000s ]
INFO: [ app_begin ] --END-- [ RunTime:0.003000s ]
INFO: [ app_end ] --START--
INFO: Run Behavior\ShowPageTraceBehavior [ RunTime:0.003001s ]
INFO: [ app_end ] --END-- [ RunTime:0.003001s ]

[ 2017-07-11T20:20:58+08:00 ] 127.0.0.1 /index.php/Home/Shop/changeNumber
INFO: [ app_begin ] --START--
INFO: Run Behavior\ReadHtmlCacheBehavior [ RunTime:0.002000s ]
INFO: [ app_begin ] --END-- [ RunTime:0.003000s ]
INFO: [ app_end ] --START--
INFO: Run Behavior\ShowPageTraceBehavior [ RunTime:0.002000s ]
INFO: [ app_end ] --END-- [ RunTime:0.002000s ]

[ 2017-07-11T20:20:58+08:00 ] 127.0.0.1 /index.php/Home/Shop/changeNumber
INFO: [ app_begin ] --START--
INFO: Run Behavior\ReadHtmlCacheBehavior [ RunTime:0.002000s ]
INFO: [ app_begin ] --END-- [ RunTime:0.003001s ]
INFO: [ app_end ] --START--
INFO: Run Behavior\ShowPageTraceBehavior [ RunTime:0.002000s ]
INFO: [ app_end ] --END-- [ RunTime:0.002000s ]

[ 2017-07-11T20:21:31+08:00 ] 127.0.0.1 /index.php/Home/Shop/addCart?goods_id=54
INFO: [ app_begin ] --START--
INFO: Run Behavior\ReadHtmlCacheBehavior [ RunTime:0.002000s ]
INFO: [ app_begin ] --END-- [ RunTime:0.003000s ]
SQL: SHOW COLUMNS FROM `sp_goods` [ RunTime:0.0220s ]
SQL: SELECT * FROM `sp_goods` WHERE `goods_id` = 54 LIMIT 1   [ RunTime:0.0020s ]
SQL: SHOW COLUMNS FROM `sp_goods` [ RunTime:0.0260s ]
SQL: SELECT `goods_price`,`goods_member_price` FROM `sp_goods` WHERE `goods_id` = 54 LIMIT 1   [ RunTime:0.0010s ]
SQL: SHOW COLUMNS FROM `sp_user` [ RunTime:0.0230s ]
SQL: SELECT `jifen` FROM `sp_user` WHERE `user_id` = 133 LIMIT 1   [ RunTime:0.0010s ]
SQL: SHOW COLUMNS FROM `sp_member_level` [ RunTime:0.0300s ]
SQL: SELECT `id`,`level_rate` FROM `sp_member_level` WHERE `jifen_bottom` <= '3001' AND `jifen_top` >= '3001' LIMIT 1   [ RunTime:0.0010s ]
SQL: SHOW COLUMNS FROM `sp_member_price` [ RunTime:0.0230s ]
SQL: SELECT `price` FROM `sp_member_price` WHERE `goods_id` = '133' AND `level_id` = '16' LIMIT 1   [ RunTime:0.0010s ]

[ 2017-07-11T20:21:32+08:00 ] 127.0.0.1 /index.php/Home/Shop/addCart?goods_id=54
INFO: [ app_begin ] --START--
INFO: Run Behavior\ReadHtmlCacheBehavior [ RunTime:0.001000s ]
INFO: [ app_begin ] --END-- [ RunTime:0.003000s ]
SQL: SHOW COLUMNS FROM `sp_goods` [ RunTime:0.0330s ]
SQL: SELECT * FROM `sp_goods` WHERE `goods_id` = 54 LIMIT 1   [ RunTime:0.0020s ]
SQL: SHOW COLUMNS FROM `sp_goods` [ RunTime:0.0280s ]
SQL: SELECT `goods_price`,`goods_member_price` FROM `sp_goods` WHERE `goods_id` = 54 LIMIT 1   [ RunTime:0.0010s ]
SQL: SHOW COLUMNS FROM `sp_user` [ RunTime:0.0250s ]
SQL: SELECT `jifen` FROM `sp_user` WHERE `user_id` = 133 LIMIT 1   [ RunTime:0.0010s ]
SQL: SHOW COLUMNS FROM `sp_member_level` [ RunTime:0.0290s ]
SQL: SELECT `id`,`level_rate` FROM `sp_member_level` WHERE `jifen_bottom` <= '3001' AND `jifen_top` >= '3001' LIMIT 1   [ RunTime:0.0010s ]
SQL: SHOW COLUMNS FROM `sp_member_price` [ RunTime:0.0280s ]
SQL: SELECT `price` FROM `sp_member_price` WHERE `goods_id` = '133' AND `level_id` = '16' LIMIT 1   [ RunTime:0.0010s ]

[ 2017-07-11T20:22:30+08:00 ] 127.0.0.1 /index.php/Home/Shop/addCart?goods_id=54
INFO: [ app_begin ] --START--
INFO: Run Behavior\ReadHtmlCacheBehavior [ RunTime:0.002000s ]
INFO: [ app_begin ] --END-- [ RunTime:0.003000s ]
SQL: SHOW COLUMNS FROM `sp_goods` [ RunTime:0.0310s ]
SQL: SELECT * FROM `sp_goods` WHERE `goods_id` = 54 LIMIT 1   [ RunTime:0.0010s ]
SQL: SHOW COLUMNS FROM `sp_goods` [ RunTime:0.0320s ]
SQL: SELECT `goods_price`,`goods_member_price` FROM `sp_goods` WHERE `goods_id` = 54 LIMIT 1   [ RunTime:0.0010s ]
SQL: SHOW COLUMNS FROM `sp_user` [ RunTime:0.0260s ]
SQL: SELECT `jifen` FROM `sp_user` WHERE `user_id` = 133 LIMIT 1   [ RunTime:0.0010s ]
SQL: SHOW COLUMNS FROM `sp_member_level` [ RunTime:0.0240s ]
SQL: SELECT `id`,`level_rate` FROM `sp_member_level` WHERE `jifen_bottom` <= '3001' AND `jifen_top` >= '3001' LIMIT 1   [ RunTime:0.0010s ]
SQL: SHOW COLUMNS FROM `sp_member_price` [ RunTime:0.0250s ]
SQL: SELECT `price` FROM `sp_member_price` WHERE `goods_id` = '133' AND `level_id` = '16' LIMIT 1   [ RunTime:0.0000s ]
INFO: [ app_end ] --START--
INFO: Run Behavior\ShowPageTraceBehavior [ RunTime:0.002000s ]
INFO: [ app_end ] --END-- [ RunTime:0.002000s ]

[ 2017-07-11T20:22:35+08:00 ] 127.0.0.1 /index.php/Home/Shop/delGoods?goods_id=54
INFO: [ app_begin ] --START--
INFO: Run Behavior\ReadHtmlCacheBehavior [ RunTime:0.002000s ]
INFO: [ app_begin ] --END-- [ RunTime:0.004000s ]
INFO: [ app_end ] --START--
INFO: Run Behavior\ShowPageTraceBehavior [ RunTime:0.003000s ]
INFO: [ app_end ] --END-- [ RunTime:0.003000s ]

[ 2017-07-11T20:22:40+08:00 ] 127.0.0.1 /index.php/Home/Shop/addCart?goods_id=54
INFO: [ app_begin ] --START--
INFO: Run Behavior\ReadHtmlCacheBehavior [ RunTime:0.002000s ]
INFO: [ app_begin ] --END-- [ RunTime:0.004000s ]
SQL: SHOW COLUMNS FROM `sp_goods` [ RunTime:0.0250s ]
SQL: SELECT * FROM `sp_goods` WHERE `goods_id` = 54 LIMIT 1   [ RunTime:0.0010s ]
SQL: SHOW COLUMNS FROM `sp_goods` [ RunTime:0.0260s ]
SQL: SELECT `goods_price`,`goods_member_price` FROM `sp_goods` WHERE `goods_id` = 54 LIMIT 1   [ RunTime:0.0010s ]
SQL: SHOW COLUMNS FROM `sp_user` [ RunTime:0.0250s ]
SQL: SELECT `jifen` FROM `sp_user` WHERE `user_id` = 133 LIMIT 1   [ RunTime:0.0010s ]
SQL: SHOW COLUMNS FROM `sp_member_level` [ RunTime:0.0280s ]
SQL: SELECT `id`,`level_rate` FROM `sp_member_level` WHERE `jifen_bottom` <= '3001' AND `jifen_top` >= '3001' LIMIT 1   [ RunTime:0.0010s ]
SQL: SHOW COLUMNS FROM `sp_member_price` [ RunTime:0.0270s ]
SQL: SELECT `price` FROM `sp_member_price` WHERE `goods_id` = '133' AND `level_id` = '16' LIMIT 1   [ RunTime:0.0010s ]
INFO: [ app_end ] --START--
INFO: Run Behavior\ShowPageTraceBehavior [ RunTime:0.001000s ]
INFO: [ app_end ] --END-- [ RunTime:0.001000s ]

[ 2017-07-11T20:22:43+08:00 ] 127.0.0.1 /index.php/Home/Shop/changeNumber
INFO: [ app_begin ] --START--
INFO: Run Behavior\ReadHtmlCacheBehavior [ RunTime:0.002000s ]
INFO: [ app_begin ] --END-- [ RunTime:0.004000s ]
INFO: [ app_end ] --START--
INFO: Run Behavior\ShowPageTraceBehavior [ RunTime:0.003000s ]
INFO: [ app_end ] --END-- [ RunTime:0.003000s ]

[ 2017-07-11T20:22:43+08:00 ] 127.0.0.1 /index.php/Home/Shop/changeNumber
INFO: [ app_begin ] --START--
INFO: Run Behavior\ReadHtmlCacheBehavior [ RunTime:0.000000s ]
INFO: [ app_begin ] --END-- [ RunTime:0.001000s ]
INFO: [ app_end ] --START--
INFO: Run Behavior\ShowPageTraceBehavior [ RunTime:0.001000s ]
INFO: [ app_end ] --END-- [ RunTime:0.001000s ]

[ 2017-07-11T20:22:44+08:00 ] 127.0.0.1 /index.php/Home/Shop/changeNumber
INFO: [ app_begin ] --START--
INFO: Run Behavior\ReadHtmlCacheBehavior [ RunTime:0.001000s ]
INFO: [ app_begin ] --END-- [ RunTime:0.002000s ]
INFO: [ app_end ] --START--
INFO: Run Behavior\ShowPageTraceBehavior [ RunTime:0.001000s ]
INFO: [ app_end ] --END-- [ RunTime:0.001000s ]

[ 2017-07-11T20:22:45+08:00 ] 127.0.0.1 /index.php/Home/Shop/changeNumber
INFO: [ app_begin ] --START--
INFO: Run Behavior\ReadHtmlCacheBehavior [ RunTime:0.001000s ]
INFO: [ app_begin ] --END-- [ RunTime:0.002001s ]
INFO: [ app_end ] --START--
INFO: Run Behavior\ShowPageTraceBehavior [ RunTime:0.002000s ]
INFO: [ app_end ] --END-- [ RunTime:0.002000s ]

[ 2017-07-11T20:22:45+08:00 ] 127.0.0.1 /index.php/Home/Shop/changeNumber
INFO: [ app_begin ] --START--
INFO: Run Behavior\ReadHtmlCacheBehavior [ RunTime:0.001000s ]
INFO: [ app_begin ] --END-- [ RunTime:0.001000s ]
INFO: [ app_end ] --START--
INFO: Run Behavior\ShowPageTraceBehavior [ RunTime:0.000000s ]
INFO: [ app_end ] --END-- [ RunTime:0.000000s ]

[ 2017-07-11T20:25:28+08:00 ] 127.0.0.1 /index.php/Home/Shop/addCart?goods_id=54
INFO: [ app_begin ] --START--
INFO: Run Behavior\ReadHtmlCacheBehavior [ RunTime:0.001000s ]
INFO: [ app_begin ] --END-- [ RunTime:0.002000s ]
SQL: SHOW COLUMNS FROM `sp_goods` [ RunTime:0.0210s ]
SQL: SELECT * FROM `sp_goods` WHERE `goods_id` = 54 LIMIT 1   [ RunTime:0.0010s ]
SQL: SHOW COLUMNS FROM `sp_goods` [ RunTime:0.0290s ]
SQL: SELECT `goods_price`,`goods_member_price` FROM `sp_goods` WHERE `goods_id` = 54 LIMIT 1   [ RunTime:0.0010s ]
SQL: SHOW COLUMNS FROM `sp_user` [ RunTime:0.0290s ]
SQL: SELECT `jifen` FROM `sp_user` WHERE `user_id` = 133 LIMIT 1   [ RunTime:0.0010s ]
SQL: SHOW COLUMNS FROM `sp_member_level` [ RunTime:0.0290s ]
SQL: SELECT `id`,`level_rate` FROM `sp_member_level` WHERE `jifen_bottom` <= '3001' AND `jifen_top` >= '3001' LIMIT 1   [ RunTime:0.0010s ]
SQL: SHOW COLUMNS FROM `sp_member_price` [ RunTime:0.0240s ]
SQL: SELECT `price` FROM `sp_member_price` WHERE `goods_id` = '133' AND `level_id` = '16' LIMIT 1   [ RunTime:0.0010s ]
INFO: [ app_end ] --START--
INFO: Run Behavior\ShowPageTraceBehavior [ RunTime:0.002000s ]
INFO: [ app_end ] --END-- [ RunTime:0.002000s ]

[ 2017-07-11T20:25:31+08:00 ] 127.0.0.1 /index.php/Home/Shop/delGoods?goods_id=54
INFO: [ app_begin ] --START--
INFO: Run Behavior\ReadHtmlCacheBehavior [ RunTime:0.002001s ]
INFO: [ app_begin ] --END-- [ RunTime:0.004001s ]
INFO: [ app_end ] --START--
INFO: Run Behavior\ShowPageTraceBehavior [ RunTime:0.002000s ]
INFO: [ app_end ] --END-- [ RunTime:0.002000s ]

[ 2017-07-11T20:25:35+08:00 ] 127.0.0.1 /index.php/Home/Shop/addCart?goods_id=54
INFO: [ app_begin ] --START--
INFO: Run Behavior\ReadHtmlCacheBehavior [ RunTime:0.002000s ]
INFO: [ app_begin ] --END-- [ RunTime:0.004000s ]
SQL: SHOW COLUMNS FROM `sp_goods` [ RunTime:0.0280s ]
SQL: SELECT * FROM `sp_goods` WHERE `goods_id` = 54 LIMIT 1   [ RunTime:0.0010s ]
SQL: SHOW COLUMNS FROM `sp_goods` [ RunTime:0.0220s ]
SQL: SELECT `goods_price`,`goods_member_price` FROM `sp_goods` WHERE `goods_id` = 54 LIMIT 1   [ RunTime:0.0010s ]
SQL: SHOW COLUMNS FROM `sp_user` [ RunTime:0.0260s ]
SQL: SELECT `jifen` FROM `sp_user` WHERE `user_id` = 133 LIMIT 1   [ RunTime:0.0010s ]
SQL: SHOW COLUMNS FROM `sp_member_level` [ RunTime:0.0230s ]
SQL: SELECT `id`,`level_rate` FROM `sp_member_level` WHERE `jifen_bottom` <= '3001' AND `jifen_top` >= '3001' LIMIT 1   [ RunTime:0.0010s ]
SQL: SHOW COLUMNS FROM `sp_member_price` [ RunTime:0.0220s ]
SQL: SELECT `price` FROM `sp_member_price` WHERE `goods_id` = '133' AND `level_id` = '16' LIMIT 1   [ RunTime:0.0010s ]
INFO: [ app_end ] --START--
INFO: Run Behavior\ShowPageTraceBehavior [ RunTime:0.001000s ]
INFO: [ app_end ] --END-- [ RunTime:0.001000s ]

[ 2017-07-11T20:31:53+08:00 ] 127.0.0.1 /index.php/Home/Shop/addCart?goods_id=54&goods_num=2
INFO: [ app_begin ] --START--
INFO: Run Behavior\ReadHtmlCacheBehavior [ RunTime:0.001000s ]
INFO: [ app_begin ] --END-- [ RunTime:0.003000s ]
SQL: SHOW COLUMNS FROM `sp_goods` [ RunTime:0.0370s ]
SQL: SELECT * FROM `sp_goods` WHERE `goods_id` = 54 LIMIT 1   [ RunTime:0.0010s ]
SQL: SHOW COLUMNS FROM `sp_goods` [ RunTime:0.0340s ]
SQL: SELECT `goods_price`,`goods_member_price` FROM `sp_goods` WHERE `goods_id` = 54 LIMIT 1   [ RunTime:0.0000s ]
SQL: SHOW COLUMNS FROM `sp_user` [ RunTime:0.0350s ]
SQL: SELECT `jifen` FROM `sp_user` WHERE `user_id` = 133 LIMIT 1   [ RunTime:0.0010s ]
SQL: SHOW COLUMNS FROM `sp_member_level` [ RunTime:0.0360s ]
SQL: SELECT `id`,`level_rate` FROM `sp_member_level` WHERE `jifen_bottom` <= '3001' AND `jifen_top` >= '3001' LIMIT 1   [ RunTime:0.0000s ]
SQL: SHOW COLUMNS FROM `sp_member_price` [ RunTime:0.0340s ]
SQL: SELECT `price` FROM `sp_member_price` WHERE `goods_id` = '133' AND `level_id` = '16' LIMIT 1   [ RunTime:0.0010s ]
INFO: [ app_end ] --START--
INFO: Run Behavior\ShowPageTraceBehavior [ RunTime:0.003000s ]
INFO: [ app_end ] --END-- [ RunTime:0.003000s ]

[ 2017-07-11T20:31:57+08:00 ] 127.0.0.1 /index.php/Home/Shop/changeNumber
INFO: [ app_begin ] --START--
INFO: Run Behavior\ReadHtmlCacheBehavior [ RunTime:0.001000s ]
INFO: [ app_begin ] --END-- [ RunTime:0.002000s ]
INFO: [ app_end ] --START--
INFO: Run Behavior\ShowPageTraceBehavior [ RunTime:0.001000s ]
INFO: [ app_end ] --END-- [ RunTime:0.001000s ]

[ 2017-07-11T20:31:58+08:00 ] 127.0.0.1 /index.php/Home/Shop/changeNumber
INFO: [ app_begin ] --START--
INFO: Run Behavior\ReadHtmlCacheBehavior [ RunTime:0.001000s ]
INFO: [ app_begin ] --END-- [ RunTime:0.002000s ]
INFO: [ app_end ] --START--
INFO: Run Behavior\ShowPageTraceBehavior [ RunTime:0.001000s ]
INFO: [ app_end ] --END-- [ RunTime:0.001000s ]

[ 2017-07-11T20:31:59+08:00 ] 127.0.0.1 /index.php/Home/Shop/changeNumber
INFO: [ app_begin ] --START--
INFO: Run Behavior\ReadHtmlCacheBehavior [ RunTime:0.002000s ]
INFO: [ app_begin ] --END-- [ RunTime:0.004000s ]
INFO: [ app_end ] --START--
INFO: Run Behavior\ShowPageTraceBehavior [ RunTime:0.003000s ]
INFO: [ app_end ] --END-- [ RunTime:0.003000s ]

[ 2017-07-11T20:31:59+08:00 ] 127.0.0.1 /index.php/Home/Shop/changeNumber
INFO: [ app_begin ] --START--
INFO: Run Behavior\ReadHtmlCacheBehavior [ RunTime:0.002000s ]
INFO: [ app_begin ] --END-- [ RunTime:0.005001s ]
INFO: [ app_end ] --START--
INFO: Run Behavior\ShowPageTraceBehavior [ RunTime:0.002000s ]
INFO: [ app_end ] --END-- [ RunTime:0.002000s ]

[ 2017-07-11T20:40:53+08:00 ] 127.0.0.1 /index.php/order
ERR: 无法加载控制器:Order

[ 2017-07-11T20:40:58+08:00 ] 127.0.0.1 /index.php/Home/Shop/addCart?goods_id=54&goods_num=1
INFO: [ app_begin ] --START--
INFO: Run Behavior\ReadHtmlCacheBehavior [ RunTime:0.001000s ]
INFO: [ app_begin ] --END-- [ RunTime:0.001000s ]
SQL: SHOW COLUMNS FROM `sp_goods` [ RunTime:0.0110s ]
SQL: SELECT * FROM `sp_goods` WHERE `goods_id` = 54 LIMIT 1   [ RunTime:0.0020s ]
SQL: SHOW COLUMNS FROM `sp_goods` [ RunTime:0.0160s ]
SQL: SELECT `goods_price`,`goods_member_price` FROM `sp_goods` WHERE `goods_id` = 54 LIMIT 1   [ RunTime:0.0000s ]
SQL: SHOW COLUMNS FROM `sp_user` [ RunTime:0.0220s ]
SQL: SELECT `jifen` FROM `sp_user` WHERE `user_id` = 133 LIMIT 1   [ RunTime:0.0010s ]
SQL: SHOW COLUMNS FROM `sp_member_level` [ RunTime:0.0210s ]
SQL: SELECT `id`,`level_rate` FROM `sp_member_level` WHERE `jifen_bottom` <= '3001' AND `jifen_top` >= '3001' LIMIT 1   [ RunTime:0.0010s ]
SQL: SHOW COLUMNS FROM `sp_member_price` [ RunTime:0.0200s ]
SQL: SELECT `price` FROM `sp_member_price` WHERE `goods_id` = '133' AND `level_id` = '16' LIMIT 1   [ RunTime:0.0000s ]
INFO: [ app_end ] --START--
INFO: Run Behavior\ShowPageTraceBehavior [ RunTime:0.002001s ]
INFO: [ app_end ] --END-- [ RunTime:0.002001s ]

[ 2017-07-11T20:41:12+08:00 ] 127.0.0.1 /index.php/Home/Shop/changeNumber
INFO: [ app_begin ] --START--
INFO: Run Behavior\ReadHtmlCacheBehavior [ RunTime:0.001001s ]
INFO: [ app_begin ] --END-- [ RunTime:0.002001s ]
INFO: [ app_end ] --START--
INFO: Run Behavior\ShowPageTraceBehavior [ RunTime:0.002000s ]
INFO: [ app_end ] --END-- [ RunTime:0.002000s ]

