[ 2017-07-12T19:53:06+08:00 ] 127.0.0.1 /index.php/Home/Shop/addCart?goods_id=54&goods_num=1
INFO: [ app_begin ] --START--
INFO: Run Behavior\ReadHtmlCacheBehavior [ RunTime:0.002000s ]
INFO: [ app_begin ] --END-- [ RunTime:0.004000s ]
SQL: SHOW COLUMNS FROM `sp_goods` [ RunTime:0.0700s ]
SQL: SELECT * FROM `sp_goods` WHERE `goods_id` = 54 LIMIT 1   [ RunTime:0.0020s ]
SQL: SHOW COLUMNS FROM `sp_goods` [ RunTime:0.0550s ]
SQL: SELECT `goods_price`,`goods_member_price` FROM `sp_goods` WHERE `goods_id` = 54 LIMIT 1   [ RunTime:0.0010s ]
INFO: [ app_end ] --START--
INFO: Run Behavior\ShowPageTraceBehavior [ RunTime:0.002000s ]
INFO: [ app_end ] --END-- [ RunTime:0.002000s ]

[ 2017-07-12T20:57:26+08:00 ] 127.0.0.1 /index.php/Home/Shop/addCart?goods_id=53&goods_num=1
INFO: [ app_begin ] --START--
INFO: Run Behavior\ReadHtmlCacheBehavior [ RunTime:0.001000s ]
INFO: [ app_begin ] --END-- [ RunTime:0.002000s ]
SQL: SHOW COLUMNS FROM `sp_goods` [ RunTime:0.0150s ]
SQL: SELECT * FROM `sp_goods` WHERE `goods_id` = 53 LIMIT 1   [ RunTime:0.0050s ]
SQL: SHOW COLUMNS FROM `sp_goods` [ RunTime:0.0150s ]
SQL: SELECT `goods_price`,`goods_member_price` FROM `sp_goods` WHERE `goods_id` = 53 LIMIT 1   [ RunTime:0.0050s ]
INFO: [ app_end ] --START--
INFO: Run Behavior\ShowPageTraceBehavior [ RunTime:0.000000s ]
INFO: [ app_end ] --END-- [ RunTime:0.000000s ]

[ 2017-07-12T21:01:09+08:00 ] 127.0.0.1 /index.php/Home/Shop/addCart?goods_id=53&goods_num=1
INFO: [ app_begin ] --START--
INFO: Run Behavior\ReadHtmlCacheBehavior [ RunTime:0.000000s ]
INFO: [ app_begin ] --END-- [ RunTime:0.005000s ]
SQL: SHOW COLUMNS FROM `sp_goods` [ RunTime:0.0150s ]
SQL: SELECT * FROM `sp_goods` WHERE `goods_id` = 53 LIMIT 1   [ RunTime:0.0000s ]
SQL: SHOW COLUMNS FROM `sp_goods` [ RunTime:0.0150s ]
SQL: SELECT `goods_price`,`goods_member_price` FROM `sp_goods` WHERE `goods_id` = 53 LIMIT 1   [ RunTime:0.0000s ]
SQL: SHOW COLUMNS FROM `sp_user` [ RunTime:0.0100s ]
SQL: SELECT `jifen` FROM `sp_user` WHERE `user_id` = 133 LIMIT 1   [ RunTime:0.0000s ]
SQL: SHOW COLUMNS FROM `sp_member_level` [ RunTime:0.0780s ]
SQL: SELECT `id`,`level_rate` FROM `sp_member_level` WHERE `jifen_bottom` <= '3001' AND `jifen_top` >= '3001' LIMIT 1   [ RunTime:0.0000s ]
SQL: SHOW COLUMNS FROM `sp_member_price` [ RunTime:0.0750s ]
SQL: SELECT `price` FROM `sp_member_price` WHERE `goods_id` = '133' AND `level_id` = '16' LIMIT 1   [ RunTime:0.0000s ]
INFO: [ app_end ] --START--
INFO: Run Behavior\ShowPageTraceBehavior [ RunTime:0.000000s ]
INFO: [ app_end ] --END-- [ RunTime:0.000000s ]

[ 2017-07-12T21:05:28+08:00 ] 127.0.0.1 /index.php/Home/Shop/addCart?goods_id=53&goods_num=1
INFO: [ app_begin ] --START--
INFO: Run Behavior\ReadHtmlCacheBehavior [ RunTime:0.000000s ]
INFO: [ app_begin ] --END-- [ RunTime:0.000000s ]
SQL: SHOW COLUMNS FROM `sp_goods` [ RunTime:0.0200s ]
SQL: SELECT * FROM `sp_goods` WHERE `goods_id` = 53 LIMIT 1   [ RunTime:0.0000s ]
SQL: SHOW COLUMNS FROM `sp_goods` [ RunTime:0.0200s ]
SQL: SELECT `goods_price`,`goods_member_price` FROM `sp_goods` WHERE `goods_id` = 53 LIMIT 1   [ RunTime:0.0050s ]
SQL: SHOW COLUMNS FROM `sp_user` [ RunTime:0.0200s ]
SQL: SELECT `jifen` FROM `sp_user` WHERE `user_id` = 133 LIMIT 1   [ RunTime:0.0000s ]
SQL: SHOW COLUMNS FROM `sp_member_level` [ RunTime:0.0200s ]
SQL: SELECT `id`,`level_rate` FROM `sp_member_level` WHERE `jifen_bottom` <= '3001' AND `jifen_top` >= '3001' LIMIT 1   [ RunTime:0.0050s ]
SQL: SHOW COLUMNS FROM `sp_member_price` [ RunTime:0.0150s ]
SQL: SELECT `price` FROM `sp_member_price` WHERE `goods_id` = '133' AND `level_id` = '16' LIMIT 1   [ RunTime:0.0000s ]
INFO: [ app_end ] --START--
INFO: Run Behavior\ShowPageTraceBehavior [ RunTime:0.005000s ]
INFO: [ app_end ] --END-- [ RunTime:0.005000s ]

