[ 2017-07-08T14:23:54+08:00 ] 127.0.0.1 /index.php/goods
ERR: 非法操作:index

[ 2017-07-08T20:09:33+08:00 ] 127.0.0.1 /index.php/user/%E9%AA%8C%E8%AF%81%E7%A0%81%E9%94%99%E8%AF%AF%EF%BC%81
ERR: 非法操作:验证码错误！

[ 2017-07-08T22:18:21+08:00 ] 127.0.0.1 /index.php/Home/Shop/addCart?goods_id=51
INFO: [ app_begin ] --START--
INFO: Run Behavior\ReadHtmlCacheBehavior [ RunTime:0.001687s ]
INFO: [ app_begin ] --END-- [ RunTime:0.003117s ]
SQL: SHOW COLUMNS FROM `sp_goods` [ RunTime:0.0066s ]
SQL: SELECT * FROM `sp_goods` WHERE `goods_id` = 51 LIMIT 1   [ RunTime:0.0009s ]
INFO: [ app_end ] --START--
INFO: Run Behavior\ShowPageTraceBehavior [ RunTime:0.001346s ]
INFO: [ app_end ] --END-- [ RunTime:0.001987s ]

[ 2017-07-08T22:18:24+08:00 ] 127.0.0.1 /index.php/Home/Shop/addCart?goods_id=51
INFO: [ app_begin ] --START--
INFO: Run Behavior\ReadHtmlCacheBehavior [ RunTime:0.001161s ]
INFO: [ app_begin ] --END-- [ RunTime:0.002350s ]
SQL: SHOW COLUMNS FROM `sp_goods` [ RunTime:0.0059s ]
SQL: SELECT * FROM `sp_goods` WHERE `goods_id` = 51 LIMIT 1   [ RunTime:0.0009s ]
INFO: [ app_end ] --START--
INFO: Run Behavior\ShowPageTraceBehavior [ RunTime:0.001385s ]
INFO: [ app_end ] --END-- [ RunTime:0.001945s ]

[ 2017-07-08T22:18:25+08:00 ] 127.0.0.1 /index.php/Home/Shop/addCart?goods_id=51
INFO: [ app_begin ] --START--
INFO: Run Behavior\ReadHtmlCacheBehavior [ RunTime:0.001111s ]
INFO: [ app_begin ] --END-- [ RunTime:0.002210s ]
SQL: SHOW COLUMNS FROM `sp_goods` [ RunTime:0.0063s ]
SQL: SELECT * FROM `sp_goods` WHERE `goods_id` = 51 LIMIT 1   [ RunTime:0.0007s ]
INFO: [ app_end ] --START--
INFO: Run Behavior\ShowPageTraceBehavior [ RunTime:0.001166s ]
INFO: [ app_end ] --END-- [ RunTime:0.001704s ]

[ 2017-07-08T22:18:26+08:00 ] 127.0.0.1 /index.php/Home/Shop/addCart?goods_id=51
INFO: [ app_begin ] --START--
INFO: Run Behavior\ReadHtmlCacheBehavior [ RunTime:0.001150s ]
INFO: [ app_begin ] --END-- [ RunTime:0.002292s ]
SQL: SHOW COLUMNS FROM `sp_goods` [ RunTime:0.0063s ]
SQL: SELECT * FROM `sp_goods` WHERE `goods_id` = 51 LIMIT 1   [ RunTime:0.0007s ]
INFO: [ app_end ] --START--
INFO: Run Behavior\ShowPageTraceBehavior [ RunTime:0.001166s ]
INFO: [ app_end ] --END-- [ RunTime:0.001730s ]

[ 2017-07-08T22:18:30+08:00 ] 127.0.0.1 /index.php/Home/Shop/addCart?goods_id=51
INFO: [ app_begin ] --START--
INFO: Run Behavior\ReadHtmlCacheBehavior [ RunTime:0.001135s ]
INFO: [ app_begin ] --END-- [ RunTime:0.002278s ]
SQL: SHOW COLUMNS FROM `sp_goods` [ RunTime:0.0062s ]
SQL: SELECT * FROM `sp_goods` WHERE `goods_id` = 51 LIMIT 1   [ RunTime:0.0006s ]
INFO: [ app_end ] --START--
INFO: Run Behavior\ShowPageTraceBehavior [ RunTime:0.001111s ]
INFO: [ app_end ] --END-- [ RunTime:0.001650s ]

[ 2017-07-08T22:18:32+08:00 ] 127.0.0.1 /index.php/Home/Shop/addCart?goods_id=51
INFO: [ app_begin ] --START--
INFO: Run Behavior\ReadHtmlCacheBehavior [ RunTime:0.001134s ]
INFO: [ app_begin ] --END-- [ RunTime:0.002248s ]
SQL: SHOW COLUMNS FROM `sp_goods` [ RunTime:0.0071s ]
SQL: SELECT * FROM `sp_goods` WHERE `goods_id` = 51 LIMIT 1   [ RunTime:0.0007s ]
INFO: [ app_end ] --START--
INFO: Run Behavior\ShowPageTraceBehavior [ RunTime:0.001155s ]
INFO: [ app_end ] --END-- [ RunTime:0.001690s ]

[ 2017-07-08T22:18:41+08:00 ] 127.0.0.1 /index.php/Home/Shop/addCart?goods_id=51
INFO: [ app_begin ] --START--
INFO: Run Behavior\ReadHtmlCacheBehavior [ RunTime:0.001177s ]
INFO: [ app_begin ] --END-- [ RunTime:0.002442s ]
SQL: SHOW COLUMNS FROM `sp_goods` [ RunTime:0.0059s ]
SQL: SELECT * FROM `sp_goods` WHERE `goods_id` = 51 LIMIT 1   [ RunTime:0.0009s ]
INFO: [ app_end ] --START--
INFO: Run Behavior\ShowPageTraceBehavior [ RunTime:0.001154s ]
INFO: [ app_end ] --END-- [ RunTime:0.001691s ]

[ 2017-07-08T22:18:45+08:00 ] 127.0.0.1 /index.php/Home/Shop/addCart?goods_id=51
INFO: [ app_begin ] --START--
INFO: Run Behavior\ReadHtmlCacheBehavior [ RunTime:0.001606s ]
INFO: [ app_begin ] --END-- [ RunTime:0.003257s ]
SQL: SHOW COLUMNS FROM `sp_goods` [ RunTime:0.0058s ]
SQL: SELECT * FROM `sp_goods` WHERE `goods_id` = 51 LIMIT 1   [ RunTime:0.0006s ]
INFO: [ app_end ] --START--
INFO: Run Behavior\ShowPageTraceBehavior [ RunTime:0.001185s ]
INFO: [ app_end ] --END-- [ RunTime:0.001728s ]

[ 2017-07-08T22:18:47+08:00 ] 127.0.0.1 /index.php/Shop/flow1.html
ERR: 非法操作:flow1

[ 2017-07-08T22:22:53+08:00 ] 127.0.0.1 /index.php/Home/Shop/addCart?goods_id=51
INFO: [ app_begin ] --START--
INFO: Run Behavior\ReadHtmlCacheBehavior [ RunTime:0.001488s ]
INFO: [ app_begin ] --END-- [ RunTime:0.002978s ]
SQL: SHOW COLUMNS FROM `sp_goods` [ RunTime:0.0075s ]
SQL: SELECT * FROM `sp_goods` WHERE `goods_id` = 51 LIMIT 1   [ RunTime:0.0008s ]
INFO: [ app_end ] --START--
INFO: Run Behavior\ShowPageTraceBehavior [ RunTime:0.001254s ]
INFO: [ app_end ] --END-- [ RunTime:0.001874s ]

[ 2017-07-08T22:22:55+08:00 ] 127.0.0.1 /index.php/Shop/style/base.css
ERR: 非法操作:style

[ 2017-07-08T22:22:55+08:00 ] 127.0.0.1 /index.php/Shop/style/global.css
ERR: 非法操作:style

[ 2017-07-08T22:22:55+08:00 ] 127.0.0.1 /index.php/Shop/style/header.css
ERR: 非法操作:style

[ 2017-07-08T22:22:55+08:00 ] 127.0.0.1 /index.php/Shop/style/cart.css
ERR: 非法操作:style

[ 2017-07-08T22:22:56+08:00 ] 127.0.0.1 /index.php/Shop/style/footer.css
ERR: 非法操作:style

[ 2017-07-08T22:22:56+08:00 ] 127.0.0.1 /index.php/Shop/js/jquery-1.8.3.min.js
ERR: 非法操作:js

[ 2017-07-08T22:22:56+08:00 ] 127.0.0.1 /index.php/Shop/js/cart1.js
ERR: 非法操作:js

[ 2017-07-08T22:24:12+08:00 ] 127.0.0.1 /index.php/Shop/js/jquery-1.8.3.min.js
ERR: 非法操作:js

[ 2017-07-08T22:24:12+08:00 ] 127.0.0.1 /index.php/Shop/js/cart1.js
ERR: 非法操作:js

[ 2017-07-08T22:24:13+08:00 ] 127.0.0.1 /index.php/Shop/js/jquery-1.8.3.min.js
ERR: 非法操作:js

[ 2017-07-08T22:24:13+08:00 ] 127.0.0.1 /index.php/Shop/js/cart1.js
ERR: 非法操作:js

[ 2017-07-08T22:29:40+08:00 ] 127.0.0.1 /index.php/Home/Shop/addCart?goods_id=47
INFO: [ app_begin ] --START--
INFO: Run Behavior\ReadHtmlCacheBehavior [ RunTime:0.001224s ]
INFO: [ app_begin ] --END-- [ RunTime:0.002416s ]
SQL: SHOW COLUMNS FROM `sp_goods` [ RunTime:0.0063s ]
SQL: SELECT * FROM `sp_goods` WHERE `goods_id` = 47 LIMIT 1   [ RunTime:0.0006s ]
INFO: [ app_end ] --START--
INFO: Run Behavior\ShowPageTraceBehavior [ RunTime:0.001130s ]
INFO: [ app_end ] --END-- [ RunTime:0.001662s ]

[ 2017-07-08T22:42:39+08:00 ] 127.0.0.1 /index.php/Shop/flow1.html
ERR: syntax error, unexpected '='

[ 2017-07-08T22:42:42+08:00 ] 127.0.0.1 /index.php/Shop/flow1.html
ERR: syntax error, unexpected '='

[ 2017-07-08T22:52:01+08:00 ] 127.0.0.1 /index.php/Home/Shop/addCart?goods_id=47
INFO: [ app_begin ] --START--
INFO: Run Behavior\ReadHtmlCacheBehavior [ RunTime:0.001421s ]
INFO: [ app_begin ] --END-- [ RunTime:0.002824s ]
SQL: SHOW COLUMNS FROM `sp_goods` [ RunTime:0.0068s ]
SQL: SELECT * FROM `sp_goods` WHERE `goods_id` = 47 LIMIT 1   [ RunTime:0.0007s ]
INFO: [ app_end ] --START--
INFO: Run Behavior\ShowPageTraceBehavior [ RunTime:0.001316s ]
INFO: [ app_end ] --END-- [ RunTime:0.001877s ]

[ 2017-07-08T23:43:00+08:00 ] 127.0.0.1 /index.php/Home/Shop/delGoods?goods_id=51
INFO: [ app_begin ] --START--
INFO: Run Behavior\ReadHtmlCacheBehavior [ RunTime:0.001410s ]
INFO: [ app_begin ] --END-- [ RunTime:0.002733s ]
INFO: [ app_end ] --START--
INFO: Run Behavior\ShowPageTraceBehavior [ RunTime:0.001635s ]
INFO: [ app_end ] --END-- [ RunTime:0.002398s ]

