[ 2017-07-20T19:21:13+08:00 ] 127.0.0.1 /index.php/Home/Shop/addCart?goods_id=53&goods_num=1
INFO: [ app_begin ] --START--
INFO: Run Behavior\ReadHtmlCacheBehavior [ RunTime:0.000000s ]
INFO: [ app_begin ] --END-- [ RunTime:0.000000s ]
SQL: SHOW COLUMNS FROM `sp_goods` [ RunTime:0.0156s ]
SQL: SELECT * FROM `sp_goods` WHERE `goods_id` = 53 LIMIT 1   [ RunTime:0.0000s ]
SQL: SHOW COLUMNS FROM `sp_goods` [ RunTime:0.0156s ]
ERR: Think\Model:getGoodsPrice方法不存在！

[ 2017-07-20T19:21:15+08:00 ] 127.0.0.1 /index.php/Home/Shop/addCart?goods_id=53&goods_num=1
INFO: [ app_begin ] --START--
INFO: Run Behavior\ReadHtmlCacheBehavior [ RunTime:0.001000s ]
INFO: [ app_begin ] --END-- [ RunTime:0.001000s ]
SQL: SHOW COLUMNS FROM `sp_goods` [ RunTime:0.0000s ]
SQL: SELECT * FROM `sp_goods` WHERE `goods_id` = 53 LIMIT 1   [ RunTime:0.0000s ]
SQL: SHOW COLUMNS FROM `sp_goods` [ RunTime:0.0156s ]
ERR: Think\Model:getGoodsPrice方法不存在！

[ 2017-07-20T19:21:17+08:00 ] 127.0.0.1 /index.php/Home/Shop/addCart?goods_id=53&goods_num=1
INFO: [ app_begin ] --START--
INFO: Run Behavior\ReadHtmlCacheBehavior [ RunTime:0.001000s ]
INFO: [ app_begin ] --END-- [ RunTime:0.001000s ]
SQL: SHOW COLUMNS FROM `sp_goods` [ RunTime:0.0050s ]
SQL: SELECT * FROM `sp_goods` WHERE `goods_id` = 53 LIMIT 1   [ RunTime:0.0000s ]
SQL: SHOW COLUMNS FROM `sp_goods` [ RunTime:0.0000s ]
ERR: Think\Model:getGoodsPrice方法不存在！

[ 2017-07-20T19:21:17+08:00 ] 127.0.0.1 /index.php/Home/Shop/addCart?goods_id=53&goods_num=1
INFO: [ app_begin ] --START--
INFO: Run Behavior\ReadHtmlCacheBehavior [ RunTime:0.001000s ]
INFO: [ app_begin ] --END-- [ RunTime:0.003000s ]
SQL: SHOW COLUMNS FROM `sp_goods` [ RunTime:0.0000s ]
SQL: SELECT * FROM `sp_goods` WHERE `goods_id` = 53 LIMIT 1   [ RunTime:0.0156s ]
SQL: SHOW COLUMNS FROM `sp_goods` [ RunTime:0.0000s ]
ERR: Think\Model:getGoodsPrice方法不存在！

[ 2017-07-20T19:21:18+08:00 ] 127.0.0.1 /index.php/Home/Shop/addCart?goods_id=53&goods_num=1
INFO: [ app_begin ] --START--
INFO: Run Behavior\ReadHtmlCacheBehavior [ RunTime:0.001000s ]
INFO: [ app_begin ] --END-- [ RunTime:0.001000s ]
SQL: SHOW COLUMNS FROM `sp_goods` [ RunTime:0.0000s ]
SQL: SELECT * FROM `sp_goods` WHERE `goods_id` = 53 LIMIT 1   [ RunTime:0.0000s ]
SQL: SHOW COLUMNS FROM `sp_goods` [ RunTime:0.0156s ]
ERR: Think\Model:getGoodsPrice方法不存在！

[ 2017-07-20T19:21:25+08:00 ] 127.0.0.1 /index.php/Home/Shop/addCart?goods_id=53&goods_num=1
INFO: [ app_begin ] --START--
INFO: Run Behavior\ReadHtmlCacheBehavior [ RunTime:0.001000s ]
INFO: [ app_begin ] --END-- [ RunTime:0.001000s ]
SQL: SHOW COLUMNS FROM `sp_goods` [ RunTime:0.0000s ]
SQL: SELECT * FROM `sp_goods` WHERE `goods_id` = 53 LIMIT 1   [ RunTime:0.0000s ]
SQL: SHOW COLUMNS FROM `sp_goods` [ RunTime:0.0156s ]
ERR: Think\Model:getGoodsPrice方法不存在！

[ 2017-07-20T19:21:26+08:00 ] 127.0.0.1 /index.php/Home/Shop/addCart?goods_id=53&goods_num=1
INFO: [ app_begin ] --START--
INFO: Run Behavior\ReadHtmlCacheBehavior [ RunTime:0.000000s ]
INFO: [ app_begin ] --END-- [ RunTime:0.000000s ]
SQL: SHOW COLUMNS FROM `sp_goods` [ RunTime:0.0080s ]
SQL: SELECT * FROM `sp_goods` WHERE `goods_id` = 53 LIMIT 1   [ RunTime:0.0010s ]
SQL: SHOW COLUMNS FROM `sp_goods` [ RunTime:0.0060s ]
ERR: Think\Model:getGoodsPrice方法不存在！

[ 2017-07-20T19:21:26+08:00 ] 127.0.0.1 /index.php/Home/Shop/addCart?goods_id=53&goods_num=1
INFO: [ app_begin ] --START--
INFO: Run Behavior\ReadHtmlCacheBehavior [ RunTime:0.000000s ]
INFO: [ app_begin ] --END-- [ RunTime:0.000000s ]
SQL: SHOW COLUMNS FROM `sp_goods` [ RunTime:0.0216s ]
SQL: SELECT * FROM `sp_goods` WHERE `goods_id` = 53 LIMIT 1   [ RunTime:0.0000s ]
SQL: SHOW COLUMNS FROM `sp_goods` [ RunTime:0.0000s ]
ERR: Think\Model:getGoodsPrice方法不存在！

[ 2017-07-20T19:21:26+08:00 ] 127.0.0.1 /index.php/Home/Shop/addCart?goods_id=53&goods_num=1
INFO: [ app_begin ] --START--
INFO: Run Behavior\ReadHtmlCacheBehavior [ RunTime:0.000000s ]
INFO: [ app_begin ] --END-- [ RunTime:0.015600s ]
SQL: SHOW COLUMNS FROM `sp_goods` [ RunTime:0.0276s ]
SQL: SELECT * FROM `sp_goods` WHERE `goods_id` = 53 LIMIT 1   [ RunTime:0.0000s ]
SQL: SHOW COLUMNS FROM `sp_goods` [ RunTime:0.0000s ]
ERR: Think\Model:getGoodsPrice方法不存在！

[ 2017-07-20T19:21:26+08:00 ] 127.0.0.1 /index.php/Home/Shop/addCart?goods_id=53&goods_num=1
INFO: [ app_begin ] --START--
INFO: Run Behavior\ReadHtmlCacheBehavior [ RunTime:0.001000s ]
INFO: [ app_begin ] --END-- [ RunTime:0.002000s ]
SQL: SHOW COLUMNS FROM `sp_goods` [ RunTime:0.0000s ]
SQL: SELECT * FROM `sp_goods` WHERE `goods_id` = 53 LIMIT 1   [ RunTime:0.0000s ]
SQL: SHOW COLUMNS FROM `sp_goods` [ RunTime:0.0156s ]
ERR: Think\Model:getGoodsPrice方法不存在！

[ 2017-07-20T19:25:24+08:00 ] 127.0.0.1 /index.php/Home/Shop/addCart?goods_id=53&goods_num=1
INFO: [ app_begin ] --START--
INFO: Run Behavior\ReadHtmlCacheBehavior [ RunTime:0.000000s ]
INFO: [ app_begin ] --END-- [ RunTime:0.000000s ]
SQL: SHOW COLUMNS FROM `sp_goods` [ RunTime:0.0156s ]
SQL: SELECT * FROM `sp_goods` WHERE `goods_id` = 53 LIMIT 1   [ RunTime:0.0000s ]
SQL: SHOW COLUMNS FROM `sp_goods` [ RunTime:0.0000s ]
ERR: Think\Model:getGoodsPrice方法不存在！

[ 2017-07-20T19:25:24+08:00 ] 127.0.0.1 /index.php/Home/Shop/addCart?goods_id=53&goods_num=1
INFO: [ app_begin ] --START--
INFO: Run Behavior\ReadHtmlCacheBehavior [ RunTime:0.000000s ]
INFO: [ app_begin ] --END-- [ RunTime:0.000000s ]
SQL: SHOW COLUMNS FROM `sp_goods` [ RunTime:0.0156s ]
SQL: SELECT * FROM `sp_goods` WHERE `goods_id` = 53 LIMIT 1   [ RunTime:0.0000s ]
SQL: SHOW COLUMNS FROM `sp_goods` [ RunTime:0.0000s ]
ERR: Think\Model:getGoodsPrice方法不存在！

[ 2017-07-20T19:25:24+08:00 ] 127.0.0.1 /index.php/Home/Shop/addCart?goods_id=53&goods_num=1
INFO: [ app_begin ] --START--
INFO: Run Behavior\ReadHtmlCacheBehavior [ RunTime:0.000000s ]
INFO: [ app_begin ] --END-- [ RunTime:0.000000s ]
SQL: SHOW COLUMNS FROM `sp_goods` [ RunTime:0.0000s ]
SQL: SELECT * FROM `sp_goods` WHERE `goods_id` = 53 LIMIT 1   [ RunTime:0.0000s ]
SQL: SHOW COLUMNS FROM `sp_goods` [ RunTime:0.0156s ]
ERR: Think\Model:getGoodsPrice方法不存在！

[ 2017-07-20T19:25:25+08:00 ] 127.0.0.1 /index.php/Home/Shop/addCart?goods_id=53&goods_num=1
INFO: [ app_begin ] --START--
INFO: Run Behavior\ReadHtmlCacheBehavior [ RunTime:0.000000s ]
INFO: [ app_begin ] --END-- [ RunTime:0.000000s ]
SQL: SHOW COLUMNS FROM `sp_goods` [ RunTime:0.0000s ]
SQL: SELECT * FROM `sp_goods` WHERE `goods_id` = 53 LIMIT 1   [ RunTime:0.0156s ]
SQL: SHOW COLUMNS FROM `sp_goods` [ RunTime:0.0000s ]
ERR: Think\Model:getGoodsPrice方法不存在！

[ 2017-07-20T19:25:28+08:00 ] 127.0.0.1 /index.php/Home/Shop/addCart?goods_id=53&goods_num=1
INFO: [ app_begin ] --START--
INFO: Run Behavior\ReadHtmlCacheBehavior [ RunTime:0.000000s ]
INFO: [ app_begin ] --END-- [ RunTime:0.000000s ]
SQL: SHOW COLUMNS FROM `sp_goods` [ RunTime:0.0156s ]
SQL: SELECT * FROM `sp_goods` WHERE `goods_id` = 53 LIMIT 1   [ RunTime:0.0000s ]
SQL: SHOW COLUMNS FROM `sp_goods` [ RunTime:0.0000s ]
ERR: Think\Model:getGoodsPrice方法不存在！

[ 2017-07-20T19:41:30+08:00 ] 127.0.0.1 /index.php/Home/Shop/addCart?goods_id=54&goods_num=1
INFO: [ app_begin ] --START--
INFO: Run Behavior\ReadHtmlCacheBehavior [ RunTime:0.000000s ]
INFO: [ app_begin ] --END-- [ RunTime:0.000000s ]
SQL: SHOW COLUMNS FROM `sp_goods` [ RunTime:0.0080s ]
SQL: SELECT * FROM `sp_goods` WHERE `goods_id` = 54 LIMIT 1   [ RunTime:0.0000s ]
SQL: SHOW COLUMNS FROM `sp_goods` [ RunTime:0.0060s ]
ERR: Think\Model:getGoodsPrice方法不存在！

[ 2017-07-20T19:41:32+08:00 ] 127.0.0.1 /index.php/Home/Shop/addCart?goods_id=54&goods_num=1
INFO: [ app_begin ] --START--
INFO: Run Behavior\ReadHtmlCacheBehavior [ RunTime:0.001000s ]
INFO: [ app_begin ] --END-- [ RunTime:0.002000s ]
SQL: SHOW COLUMNS FROM `sp_goods` [ RunTime:0.0000s ]
SQL: SELECT * FROM `sp_goods` WHERE `goods_id` = 54 LIMIT 1   [ RunTime:0.0000s ]
SQL: SHOW COLUMNS FROM `sp_goods` [ RunTime:0.0156s ]
ERR: Think\Model:getGoodsPrice方法不存在！

[ 2017-07-20T19:41:34+08:00 ] 127.0.0.1 /index.php/Home/Shop/addCart?goods_id=54&goods_num=1
INFO: [ app_begin ] --START--
INFO: Run Behavior\ReadHtmlCacheBehavior [ RunTime:0.000000s ]
INFO: [ app_begin ] --END-- [ RunTime:0.000000s ]
SQL: SHOW COLUMNS FROM `sp_goods` [ RunTime:0.0186s ]
SQL: SELECT * FROM `sp_goods` WHERE `goods_id` = 54 LIMIT 1   [ RunTime:0.0000s ]
SQL: SHOW COLUMNS FROM `sp_goods` [ RunTime:0.0080s ]
ERR: Think\Model:getGoodsPrice方法不存在！

[ 2017-07-20T19:42:46+08:00 ] 127.0.0.1 /index.php/Home/Shop/addCart?goods_id=54&goods_num=1
INFO: [ app_begin ] --START--
INFO: Run Behavior\ReadHtmlCacheBehavior [ RunTime:0.001000s ]
INFO: [ app_begin ] --END-- [ RunTime:0.002000s ]
SQL: SHOW COLUMNS FROM `sp_goods` [ RunTime:0.0050s ]
SQL: SELECT * FROM `sp_goods` WHERE `goods_id` = 54 LIMIT 1   [ RunTime:0.0000s ]
SQL: SHOW COLUMNS FROM `sp_goods` [ RunTime:0.0000s ]
ERR: Think\Model:getGoodsPrice方法不存在！

[ 2017-07-20T19:44:43+08:00 ] 127.0.0.1 /index.php/Home/Shop/addCart?goods_id=54&goods_num=1
INFO: [ app_begin ] --START--
INFO: Run Behavior\ReadHtmlCacheBehavior [ RunTime:0.002000s ]
INFO: [ app_begin ] --END-- [ RunTime:0.003001s ]
SQL: SHOW COLUMNS FROM `sp_goods` [ RunTime:0.0110s ]
SQL: SELECT * FROM `sp_goods` WHERE `goods_id` = 54 LIMIT 1   [ RunTime:0.0010s ]
SQL: SHOW COLUMNS FROM `sp_goods` [ RunTime:0.0070s ]
SQL: SELECT `goods_price`,`goods_member_price` FROM `sp_goods` WHERE `goods_id` = 54 LIMIT 1   [ RunTime:0.0000s ]
INFO: [ app_end ] --START--
INFO: Run Behavior\ShowPageTraceBehavior [ RunTime:0.000000s ]
INFO: [ app_end ] --END-- [ RunTime:0.000000s ]

[ 2017-07-20T19:44:46+08:00 ] 127.0.0.1 /index.php/Home/Shop/addCart?goods_id=54&goods_num=1
INFO: [ app_begin ] --START--
INFO: Run Behavior\ReadHtmlCacheBehavior [ RunTime:0.001000s ]
INFO: [ app_begin ] --END-- [ RunTime:0.001000s ]
SQL: SHOW COLUMNS FROM `sp_goods` [ RunTime:0.0000s ]
SQL: SELECT * FROM `sp_goods` WHERE `goods_id` = 54 LIMIT 1   [ RunTime:0.0000s ]
SQL: SHOW COLUMNS FROM `sp_goods` [ RunTime:0.0000s ]
SQL: SELECT `goods_price`,`goods_member_price` FROM `sp_goods` WHERE `goods_id` = 54 LIMIT 1   [ RunTime:0.0000s ]
INFO: [ app_end ] --START--
INFO: Run Behavior\ShowPageTraceBehavior [ RunTime:0.000000s ]
INFO: [ app_end ] --END-- [ RunTime:0.000000s ]

[ 2017-07-20T20:09:41+08:00 ] 127.0.0.1 /index.php/Home/Shop/addCart?goods_id=54&goods_num=1
INFO: [ app_begin ] --START--
INFO: Run Behavior\ReadHtmlCacheBehavior [ RunTime:0.000000s ]
INFO: [ app_begin ] --END-- [ RunTime:0.001000s ]
SQL: SHOW COLUMNS FROM `sp_goods` [ RunTime:0.0090s ]
SQL: SELECT * FROM `sp_goods` WHERE `goods_id` = 54 LIMIT 1   [ RunTime:0.0000s ]
SQL: SHOW COLUMNS FROM `sp_goods` [ RunTime:0.0070s ]
SQL: SELECT `goods_price`,`goods_member_price` FROM `sp_goods` WHERE `goods_id` = 54 LIMIT 1   [ RunTime:0.0000s ]
INFO: [ app_end ] --START--
INFO: Run Behavior\ShowPageTraceBehavior [ RunTime:0.001000s ]
INFO: [ app_end ] --END-- [ RunTime:0.001000s ]

[ 2017-07-20T20:09:45+08:00 ] 127.0.0.1 /index.php/Home/Shop/addCart?goods_id=54&goods_num=1
INFO: [ app_begin ] --START--
INFO: Run Behavior\ReadHtmlCacheBehavior [ RunTime:0.001000s ]
INFO: [ app_begin ] --END-- [ RunTime:0.002000s ]
SQL: SHOW COLUMNS FROM `sp_goods` [ RunTime:0.0080s ]
SQL: SELECT * FROM `sp_goods` WHERE `goods_id` = 54 LIMIT 1   [ RunTime:0.0000s ]
SQL: SHOW COLUMNS FROM `sp_goods` [ RunTime:0.0070s ]
SQL: SELECT `goods_price`,`goods_member_price` FROM `sp_goods` WHERE `goods_id` = 54 LIMIT 1   [ RunTime:0.0010s ]
INFO: [ app_end ] --START--
INFO: Run Behavior\ShowPageTraceBehavior [ RunTime:0.001000s ]
INFO: [ app_end ] --END-- [ RunTime:0.001000s ]

[ 2017-07-20T20:21:31+08:00 ] 127.0.0.1 /index.php/Home/Shop/addCart?goods_id=54&goods_num=1
INFO: [ app_begin ] --START--
INFO: Run Behavior\ReadHtmlCacheBehavior [ RunTime:0.001000s ]
INFO: [ app_begin ] --END-- [ RunTime:0.002000s ]
SQL: SHOW COLUMNS FROM `sp_goods` [ RunTime:0.0070s ]
SQL: SELECT * FROM `sp_goods` WHERE `goods_id` = 54 LIMIT 1   [ RunTime:0.0000s ]
SQL: SHOW COLUMNS FROM `sp_goods` [ RunTime:0.0070s ]
SQL: SELECT `goods_price`,`goods_member_price` FROM `sp_goods` WHERE `goods_id` = 54 LIMIT 1   [ RunTime:0.0010s ]
INFO: [ app_end ] --START--
INFO: Run Behavior\ShowPageTraceBehavior [ RunTime:0.000000s ]
INFO: [ app_end ] --END-- [ RunTime:0.000000s ]

[ 2017-07-20T21:15:35+08:00 ] 127.0.0.1 /index.php/Home/Shop/addCart?goods_id=53&goods_num=6
INFO: [ app_begin ] --START--
INFO: Run Behavior\ReadHtmlCacheBehavior [ RunTime:0.000000s ]
INFO: [ app_begin ] --END-- [ RunTime:0.001000s ]
SQL: SHOW COLUMNS FROM `sp_goods` [ RunTime:0.0080s ]
SQL: SELECT * FROM `sp_goods` WHERE `goods_id` = 53 LIMIT 1   [ RunTime:0.0000s ]
SQL: SHOW COLUMNS FROM `sp_goods` [ RunTime:0.0070s ]
SQL: SELECT `goods_price`,`goods_member_price` FROM `sp_goods` WHERE `goods_id` = 53 LIMIT 1   [ RunTime:0.0000s ]
INFO: [ app_end ] --START--
INFO: Run Behavior\ShowPageTraceBehavior [ RunTime:0.000000s ]
INFO: [ app_end ] --END-- [ RunTime:0.000000s ]

[ 2017-07-20T21:15:40+08:00 ] 127.0.0.1 /index.php/Home/Shop/addCart?goods_id=53&goods_num=9
INFO: [ app_begin ] --START--
INFO: Run Behavior\ReadHtmlCacheBehavior [ RunTime:0.001000s ]
INFO: [ app_begin ] --END-- [ RunTime:0.001000s ]
SQL: SHOW COLUMNS FROM `sp_goods` [ RunTime:0.0070s ]
SQL: SELECT * FROM `sp_goods` WHERE `goods_id` = 53 LIMIT 1   [ RunTime:0.0000s ]
SQL: SHOW COLUMNS FROM `sp_goods` [ RunTime:0.0070s ]
SQL: SELECT `goods_price`,`goods_member_price` FROM `sp_goods` WHERE `goods_id` = 53 LIMIT 1   [ RunTime:0.0000s ]
INFO: [ app_end ] --START--
INFO: Run Behavior\ShowPageTraceBehavior [ RunTime:0.000000s ]
INFO: [ app_end ] --END-- [ RunTime:0.001000s ]

[ 2017-07-20T21:15:49+08:00 ] 127.0.0.1 /index.php/Home/Shop/addCart?goods_id=53&goods_num=1
INFO: [ app_begin ] --START--
INFO: Run Behavior\ReadHtmlCacheBehavior [ RunTime:0.000000s ]
INFO: [ app_begin ] --END-- [ RunTime:0.001000s ]
SQL: SHOW COLUMNS FROM `sp_goods` [ RunTime:0.0070s ]
SQL: SELECT * FROM `sp_goods` WHERE `goods_id` = 53 LIMIT 1   [ RunTime:0.0010s ]
SQL: SHOW COLUMNS FROM `sp_goods` [ RunTime:0.0080s ]
SQL: SELECT `goods_price`,`goods_member_price` FROM `sp_goods` WHERE `goods_id` = 53 LIMIT 1   [ RunTime:0.0000s ]
INFO: [ app_end ] --START--
INFO: Run Behavior\ShowPageTraceBehavior [ RunTime:0.001000s ]
INFO: [ app_end ] --END-- [ RunTime:0.001000s ]

[ 2017-07-20T21:15:51+08:00 ] 127.0.0.1 /index.php/Home/Shop/addCart?goods_id=53&goods_num=6
INFO: [ app_begin ] --START--
INFO: Run Behavior\ReadHtmlCacheBehavior [ RunTime:0.001000s ]
INFO: [ app_begin ] --END-- [ RunTime:0.001000s ]
SQL: SHOW COLUMNS FROM `sp_goods` [ RunTime:0.0080s ]
SQL: SELECT * FROM `sp_goods` WHERE `goods_id` = 53 LIMIT 1   [ RunTime:0.0000s ]
SQL: SHOW COLUMNS FROM `sp_goods` [ RunTime:0.0070s ]
SQL: SELECT `goods_price`,`goods_member_price` FROM `sp_goods` WHERE `goods_id` = 53 LIMIT 1   [ RunTime:0.0010s ]
INFO: [ app_end ] --START--
INFO: Run Behavior\ShowPageTraceBehavior [ RunTime:0.001000s ]
INFO: [ app_end ] --END-- [ RunTime:0.001000s ]

[ 2017-07-20T23:05:06+08:00 ] 127.0.0.1 /Goods/detail/goods_id/53.html
ERR: 1062:Duplicate entry '' for key 'goods_name'
 [ SQL语句 ] : INSERT INTO `sp_goods` () VALUES ()

[ 2017-07-20T23:05:47+08:00 ] 127.0.0.1 /Goods/detail/goods_id/54.html
ERR: 1062:Duplicate entry '' for key 'goods_name'
 [ SQL语句 ] : INSERT INTO `sp_goods` () VALUES ()

[ 2017-07-20T23:39:34+08:00 ] 127.0.0.1 /index.php/Home/Shop/addCart?goods_id=53&goods_num=1
INFO: [ app_begin ] --START--
INFO: Run Behavior\ReadHtmlCacheBehavior [ RunTime:0.001000s ]
INFO: [ app_begin ] --END-- [ RunTime:0.001000s ]
SQL: SHOW COLUMNS FROM `sp_goods` [ RunTime:0.0060s ]
SQL: SELECT * FROM `sp_goods` WHERE `goods_id` = 53 LIMIT 1   [ RunTime:0.0010s ]
SQL: SHOW COLUMNS FROM `sp_goods` [ RunTime:0.0050s ]
SQL: SELECT `goods_price`,`goods_member_price` FROM `sp_goods` WHERE `goods_id` = 53 LIMIT 1   [ RunTime:0.0010s ]
INFO: [ app_end ] --START--
INFO: Run Behavior\ShowPageTraceBehavior [ RunTime:0.000000s ]
INFO: [ app_end ] --END-- [ RunTime:0.000000s ]

