[ 2017-07-04T09:55:18+08:00 ] 127.0.0.1 /index.php/Admin/Index/index.html
INFO: [ view_parse ] --START--
INFO: [ template_filter ] --START--
INFO: Run Behavior\ContentReplaceBehavior [ RunTime:0.000604s ]
INFO: [ template_filter ] --END-- [ RunTime:0.001948s ]
INFO: Run Behavior\ParseTemplateBehavior [ RunTime:0.024031s ]
INFO: [ view_parse ] --END-- [ RunTime:0.025465s ]
INFO: [ view_filter ] --START--
INFO: Run Behavior\WriteHtmlCacheBehavior [ RunTime:0.000890s ]
INFO: [ view_filter ] --END-- [ RunTime:0.001936s ]
INFO: [ app_end ] --START--
INFO: Run Behavior\ShowPageTraceBehavior [ RunTime:0.001120s ]
INFO: [ app_end ] --END-- [ RunTime:0.001925s ]

[ 2017-07-04T09:55:19+08:00 ] 127.0.0.1 /index.php/Admin/Index/top.html
INFO: [ view_parse ] --START--
INFO: [ template_filter ] --START--
INFO: Run Behavior\ContentReplaceBehavior [ RunTime:0.000381s ]
INFO: [ template_filter ] --END-- [ RunTime:0.001412s ]
INFO: Run Behavior\ParseTemplateBehavior [ RunTime:0.028425s ]
INFO: [ view_parse ] --END-- [ RunTime:0.030266s ]
INFO: [ view_filter ] --START--
INFO: Run Behavior\WriteHtmlCacheBehavior [ RunTime:0.001434s ]
INFO: [ view_filter ] --END-- [ RunTime:0.002899s ]
INFO: [ app_end ] --START--
INFO: Run Behavior\ShowPageTraceBehavior [ RunTime:0.002063s ]
INFO: [ app_end ] --END-- [ RunTime:0.003970s ]

[ 2017-07-04T09:55:20+08:00 ] 127.0.0.1 /index.php/Admin/Index/center.html
INFO: [ view_parse ] --START--
INFO: [ template_filter ] --START--
INFO: Run Behavior\ContentReplaceBehavior [ RunTime:0.000588s ]
INFO: [ template_filter ] --END-- [ RunTime:0.002132s ]
INFO: Run Behavior\ParseTemplateBehavior [ RunTime:0.043652s ]
INFO: [ view_parse ] --END-- [ RunTime:0.045672s ]
INFO: [ view_filter ] --START--
INFO: Run Behavior\WriteHtmlCacheBehavior [ RunTime:0.001256s ]
INFO: [ view_filter ] --END-- [ RunTime:0.002946s ]
INFO: [ app_end ] --START--
INFO: Run Behavior\ShowPageTraceBehavior [ RunTime:0.001742s ]
INFO: [ app_end ] --END-- [ RunTime:0.002565s ]

[ 2017-07-04T09:55:20+08:00 ] 127.0.0.1 /index.php/Admin/Index/down.html
INFO: [ view_parse ] --START--
INFO: [ template_filter ] --START--
INFO: Run Behavior\ContentReplaceBehavior [ RunTime:0.000685s ]
INFO: [ template_filter ] --END-- [ RunTime:0.002019s ]
INFO: Run Behavior\ParseTemplateBehavior [ RunTime:0.029206s ]
INFO: [ view_parse ] --END-- [ RunTime:0.031409s ]
INFO: [ view_filter ] --START--
INFO: Run Behavior\WriteHtmlCacheBehavior [ RunTime:0.002177s ]
INFO: [ view_filter ] --END-- [ RunTime:0.003744s ]
INFO: [ app_end ] --START--
INFO: Run Behavior\ShowPageTraceBehavior [ RunTime:0.002363s ]
INFO: [ app_end ] --END-- [ RunTime:0.003824s ]

[ 2017-07-04T09:55:20+08:00 ] 127.0.0.1 /index.php/Admin/Index/left.html
SQL: SHOW COLUMNS FROM `sp_manager` [ RunTime:0.0140s ]
SQL: SELECT r.role_auth_ids FROM sp_manager m INNER JOIN sp_role as r on m.role_id=r.role_id  WHERE m.mg_id = '501' LIMIT 1   [ RunTime:0.0266s ]
INFO: [ view_parse ] --START--
INFO: [ template_filter ] --START--
INFO: Run Behavior\ContentReplaceBehavior [ RunTime:0.000747s ]
INFO: [ template_filter ] --END-- [ RunTime:0.001994s ]
INFO: Run Behavior\ParseTemplateBehavior [ RunTime:0.060830s ]
INFO: [ view_parse ] --END-- [ RunTime:0.062040s ]
INFO: [ view_filter ] --START--
INFO: Run Behavior\WriteHtmlCacheBehavior [ RunTime:0.001773s ]
INFO: [ view_filter ] --END-- [ RunTime:0.003519s ]
INFO: [ app_end ] --START--
INFO: Run Behavior\ShowPageTraceBehavior [ RunTime:0.001908s ]
INFO: [ app_end ] --END-- [ RunTime:0.003145s ]

[ 2017-07-04T09:55:32+08:00 ] 127.0.0.1 /index.php/Admin/Index/index.html
INFO: [ view_parse ] --START--
INFO: [ template_filter ] --START--
INFO: Run Behavior\ContentReplaceBehavior [ RunTime:0.000574s ]
INFO: [ template_filter ] --END-- [ RunTime:0.002018s ]
INFO: Run Behavior\ParseTemplateBehavior [ RunTime:0.022123s ]
INFO: [ view_parse ] --END-- [ RunTime:0.023287s ]
INFO: [ view_filter ] --START--
INFO: Run Behavior\WriteHtmlCacheBehavior [ RunTime:0.000879s ]
INFO: [ view_filter ] --END-- [ RunTime:0.001600s ]
INFO: [ app_end ] --START--
INFO: Run Behavior\ShowPageTraceBehavior [ RunTime:0.001591s ]
INFO: [ app_end ] --END-- [ RunTime:0.002668s ]

[ 2017-07-04T09:55:33+08:00 ] 127.0.0.1 /index.php/Admin/Index/top.html
INFO: [ view_parse ] --START--
INFO: [ template_filter ] --START--
INFO: Run Behavior\ContentReplaceBehavior [ RunTime:0.000347s ]
INFO: [ template_filter ] --END-- [ RunTime:0.001088s ]
INFO: Run Behavior\ParseTemplateBehavior [ RunTime:0.029783s ]
INFO: [ view_parse ] --END-- [ RunTime:0.031718s ]
INFO: [ view_filter ] --START--
INFO: Run Behavior\WriteHtmlCacheBehavior [ RunTime:0.000888s ]
INFO: [ view_filter ] --END-- [ RunTime:0.001567s ]
INFO: [ app_end ] --START--
INFO: Run Behavior\ShowPageTraceBehavior [ RunTime:0.008440s ]
INFO: [ app_end ] --END-- [ RunTime:0.009898s ]

[ 2017-07-04T09:55:33+08:00 ] 127.0.0.1 /index.php/Admin/Index/center.html
INFO: [ view_parse ] --START--
INFO: [ template_filter ] --START--
INFO: Run Behavior\ContentReplaceBehavior [ RunTime:0.000314s ]
INFO: [ template_filter ] --END-- [ RunTime:0.001074s ]
INFO: Run Behavior\ParseTemplateBehavior [ RunTime:0.026035s ]
INFO: [ view_parse ] --END-- [ RunTime:0.027899s ]
INFO: [ view_filter ] --START--
INFO: Run Behavior\WriteHtmlCacheBehavior [ RunTime:0.001042s ]
INFO: [ view_filter ] --END-- [ RunTime:0.001692s ]
INFO: [ app_end ] --START--
INFO: Run Behavior\ShowPageTraceBehavior [ RunTime:0.001405s ]
INFO: [ app_end ] --END-- [ RunTime:0.002060s ]

[ 2017-07-04T09:55:34+08:00 ] 127.0.0.1 /index.php/Admin/Index/left.html
SQL: SHOW COLUMNS FROM `sp_manager` [ RunTime:0.0108s ]
SQL: SELECT r.role_auth_ids FROM sp_manager m INNER JOIN sp_role as r on m.role_id=r.role_id  WHERE m.mg_id = '501' LIMIT 1   [ RunTime:0.0009s ]
INFO: [ view_parse ] --START--
INFO: [ template_filter ] --START--
INFO: Run Behavior\ContentReplaceBehavior [ RunTime:0.000575s ]
INFO: [ template_filter ] --END-- [ RunTime:0.001761s ]
INFO: Run Behavior\ParseTemplateBehavior [ RunTime:0.026308s ]
INFO: [ view_parse ] --END-- [ RunTime:0.027492s ]
INFO: [ view_filter ] --START--
INFO: Run Behavior\WriteHtmlCacheBehavior [ RunTime:0.001345s ]
INFO: [ view_filter ] --END-- [ RunTime:0.002487s ]
INFO: [ app_end ] --START--
INFO: Run Behavior\ShowPageTraceBehavior [ RunTime:0.001727s ]
INFO: [ app_end ] --END-- [ RunTime:0.003023s ]

[ 2017-07-04T09:55:34+08:00 ] 127.0.0.1 /index.php/Admin/Index/down.html
INFO: [ view_parse ] --START--
INFO: [ template_filter ] --START--
INFO: Run Behavior\ContentReplaceBehavior [ RunTime:0.000680s ]
INFO: [ template_filter ] --END-- [ RunTime:0.001975s ]
INFO: Run Behavior\ParseTemplateBehavior [ RunTime:0.025164s ]
INFO: [ view_parse ] --END-- [ RunTime:0.027188s ]
INFO: [ view_filter ] --START--
INFO: Run Behavior\WriteHtmlCacheBehavior [ RunTime:0.001745s ]
INFO: [ view_filter ] --END-- [ RunTime:0.002856s ]
INFO: [ app_end ] --START--
INFO: Run Behavior\ShowPageTraceBehavior [ RunTime:0.001637s ]
INFO: [ app_end ] --END-- [ RunTime:0.002746s ]

[ 2017-07-04T09:55:55+08:00 ] 127.0.0.1 /index.php/Admin/Index/left
SQL: SHOW COLUMNS FROM `sp_manager` [ RunTime:0.0529s ]
SQL: SELECT r.role_auth_ids FROM sp_manager m INNER JOIN sp_role as r on m.role_id=r.role_id  WHERE m.mg_id = '501' LIMIT 1   [ RunTime:0.0007s ]
INFO: [ view_parse ] --START--
INFO: [ template_filter ] --START--
INFO: Run Behavior\ContentReplaceBehavior [ RunTime:0.000532s ]
INFO: [ template_filter ] --END-- [ RunTime:0.001703s ]
INFO: Run Behavior\ParseTemplateBehavior [ RunTime:0.023917s ]
INFO: [ view_parse ] --END-- [ RunTime:0.025047s ]
INFO: [ view_filter ] --START--
INFO: Run Behavior\WriteHtmlCacheBehavior [ RunTime:0.000921s ]
INFO: [ view_filter ] --END-- [ RunTime:0.001615s ]
INFO: [ app_end ] --START--
INFO: Run Behavior\ShowPageTraceBehavior [ RunTime:0.001101s ]
INFO: [ app_end ] --END-- [ RunTime:0.001768s ]

[ 2017-07-04T09:56:50+08:00 ] 127.0.0.1 /index.php/Admin/Index/left
SQL: SHOW COLUMNS FROM `sp_manager` [ RunTime:0.0120s ]
SQL: SELECT r.role_auth_ids FROM sp_manager m INNER JOIN sp_role as r on m.role_id=r.role_id  WHERE m.mg_id = '501' LIMIT 1   [ RunTime:0.0006s ]
NOTIC: [2] explode() expects parameter 2 to be string, array given D:\web\itshop\Application\Admin\Controller\IndexController.class.php 第 26 行.
INFO: [ view_parse ] --START--
INFO: [ template_filter ] --START--
INFO: Run Behavior\ContentReplaceBehavior [ RunTime:0.000644s ]
INFO: [ template_filter ] --END-- [ RunTime:0.001929s ]
INFO: Run Behavior\ParseTemplateBehavior [ RunTime:0.027541s ]
INFO: [ view_parse ] --END-- [ RunTime:0.028853s ]
INFO: [ view_filter ] --START--
INFO: Run Behavior\WriteHtmlCacheBehavior [ RunTime:0.001268s ]
INFO: [ view_filter ] --END-- [ RunTime:0.002519s ]
INFO: [ app_end ] --START--
INFO: Run Behavior\ShowPageTraceBehavior [ RunTime:0.001805s ]
INFO: [ app_end ] --END-- [ RunTime:0.002574s ]

[ 2017-07-04T09:57:21+08:00 ] 127.0.0.1 /index.php/Admin/Index/left
SQL: SHOW COLUMNS FROM `sp_manager` [ RunTime:0.0577s ]
SQL: SELECT r.role_auth_ids FROM sp_manager m INNER JOIN sp_role as r on m.role_id=r.role_id  WHERE m.mg_id = '501' LIMIT 1   [ RunTime:0.0007s ]
INFO: [ view_parse ] --START--
INFO: [ template_filter ] --START--
INFO: Run Behavior\ContentReplaceBehavior [ RunTime:0.000352s ]
INFO: [ template_filter ] --END-- [ RunTime:0.001119s ]
INFO: Run Behavior\ParseTemplateBehavior [ RunTime:0.023483s ]
INFO: [ view_parse ] --END-- [ RunTime:0.024320s ]
INFO: [ view_filter ] --START--
INFO: Run Behavior\WriteHtmlCacheBehavior [ RunTime:0.001593s ]
INFO: [ view_filter ] --END-- [ RunTime:0.002624s ]
INFO: [ app_end ] --START--
INFO: Run Behavior\ShowPageTraceBehavior [ RunTime:0.001276s ]
INFO: [ app_end ] --END-- [ RunTime:0.001959s ]

[ 2017-07-04T09:58:22+08:00 ] 127.0.0.1 /index.php/Admin/Index/left
SQL: SHOW COLUMNS FROM `sp_manager` [ RunTime:0.0111s ]
SQL: SELECT r.role_auth_ids FROM sp_manager m INNER JOIN sp_role as r on m.role_id=r.role_id  WHERE m.mg_id = '501' LIMIT 1   [ RunTime:0.0007s ]
INFO: [ view_parse ] --START--
INFO: [ template_filter ] --START--
INFO: Run Behavior\ContentReplaceBehavior [ RunTime:0.000416s ]
INFO: [ template_filter ] --END-- [ RunTime:0.001438s ]
INFO: Run Behavior\ParseTemplateBehavior [ RunTime:0.024524s ]
INFO: [ view_parse ] --END-- [ RunTime:0.025486s ]
INFO: [ view_filter ] --START--
INFO: Run Behavior\WriteHtmlCacheBehavior [ RunTime:0.001509s ]
INFO: [ view_filter ] --END-- [ RunTime:0.002375s ]
INFO: [ app_end ] --START--
INFO: Run Behavior\ShowPageTraceBehavior [ RunTime:0.001213s ]
INFO: [ app_end ] --END-- [ RunTime:0.001858s ]

[ 2017-07-04T10:23:02+08:00 ] 127.0.0.1 /index.php/Admin/Index/left
SQL: SHOW COLUMNS FROM `sp_manager` [ RunTime:0.0138s ]
ERR: Think\Model:getAuthIds方法不存在！

[ 2017-07-04T10:24:05+08:00 ] 127.0.0.1 /index.php/Admin/Index/left
SQL: SHOW COLUMNS FROM `sp_manager` [ RunTime:0.0123s ]
SQL: SELECT r.role_auth_ids FROM sp_manager m INNER JOIN sp_role as r on m.role_id=r.role_id  WHERE m.mg_id = '501' LIMIT 1   [ RunTime:0.0009s ]
SQL: SHOW COLUMNS FROM `sp_auth` [ RunTime:0.0128s ]
SQL: SELECT * FROM `sp_auth` WHERE `auth_level` = '0'  [ RunTime:0.0009s ]
SQL: SELECT * FROM `sp_auth` WHERE `auth_level` = '1'  [ RunTime:0.0010s ]
INFO: [ view_parse ] --START--
INFO: [ template_filter ] --START--
INFO: Run Behavior\ContentReplaceBehavior [ RunTime:0.000657s ]
INFO: [ template_filter ] --END-- [ RunTime:0.002549s ]
INFO: Run Behavior\ParseTemplateBehavior [ RunTime:0.033519s ]
INFO: [ view_parse ] --END-- [ RunTime:0.034901s ]
INFO: [ view_filter ] --START--
INFO: Run Behavior\WriteHtmlCacheBehavior [ RunTime:0.001982s ]
INFO: [ view_filter ] --END-- [ RunTime:0.003496s ]
NOTIC: [2] Cannot modify header information - headers already sent by (output started at D:\web\itshop\ThinkPHP\Common\functions.php:850) D:\web\itshop\ThinkPHP\Library\Think\View.class.php 第 91 行.
NOTIC: [2] Cannot modify header information - headers already sent by (output started at D:\web\itshop\ThinkPHP\Common\functions.php:850) D:\web\itshop\ThinkPHP\Library\Think\View.class.php 第 92 行.
NOTIC: [2] Cannot modify header information - headers already sent by (output started at D:\web\itshop\ThinkPHP\Common\functions.php:850) D:\web\itshop\ThinkPHP\Library\Think\View.class.php 第 93 行.
INFO: [ app_end ] --START--
INFO: Run Behavior\ShowPageTraceBehavior [ RunTime:0.003153s ]
INFO: [ app_end ] --END-- [ RunTime:0.004383s ]

[ 2017-07-04T10:29:37+08:00 ] 127.0.0.1 /index.php/Admin/Index/left
SQL: SHOW COLUMNS FROM `sp_manager` [ RunTime:0.0120s ]
SQL: SELECT r.role_auth_ids FROM sp_manager m INNER JOIN sp_role as r on m.role_id=r.role_id  WHERE m.mg_id = '501' LIMIT 1   [ RunTime:0.0007s ]
SQL: SHOW COLUMNS FROM `sp_auth` [ RunTime:0.0147s ]
SQL: SELECT * FROM `sp_auth` WHERE `auth_level` = '0'  [ RunTime:0.0010s ]
SQL: SELECT * FROM `sp_auth` WHERE `auth_level` = '1'  [ RunTime:0.0009s ]
INFO: [ view_parse ] --START--
INFO: [ template_filter ] --START--
INFO: Run Behavior\ContentReplaceBehavior [ RunTime:0.000768s ]
INFO: [ template_filter ] --END-- [ RunTime:0.002163s ]
INFO: Run Behavior\ParseTemplateBehavior [ RunTime:0.039666s ]
INFO: [ view_parse ] --END-- [ RunTime:0.041376s ]
INFO: [ view_filter ] --START--
INFO: Run Behavior\WriteHtmlCacheBehavior [ RunTime:0.001937s ]
INFO: [ view_filter ] --END-- [ RunTime:0.003525s ]
NOTIC: [2] Cannot modify header information - headers already sent by (output started at D:\web\itshop\ThinkPHP\Common\functions.php:850) D:\web\itshop\ThinkPHP\Library\Think\View.class.php 第 91 行.
NOTIC: [2] Cannot modify header information - headers already sent by (output started at D:\web\itshop\ThinkPHP\Common\functions.php:850) D:\web\itshop\ThinkPHP\Library\Think\View.class.php 第 92 行.
NOTIC: [2] Cannot modify header information - headers already sent by (output started at D:\web\itshop\ThinkPHP\Common\functions.php:850) D:\web\itshop\ThinkPHP\Library\Think\View.class.php 第 93 行.
INFO: [ app_end ] --START--
INFO: Run Behavior\ShowPageTraceBehavior [ RunTime:0.002425s ]
INFO: [ app_end ] --END-- [ RunTime:0.003772s ]

[ 2017-07-04T10:54:48+08:00 ] 127.0.0.1 /index.php/Admin/Index/left
SQL: SHOW COLUMNS FROM `sp_manager` [ RunTime:0.0137s ]
SQL: SELECT r.role_auth_ids FROM sp_manager m INNER JOIN sp_role as r on m.role_id=r.role_id  WHERE m.mg_id = '501' LIMIT 1   [ RunTime:0.0015s ]
SQL: SHOW COLUMNS FROM `sp_auth` [ RunTime:0.0134s ]
SQL: SELECT * FROM `sp_auth` WHERE `auth_level` = '0' AND `auth_id` IN ('102','107','108')  [ RunTime:0.0251s ]
SQL: SELECT * FROM `sp_auth` WHERE `auth_level` = '1' AND `auth_id` IN ('102','107','108')  [ RunTime:0.0008s ]
INFO: [ view_parse ] --START--
INFO: [ template_filter ] --START--
INFO: Run Behavior\ContentReplaceBehavior [ RunTime:0.000574s ]
INFO: [ template_filter ] --END-- [ RunTime:0.001873s ]
INFO: Run Behavior\ParseTemplateBehavior [ RunTime:0.024787s ]
INFO: [ view_parse ] --END-- [ RunTime:0.025775s ]
INFO: [ view_filter ] --START--
INFO: Run Behavior\WriteHtmlCacheBehavior [ RunTime:0.001296s ]
INFO: [ view_filter ] --END-- [ RunTime:0.002260s ]
INFO: [ app_end ] --START--
INFO: Run Behavior\ShowPageTraceBehavior [ RunTime:0.001111s ]
INFO: [ app_end ] --END-- [ RunTime:0.001747s ]

[ 2017-07-04T10:55:06+08:00 ] 127.0.0.1 /index.php/Admin/Index/left
SQL: SHOW COLUMNS FROM `sp_manager` [ RunTime:0.0118s ]
SQL: SELECT r.role_auth_ids FROM sp_manager m INNER JOIN sp_role as r on m.role_id=r.role_id  WHERE m.mg_id = '501' LIMIT 1   [ RunTime:0.0008s ]
SQL: SHOW COLUMNS FROM `sp_auth` [ RunTime:0.0139s ]
SQL: SELECT * FROM `sp_auth` WHERE `auth_level` = '0' AND `auth_id` IN ('102','107','108')  [ RunTime:0.0007s ]
SQL: SELECT * FROM `sp_auth` WHERE `auth_level` = '1' AND `auth_id` IN ('102','107','108')  [ RunTime:0.0008s ]
INFO: [ view_parse ] --START--
INFO: [ template_filter ] --START--
INFO: Run Behavior\ContentReplaceBehavior [ RunTime:0.000575s ]
INFO: [ template_filter ] --END-- [ RunTime:0.001606s ]
INFO: Run Behavior\ParseTemplateBehavior [ RunTime:0.026155s ]
INFO: [ view_parse ] --END-- [ RunTime:0.027462s ]
INFO: [ view_filter ] --START--
INFO: Run Behavior\WriteHtmlCacheBehavior [ RunTime:0.001329s ]
INFO: [ view_filter ] --END-- [ RunTime:0.002460s ]
INFO: [ app_end ] --START--
INFO: Run Behavior\ShowPageTraceBehavior [ RunTime:0.001225s ]
INFO: [ app_end ] --END-- [ RunTime:0.002090s ]

[ 2017-07-04T10:55:28+08:00 ] 127.0.0.1 /index.php/Admin/Index/left
SQL: SHOW COLUMNS FROM `sp_manager` [ RunTime:0.0138s ]
SQL: SELECT r.role_auth_ids FROM sp_manager m INNER JOIN sp_role as r on m.role_id=r.role_id  WHERE m.mg_id = '501' LIMIT 1   [ RunTime:0.0007s ]
SQL: SHOW COLUMNS FROM `sp_auth` [ RunTime:0.0123s ]
SQL: SELECT * FROM `sp_auth` WHERE `auth_level` = '0' AND `auth_id` IN ('102','107','108')  [ RunTime:0.0009s ]
SQL: SELECT * FROM `sp_auth` WHERE `auth_level` = '1' AND `auth_id` IN ('102','107','108')  [ RunTime:0.0009s ]
INFO: [ view_parse ] --START--
INFO: [ template_filter ] --START--
INFO: Run Behavior\ContentReplaceBehavior [ RunTime:0.000614s ]
INFO: [ template_filter ] --END-- [ RunTime:0.002673s ]
INFO: Run Behavior\ParseTemplateBehavior [ RunTime:0.028944s ]
INFO: [ view_parse ] --END-- [ RunTime:0.029878s ]
INFO: [ view_filter ] --START--
INFO: Run Behavior\WriteHtmlCacheBehavior [ RunTime:0.001180s ]
INFO: [ view_filter ] --END-- [ RunTime:0.002219s ]
INFO: [ app_end ] --START--
INFO: Run Behavior\ShowPageTraceBehavior [ RunTime:0.001464s ]
INFO: [ app_end ] --END-- [ RunTime:0.002393s ]

[ 2017-07-04T10:57:56+08:00 ] 127.0.0.1 /index.php/Admin/Index/index.html
INFO: [ view_parse ] --START--
INFO: [ template_filter ] --START--
INFO: Run Behavior\ContentReplaceBehavior [ RunTime:0.000445s ]
INFO: [ template_filter ] --END-- [ RunTime:0.001253s ]
INFO: Run Behavior\ParseTemplateBehavior [ RunTime:0.032012s ]
INFO: [ view_parse ] --END-- [ RunTime:0.034316s ]
INFO: [ view_filter ] --START--
INFO: Run Behavior\WriteHtmlCacheBehavior [ RunTime:0.001831s ]
INFO: [ view_filter ] --END-- [ RunTime:0.003072s ]
INFO: [ app_end ] --START--
INFO: Run Behavior\ShowPageTraceBehavior [ RunTime:0.002466s ]
INFO: [ app_end ] --END-- [ RunTime:0.003821s ]

[ 2017-07-04T10:57:57+08:00 ] 127.0.0.1 /index.php/Admin/Index/top.html
INFO: [ view_parse ] --START--
INFO: [ template_filter ] --START--
INFO: Run Behavior\ContentReplaceBehavior [ RunTime:0.000375s ]
INFO: [ template_filter ] --END-- [ RunTime:0.001084s ]
INFO: Run Behavior\ParseTemplateBehavior [ RunTime:0.022783s ]
INFO: [ view_parse ] --END-- [ RunTime:0.024579s ]
INFO: [ view_filter ] --START--
INFO: Run Behavior\WriteHtmlCacheBehavior [ RunTime:0.003154s ]
INFO: [ view_filter ] --END-- [ RunTime:0.004175s ]
INFO: [ app_end ] --START--
INFO: Run Behavior\ShowPageTraceBehavior [ RunTime:0.001613s ]
INFO: [ app_end ] --END-- [ RunTime:0.002701s ]

[ 2017-07-04T10:57:58+08:00 ] 127.0.0.1 /index.php/Admin/Index/center.html
INFO: [ view_parse ] --START--
INFO: [ template_filter ] --START--
INFO: Run Behavior\ContentReplaceBehavior [ RunTime:0.000331s ]
INFO: [ template_filter ] --END-- [ RunTime:0.001177s ]
INFO: Run Behavior\ParseTemplateBehavior [ RunTime:0.016764s ]
INFO: [ view_parse ] --END-- [ RunTime:0.017926s ]
INFO: [ view_filter ] --START--
INFO: Run Behavior\WriteHtmlCacheBehavior [ RunTime:0.000842s ]
INFO: [ view_filter ] --END-- [ RunTime:0.001473s ]
INFO: [ app_end ] --START--
INFO: Run Behavior\ShowPageTraceBehavior [ RunTime:0.001132s ]
INFO: [ app_end ] --END-- [ RunTime:0.001937s ]

[ 2017-07-04T10:57:58+08:00 ] 127.0.0.1 /index.php/Admin/Index/down.html
INFO: [ view_parse ] --START--
INFO: [ template_filter ] --START--
INFO: Run Behavior\ContentReplaceBehavior [ RunTime:0.001818s ]
INFO: [ template_filter ] --END-- [ RunTime:0.003016s ]
INFO: Run Behavior\ParseTemplateBehavior [ RunTime:0.038817s ]
INFO: [ view_parse ] --END-- [ RunTime:0.041029s ]
INFO: [ view_filter ] --START--
INFO: Run Behavior\WriteHtmlCacheBehavior [ RunTime:0.001629s ]
INFO: [ view_filter ] --END-- [ RunTime:0.002774s ]
INFO: [ app_end ] --START--
INFO: Run Behavior\ShowPageTraceBehavior [ RunTime:0.002689s ]
INFO: [ app_end ] --END-- [ RunTime:0.003660s ]

[ 2017-07-04T10:57:58+08:00 ] 127.0.0.1 /index.php/Admin/Index/left.html
SQL: SHOW COLUMNS FROM `sp_manager` [ RunTime:0.0139s ]
SQL: SELECT r.role_auth_ids FROM sp_manager m INNER JOIN sp_role as r on m.role_id=r.role_id  WHERE m.mg_id = '501' LIMIT 1   [ RunTime:0.0009s ]
SQL: SHOW COLUMNS FROM `sp_auth` [ RunTime:0.0143s ]
SQL: SELECT * FROM `sp_auth` WHERE `auth_level` = '0' AND `auth_id` IN ('102','107','108')  [ RunTime:0.0008s ]
SQL: SELECT * FROM `sp_auth` WHERE `auth_level` = '1' AND `auth_id` IN ('102','107','108')  [ RunTime:0.0006s ]
INFO: [ view_parse ] --START--
INFO: [ template_filter ] --START--
INFO: Run Behavior\ContentReplaceBehavior [ RunTime:0.000654s ]
INFO: [ template_filter ] --END-- [ RunTime:0.001929s ]
INFO: Run Behavior\ParseTemplateBehavior [ RunTime:0.026053s ]
INFO: [ view_parse ] --END-- [ RunTime:0.027301s ]
INFO: [ view_filter ] --START--
INFO: Run Behavior\WriteHtmlCacheBehavior [ RunTime:0.001351s ]
INFO: [ view_filter ] --END-- [ RunTime:0.002557s ]
INFO: [ app_end ] --START--
INFO: Run Behavior\ShowPageTraceBehavior [ RunTime:0.001841s ]
INFO: [ app_end ] --END-- [ RunTime:0.002850s ]

[ 2017-07-04T10:58:02+08:00 ] 127.0.0.1 /index.php/Admin/Index/Articles.php
ERR: 非法操作:Articles.php

[ 2017-07-04T11:05:32+08:00 ] 127.0.0.1 /index.php/Admin/Index/index.html
INFO: [ view_parse ] --START--
INFO: [ template_filter ] --START--
INFO: Run Behavior\ContentReplaceBehavior [ RunTime:0.000341s ]
INFO: [ template_filter ] --END-- [ RunTime:0.001202s ]
INFO: Run Behavior\ParseTemplateBehavior [ RunTime:0.021898s ]
INFO: [ view_parse ] --END-- [ RunTime:0.023552s ]
INFO: [ view_filter ] --START--
INFO: Run Behavior\WriteHtmlCacheBehavior [ RunTime:0.001035s ]
INFO: [ view_filter ] --END-- [ RunTime:0.001719s ]
INFO: [ app_end ] --START--
INFO: Run Behavior\ShowPageTraceBehavior [ RunTime:0.002557s ]
INFO: [ app_end ] --END-- [ RunTime:0.003355s ]

[ 2017-07-04T11:05:33+08:00 ] 127.0.0.1 /index.php/Admin/Index/top.html
INFO: [ view_parse ] --START--
INFO: [ template_filter ] --START--
INFO: Run Behavior\ContentReplaceBehavior [ RunTime:0.000574s ]
INFO: [ template_filter ] --END-- [ RunTime:0.001627s ]
INFO: Run Behavior\ParseTemplateBehavior [ RunTime:0.029834s ]
INFO: [ view_parse ] --END-- [ RunTime:0.031274s ]
INFO: [ view_filter ] --START--
INFO: Run Behavior\WriteHtmlCacheBehavior [ RunTime:0.001198s ]
INFO: [ view_filter ] --END-- [ RunTime:0.002450s ]
INFO: [ app_end ] --START--
INFO: Run Behavior\ShowPageTraceBehavior [ RunTime:0.001920s ]
INFO: [ app_end ] --END-- [ RunTime:0.004419s ]

[ 2017-07-04T11:05:34+08:00 ] 127.0.0.1 /index.php/Admin/Index/center.html
INFO: [ view_parse ] --START--
INFO: [ template_filter ] --START--
INFO: Run Behavior\ContentReplaceBehavior [ RunTime:0.000321s ]
INFO: [ template_filter ] --END-- [ RunTime:0.001071s ]
INFO: Run Behavior\ParseTemplateBehavior [ RunTime:0.020375s ]
INFO: [ view_parse ] --END-- [ RunTime:0.022033s ]
INFO: [ view_filter ] --START--
INFO: Run Behavior\WriteHtmlCacheBehavior [ RunTime:0.001109s ]
INFO: [ view_filter ] --END-- [ RunTime:0.002073s ]
INFO: [ app_end ] --START--
INFO: Run Behavior\ShowPageTraceBehavior [ RunTime:0.001197s ]
INFO: [ app_end ] --END-- [ RunTime:0.002019s ]

[ 2017-07-04T11:05:34+08:00 ] 127.0.0.1 /index.php/Admin/Index/down.html
INFO: [ view_parse ] --START--
INFO: [ template_filter ] --START--
INFO: Run Behavior\ContentReplaceBehavior [ RunTime:0.000599s ]
INFO: [ template_filter ] --END-- [ RunTime:0.002420s ]
INFO: Run Behavior\ParseTemplateBehavior [ RunTime:0.033726s ]
INFO: [ view_parse ] --END-- [ RunTime:0.035481s ]
INFO: [ view_filter ] --START--
INFO: Run Behavior\WriteHtmlCacheBehavior [ RunTime:0.001766s ]
INFO: [ view_filter ] --END-- [ RunTime:0.003232s ]
INFO: [ app_end ] --START--
INFO: Run Behavior\ShowPageTraceBehavior [ RunTime:0.001800s ]
INFO: [ app_end ] --END-- [ RunTime:0.003062s ]

[ 2017-07-04T11:05:34+08:00 ] 127.0.0.1 /index.php/Admin/Index/left.html
SQL: SHOW COLUMNS FROM `sp_manager` [ RunTime:0.0143s ]
SQL: SELECT r.role_auth_ids FROM sp_manager m INNER JOIN sp_role as r on m.role_id=r.role_id  WHERE m.mg_id = '501' LIMIT 1   [ RunTime:0.0013s ]
SQL: SHOW COLUMNS FROM `sp_auth` [ RunTime:0.0140s ]
SQL: SELECT * FROM `sp_auth` WHERE `auth_level` = '0' AND `auth_id` IN ('102','107','108')  [ RunTime:0.0009s ]
SQL: SELECT * FROM `sp_auth` WHERE `auth_level` = '1' AND `auth_id` IN ('102','107','108')  [ RunTime:0.0008s ]
INFO: [ view_parse ] --START--
INFO: [ template_filter ] --START--
INFO: Run Behavior\ContentReplaceBehavior [ RunTime:0.000409s ]
INFO: [ template_filter ] --END-- [ RunTime:0.001502s ]
INFO: Run Behavior\ParseTemplateBehavior [ RunTime:0.041369s ]
INFO: [ view_parse ] --END-- [ RunTime:0.043010s ]
INFO: [ view_filter ] --START--
INFO: Run Behavior\WriteHtmlCacheBehavior [ RunTime:0.001860s ]
INFO: [ view_filter ] --END-- [ RunTime:0.003176s ]
INFO: [ app_end ] --START--
INFO: Run Behavior\ShowPageTraceBehavior [ RunTime:0.001433s ]
INFO: [ app_end ] --END-- [ RunTime:0.002390s ]

[ 2017-07-04T11:05:59+08:00 ] 127.0.0.1 /index.php/Admin/Index/index.html
INFO: [ view_parse ] --START--
INFO: [ template_filter ] --START--
INFO: Run Behavior\ContentReplaceBehavior [ RunTime:0.000312s ]
INFO: [ template_filter ] --END-- [ RunTime:0.000957s ]
INFO: Run Behavior\ParseTemplateBehavior [ RunTime:0.023109s ]
INFO: [ view_parse ] --END-- [ RunTime:0.024394s ]
INFO: [ view_filter ] --START--
INFO: Run Behavior\WriteHtmlCacheBehavior [ RunTime:0.001108s ]
INFO: [ view_filter ] --END-- [ RunTime:0.001799s ]
INFO: [ app_end ] --START--
INFO: Run Behavior\ShowPageTraceBehavior [ RunTime:0.001093s ]
INFO: [ app_end ] --END-- [ RunTime:0.001803s ]

[ 2017-07-04T11:06:00+08:00 ] 127.0.0.1 /index.php/Admin/Index/top.html
INFO: [ view_parse ] --START--
INFO: [ template_filter ] --START--
INFO: Run Behavior\ContentReplaceBehavior [ RunTime:0.000689s ]
INFO: [ template_filter ] --END-- [ RunTime:0.002002s ]
INFO: Run Behavior\ParseTemplateBehavior [ RunTime:0.163987s ]
INFO: [ view_parse ] --END-- [ RunTime:0.284393s ]
INFO: [ view_filter ] --START--
INFO: Run Behavior\WriteHtmlCacheBehavior [ RunTime:0.002700s ]
INFO: [ view_filter ] --END-- [ RunTime:0.003911s ]
INFO: [ app_end ] --START--
INFO: Run Behavior\ShowPageTraceBehavior [ RunTime:0.001613s ]
INFO: [ app_end ] --END-- [ RunTime:0.002780s ]

[ 2017-07-04T11:06:00+08:00 ] 127.0.0.1 /index.php/Admin/Index/down.html
INFO: [ view_parse ] --START--
INFO: [ template_filter ] --START--
INFO: Run Behavior\ContentReplaceBehavior [ RunTime:0.000601s ]
INFO: [ template_filter ] --END-- [ RunTime:0.002670s ]
INFO: Run Behavior\ParseTemplateBehavior [ RunTime:0.024226s ]
INFO: [ view_parse ] --END-- [ RunTime:0.027184s ]
INFO: [ view_filter ] --START--
INFO: Run Behavior\WriteHtmlCacheBehavior [ RunTime:0.003940s ]
INFO: [ view_filter ] --END-- [ RunTime:0.010491s ]
INFO: [ app_end ] --START--
INFO: Run Behavior\ShowPageTraceBehavior [ RunTime:0.003631s ]
INFO: [ app_end ] --END-- [ RunTime:0.008521s ]

[ 2017-07-04T11:06:01+08:00 ] 127.0.0.1 /index.php/Admin/Index/center.html
INFO: [ view_parse ] --START--
INFO: [ template_filter ] --START--
INFO: Run Behavior\ContentReplaceBehavior [ RunTime:0.000622s ]
INFO: [ template_filter ] --END-- [ RunTime:0.001882s ]
INFO: Run Behavior\ParseTemplateBehavior [ RunTime:0.034400s ]
INFO: [ view_parse ] --END-- [ RunTime:0.036965s ]
INFO: [ view_filter ] --START--
INFO: Run Behavior\WriteHtmlCacheBehavior [ RunTime:0.001736s ]
INFO: [ view_filter ] --END-- [ RunTime:0.002949s ]
INFO: [ app_end ] --START--
INFO: Run Behavior\ShowPageTraceBehavior [ RunTime:0.002080s ]
INFO: [ app_end ] --END-- [ RunTime:0.003321s ]

[ 2017-07-04T11:06:02+08:00 ] 127.0.0.1 /index.php/Admin/Index/left.html
SQL: SHOW COLUMNS FROM `sp_auth` [ RunTime:0.0133s ]
SQL: SELECT * FROM `sp_auth` WHERE `auth_level` = '0'  [ RunTime:0.0009s ]
SQL: SELECT * FROM `sp_auth` WHERE `auth_level` = '1'  [ RunTime:0.0013s ]
INFO: [ view_parse ] --START--
INFO: [ template_filter ] --START--
INFO: Run Behavior\ContentReplaceBehavior [ RunTime:0.000740s ]
INFO: [ template_filter ] --END-- [ RunTime:0.001954s ]
INFO: Run Behavior\ParseTemplateBehavior [ RunTime:0.068718s ]
INFO: [ view_parse ] --END-- [ RunTime:0.069968s ]
INFO: [ view_filter ] --START--
INFO: Run Behavior\WriteHtmlCacheBehavior [ RunTime:0.001322s ]
INFO: [ view_filter ] --END-- [ RunTime:0.002567s ]
INFO: [ app_end ] --START--
INFO: Run Behavior\ShowPageTraceBehavior [ RunTime:0.001946s ]
INFO: [ app_end ] --END-- [ RunTime:0.004451s ]

[ 2017-07-04T11:07:32+08:00 ] 127.0.0.1 /index.php/Admin/Index/index.html
INFO: [ view_parse ] --START--
INFO: [ template_filter ] --START--
INFO: Run Behavior\ContentReplaceBehavior [ RunTime:0.000547s ]
INFO: [ template_filter ] --END-- [ RunTime:0.001786s ]
INFO: Run Behavior\ParseTemplateBehavior [ RunTime:0.029590s ]
INFO: [ view_parse ] --END-- [ RunTime:0.031794s ]
INFO: [ view_filter ] --START--
INFO: Run Behavior\WriteHtmlCacheBehavior [ RunTime:0.001017s ]
INFO: [ view_filter ] --END-- [ RunTime:0.001962s ]
INFO: [ app_end ] --START--
INFO: Run Behavior\ShowPageTraceBehavior [ RunTime:0.001154s ]
INFO: [ app_end ] --END-- [ RunTime:0.001845s ]

[ 2017-07-04T11:07:33+08:00 ] 127.0.0.1 /index.php/Admin/Index/center.html
INFO: [ view_parse ] --START--
INFO: [ template_filter ] --START--
INFO: Run Behavior\ContentReplaceBehavior [ RunTime:0.000380s ]
INFO: [ template_filter ] --END-- [ RunTime:0.001042s ]
INFO: Run Behavior\ParseTemplateBehavior [ RunTime:0.025382s ]
INFO: [ view_parse ] --END-- [ RunTime:0.027763s ]
INFO: [ view_filter ] --START--
INFO: Run Behavior\WriteHtmlCacheBehavior [ RunTime:0.003253s ]
INFO: [ view_filter ] --END-- [ RunTime:0.004514s ]
INFO: [ app_end ] --START--
INFO: Run Behavior\ShowPageTraceBehavior [ RunTime:0.002318s ]
INFO: [ app_end ] --END-- [ RunTime:0.003625s ]

[ 2017-07-04T11:07:33+08:00 ] 127.0.0.1 /index.php/Admin/Index/top.html
INFO: [ view_parse ] --START--
INFO: [ template_filter ] --START--
INFO: Run Behavior\ContentReplaceBehavior [ RunTime:0.000649s ]
INFO: [ template_filter ] --END-- [ RunTime:0.001845s ]
INFO: Run Behavior\ParseTemplateBehavior [ RunTime:0.038997s ]
INFO: [ view_parse ] --END-- [ RunTime:0.041636s ]
INFO: [ view_filter ] --START--
INFO: Run Behavior\WriteHtmlCacheBehavior [ RunTime:0.001604s ]
INFO: [ view_filter ] --END-- [ RunTime:0.002932s ]
INFO: [ app_end ] --START--
INFO: Run Behavior\ShowPageTraceBehavior [ RunTime:0.001700s ]
INFO: [ app_end ] --END-- [ RunTime:0.002889s ]

[ 2017-07-04T11:07:34+08:00 ] 127.0.0.1 /index.php/Admin/Index/left.html
SQL: SHOW COLUMNS FROM `sp_auth` [ RunTime:0.1546s ]
SQL: SELECT * FROM `sp_auth` WHERE `auth_level` = '0'  [ RunTime:0.0010s ]
SQL: SELECT * FROM `sp_auth` WHERE `auth_level` = '1'  [ RunTime:0.0009s ]
INFO: [ view_parse ] --START--
INFO: [ template_filter ] --START--
INFO: Run Behavior\ContentReplaceBehavior [ RunTime:0.000523s ]
INFO: [ template_filter ] --END-- [ RunTime:0.001659s ]
NOTIC: [8] Use of undefined constant auth_c - assumed 'auth_c' D:\web\itshop\Application\Runtime\Cache\Admin\6778f0baf40e879d2b8c18d2052abd0c.php 第 75 行.
ERR: Unsupported operand types

[ 2017-07-04T11:07:34+08:00 ] 127.0.0.1 /index.php/Admin/Index/down.html
INFO: [ view_parse ] --START--
INFO: [ template_filter ] --START--
INFO: Run Behavior\ContentReplaceBehavior [ RunTime:0.000470s ]
INFO: [ template_filter ] --END-- [ RunTime:0.001873s ]
INFO: Run Behavior\ParseTemplateBehavior [ RunTime:0.029735s ]
INFO: [ view_parse ] --END-- [ RunTime:0.032678s ]
INFO: [ view_filter ] --START--
INFO: Run Behavior\WriteHtmlCacheBehavior [ RunTime:0.001506s ]
INFO: [ view_filter ] --END-- [ RunTime:0.002445s ]
INFO: [ app_end ] --START--
INFO: Run Behavior\ShowPageTraceBehavior [ RunTime:0.001826s ]
INFO: [ app_end ] --END-- [ RunTime:0.002847s ]

[ 2017-07-04T11:07:39+08:00 ] 127.0.0.1 /index.php/Admin/Index/%3C!DOCTYPE%20html%20PUBLIC
ERR: 非法操作:

[ 2017-07-04T11:07:58+08:00 ] 127.0.0.1 /index.php/Admin/Index/%3C!DOCTYPE%20html%20PUBLIC
ERR: 非法操作:

[ 2017-07-04T11:08:02+08:00 ] 127.0.0.1 /index.php/Admin/Index/index.html
INFO: [ view_parse ] --START--
INFO: [ template_filter ] --START--
INFO: Run Behavior\ContentReplaceBehavior [ RunTime:0.000534s ]
INFO: [ template_filter ] --END-- [ RunTime:0.001424s ]
INFO: Run Behavior\ParseTemplateBehavior [ RunTime:0.031353s ]
INFO: [ view_parse ] --END-- [ RunTime:0.033713s ]
INFO: [ view_filter ] --START--
INFO: Run Behavior\WriteHtmlCacheBehavior [ RunTime:0.001493s ]
INFO: [ view_filter ] --END-- [ RunTime:0.002295s ]
INFO: [ app_end ] --START--
INFO: Run Behavior\ShowPageTraceBehavior [ RunTime:0.001184s ]
INFO: [ app_end ] --END-- [ RunTime:0.001872s ]

[ 2017-07-04T11:08:03+08:00 ] 127.0.0.1 /index.php/Admin/Index/top.html
INFO: [ view_parse ] --START--
INFO: [ template_filter ] --START--
INFO: Run Behavior\ContentReplaceBehavior [ RunTime:0.000364s ]
INFO: [ template_filter ] --END-- [ RunTime:0.001029s ]
INFO: Run Behavior\ParseTemplateBehavior [ RunTime:0.058492s ]
INFO: [ view_parse ] --END-- [ RunTime:0.062615s ]
INFO: [ view_filter ] --START--
INFO: Run Behavior\WriteHtmlCacheBehavior [ RunTime:0.003188s ]
INFO: [ view_filter ] --END-- [ RunTime:0.005032s ]
INFO: [ app_end ] --START--
INFO: Run Behavior\ShowPageTraceBehavior [ RunTime:0.007519s ]
INFO: [ app_end ] --END-- [ RunTime:0.009218s ]

[ 2017-07-04T11:08:04+08:00 ] 127.0.0.1 /index.php/Admin/Index/center.html
INFO: [ view_parse ] --START--
INFO: [ template_filter ] --START--
INFO: Run Behavior\ContentReplaceBehavior [ RunTime:0.000664s ]
INFO: [ template_filter ] --END-- [ RunTime:0.002149s ]
INFO: Run Behavior\ParseTemplateBehavior [ RunTime:0.029396s ]
INFO: [ view_parse ] --END-- [ RunTime:0.033098s ]
INFO: [ view_filter ] --START--
INFO: Run Behavior\WriteHtmlCacheBehavior [ RunTime:0.000878s ]
INFO: [ view_filter ] --END-- [ RunTime:0.001559s ]
INFO: [ app_end ] --START--
INFO: Run Behavior\ShowPageTraceBehavior [ RunTime:0.001396s ]
INFO: [ app_end ] --END-- [ RunTime:0.002061s ]

[ 2017-07-04T11:08:04+08:00 ] 127.0.0.1 /index.php/Admin/Index/down.html
INFO: [ view_parse ] --START--
INFO: [ template_filter ] --START--
INFO: Run Behavior\ContentReplaceBehavior [ RunTime:0.000573s ]
INFO: [ template_filter ] --END-- [ RunTime:0.002187s ]
INFO: Run Behavior\ParseTemplateBehavior [ RunTime:0.025851s ]
INFO: [ view_parse ] --END-- [ RunTime:0.028605s ]
INFO: [ view_filter ] --START--
INFO: Run Behavior\WriteHtmlCacheBehavior [ RunTime:0.019530s ]
INFO: [ view_filter ] --END-- [ RunTime:0.021055s ]
INFO: [ app_end ] --START--
INFO: Run Behavior\ShowPageTraceBehavior [ RunTime:0.010382s ]
INFO: [ app_end ] --END-- [ RunTime:0.016752s ]

[ 2017-07-04T11:08:05+08:00 ] 127.0.0.1 /index.php/Admin/Index/left.html
SQL: SHOW COLUMNS FROM `sp_auth` [ RunTime:0.0116s ]
SQL: SELECT * FROM `sp_auth` WHERE `auth_level` = '0'  [ RunTime:0.0006s ]
SQL: SELECT * FROM `sp_auth` WHERE `auth_level` = '1'  [ RunTime:0.0008s ]
INFO: [ view_parse ] --START--
INFO: [ template_filter ] --START--
INFO: Run Behavior\ContentReplaceBehavior [ RunTime:0.000315s ]
INFO: [ template_filter ] --END-- [ RunTime:0.000984s ]
INFO: Run Behavior\ParseTemplateBehavior [ RunTime:0.050941s ]
INFO: [ view_parse ] --END-- [ RunTime:0.052369s ]
INFO: [ view_filter ] --START--
INFO: Run Behavior\WriteHtmlCacheBehavior [ RunTime:0.001608s ]
INFO: [ view_filter ] --END-- [ RunTime:0.002746s ]
INFO: [ app_end ] --START--
INFO: Run Behavior\ShowPageTraceBehavior [ RunTime:0.002760s ]
INFO: [ app_end ] --END-- [ RunTime:0.004035s ]

[ 2017-07-04T11:08:08+08:00 ] 127.0.0.1 /index.php/Admin/$vv.auth_c/$vv.auth_a.html
ERR: 无法加载控制器:$vv.auth_c

[ 2017-07-04T11:08:53+08:00 ] 127.0.0.1 /index.php/Admin/Index/index.html
INFO: [ view_parse ] --START--
INFO: [ template_filter ] --START--
INFO: Run Behavior\ContentReplaceBehavior [ RunTime:0.000410s ]
INFO: [ template_filter ] --END-- [ RunTime:0.001259s ]
INFO: Run Behavior\ParseTemplateBehavior [ RunTime:0.032054s ]
INFO: [ view_parse ] --END-- [ RunTime:0.033985s ]
INFO: [ view_filter ] --START--
INFO: Run Behavior\WriteHtmlCacheBehavior [ RunTime:0.000878s ]
INFO: [ view_filter ] --END-- [ RunTime:0.001513s ]
INFO: [ app_end ] --START--
INFO: Run Behavior\ShowPageTraceBehavior [ RunTime:0.001314s ]
INFO: [ app_end ] --END-- [ RunTime:0.001977s ]

[ 2017-07-04T11:08:54+08:00 ] 127.0.0.1 /index.php/Admin/Index/top.html
INFO: [ view_parse ] --START--
INFO: [ template_filter ] --START--
INFO: Run Behavior\ContentReplaceBehavior [ RunTime:0.000722s ]
INFO: [ template_filter ] --END-- [ RunTime:0.001895s ]
INFO: Run Behavior\ParseTemplateBehavior [ RunTime:0.041667s ]
INFO: [ view_parse ] --END-- [ RunTime:0.043937s ]
INFO: [ view_filter ] --START--
INFO: Run Behavior\WriteHtmlCacheBehavior [ RunTime:0.001369s ]
INFO: [ view_filter ] --END-- [ RunTime:0.002509s ]
INFO: [ app_end ] --START--
INFO: Run Behavior\ShowPageTraceBehavior [ RunTime:0.005557s ]
INFO: [ app_end ] --END-- [ RunTime:0.006873s ]

[ 2017-07-04T11:08:55+08:00 ] 127.0.0.1 /index.php/Admin/Index/center.html
INFO: [ view_parse ] --START--
INFO: [ template_filter ] --START--
INFO: Run Behavior\ContentReplaceBehavior [ RunTime:0.000635s ]
INFO: [ template_filter ] --END-- [ RunTime:0.001922s ]
INFO: Run Behavior\ParseTemplateBehavior [ RunTime:0.056384s ]
INFO: [ view_parse ] --END-- [ RunTime:0.064662s ]
INFO: [ view_filter ] --START--
INFO: Run Behavior\WriteHtmlCacheBehavior [ RunTime:0.006545s ]
INFO: [ view_filter ] --END-- [ RunTime:0.007957s ]
INFO: [ app_end ] --START--
INFO: Run Behavior\ShowPageTraceBehavior [ RunTime:0.001844s ]
INFO: [ app_end ] --END-- [ RunTime:0.003070s ]

[ 2017-07-04T11:08:55+08:00 ] 127.0.0.1 /index.php/Admin/Index/down.html
INFO: [ view_parse ] --START--
INFO: [ template_filter ] --START--
INFO: Run Behavior\ContentReplaceBehavior [ RunTime:0.000576s ]
INFO: [ template_filter ] --END-- [ RunTime:0.002311s ]
INFO: Run Behavior\ParseTemplateBehavior [ RunTime:0.026645s ]
INFO: [ view_parse ] --END-- [ RunTime:0.028683s ]
INFO: [ view_filter ] --START--
INFO: Run Behavior\WriteHtmlCacheBehavior [ RunTime:0.008058s ]
INFO: [ view_filter ] --END-- [ RunTime:0.010753s ]
INFO: [ app_end ] --START--
INFO: Run Behavior\ShowPageTraceBehavior [ RunTime:0.001966s ]
INFO: [ app_end ] --END-- [ RunTime:0.003276s ]

[ 2017-07-04T11:08:56+08:00 ] 127.0.0.1 /index.php/Admin/Index/left.html
SQL: SHOW COLUMNS FROM `sp_auth` [ RunTime:0.0130s ]
SQL: SELECT * FROM `sp_auth` WHERE `auth_level` = '0'  [ RunTime:0.0014s ]
SQL: SELECT * FROM `sp_auth` WHERE `auth_level` = '1'  [ RunTime:0.0010s ]
INFO: [ view_parse ] --START--
INFO: [ template_filter ] --START--
INFO: Run Behavior\ContentReplaceBehavior [ RunTime:0.000538s ]
INFO: [ template_filter ] --END-- [ RunTime:0.001556s ]
INFO: Run Behavior\ParseTemplateBehavior [ RunTime:0.060006s ]
INFO: [ view_parse ] --END-- [ RunTime:0.061438s ]
INFO: [ view_filter ] --START--
INFO: Run Behavior\WriteHtmlCacheBehavior [ RunTime:0.001200s ]
INFO: [ view_filter ] --END-- [ RunTime:0.003184s ]
INFO: [ app_end ] --START--
INFO: Run Behavior\ShowPageTraceBehavior [ RunTime:0.001870s ]
INFO: [ app_end ] --END-- [ RunTime:0.003144s ]

[ 2017-07-04T11:09:02+08:00 ] 127.0.0.1 /index.php/Admin/Category/showlist
ERR: 无法加载控制器:Category

[ 2017-07-04T11:11:14+08:00 ] 127.0.0.1 /index.php/Admin/Role/showlist
ERR: 无法加载控制器:Role

[ 2017-07-04T11:11:16+08:00 ] 127.0.0.1 /index.php/Admin/Manager/showlist
ERR: 非法操作:showlist

[ 2017-07-04T11:11:17+08:00 ] 127.0.0.1 /index.php/Admin/Auth/showlist
ERR: 无法加载控制器:Auth

[ 2017-07-04T11:11:19+08:00 ] 127.0.0.1 /index.php/Admin/Role/showlist
ERR: 无法加载控制器:Role

[ 2017-07-04T11:11:21+08:00 ] 127.0.0.1 /index.php/Admin/Manager/showlist
ERR: 非法操作:showlist

[ 2017-07-04T11:11:31+08:00 ] 127.0.0.1 /index.php/Admin/Manager/showlist
ERR: 非法操作:showlist

[ 2017-07-04T11:11:34+08:00 ] 127.0.0.1 /index.php/Admin/Role/showlist
ERR: 无法加载控制器:Role

[ 2017-07-04T13:54:12+08:00 ] 127.0.0.1 /index.php/admin/index
INFO: [ view_parse ] --START--
INFO: [ template_filter ] --START--
INFO: Run Behavior\ContentReplaceBehavior [ RunTime:0.000590s ]
INFO: [ template_filter ] --END-- [ RunTime:0.001506s ]
INFO: Run Behavior\ParseTemplateBehavior [ RunTime:0.024689s ]
INFO: [ view_parse ] --END-- [ RunTime:0.026676s ]
INFO: [ view_filter ] --START--
INFO: Run Behavior\WriteHtmlCacheBehavior [ RunTime:0.000963s ]
INFO: [ view_filter ] --END-- [ RunTime:0.001910s ]
INFO: [ app_end ] --START--
INFO: Run Behavior\ShowPageTraceBehavior [ RunTime:0.001045s ]
INFO: [ app_end ] --END-- [ RunTime:0.001800s ]

[ 2017-07-04T13:54:12+08:00 ] 127.0.0.1 /index.php/Admin/Index/top.html
INFO: [ view_parse ] --START--
INFO: [ template_filter ] --START--
INFO: Run Behavior\ContentReplaceBehavior [ RunTime:0.000637s ]
INFO: [ template_filter ] --END-- [ RunTime:0.002041s ]
INFO: Run Behavior\ParseTemplateBehavior [ RunTime:0.050344s ]
INFO: [ view_parse ] --END-- [ RunTime:0.052829s ]
INFO: [ view_filter ] --START--
INFO: Run Behavior\WriteHtmlCacheBehavior [ RunTime:0.001157s ]
INFO: [ view_filter ] --END-- [ RunTime:0.002279s ]
INFO: [ app_end ] --START--
INFO: Run Behavior\ShowPageTraceBehavior [ RunTime:0.001917s ]
INFO: [ app_end ] --END-- [ RunTime:0.003423s ]

[ 2017-07-04T13:54:13+08:00 ] 127.0.0.1 /index.php/Admin/Index/center.html
INFO: [ view_parse ] --START--
INFO: [ template_filter ] --START--
INFO: Run Behavior\ContentReplaceBehavior [ RunTime:0.000361s ]
INFO: [ template_filter ] --END-- [ RunTime:0.001142s ]
INFO: Run Behavior\ParseTemplateBehavior [ RunTime:0.019627s ]
INFO: [ view_parse ] --END-- [ RunTime:0.021413s ]
INFO: [ view_filter ] --START--
INFO: Run Behavior\WriteHtmlCacheBehavior [ RunTime:0.000824s ]
INFO: [ view_filter ] --END-- [ RunTime:0.001555s ]
INFO: [ app_end ] --START--
INFO: Run Behavior\ShowPageTraceBehavior [ RunTime:0.001027s ]
INFO: [ app_end ] --END-- [ RunTime:0.001766s ]

[ 2017-07-04T13:54:13+08:00 ] 127.0.0.1 /index.php/Admin/Index/down.html
INFO: [ view_parse ] --START--
INFO: [ template_filter ] --START--
INFO: Run Behavior\ContentReplaceBehavior [ RunTime:0.000408s ]
INFO: [ template_filter ] --END-- [ RunTime:0.001262s ]
INFO: Run Behavior\ParseTemplateBehavior [ RunTime:0.024955s ]
INFO: [ view_parse ] --END-- [ RunTime:0.026981s ]
INFO: [ view_filter ] --START--
INFO: Run Behavior\WriteHtmlCacheBehavior [ RunTime:0.000966s ]
INFO: [ view_filter ] --END-- [ RunTime:0.001743s ]
INFO: [ app_end ] --START--
INFO: Run Behavior\ShowPageTraceBehavior [ RunTime:0.001202s ]
INFO: [ app_end ] --END-- [ RunTime:0.001987s ]

[ 2017-07-04T13:54:14+08:00 ] 127.0.0.1 /index.php/Admin/Index/left.html
SQL: SHOW COLUMNS FROM `sp_manager` [ RunTime:0.0371s ]
SQL: SELECT r.role_auth_ids FROM sp_manager m INNER JOIN sp_role as r on m.role_id=r.role_id  WHERE m.mg_id = null LIMIT 1   [ RunTime:0.0244s ]
SQL: SHOW COLUMNS FROM `sp_auth` [ RunTime:0.0229s ]
SQL: SELECT * FROM `sp_auth` WHERE `auth_level` = '0'  [ RunTime:0.0008s ]
SQL: SELECT * FROM `sp_auth` WHERE `auth_level` = '1'  [ RunTime:0.0008s ]
INFO: [ view_parse ] --START--
INFO: [ template_filter ] --START--
INFO: Run Behavior\ContentReplaceBehavior [ RunTime:0.000381s ]
INFO: [ template_filter ] --END-- [ RunTime:0.001152s ]
INFO: Run Behavior\ParseTemplateBehavior [ RunTime:0.039377s ]
INFO: [ view_parse ] --END-- [ RunTime:0.040162s ]
INFO: [ view_filter ] --START--
INFO: Run Behavior\WriteHtmlCacheBehavior [ RunTime:0.000892s ]
INFO: [ view_filter ] --END-- [ RunTime:0.001633s ]
INFO: [ app_end ] --START--
INFO: Run Behavior\ShowPageTraceBehavior [ RunTime:0.001136s ]
INFO: [ app_end ] --END-- [ RunTime:0.001897s ]

[ 2017-07-04T14:16:50+08:00 ] 127.0.0.1 /index.php/Admin/Manager/showlist
ERR: 非法操作:showlist

[ 2017-07-04T14:19:46+08:00 ] 127.0.0.1 /index.php/Admin/Auth/showlist
ERR: 无法加载控制器:Auth

[ 2017-07-04T14:27:33+08:00 ] 127.0.0.1 /index.php/Admin/Role/tianjia.html
ERR: 非法操作:tianjia

[ 2017-07-04T14:59:57+08:00 ] 127.0.0.1 /index.php/Admin/Manager/showlist
ERR: 非法操作:showlist

[ 2017-07-04T15:02:10+08:00 ] 127.0.0.1 /index.php/admin
INFO: [ view_parse ] --START--
INFO: [ template_filter ] --START--
INFO: Run Behavior\ContentReplaceBehavior [ RunTime:0.000578s ]
INFO: [ template_filter ] --END-- [ RunTime:0.001886s ]
INFO: Run Behavior\ParseTemplateBehavior [ RunTime:0.017821s ]
INFO: [ view_parse ] --END-- [ RunTime:0.019041s ]
INFO: [ view_filter ] --START--
INFO: Run Behavior\WriteHtmlCacheBehavior [ RunTime:0.000824s ]
INFO: [ view_filter ] --END-- [ RunTime:0.001447s ]
INFO: [ app_end ] --START--
INFO: Run Behavior\ShowPageTraceBehavior [ RunTime:0.001022s ]
INFO: [ app_end ] --END-- [ RunTime:0.001650s ]

[ 2017-07-04T15:02:11+08:00 ] 127.0.0.1 /index.php/Admin/Index/top.html
INFO: [ view_parse ] --START--
INFO: [ template_filter ] --START--
INFO: Run Behavior\ContentReplaceBehavior [ RunTime:0.000325s ]
INFO: [ template_filter ] --END-- [ RunTime:0.001010s ]
INFO: Run Behavior\ParseTemplateBehavior [ RunTime:0.024365s ]
INFO: [ view_parse ] --END-- [ RunTime:0.025979s ]
INFO: [ view_filter ] --START--
INFO: Run Behavior\WriteHtmlCacheBehavior [ RunTime:0.000959s ]
INFO: [ view_filter ] --END-- [ RunTime:0.001766s ]
INFO: [ app_end ] --START--
INFO: Run Behavior\ShowPageTraceBehavior [ RunTime:0.001574s ]
INFO: [ app_end ] --END-- [ RunTime:0.002516s ]

[ 2017-07-04T15:02:12+08:00 ] 127.0.0.1 /index.php/Admin/Index/center.html
INFO: [ view_parse ] --START--
INFO: [ template_filter ] --START--
INFO: Run Behavior\ContentReplaceBehavior [ RunTime:0.000332s ]
INFO: [ template_filter ] --END-- [ RunTime:0.000983s ]
INFO: Run Behavior\ParseTemplateBehavior [ RunTime:0.015714s ]
INFO: [ view_parse ] --END-- [ RunTime:0.017065s ]
INFO: [ view_filter ] --START--
INFO: Run Behavior\WriteHtmlCacheBehavior [ RunTime:0.000772s ]
INFO: [ view_filter ] --END-- [ RunTime:0.001408s ]
INFO: [ app_end ] --START--
INFO: Run Behavior\ShowPageTraceBehavior [ RunTime:0.001052s ]
INFO: [ app_end ] --END-- [ RunTime:0.001695s ]

[ 2017-07-04T15:02:12+08:00 ] 127.0.0.1 /index.php/Admin/Index/down.html
INFO: [ view_parse ] --START--
INFO: [ template_filter ] --START--
INFO: Run Behavior\ContentReplaceBehavior [ RunTime:0.000667s ]
INFO: [ template_filter ] --END-- [ RunTime:0.001826s ]
INFO: Run Behavior\ParseTemplateBehavior [ RunTime:0.038478s ]
INFO: [ view_parse ] --END-- [ RunTime:0.040201s ]
INFO: [ view_filter ] --START--
INFO: Run Behavior\WriteHtmlCacheBehavior [ RunTime:0.001467s ]
INFO: [ view_filter ] --END-- [ RunTime:0.002281s ]
INFO: [ app_end ] --START--
INFO: Run Behavior\ShowPageTraceBehavior [ RunTime:0.001854s ]
INFO: [ app_end ] --END-- [ RunTime:0.002939s ]

[ 2017-07-04T15:02:12+08:00 ] 127.0.0.1 /index.php/Admin/Index/left.html
SQL: SHOW COLUMNS FROM `sp_manager` [ RunTime:0.0119s ]
SQL: SELECT r.role_auth_ids FROM sp_manager m INNER JOIN sp_role as r on m.role_id=r.role_id  WHERE m.mg_id = null LIMIT 1   [ RunTime:0.0006s ]
SQL: SHOW COLUMNS FROM `sp_auth` [ RunTime:0.0116s ]
SQL: SELECT * FROM `sp_auth` WHERE `auth_level` = '0'  [ RunTime:0.0008s ]
SQL: SELECT * FROM `sp_auth` WHERE `auth_level` = '1'  [ RunTime:0.0011s ]
INFO: [ view_parse ] --START--
INFO: [ template_filter ] --START--
INFO: Run Behavior\ContentReplaceBehavior [ RunTime:0.000332s ]
INFO: [ template_filter ] --END-- [ RunTime:0.001024s ]
INFO: Run Behavior\ParseTemplateBehavior [ RunTime:0.039667s ]
INFO: [ view_parse ] --END-- [ RunTime:0.040430s ]
INFO: [ view_filter ] --START--
INFO: Run Behavior\WriteHtmlCacheBehavior [ RunTime:0.001587s ]
INFO: [ view_filter ] --END-- [ RunTime:0.002863s ]
INFO: [ app_end ] --START--
INFO: Run Behavior\ShowPageTraceBehavior [ RunTime:0.001867s ]
INFO: [ app_end ] --END-- [ RunTime:0.003166s ]

[ 2017-07-04T15:02:35+08:00 ] 127.0.0.1 /index.php/Admin/Index/index.html
INFO: [ view_parse ] --START--
INFO: [ template_filter ] --START--
INFO: Run Behavior\ContentReplaceBehavior [ RunTime:0.000333s ]
INFO: [ template_filter ] --END-- [ RunTime:0.000980s ]
INFO: Run Behavior\ParseTemplateBehavior [ RunTime:0.018658s ]
INFO: [ view_parse ] --END-- [ RunTime:0.019884s ]
INFO: [ view_filter ] --START--
INFO: Run Behavior\WriteHtmlCacheBehavior [ RunTime:0.001103s ]
INFO: [ view_filter ] --END-- [ RunTime:0.002111s ]
INFO: [ app_end ] --START--
INFO: Run Behavior\ShowPageTraceBehavior [ RunTime:0.001375s ]
INFO: [ app_end ] --END-- [ RunTime:0.002716s ]

[ 2017-07-04T15:02:35+08:00 ] 127.0.0.1 /index.php/Admin/Index/top.html
INFO: [ view_parse ] --START--
INFO: [ template_filter ] --START--
INFO: Run Behavior\ContentReplaceBehavior [ RunTime:0.000847s ]
INFO: [ template_filter ] --END-- [ RunTime:0.004352s ]
INFO: Run Behavior\ParseTemplateBehavior [ RunTime:0.043860s ]
INFO: [ view_parse ] --END-- [ RunTime:0.046021s ]
INFO: [ view_filter ] --START--
INFO: Run Behavior\WriteHtmlCacheBehavior [ RunTime:0.001353s ]
INFO: [ view_filter ] --END-- [ RunTime:0.002962s ]
INFO: [ app_end ] --START--
INFO: Run Behavior\ShowPageTraceBehavior [ RunTime:0.001682s ]
INFO: [ app_end ] --END-- [ RunTime:0.002813s ]

[ 2017-07-04T15:02:35+08:00 ] 127.0.0.1 /index.php/Admin/Index/down.html
INFO: [ view_parse ] --START--
INFO: [ template_filter ] --START--
INFO: Run Behavior\ContentReplaceBehavior [ RunTime:0.000638s ]
INFO: [ template_filter ] --END-- [ RunTime:0.002231s ]
INFO: Run Behavior\ParseTemplateBehavior [ RunTime:0.024952s ]
INFO: [ view_parse ] --END-- [ RunTime:0.027534s ]
INFO: [ view_filter ] --START--
INFO: Run Behavior\WriteHtmlCacheBehavior [ RunTime:0.001328s ]
INFO: [ view_filter ] --END-- [ RunTime:0.002503s ]
INFO: [ app_end ] --START--
INFO: Run Behavior\ShowPageTraceBehavior [ RunTime:0.003316s ]
INFO: [ app_end ] --END-- [ RunTime:0.029451s ]

[ 2017-07-04T15:02:36+08:00 ] 127.0.0.1 /index.php/Admin/Index/center.html
INFO: [ view_parse ] --START--
INFO: [ template_filter ] --START--
INFO: Run Behavior\ContentReplaceBehavior [ RunTime:0.000605s ]
INFO: [ template_filter ] --END-- [ RunTime:0.001914s ]
INFO: Run Behavior\ParseTemplateBehavior [ RunTime:0.021237s ]
INFO: [ view_parse ] --END-- [ RunTime:0.022698s ]
INFO: [ view_filter ] --START--
INFO: Run Behavior\WriteHtmlCacheBehavior [ RunTime:0.000903s ]
INFO: [ view_filter ] --END-- [ RunTime:0.001685s ]
INFO: [ app_end ] --START--
INFO: Run Behavior\ShowPageTraceBehavior [ RunTime:0.001139s ]
INFO: [ app_end ] --END-- [ RunTime:0.001793s ]

[ 2017-07-04T15:02:37+08:00 ] 127.0.0.1 /index.php/Admin/Index/left.html
SQL: SHOW COLUMNS FROM `sp_auth` [ RunTime:0.0113s ]
SQL: SELECT * FROM `sp_auth` WHERE `auth_level` = '0'  [ RunTime:0.0008s ]
SQL: SELECT * FROM `sp_auth` WHERE `auth_level` = '1'  [ RunTime:0.0009s ]
INFO: [ view_parse ] --START--
INFO: [ template_filter ] --START--
INFO: Run Behavior\ContentReplaceBehavior [ RunTime:0.000628s ]
INFO: [ template_filter ] --END-- [ RunTime:0.001723s ]
INFO: Run Behavior\ParseTemplateBehavior [ RunTime:0.042254s ]
INFO: [ view_parse ] --END-- [ RunTime:0.043304s ]
INFO: [ view_filter ] --START--
INFO: Run Behavior\WriteHtmlCacheBehavior [ RunTime:0.001257s ]
INFO: [ view_filter ] --END-- [ RunTime:0.002252s ]
INFO: [ app_end ] --START--
INFO: Run Behavior\ShowPageTraceBehavior [ RunTime:0.001587s ]
INFO: [ app_end ] --END-- [ RunTime:0.002608s ]

[ 2017-07-04T15:11:13+08:00 ] 127.0.0.1 /index.php/Admin/Manager/showlist
ERR: 非法操作:showlist

[ 2017-07-04T15:20:56+08:00 ] 127.0.0.1 /index.php/Admin/Index/index.html
INFO: [ view_parse ] --START--
INFO: [ template_filter ] --START--
INFO: Run Behavior\ContentReplaceBehavior [ RunTime:0.000842s ]
INFO: [ template_filter ] --END-- [ RunTime:0.002074s ]
INFO: Run Behavior\ParseTemplateBehavior [ RunTime:0.019717s ]
INFO: [ view_parse ] --END-- [ RunTime:0.021035s ]
INFO: [ view_filter ] --START--
INFO: Run Behavior\WriteHtmlCacheBehavior [ RunTime:0.000908s ]
INFO: [ view_filter ] --END-- [ RunTime:0.001541s ]
INFO: [ app_end ] --START--
INFO: Run Behavior\ShowPageTraceBehavior [ RunTime:0.001321s ]
INFO: [ app_end ] --END-- [ RunTime:0.002107s ]

[ 2017-07-04T15:20:56+08:00 ] 127.0.0.1 /index.php/Admin/Index/top.html
INFO: [ view_parse ] --START--
INFO: [ template_filter ] --START--
INFO: Run Behavior\ContentReplaceBehavior [ RunTime:0.000352s ]
INFO: [ template_filter ] --END-- [ RunTime:0.001079s ]
INFO: Run Behavior\ParseTemplateBehavior [ RunTime:0.023317s ]
INFO: [ view_parse ] --END-- [ RunTime:0.024794s ]
INFO: [ view_filter ] --START--
INFO: Run Behavior\WriteHtmlCacheBehavior [ RunTime:0.000895s ]
INFO: [ view_filter ] --END-- [ RunTime:0.001560s ]
INFO: [ app_end ] --START--
INFO: Run Behavior\ShowPageTraceBehavior [ RunTime:0.001565s ]
INFO: [ app_end ] --END-- [ RunTime:0.002520s ]

[ 2017-07-04T15:20:57+08:00 ] 127.0.0.1 /index.php/Admin/Index/center.html
INFO: [ view_parse ] --START--
INFO: [ template_filter ] --START--
INFO: Run Behavior\ContentReplaceBehavior [ RunTime:0.000320s ]
INFO: [ template_filter ] --END-- [ RunTime:0.001004s ]
INFO: Run Behavior\ParseTemplateBehavior [ RunTime:0.020522s ]
INFO: [ view_parse ] --END-- [ RunTime:0.022467s ]
INFO: [ view_filter ] --START--
INFO: Run Behavior\WriteHtmlCacheBehavior [ RunTime:0.001072s ]
INFO: [ view_filter ] --END-- [ RunTime:0.001959s ]
INFO: [ app_end ] --START--
INFO: Run Behavior\ShowPageTraceBehavior [ RunTime:0.001282s ]
INFO: [ app_end ] --END-- [ RunTime:0.002223s ]

[ 2017-07-04T15:20:58+08:00 ] 127.0.0.1 /index.php/Admin/Index/down.html
INFO: [ view_parse ] --START--
INFO: [ template_filter ] --START--
INFO: Run Behavior\ContentReplaceBehavior [ RunTime:0.000769s ]
INFO: [ template_filter ] --END-- [ RunTime:0.002364s ]
INFO: Run Behavior\ParseTemplateBehavior [ RunTime:0.026690s ]
INFO: [ view_parse ] --END-- [ RunTime:0.028832s ]
INFO: [ view_filter ] --START--
INFO: Run Behavior\WriteHtmlCacheBehavior [ RunTime:0.001810s ]
INFO: [ view_filter ] --END-- [ RunTime:0.002663s ]
INFO: [ app_end ] --START--
INFO: Run Behavior\ShowPageTraceBehavior [ RunTime:0.001804s ]
INFO: [ app_end ] --END-- [ RunTime:0.003234s ]

[ 2017-07-04T15:20:58+08:00 ] 127.0.0.1 /index.php/Admin/Index/left.html
SQL: SHOW COLUMNS FROM `sp_auth` [ RunTime:0.0117s ]
SQL: SELECT * FROM `sp_auth` WHERE `auth_level` = '0'  [ RunTime:0.0007s ]
SQL: SELECT * FROM `sp_auth` WHERE `auth_level` = '1'  [ RunTime:0.0008s ]
INFO: [ view_parse ] --START--
INFO: [ template_filter ] --START--
INFO: Run Behavior\ContentReplaceBehavior [ RunTime:0.000323s ]
INFO: [ template_filter ] --END-- [ RunTime:0.001065s ]
INFO: Run Behavior\ParseTemplateBehavior [ RunTime:0.035511s ]
INFO: [ view_parse ] --END-- [ RunTime:0.036460s ]
INFO: [ view_filter ] --START--
INFO: Run Behavior\WriteHtmlCacheBehavior [ RunTime:0.001317s ]
INFO: [ view_filter ] --END-- [ RunTime:0.002274s ]
INFO: [ app_end ] --START--
INFO: Run Behavior\ShowPageTraceBehavior [ RunTime:0.001711s ]
INFO: [ app_end ] --END-- [ RunTime:0.003102s ]

[ 2017-07-04T15:21:02+08:00 ] 127.0.0.1 /index.php/Admin/Manager/showlist
ERR: 非法操作:showlist

[ 2017-07-04T15:58:24+08:00 ] 127.0.0.1 /index.php/Admin/Manager/showlist
ERR: 非法操作:showlist

[ 2017-07-04T16:13:40+08:00 ] 127.0.0.1 /index.php/Admin/Index/index.html
INFO: [ view_parse ] --START--
INFO: [ template_filter ] --START--
INFO: Run Behavior\ContentReplaceBehavior [ RunTime:0.000340s ]
INFO: [ template_filter ] --END-- [ RunTime:0.001012s ]
INFO: Run Behavior\ParseTemplateBehavior [ RunTime:0.017699s ]
INFO: [ view_parse ] --END-- [ RunTime:0.019190s ]
INFO: [ view_filter ] --START--
INFO: Run Behavior\WriteHtmlCacheBehavior [ RunTime:0.000903s ]
INFO: [ view_filter ] --END-- [ RunTime:0.001783s ]
INFO: [ app_end ] --START--
INFO: Run Behavior\ShowPageTraceBehavior [ RunTime:0.001088s ]
INFO: [ app_end ] --END-- [ RunTime:0.002137s ]

[ 2017-07-04T16:13:40+08:00 ] 127.0.0.1 /index.php/Admin/Index/top.html
INFO: [ view_parse ] --START--
INFO: [ template_filter ] --START--
INFO: Run Behavior\ContentReplaceBehavior [ RunTime:0.000663s ]
INFO: [ template_filter ] --END-- [ RunTime:0.002362s ]
INFO: Run Behavior\ParseTemplateBehavior [ RunTime:0.036349s ]
INFO: [ view_parse ] --END-- [ RunTime:0.038515s ]
INFO: [ view_filter ] --START--
INFO: Run Behavior\WriteHtmlCacheBehavior [ RunTime:0.001674s ]
INFO: [ view_filter ] --END-- [ RunTime:0.003146s ]
INFO: [ app_end ] --START--
INFO: Run Behavior\ShowPageTraceBehavior [ RunTime:0.002355s ]
INFO: [ app_end ] --END-- [ RunTime:0.003614s ]

[ 2017-07-04T16:13:42+08:00 ] 127.0.0.1 /index.php/Admin/Index/center.html
INFO: [ view_parse ] --START--
INFO: [ template_filter ] --START--
INFO: Run Behavior\ContentReplaceBehavior [ RunTime:0.000659s ]
INFO: [ template_filter ] --END-- [ RunTime:0.002148s ]
INFO: Run Behavior\ParseTemplateBehavior [ RunTime:0.032233s ]
INFO: [ view_parse ] --END-- [ RunTime:0.034496s ]
INFO: [ view_filter ] --START--
INFO: Run Behavior\WriteHtmlCacheBehavior [ RunTime:0.001489s ]
INFO: [ view_filter ] --END-- [ RunTime:0.002850s ]
INFO: [ app_end ] --START--
INFO: Run Behavior\ShowPageTraceBehavior [ RunTime:0.001680s ]
INFO: [ app_end ] --END-- [ RunTime:0.002921s ]

[ 2017-07-04T16:13:42+08:00 ] 127.0.0.1 /index.php/Admin/Index/down.html
INFO: [ view_parse ] --START--
INFO: [ template_filter ] --START--
INFO: Run Behavior\ContentReplaceBehavior [ RunTime:0.000737s ]
INFO: [ template_filter ] --END-- [ RunTime:0.001775s ]
INFO: Run Behavior\ParseTemplateBehavior [ RunTime:0.032774s ]
INFO: [ view_parse ] --END-- [ RunTime:0.034664s ]
INFO: [ view_filter ] --START--
INFO: Run Behavior\WriteHtmlCacheBehavior [ RunTime:0.001232s ]
INFO: [ view_filter ] --END-- [ RunTime:0.002709s ]
INFO: [ app_end ] --START--
INFO: Run Behavior\ShowPageTraceBehavior [ RunTime:0.001150s ]
INFO: [ app_end ] --END-- [ RunTime:0.001954s ]

[ 2017-07-04T16:13:42+08:00 ] 127.0.0.1 /index.php/Admin/Index/left.html
SQL: SHOW COLUMNS FROM `sp_manager` [ RunTime:0.0135s ]
SQL: SELECT r.role_auth_ids FROM sp_manager m INNER JOIN sp_role as r on m.role_id=r.role_id  WHERE m.mg_id = '501' LIMIT 1   [ RunTime:0.0010s ]
SQL: SHOW COLUMNS FROM `sp_auth` [ RunTime:0.0128s ]
SQL: SELECT * FROM `sp_auth` WHERE `auth_level` = '0' AND `auth_id` IN ('102','107','108')  [ RunTime:0.0009s ]
SQL: SELECT * FROM `sp_auth` WHERE `auth_level` = '1' AND `auth_id` IN ('102','107','108')  [ RunTime:0.0008s ]
INFO: [ view_parse ] --START--
INFO: [ template_filter ] --START--
INFO: Run Behavior\ContentReplaceBehavior [ RunTime:0.000558s ]
INFO: [ template_filter ] --END-- [ RunTime:0.001648s ]
INFO: Run Behavior\ParseTemplateBehavior [ RunTime:0.042497s ]
INFO: [ view_parse ] --END-- [ RunTime:0.043666s ]
INFO: [ view_filter ] --START--
INFO: Run Behavior\WriteHtmlCacheBehavior [ RunTime:0.001673s ]
INFO: [ view_filter ] --END-- [ RunTime:0.002920s ]
INFO: [ app_end ] --START--
INFO: Run Behavior\ShowPageTraceBehavior [ RunTime:0.001371s ]
INFO: [ app_end ] --END-- [ RunTime:0.002168s ]

[ 2017-07-04T16:13:49+08:00 ] 127.0.0.1 /index.php/Admin/Order/showlist
ERR: 无法加载控制器:Order

[ 2017-07-04T16:13:50+08:00 ] 127.0.0.1 /index.php/Admin/Order/dayin
ERR: 无法加载控制器:Order

[ 2017-07-04T16:13:50+08:00 ] 127.0.0.1 /index.php/Admin/Order/showlist
ERR: 无法加载控制器:Order

[ 2017-07-04T16:14:19+08:00 ] 127.0.0.1 /index.php/Admin/Index/index.html
INFO: [ view_parse ] --START--
INFO: [ template_filter ] --START--
INFO: Run Behavior\ContentReplaceBehavior [ RunTime:0.000368s ]
INFO: [ template_filter ] --END-- [ RunTime:0.001107s ]
INFO: Run Behavior\ParseTemplateBehavior [ RunTime:0.018379s ]
INFO: [ view_parse ] --END-- [ RunTime:0.019748s ]
INFO: [ view_filter ] --START--
INFO: Run Behavior\WriteHtmlCacheBehavior [ RunTime:0.000975s ]
INFO: [ view_filter ] --END-- [ RunTime:0.001742s ]
INFO: [ app_end ] --START--
INFO: Run Behavior\ShowPageTraceBehavior [ RunTime:0.001214s ]
INFO: [ app_end ] --END-- [ RunTime:0.002043s ]

[ 2017-07-04T16:14:19+08:00 ] 127.0.0.1 /index.php/Admin/Index/top.html
INFO: [ view_parse ] --START--
INFO: [ template_filter ] --START--
INFO: Run Behavior\ContentReplaceBehavior [ RunTime:0.000327s ]
INFO: [ template_filter ] --END-- [ RunTime:0.000971s ]
INFO: Run Behavior\ParseTemplateBehavior [ RunTime:0.027106s ]
INFO: [ view_parse ] --END-- [ RunTime:0.028935s ]
INFO: [ view_filter ] --START--
INFO: Run Behavior\WriteHtmlCacheBehavior [ RunTime:0.001142s ]
INFO: [ view_filter ] --END-- [ RunTime:0.002245s ]
INFO: [ app_end ] --START--
INFO: Run Behavior\ShowPageTraceBehavior [ RunTime:0.005254s ]
INFO: [ app_end ] --END-- [ RunTime:0.006274s ]

[ 2017-07-04T16:14:19+08:00 ] 127.0.0.1 /index.php/Admin/Index/center.html
INFO: [ view_parse ] --START--
INFO: [ template_filter ] --START--
INFO: Run Behavior\ContentReplaceBehavior [ RunTime:0.000559s ]
INFO: [ template_filter ] --END-- [ RunTime:0.001704s ]
INFO: Run Behavior\ParseTemplateBehavior [ RunTime:0.022773s ]
INFO: [ view_parse ] --END-- [ RunTime:0.024807s ]
INFO: [ view_filter ] --START--
INFO: Run Behavior\WriteHtmlCacheBehavior [ RunTime:0.001000s ]
INFO: [ view_filter ] --END-- [ RunTime:0.001664s ]
INFO: [ app_end ] --START--
INFO: Run Behavior\ShowPageTraceBehavior [ RunTime:0.001112s ]
INFO: [ app_end ] --END-- [ RunTime:0.001827s ]

[ 2017-07-04T16:14:20+08:00 ] 127.0.0.1 /index.php/Admin/Index/left.html
SQL: SHOW COLUMNS FROM `sp_auth` [ RunTime:0.0120s ]
SQL: SELECT * FROM `sp_auth` WHERE `auth_level` = '0'  [ RunTime:0.0007s ]
SQL: SELECT * FROM `sp_auth` WHERE `auth_level` = '1'  [ RunTime:0.0012s ]
INFO: [ view_parse ] --START--
INFO: [ template_filter ] --START--
INFO: Run Behavior\ContentReplaceBehavior [ RunTime:0.000651s ]
INFO: [ template_filter ] --END-- [ RunTime:0.002089s ]
INFO: Run Behavior\ParseTemplateBehavior [ RunTime:0.046773s ]
INFO: [ view_parse ] --END-- [ RunTime:0.047878s ]
INFO: [ view_filter ] --START--
INFO: Run Behavior\WriteHtmlCacheBehavior [ RunTime:0.001398s ]
INFO: [ view_filter ] --END-- [ RunTime:0.002373s ]
INFO: [ app_end ] --START--
INFO: Run Behavior\ShowPageTraceBehavior [ RunTime:0.001555s ]
INFO: [ app_end ] --END-- [ RunTime:0.004557s ]

[ 2017-07-04T16:14:20+08:00 ] 127.0.0.1 /index.php/Admin/Index/down.html
INFO: [ view_parse ] --START--
INFO: [ template_filter ] --START--
INFO: Run Behavior\ContentReplaceBehavior [ RunTime:0.001617s ]
INFO: [ template_filter ] --END-- [ RunTime:0.002889s ]
INFO: Run Behavior\ParseTemplateBehavior [ RunTime:0.028779s ]
INFO: [ view_parse ] --END-- [ RunTime:0.030821s ]
INFO: [ view_filter ] --START--
INFO: Run Behavior\WriteHtmlCacheBehavior [ RunTime:0.001385s ]
INFO: [ view_filter ] --END-- [ RunTime:0.002492s ]
INFO: [ app_end ] --START--
INFO: Run Behavior\ShowPageTraceBehavior [ RunTime:0.001463s ]
INFO: [ app_end ] --END-- [ RunTime:0.002459s ]

[ 2017-07-04T16:23:34+08:00 ] 127.0.0.1 /index.php/Admin/Manager/showlist
ERR: 非法操作:showlist

