[ 2017-07-20T19:46:40+08:00 ] 127.0.0.1 /admin
INFO: [ view_parse ] --START--
INFO: [ template_filter ] --START--
INFO: Run Behavior\ContentReplaceBehavior [ RunTime:0.000000s ]
INFO: [ template_filter ] --END-- [ RunTime:0.000000s ]
INFO: Run Behavior\ParseTemplateBehavior [ RunTime:0.152009s ]
INFO: [ view_parse ] --END-- [ RunTime:0.154009s ]
INFO: [ view_filter ] --START--
INFO: Run Behavior\WriteHtmlCacheBehavior [ RunTime:0.001000s ]
INFO: [ view_filter ] --END-- [ RunTime:0.001000s ]
NOTIC: [2] Cannot modify header information - headers already sent by (output started at D:\www\itshop\Application\Admin\Common\AdminController.class.php:33) D:\www\itshop\ThinkPHP\Library\Think\View.class.php 第 91 行.
NOTIC: [2] Cannot modify header information - headers already sent by (output started at D:\www\itshop\Application\Admin\Common\AdminController.class.php:33) D:\www\itshop\ThinkPHP\Library\Think\View.class.php 第 92 行.
NOTIC: [2] Cannot modify header information - headers already sent by (output started at D:\www\itshop\Application\Admin\Common\AdminController.class.php:33) D:\www\itshop\ThinkPHP\Library\Think\View.class.php 第 93 行.
INFO: [ app_end ] --START--
INFO: Run Behavior\ShowPageTraceBehavior [ RunTime:0.002000s ]
INFO: [ app_end ] --END-- [ RunTime:0.002000s ]

[ 2017-07-20T19:46:56+08:00 ] 127.0.0.1 /Admin/Index/index.html
INFO: [ view_parse ] --START--
INFO: [ template_filter ] --START--
INFO: Run Behavior\ContentReplaceBehavior [ RunTime:0.000000s ]
INFO: [ template_filter ] --END-- [ RunTime:0.000000s ]
INFO: Run Behavior\ParseTemplateBehavior [ RunTime:0.026001s ]
INFO: [ view_parse ] --END-- [ RunTime:0.028001s ]
INFO: [ view_filter ] --START--
INFO: Run Behavior\WriteHtmlCacheBehavior [ RunTime:0.000000s ]
INFO: [ view_filter ] --END-- [ RunTime:0.000000s ]
INFO: [ app_end ] --START--
INFO: Run Behavior\ShowPageTraceBehavior [ RunTime:0.001000s ]
INFO: [ app_end ] --END-- [ RunTime:0.001000s ]

[ 2017-07-20T19:46:56+08:00 ] 127.0.0.1 /Admin/Index/top.html
INFO: [ view_parse ] --START--
INFO: [ template_filter ] --START--
INFO: Run Behavior\ContentReplaceBehavior [ RunTime:0.000000s ]
INFO: [ template_filter ] --END-- [ RunTime:0.000000s ]
INFO: Run Behavior\ParseTemplateBehavior [ RunTime:0.042003s ]
INFO: [ view_parse ] --END-- [ RunTime:0.042003s ]
INFO: [ view_filter ] --START--
INFO: Run Behavior\WriteHtmlCacheBehavior [ RunTime:0.000000s ]
INFO: [ view_filter ] --END-- [ RunTime:0.000000s ]
INFO: [ app_end ] --START--
INFO: Run Behavior\ShowPageTraceBehavior [ RunTime:0.001000s ]
INFO: [ app_end ] --END-- [ RunTime:0.001000s ]

[ 2017-07-20T19:46:57+08:00 ] 127.0.0.1 /Admin/Index/center.html
INFO: [ view_parse ] --START--
INFO: [ template_filter ] --START--
INFO: Run Behavior\ContentReplaceBehavior [ RunTime:0.000000s ]
INFO: [ template_filter ] --END-- [ RunTime:0.000000s ]
INFO: Run Behavior\ParseTemplateBehavior [ RunTime:0.018001s ]
INFO: [ view_parse ] --END-- [ RunTime:0.018001s ]
INFO: [ view_filter ] --START--
INFO: Run Behavior\WriteHtmlCacheBehavior [ RunTime:0.001000s ]
INFO: [ view_filter ] --END-- [ RunTime:0.001000s ]
INFO: [ app_end ] --START--
INFO: Run Behavior\ShowPageTraceBehavior [ RunTime:0.000000s ]
INFO: [ app_end ] --END-- [ RunTime:0.000000s ]

[ 2017-07-20T19:46:57+08:00 ] 127.0.0.1 /Admin/Index/left.html
SQL: SHOW COLUMNS FROM `sp_auth` [ RunTime:0.0350s ]
SQL: SELECT * FROM `sp_auth` WHERE `auth_level` = '0'  [ RunTime:0.0000s ]
SQL: SELECT * FROM `sp_auth` WHERE `auth_level` = '1'  [ RunTime:0.0010s ]
INFO: [ view_parse ] --START--
INFO: [ template_filter ] --START--
INFO: Run Behavior\ContentReplaceBehavior [ RunTime:0.000000s ]
INFO: [ template_filter ] --END-- [ RunTime:0.000000s ]
INFO: Run Behavior\ParseTemplateBehavior [ RunTime:0.022001s ]
INFO: [ view_parse ] --END-- [ RunTime:0.022001s ]
INFO: [ view_filter ] --START--
INFO: Run Behavior\WriteHtmlCacheBehavior [ RunTime:0.001000s ]
INFO: [ view_filter ] --END-- [ RunTime:0.001000s ]
INFO: [ app_end ] --START--
INFO: Run Behavior\ShowPageTraceBehavior [ RunTime:0.000000s ]
INFO: [ app_end ] --END-- [ RunTime:0.000000s ]

[ 2017-07-20T19:46:57+08:00 ] 127.0.0.1 /Admin/Index/down.html
INFO: [ view_parse ] --START--
INFO: [ template_filter ] --START--
INFO: Run Behavior\ContentReplaceBehavior [ RunTime:0.000000s ]
INFO: [ template_filter ] --END-- [ RunTime:0.000000s ]
INFO: Run Behavior\ParseTemplateBehavior [ RunTime:0.046003s ]
INFO: [ view_parse ] --END-- [ RunTime:0.047003s ]
INFO: [ view_filter ] --START--
INFO: Run Behavior\WriteHtmlCacheBehavior [ RunTime:0.000000s ]
INFO: [ view_filter ] --END-- [ RunTime:0.000000s ]
INFO: [ app_end ] --START--
INFO: Run Behavior\ShowPageTraceBehavior [ RunTime:0.000000s ]
INFO: [ app_end ] --END-- [ RunTime:0.000000s ]

[ 2017-07-20T19:56:09+08:00 ] 127.0.0.1 /Admin/Goods/stateGoods.html
INFO: [ app_begin ] --START--
INFO: Run Behavior\ReadHtmlCacheBehavior [ RunTime:0.000000s ]
INFO: [ app_begin ] --END-- [ RunTime:0.001000s ]
SQL: SHOW COLUMNS FROM `sp_manager` [ RunTime:0.0070s ]
SQL: SELECT r.role_auth_ids,r.role_auth_ac FROM sp_manager m INNER JOIN sp_role as r on m.role_id=r.role_id  WHERE m.mg_id = '502' LIMIT 1   [ RunTime:0.0010s ]
SQL: SHOW COLUMNS FROM `sp_goods` [ RunTime:0.0010s ]
SQL: SELECT * FROM `sp_goods` WHERE `goods_id` = 53 LIMIT 1   [ RunTime:0.0000s ]
SQL: SHOW COLUMNS FROM `sp_goods` [ RunTime:0.0166s ]
SQL: SELECT * FROM `sp_goods` WHERE `goods_id` = 53 LIMIT 1   [ RunTime:0.0000s ]
SQL: SHOW COLUMNS FROM `sp_goods_attr` [ RunTime:0.0000s ]
SQL: SELECT a.attr_id,a.attr_name,ga.attr_value FROM sp_goods_attr ga INNER JOIN sp_attribute a on ga.attr_id = a.attr_id  WHERE ga.goods_id = '53' AND a.attr_sel = 'only'  [ RunTime:0.0000s ]
SQL: SELECT a.attr_id,a.attr_name,group_concat(ga.attr_value) attr_values FROM sp_goods_attr ga INNER JOIN sp_attribute a on ga.attr_id = a.attr_id  WHERE ga.goods_id = '53' AND a.attr_sel = 'many' GROUP BY a.attr_id  [ RunTime:0.0000s ]
SQL: SHOW COLUMNS FROM `sp_goods_pics` [ RunTime:0.0156s ]
SQL: SELECT * FROM `sp_goods_pics` WHERE `goods_id` = 53  [ RunTime:0.0000s ]
INFO: [ view_parse ] --START--
INFO: [ template_filter ] --START--
INFO: Run Behavior\ContentReplaceBehavior [ RunTime:0.000000s ]
INFO: [ template_filter ] --END-- [ RunTime:0.000000s ]
NOTIC: [8] Undefined variable: goodsPrice D:\www\itshop\Application\Runtime\Cache\Admin\795e274f7e0defaaba4ae5ed57f62a8c.php 第 191 行.
NOTIC: [8] Undefined variable: number_price D:\www\itshop\Application\Runtime\Cache\Admin\795e274f7e0defaaba4ae5ed57f62a8c.php 第 593 行.
NOTIC: [8] Undefined variable: number_price D:\www\itshop\Application\Runtime\Cache\Admin\795e274f7e0defaaba4ae5ed57f62a8c.php 第 594 行.
INFO: Run Behavior\ParseTemplateBehavior [ RunTime:0.015600s ]
INFO: [ view_parse ] --END-- [ RunTime:0.015600s ]
INFO: [ view_filter ] --START--
INFO: Run Behavior\WriteHtmlCacheBehavior [ RunTime:0.000000s ]
INFO: [ view_filter ] --END-- [ RunTime:0.000000s ]
SQL: UPDATE `sp_goods` SET `static_url`='./GoodsHTML/53.html' WHERE `goods_id` = 53 [ RunTime:0.1570s ]

[ 2017-07-20T19:59:47+08:00 ] 127.0.0.1 /Admin/Goods/stateGoods.html
INFO: [ app_begin ] --START--
INFO: Run Behavior\ReadHtmlCacheBehavior [ RunTime:0.001000s ]
INFO: [ app_begin ] --END-- [ RunTime:0.002000s ]
SQL: SHOW COLUMNS FROM `sp_manager` [ RunTime:0.0070s ]
SQL: SELECT r.role_auth_ids,r.role_auth_ac FROM sp_manager m INNER JOIN sp_role as r on m.role_id=r.role_id  WHERE m.mg_id = '502' LIMIT 1   [ RunTime:0.0010s ]
SQL: SHOW COLUMNS FROM `sp_goods` [ RunTime:0.0060s ]
SQL: SELECT * FROM `sp_goods` WHERE `goods_id` = 53 LIMIT 1   [ RunTime:0.0000s ]
SQL: SHOW COLUMNS FROM `sp_goods` [ RunTime:0.0060s ]
SQL: SELECT * FROM `sp_goods` WHERE `goods_id` = 53 LIMIT 1   [ RunTime:0.0000s ]
SQL: SHOW COLUMNS FROM `sp_goods_attr` [ RunTime:0.0070s ]
SQL: SELECT a.attr_id,a.attr_name,ga.attr_value FROM sp_goods_attr ga INNER JOIN sp_attribute a on ga.attr_id = a.attr_id  WHERE ga.goods_id = '53' AND a.attr_sel = 'only'  [ RunTime:0.0010s ]
SQL: SELECT a.attr_id,a.attr_name,group_concat(ga.attr_value) attr_values FROM sp_goods_attr ga INNER JOIN sp_attribute a on ga.attr_id = a.attr_id  WHERE ga.goods_id = '53' AND a.attr_sel = 'many' GROUP BY a.attr_id  [ RunTime:0.0010s ]
SQL: SHOW COLUMNS FROM `sp_goods_pics` [ RunTime:0.0070s ]
SQL: SELECT * FROM `sp_goods_pics` WHERE `goods_id` = 53  [ RunTime:0.0000s ]
SQL: SELECT `goods_price`,`goods_member_price` FROM `sp_goods` WHERE `goods_id` = 53 LIMIT 1   [ RunTime:0.0000s ]
INFO: [ view_parse ] --START--
INFO: [ template_filter ] --START--
INFO: Run Behavior\ContentReplaceBehavior [ RunTime:0.000000s ]
INFO: [ template_filter ] --END-- [ RunTime:0.000000s ]
NOTIC: [8] Undefined variable: number_price D:\www\itshop\Application\Runtime\Cache\Admin\795e274f7e0defaaba4ae5ed57f62a8c.php 第 593 行.
NOTIC: [8] Undefined variable: number_price D:\www\itshop\Application\Runtime\Cache\Admin\795e274f7e0defaaba4ae5ed57f62a8c.php 第 594 行.
INFO: Run Behavior\ParseTemplateBehavior [ RunTime:0.015001s ]
INFO: [ view_parse ] --END-- [ RunTime:0.015001s ]
INFO: [ view_filter ] --START--
INFO: Run Behavior\WriteHtmlCacheBehavior [ RunTime:0.000000s ]
INFO: [ view_filter ] --END-- [ RunTime:0.000000s ]
SQL: UPDATE `sp_goods` SET `static_url`='./GoodsHTML/53.html' WHERE `goods_id` = 53 [ RunTime:0.0750s ]

[ 2017-07-20T20:01:50+08:00 ] 127.0.0.1 /Admin/Goods/stateGoods.html
INFO: [ app_begin ] --START--
INFO: Run Behavior\ReadHtmlCacheBehavior [ RunTime:0.000000s ]
INFO: [ app_begin ] --END-- [ RunTime:0.001000s ]
SQL: SHOW COLUMNS FROM `sp_manager` [ RunTime:0.0100s ]
SQL: SELECT r.role_auth_ids,r.role_auth_ac FROM sp_manager m INNER JOIN sp_role as r on m.role_id=r.role_id  WHERE m.mg_id = '502' LIMIT 1   [ RunTime:0.0010s ]
SQL: SHOW COLUMNS FROM `sp_goods` [ RunTime:0.0100s ]
SQL: SELECT * FROM `sp_goods` WHERE `goods_id` = 52 LIMIT 1   [ RunTime:0.0010s ]
SQL: SHOW COLUMNS FROM `sp_goods` [ RunTime:0.0100s ]
SQL: SELECT * FROM `sp_goods` WHERE `goods_id` = 52 LIMIT 1   [ RunTime:0.0000s ]
SQL: SHOW COLUMNS FROM `sp_goods_attr` [ RunTime:0.0100s ]
SQL: SELECT a.attr_id,a.attr_name,ga.attr_value FROM sp_goods_attr ga INNER JOIN sp_attribute a on ga.attr_id = a.attr_id  WHERE ga.goods_id = '52' AND a.attr_sel = 'only'  [ RunTime:0.0010s ]
SQL: SELECT a.attr_id,a.attr_name,group_concat(ga.attr_value) attr_values FROM sp_goods_attr ga INNER JOIN sp_attribute a on ga.attr_id = a.attr_id  WHERE ga.goods_id = '52' AND a.attr_sel = 'many' GROUP BY a.attr_id  [ RunTime:0.0010s ]
SQL: SHOW COLUMNS FROM `sp_goods_pics` [ RunTime:0.0090s ]
SQL: SELECT * FROM `sp_goods_pics` WHERE `goods_id` = 52  [ RunTime:0.0420s ]
ERR: Think\Model:getMemberPrice方法不存在！

[ 2017-07-20T20:01:51+08:00 ] 127.0.0.1 /Admin/Goods/stateGoods.html
INFO: [ app_begin ] --START--
INFO: Run Behavior\ReadHtmlCacheBehavior [ RunTime:0.001000s ]
INFO: [ app_begin ] --END-- [ RunTime:0.002000s ]
SQL: SHOW COLUMNS FROM `sp_manager` [ RunTime:0.0090s ]
SQL: SELECT r.role_auth_ids,r.role_auth_ac FROM sp_manager m INNER JOIN sp_role as r on m.role_id=r.role_id  WHERE m.mg_id = '502' LIMIT 1   [ RunTime:0.0000s ]
SQL: SHOW COLUMNS FROM `sp_goods` [ RunTime:0.0080s ]
SQL: SELECT * FROM `sp_goods` WHERE `goods_id` = 52 LIMIT 1   [ RunTime:0.0000s ]
SQL: SHOW COLUMNS FROM `sp_goods` [ RunTime:0.0080s ]
SQL: SELECT * FROM `sp_goods` WHERE `goods_id` = 52 LIMIT 1   [ RunTime:0.0010s ]
SQL: SHOW COLUMNS FROM `sp_goods_attr` [ RunTime:0.0070s ]
SQL: SELECT a.attr_id,a.attr_name,ga.attr_value FROM sp_goods_attr ga INNER JOIN sp_attribute a on ga.attr_id = a.attr_id  WHERE ga.goods_id = '52' AND a.attr_sel = 'only'  [ RunTime:0.0000s ]
SQL: SELECT a.attr_id,a.attr_name,group_concat(ga.attr_value) attr_values FROM sp_goods_attr ga INNER JOIN sp_attribute a on ga.attr_id = a.attr_id  WHERE ga.goods_id = '52' AND a.attr_sel = 'many' GROUP BY a.attr_id  [ RunTime:0.0000s ]
SQL: SHOW COLUMNS FROM `sp_goods_pics` [ RunTime:0.0070s ]
SQL: SELECT * FROM `sp_goods_pics` WHERE `goods_id` = 52  [ RunTime:0.0010s ]
ERR: Think\Model:getMemberPrice方法不存在！

[ 2017-07-20T20:01:52+08:00 ] 127.0.0.1 /Admin/Goods/stateGoods.html
INFO: [ app_begin ] --START--
INFO: Run Behavior\ReadHtmlCacheBehavior [ RunTime:0.001000s ]
INFO: [ app_begin ] --END-- [ RunTime:0.002000s ]
SQL: SHOW COLUMNS FROM `sp_manager` [ RunTime:0.0070s ]
SQL: SELECT r.role_auth_ids,r.role_auth_ac FROM sp_manager m INNER JOIN sp_role as r on m.role_id=r.role_id  WHERE m.mg_id = '502' LIMIT 1   [ RunTime:0.0000s ]
SQL: SHOW COLUMNS FROM `sp_goods` [ RunTime:0.0080s ]
SQL: SELECT * FROM `sp_goods` WHERE `goods_id` = 52 LIMIT 1   [ RunTime:0.0010s ]
SQL: SHOW COLUMNS FROM `sp_goods` [ RunTime:0.0070s ]
SQL: SELECT * FROM `sp_goods` WHERE `goods_id` = 52 LIMIT 1   [ RunTime:0.0010s ]
SQL: SHOW COLUMNS FROM `sp_goods_attr` [ RunTime:0.0070s ]
SQL: SELECT a.attr_id,a.attr_name,ga.attr_value FROM sp_goods_attr ga INNER JOIN sp_attribute a on ga.attr_id = a.attr_id  WHERE ga.goods_id = '52' AND a.attr_sel = 'only'  [ RunTime:0.0010s ]
SQL: SELECT a.attr_id,a.attr_name,group_concat(ga.attr_value) attr_values FROM sp_goods_attr ga INNER JOIN sp_attribute a on ga.attr_id = a.attr_id  WHERE ga.goods_id = '52' AND a.attr_sel = 'many' GROUP BY a.attr_id  [ RunTime:0.0000s ]
SQL: SHOW COLUMNS FROM `sp_goods_pics` [ RunTime:0.0070s ]
SQL: SELECT * FROM `sp_goods_pics` WHERE `goods_id` = 52  [ RunTime:0.0000s ]
ERR: Think\Model:getMemberPrice方法不存在！

[ 2017-07-20T20:01:52+08:00 ] 127.0.0.1 /Admin/Goods/stateGoods.html
INFO: [ app_begin ] --START--
INFO: Run Behavior\ReadHtmlCacheBehavior [ RunTime:0.001000s ]
INFO: [ app_begin ] --END-- [ RunTime:0.001000s ]
SQL: SHOW COLUMNS FROM `sp_manager` [ RunTime:0.0090s ]
SQL: SELECT r.role_auth_ids,r.role_auth_ac FROM sp_manager m INNER JOIN sp_role as r on m.role_id=r.role_id  WHERE m.mg_id = '502' LIMIT 1   [ RunTime:0.0000s ]
SQL: SHOW COLUMNS FROM `sp_goods` [ RunTime:0.0080s ]
SQL: SELECT * FROM `sp_goods` WHERE `goods_id` = 52 LIMIT 1   [ RunTime:0.0000s ]
SQL: SHOW COLUMNS FROM `sp_goods` [ RunTime:0.0090s ]
SQL: SELECT * FROM `sp_goods` WHERE `goods_id` = 52 LIMIT 1   [ RunTime:0.0000s ]
SQL: SHOW COLUMNS FROM `sp_goods_attr` [ RunTime:0.0060s ]
SQL: SELECT a.attr_id,a.attr_name,ga.attr_value FROM sp_goods_attr ga INNER JOIN sp_attribute a on ga.attr_id = a.attr_id  WHERE ga.goods_id = '52' AND a.attr_sel = 'only'  [ RunTime:0.0010s ]
SQL: SELECT a.attr_id,a.attr_name,group_concat(ga.attr_value) attr_values FROM sp_goods_attr ga INNER JOIN sp_attribute a on ga.attr_id = a.attr_id  WHERE ga.goods_id = '52' AND a.attr_sel = 'many' GROUP BY a.attr_id  [ RunTime:0.0000s ]
SQL: SHOW COLUMNS FROM `sp_goods_pics` [ RunTime:0.0070s ]
SQL: SELECT * FROM `sp_goods_pics` WHERE `goods_id` = 52  [ RunTime:0.0000s ]
ERR: Think\Model:getMemberPrice方法不存在！

[ 2017-07-20T20:01:52+08:00 ] 127.0.0.1 /Admin/Goods/stateGoods.html
INFO: [ app_begin ] --START--
INFO: Run Behavior\ReadHtmlCacheBehavior [ RunTime:0.001000s ]
INFO: [ app_begin ] --END-- [ RunTime:0.001000s ]
SQL: SHOW COLUMNS FROM `sp_manager` [ RunTime:0.0070s ]
SQL: SELECT r.role_auth_ids,r.role_auth_ac FROM sp_manager m INNER JOIN sp_role as r on m.role_id=r.role_id  WHERE m.mg_id = '502' LIMIT 1   [ RunTime:0.0000s ]
SQL: SHOW COLUMNS FROM `sp_goods` [ RunTime:0.0080s ]
SQL: SELECT * FROM `sp_goods` WHERE `goods_id` = 52 LIMIT 1   [ RunTime:0.0010s ]
SQL: SHOW COLUMNS FROM `sp_goods` [ RunTime:0.0090s ]
SQL: SELECT * FROM `sp_goods` WHERE `goods_id` = 52 LIMIT 1   [ RunTime:0.0010s ]
SQL: SHOW COLUMNS FROM `sp_goods_attr` [ RunTime:0.0070s ]
SQL: SELECT a.attr_id,a.attr_name,ga.attr_value FROM sp_goods_attr ga INNER JOIN sp_attribute a on ga.attr_id = a.attr_id  WHERE ga.goods_id = '52' AND a.attr_sel = 'only'  [ RunTime:0.0010s ]
SQL: SELECT a.attr_id,a.attr_name,group_concat(ga.attr_value) attr_values FROM sp_goods_attr ga INNER JOIN sp_attribute a on ga.attr_id = a.attr_id  WHERE ga.goods_id = '52' AND a.attr_sel = 'many' GROUP BY a.attr_id  [ RunTime:0.0000s ]
SQL: SHOW COLUMNS FROM `sp_goods_pics` [ RunTime:0.0090s ]
SQL: SELECT * FROM `sp_goods_pics` WHERE `goods_id` = 52  [ RunTime:0.0000s ]
ERR: Think\Model:getMemberPrice方法不存在！

[ 2017-07-20T20:01:52+08:00 ] 127.0.0.1 /Admin/Goods/stateGoods.html
INFO: [ app_begin ] --START--
INFO: Run Behavior\ReadHtmlCacheBehavior [ RunTime:0.000000s ]
INFO: [ app_begin ] --END-- [ RunTime:0.000000s ]
SQL: SHOW COLUMNS FROM `sp_manager` [ RunTime:0.0070s ]
SQL: SELECT r.role_auth_ids,r.role_auth_ac FROM sp_manager m INNER JOIN sp_role as r on m.role_id=r.role_id  WHERE m.mg_id = '502' LIMIT 1   [ RunTime:0.0000s ]
SQL: SHOW COLUMNS FROM `sp_goods` [ RunTime:0.0070s ]
SQL: SELECT * FROM `sp_goods` WHERE `goods_id` = 52 LIMIT 1   [ RunTime:0.0010s ]
SQL: SHOW COLUMNS FROM `sp_goods` [ RunTime:0.0080s ]
SQL: SELECT * FROM `sp_goods` WHERE `goods_id` = 52 LIMIT 1   [ RunTime:0.0000s ]
SQL: SHOW COLUMNS FROM `sp_goods_attr` [ RunTime:0.0070s ]
SQL: SELECT a.attr_id,a.attr_name,ga.attr_value FROM sp_goods_attr ga INNER JOIN sp_attribute a on ga.attr_id = a.attr_id  WHERE ga.goods_id = '52' AND a.attr_sel = 'only'  [ RunTime:0.0010s ]
SQL: SELECT a.attr_id,a.attr_name,group_concat(ga.attr_value) attr_values FROM sp_goods_attr ga INNER JOIN sp_attribute a on ga.attr_id = a.attr_id  WHERE ga.goods_id = '52' AND a.attr_sel = 'many' GROUP BY a.attr_id  [ RunTime:0.0000s ]
SQL: SHOW COLUMNS FROM `sp_goods_pics` [ RunTime:0.0070s ]
SQL: SELECT * FROM `sp_goods_pics` WHERE `goods_id` = 52  [ RunTime:0.0000s ]
ERR: Think\Model:getMemberPrice方法不存在！

[ 2017-07-20T20:01:52+08:00 ] 127.0.0.1 /Admin/Goods/stateGoods.html
INFO: [ app_begin ] --START--
INFO: Run Behavior\ReadHtmlCacheBehavior [ RunTime:0.001000s ]
INFO: [ app_begin ] --END-- [ RunTime:0.001000s ]
SQL: SHOW COLUMNS FROM `sp_manager` [ RunTime:0.0080s ]
SQL: SELECT r.role_auth_ids,r.role_auth_ac FROM sp_manager m INNER JOIN sp_role as r on m.role_id=r.role_id  WHERE m.mg_id = '502' LIMIT 1   [ RunTime:0.0000s ]
SQL: SHOW COLUMNS FROM `sp_goods` [ RunTime:0.0070s ]
SQL: SELECT * FROM `sp_goods` WHERE `goods_id` = 52 LIMIT 1   [ RunTime:0.0000s ]
SQL: SHOW COLUMNS FROM `sp_goods` [ RunTime:0.0070s ]
SQL: SELECT * FROM `sp_goods` WHERE `goods_id` = 52 LIMIT 1   [ RunTime:0.0000s ]
SQL: SHOW COLUMNS FROM `sp_goods_attr` [ RunTime:0.0060s ]
SQL: SELECT a.attr_id,a.attr_name,ga.attr_value FROM sp_goods_attr ga INNER JOIN sp_attribute a on ga.attr_id = a.attr_id  WHERE ga.goods_id = '52' AND a.attr_sel = 'only'  [ RunTime:0.0010s ]
SQL: SELECT a.attr_id,a.attr_name,group_concat(ga.attr_value) attr_values FROM sp_goods_attr ga INNER JOIN sp_attribute a on ga.attr_id = a.attr_id  WHERE ga.goods_id = '52' AND a.attr_sel = 'many' GROUP BY a.attr_id  [ RunTime:0.0000s ]
SQL: SHOW COLUMNS FROM `sp_goods_pics` [ RunTime:0.0060s ]
SQL: SELECT * FROM `sp_goods_pics` WHERE `goods_id` = 52  [ RunTime:0.0010s ]
ERR: Think\Model:getMemberPrice方法不存在！

[ 2017-07-20T20:01:53+08:00 ] 127.0.0.1 /Admin/Goods/stateGoods.html
INFO: [ app_begin ] --START--
INFO: Run Behavior\ReadHtmlCacheBehavior [ RunTime:0.001000s ]
INFO: [ app_begin ] --END-- [ RunTime:0.002000s ]
SQL: SHOW COLUMNS FROM `sp_manager` [ RunTime:0.0090s ]
SQL: SELECT r.role_auth_ids,r.role_auth_ac FROM sp_manager m INNER JOIN sp_role as r on m.role_id=r.role_id  WHERE m.mg_id = '502' LIMIT 1   [ RunTime:0.0010s ]
SQL: SHOW COLUMNS FROM `sp_goods` [ RunTime:0.0070s ]
SQL: SELECT * FROM `sp_goods` WHERE `goods_id` = 52 LIMIT 1   [ RunTime:0.0000s ]
SQL: SHOW COLUMNS FROM `sp_goods` [ RunTime:0.0070s ]
SQL: SELECT * FROM `sp_goods` WHERE `goods_id` = 52 LIMIT 1   [ RunTime:0.0000s ]
SQL: SHOW COLUMNS FROM `sp_goods_attr` [ RunTime:0.0070s ]
SQL: SELECT a.attr_id,a.attr_name,ga.attr_value FROM sp_goods_attr ga INNER JOIN sp_attribute a on ga.attr_id = a.attr_id  WHERE ga.goods_id = '52' AND a.attr_sel = 'only'  [ RunTime:0.0000s ]
SQL: SELECT a.attr_id,a.attr_name,group_concat(ga.attr_value) attr_values FROM sp_goods_attr ga INNER JOIN sp_attribute a on ga.attr_id = a.attr_id  WHERE ga.goods_id = '52' AND a.attr_sel = 'many' GROUP BY a.attr_id  [ RunTime:0.0000s ]
SQL: SHOW COLUMNS FROM `sp_goods_pics` [ RunTime:0.0070s ]
SQL: SELECT * FROM `sp_goods_pics` WHERE `goods_id` = 52  [ RunTime:0.0010s ]
ERR: Think\Model:getMemberPrice方法不存在！

[ 2017-07-20T20:01:53+08:00 ] 127.0.0.1 /Admin/Goods/stateGoods.html
INFO: [ app_begin ] --START--
INFO: Run Behavior\ReadHtmlCacheBehavior [ RunTime:0.001000s ]
INFO: [ app_begin ] --END-- [ RunTime:0.001000s ]
SQL: SHOW COLUMNS FROM `sp_manager` [ RunTime:0.0310s ]
SQL: SELECT r.role_auth_ids,r.role_auth_ac FROM sp_manager m INNER JOIN sp_role as r on m.role_id=r.role_id  WHERE m.mg_id = '502' LIMIT 1   [ RunTime:0.0000s ]
SQL: SHOW COLUMNS FROM `sp_goods` [ RunTime:0.0380s ]
SQL: SELECT * FROM `sp_goods` WHERE `goods_id` = 52 LIMIT 1   [ RunTime:0.0010s ]
SQL: SHOW COLUMNS FROM `sp_goods` [ RunTime:0.0150s ]
SQL: SELECT * FROM `sp_goods` WHERE `goods_id` = 52 LIMIT 1   [ RunTime:0.0010s ]
SQL: SHOW COLUMNS FROM `sp_goods_attr` [ RunTime:0.0100s ]
SQL: SELECT a.attr_id,a.attr_name,ga.attr_value FROM sp_goods_attr ga INNER JOIN sp_attribute a on ga.attr_id = a.attr_id  WHERE ga.goods_id = '52' AND a.attr_sel = 'only'  [ RunTime:0.0000s ]
SQL: SELECT a.attr_id,a.attr_name,group_concat(ga.attr_value) attr_values FROM sp_goods_attr ga INNER JOIN sp_attribute a on ga.attr_id = a.attr_id  WHERE ga.goods_id = '52' AND a.attr_sel = 'many' GROUP BY a.attr_id  [ RunTime:0.0010s ]
SQL: SHOW COLUMNS FROM `sp_goods_pics` [ RunTime:0.0070s ]
SQL: SELECT * FROM `sp_goods_pics` WHERE `goods_id` = 52  [ RunTime:0.0000s ]
ERR: Think\Model:getMemberPrice方法不存在！

[ 2017-07-20T20:02:02+08:00 ] 127.0.0.1 /Admin/Goods/stateGoods.html
ERR: Think\Model:getMemberPrice方法不存在！

[ 2017-07-20T20:02:55+08:00 ] 127.0.0.1 /Admin/Goods/stateGoods.html
INFO: [ app_begin ] --START--
INFO: Run Behavior\ReadHtmlCacheBehavior [ RunTime:0.000000s ]
INFO: [ app_begin ] --END-- [ RunTime:0.001000s ]
SQL: SHOW COLUMNS FROM `sp_manager` [ RunTime:0.0100s ]
SQL: SELECT r.role_auth_ids,r.role_auth_ac FROM sp_manager m INNER JOIN sp_role as r on m.role_id=r.role_id  WHERE m.mg_id = '502' LIMIT 1   [ RunTime:0.0000s ]
SQL: SHOW COLUMNS FROM `sp_goods` [ RunTime:0.0070s ]
SQL: SELECT * FROM `sp_goods` WHERE `goods_id` = 52 LIMIT 1   [ RunTime:0.0000s ]
SQL: SHOW COLUMNS FROM `sp_goods` [ RunTime:0.0070s ]
SQL: SELECT * FROM `sp_goods` WHERE `goods_id` = 52 LIMIT 1   [ RunTime:0.0000s ]
SQL: SHOW COLUMNS FROM `sp_goods_attr` [ RunTime:0.0060s ]
SQL: SELECT a.attr_id,a.attr_name,ga.attr_value FROM sp_goods_attr ga INNER JOIN sp_attribute a on ga.attr_id = a.attr_id  WHERE ga.goods_id = '52' AND a.attr_sel = 'only'  [ RunTime:0.0000s ]
SQL: SELECT a.attr_id,a.attr_name,group_concat(ga.attr_value) attr_values FROM sp_goods_attr ga INNER JOIN sp_attribute a on ga.attr_id = a.attr_id  WHERE ga.goods_id = '52' AND a.attr_sel = 'many' GROUP BY a.attr_id  [ RunTime:0.0000s ]
SQL: SHOW COLUMNS FROM `sp_goods_pics` [ RunTime:0.0070s ]
SQL: SELECT * FROM `sp_goods_pics` WHERE `goods_id` = 52  [ RunTime:0.0000s ]
SQL: SELECT `goods_price`,`goods_member_price` FROM `sp_goods` WHERE `goods_id` = 52 LIMIT 1   [ RunTime:0.0000s ]
INFO: [ view_parse ] --START--
INFO: [ template_filter ] --START--
INFO: Run Behavior\ContentReplaceBehavior [ RunTime:0.000000s ]
INFO: [ template_filter ] --END-- [ RunTime:0.000000s ]
NOTIC: [8] Undefined variable: number_price D:\www\itshop\Application\Runtime\Cache\Admin\795e274f7e0defaaba4ae5ed57f62a8c.php 第 593 行.
NOTIC: [8] Undefined variable: number_price D:\www\itshop\Application\Runtime\Cache\Admin\795e274f7e0defaaba4ae5ed57f62a8c.php 第 594 行.
INFO: Run Behavior\ParseTemplateBehavior [ RunTime:0.015001s ]
INFO: [ view_parse ] --END-- [ RunTime:0.015001s ]
INFO: [ view_filter ] --START--
INFO: Run Behavior\WriteHtmlCacheBehavior [ RunTime:0.000000s ]
INFO: [ view_filter ] --END-- [ RunTime:0.000000s ]
SQL: UPDATE `sp_goods` SET `static_url`='./GoodsHTML/52.html' WHERE `goods_id` = 52 [ RunTime:0.0390s ]

[ 2017-07-20T20:04:06+08:00 ] 127.0.0.1 /Admin/Goods/stateGoods.html
INFO: [ app_begin ] --START--
INFO: Run Behavior\ReadHtmlCacheBehavior [ RunTime:0.000000s ]
INFO: [ app_begin ] --END-- [ RunTime:0.001000s ]
SQL: SHOW COLUMNS FROM `sp_manager` [ RunTime:0.0080s ]
SQL: SELECT r.role_auth_ids,r.role_auth_ac FROM sp_manager m INNER JOIN sp_role as r on m.role_id=r.role_id  WHERE m.mg_id = '502' LIMIT 1   [ RunTime:0.0000s ]
SQL: SHOW COLUMNS FROM `sp_goods` [ RunTime:0.0080s ]
SQL: SELECT * FROM `sp_goods` WHERE `goods_id` = 53 LIMIT 1   [ RunTime:0.0010s ]
SQL: SHOW COLUMNS FROM `sp_goods` [ RunTime:0.0090s ]
SQL: SELECT * FROM `sp_goods` WHERE `goods_id` = 53 LIMIT 1   [ RunTime:0.0000s ]
SQL: SHOW COLUMNS FROM `sp_goods_attr` [ RunTime:0.0080s ]
SQL: SELECT a.attr_id,a.attr_name,ga.attr_value FROM sp_goods_attr ga INNER JOIN sp_attribute a on ga.attr_id = a.attr_id  WHERE ga.goods_id = '53' AND a.attr_sel = 'only'  [ RunTime:0.0000s ]
SQL: SELECT a.attr_id,a.attr_name,group_concat(ga.attr_value) attr_values FROM sp_goods_attr ga INNER JOIN sp_attribute a on ga.attr_id = a.attr_id  WHERE ga.goods_id = '53' AND a.attr_sel = 'many' GROUP BY a.attr_id  [ RunTime:0.0000s ]
SQL: SHOW COLUMNS FROM `sp_goods_pics` [ RunTime:0.0070s ]
SQL: SELECT * FROM `sp_goods_pics` WHERE `goods_id` = 53  [ RunTime:0.0010s ]
SQL: SELECT `goods_price`,`goods_member_price` FROM `sp_goods` WHERE `goods_id` = 53 LIMIT 1   [ RunTime:0.0000s ]

[ 2017-07-20T20:04:06+08:00 ] 127.0.0.1 /Admin/Goods/stateGoods.html
INFO: [ app_begin ] --START--
INFO: Run Behavior\ReadHtmlCacheBehavior [ RunTime:0.001000s ]
INFO: [ app_begin ] --END-- [ RunTime:0.001000s ]
SQL: SHOW COLUMNS FROM `sp_manager` [ RunTime:0.0080s ]
SQL: SELECT r.role_auth_ids,r.role_auth_ac FROM sp_manager m INNER JOIN sp_role as r on m.role_id=r.role_id  WHERE m.mg_id = '502' LIMIT 1   [ RunTime:0.0000s ]
SQL: SHOW COLUMNS FROM `sp_goods` [ RunTime:0.0070s ]
SQL: SELECT * FROM `sp_goods` WHERE `goods_id` = 53 LIMIT 1   [ RunTime:0.0010s ]
SQL: SHOW COLUMNS FROM `sp_goods` [ RunTime:0.0070s ]
SQL: SELECT * FROM `sp_goods` WHERE `goods_id` = 53 LIMIT 1   [ RunTime:0.0010s ]
SQL: SHOW COLUMNS FROM `sp_goods_attr` [ RunTime:0.0060s ]
SQL: SELECT a.attr_id,a.attr_name,ga.attr_value FROM sp_goods_attr ga INNER JOIN sp_attribute a on ga.attr_id = a.attr_id  WHERE ga.goods_id = '53' AND a.attr_sel = 'only'  [ RunTime:0.0000s ]
SQL: SELECT a.attr_id,a.attr_name,group_concat(ga.attr_value) attr_values FROM sp_goods_attr ga INNER JOIN sp_attribute a on ga.attr_id = a.attr_id  WHERE ga.goods_id = '53' AND a.attr_sel = 'many' GROUP BY a.attr_id  [ RunTime:0.0010s ]
SQL: SHOW COLUMNS FROM `sp_goods_pics` [ RunTime:0.0070s ]
SQL: SELECT * FROM `sp_goods_pics` WHERE `goods_id` = 53  [ RunTime:0.0000s ]
SQL: SELECT `goods_price`,`goods_member_price` FROM `sp_goods` WHERE `goods_id` = 53 LIMIT 1   [ RunTime:0.0000s ]

[ 2017-07-20T20:04:07+08:00 ] 127.0.0.1 /Admin/Goods/stateGoods.html
INFO: [ app_begin ] --START--
INFO: Run Behavior\ReadHtmlCacheBehavior [ RunTime:0.000000s ]
INFO: [ app_begin ] --END-- [ RunTime:0.001000s ]
SQL: SHOW COLUMNS FROM `sp_manager` [ RunTime:0.0070s ]
SQL: SELECT r.role_auth_ids,r.role_auth_ac FROM sp_manager m INNER JOIN sp_role as r on m.role_id=r.role_id  WHERE m.mg_id = '502' LIMIT 1   [ RunTime:0.0010s ]
SQL: SHOW COLUMNS FROM `sp_goods` [ RunTime:0.0070s ]
SQL: SELECT * FROM `sp_goods` WHERE `goods_id` = 53 LIMIT 1   [ RunTime:0.0010s ]
SQL: SHOW COLUMNS FROM `sp_goods` [ RunTime:0.0060s ]
SQL: SELECT * FROM `sp_goods` WHERE `goods_id` = 53 LIMIT 1   [ RunTime:0.0000s ]
SQL: SHOW COLUMNS FROM `sp_goods_attr` [ RunTime:0.0070s ]
SQL: SELECT a.attr_id,a.attr_name,ga.attr_value FROM sp_goods_attr ga INNER JOIN sp_attribute a on ga.attr_id = a.attr_id  WHERE ga.goods_id = '53' AND a.attr_sel = 'only'  [ RunTime:0.0010s ]
SQL: SELECT a.attr_id,a.attr_name,group_concat(ga.attr_value) attr_values FROM sp_goods_attr ga INNER JOIN sp_attribute a on ga.attr_id = a.attr_id  WHERE ga.goods_id = '53' AND a.attr_sel = 'many' GROUP BY a.attr_id  [ RunTime:0.0000s ]
SQL: SHOW COLUMNS FROM `sp_goods_pics` [ RunTime:0.0060s ]
SQL: SELECT * FROM `sp_goods_pics` WHERE `goods_id` = 53  [ RunTime:0.0010s ]
SQL: SELECT `goods_price`,`goods_member_price` FROM `sp_goods` WHERE `goods_id` = 53 LIMIT 1   [ RunTime:0.0000s ]

[ 2017-07-20T20:04:07+08:00 ] 127.0.0.1 /Admin/Goods/stateGoods.html
INFO: [ app_begin ] --START--
INFO: Run Behavior\ReadHtmlCacheBehavior [ RunTime:0.001000s ]
INFO: [ app_begin ] --END-- [ RunTime:0.001000s ]
SQL: SHOW COLUMNS FROM `sp_manager` [ RunTime:0.0070s ]
SQL: SELECT r.role_auth_ids,r.role_auth_ac FROM sp_manager m INNER JOIN sp_role as r on m.role_id=r.role_id  WHERE m.mg_id = '502' LIMIT 1   [ RunTime:0.0010s ]
SQL: SHOW COLUMNS FROM `sp_goods` [ RunTime:0.0070s ]
SQL: SELECT * FROM `sp_goods` WHERE `goods_id` = 53 LIMIT 1   [ RunTime:0.0000s ]
SQL: SHOW COLUMNS FROM `sp_goods` [ RunTime:0.0060s ]
SQL: SELECT * FROM `sp_goods` WHERE `goods_id` = 53 LIMIT 1   [ RunTime:0.0000s ]
SQL: SHOW COLUMNS FROM `sp_goods_attr` [ RunTime:0.0070s ]
SQL: SELECT a.attr_id,a.attr_name,ga.attr_value FROM sp_goods_attr ga INNER JOIN sp_attribute a on ga.attr_id = a.attr_id  WHERE ga.goods_id = '53' AND a.attr_sel = 'only'  [ RunTime:0.0010s ]
SQL: SELECT a.attr_id,a.attr_name,group_concat(ga.attr_value) attr_values FROM sp_goods_attr ga INNER JOIN sp_attribute a on ga.attr_id = a.attr_id  WHERE ga.goods_id = '53' AND a.attr_sel = 'many' GROUP BY a.attr_id  [ RunTime:0.0000s ]
SQL: SHOW COLUMNS FROM `sp_goods_pics` [ RunTime:0.0060s ]
SQL: SELECT * FROM `sp_goods_pics` WHERE `goods_id` = 53  [ RunTime:0.0010s ]
SQL: SELECT `goods_price`,`goods_member_price` FROM `sp_goods` WHERE `goods_id` = 53 LIMIT 1   [ RunTime:0.0000s ]

[ 2017-07-20T20:04:07+08:00 ] 127.0.0.1 /Admin/Goods/stateGoods.html
INFO: [ app_begin ] --START--
INFO: Run Behavior\ReadHtmlCacheBehavior [ RunTime:0.001000s ]
INFO: [ app_begin ] --END-- [ RunTime:0.001000s ]
SQL: SHOW COLUMNS FROM `sp_manager` [ RunTime:0.0080s ]
SQL: SELECT r.role_auth_ids,r.role_auth_ac FROM sp_manager m INNER JOIN sp_role as r on m.role_id=r.role_id  WHERE m.mg_id = '502' LIMIT 1   [ RunTime:0.0000s ]
SQL: SHOW COLUMNS FROM `sp_goods` [ RunTime:0.0080s ]
SQL: SELECT * FROM `sp_goods` WHERE `goods_id` = 53 LIMIT 1   [ RunTime:0.0000s ]
SQL: SHOW COLUMNS FROM `sp_goods` [ RunTime:0.0080s ]
SQL: SELECT * FROM `sp_goods` WHERE `goods_id` = 53 LIMIT 1   [ RunTime:0.0010s ]
SQL: SHOW COLUMNS FROM `sp_goods_attr` [ RunTime:0.0070s ]
SQL: SELECT a.attr_id,a.attr_name,ga.attr_value FROM sp_goods_attr ga INNER JOIN sp_attribute a on ga.attr_id = a.attr_id  WHERE ga.goods_id = '53' AND a.attr_sel = 'only'  [ RunTime:0.0000s ]
SQL: SELECT a.attr_id,a.attr_name,group_concat(ga.attr_value) attr_values FROM sp_goods_attr ga INNER JOIN sp_attribute a on ga.attr_id = a.attr_id  WHERE ga.goods_id = '53' AND a.attr_sel = 'many' GROUP BY a.attr_id  [ RunTime:0.0010s ]
SQL: SHOW COLUMNS FROM `sp_goods_pics` [ RunTime:0.0070s ]
SQL: SELECT * FROM `sp_goods_pics` WHERE `goods_id` = 53  [ RunTime:0.0000s ]
SQL: SELECT `goods_price`,`goods_member_price` FROM `sp_goods` WHERE `goods_id` = 53 LIMIT 1   [ RunTime:0.0010s ]

[ 2017-07-20T20:04:07+08:00 ] 127.0.0.1 /Admin/Goods/stateGoods.html
INFO: [ app_begin ] --START--
INFO: Run Behavior\ReadHtmlCacheBehavior [ RunTime:0.000000s ]
INFO: [ app_begin ] --END-- [ RunTime:0.001000s ]
SQL: SHOW COLUMNS FROM `sp_manager` [ RunTime:0.0070s ]
SQL: SELECT r.role_auth_ids,r.role_auth_ac FROM sp_manager m INNER JOIN sp_role as r on m.role_id=r.role_id  WHERE m.mg_id = '502' LIMIT 1   [ RunTime:0.0000s ]
SQL: SHOW COLUMNS FROM `sp_goods` [ RunTime:0.0070s ]
SQL: SELECT * FROM `sp_goods` WHERE `goods_id` = 53 LIMIT 1   [ RunTime:0.0000s ]
SQL: SHOW COLUMNS FROM `sp_goods` [ RunTime:0.0070s ]
SQL: SELECT * FROM `sp_goods` WHERE `goods_id` = 53 LIMIT 1   [ RunTime:0.0000s ]
SQL: SHOW COLUMNS FROM `sp_goods_attr` [ RunTime:0.0060s ]
SQL: SELECT a.attr_id,a.attr_name,ga.attr_value FROM sp_goods_attr ga INNER JOIN sp_attribute a on ga.attr_id = a.attr_id  WHERE ga.goods_id = '53' AND a.attr_sel = 'only'  [ RunTime:0.0010s ]
SQL: SELECT a.attr_id,a.attr_name,group_concat(ga.attr_value) attr_values FROM sp_goods_attr ga INNER JOIN sp_attribute a on ga.attr_id = a.attr_id  WHERE ga.goods_id = '53' AND a.attr_sel = 'many' GROUP BY a.attr_id  [ RunTime:0.0000s ]
SQL: SHOW COLUMNS FROM `sp_goods_pics` [ RunTime:0.0060s ]
SQL: SELECT * FROM `sp_goods_pics` WHERE `goods_id` = 53  [ RunTime:0.0010s ]
SQL: SELECT `goods_price`,`goods_member_price` FROM `sp_goods` WHERE `goods_id` = 53 LIMIT 1   [ RunTime:0.0000s ]

[ 2017-07-20T20:04:08+08:00 ] 127.0.0.1 /Admin/Goods/stateGoods.html
INFO: [ app_begin ] --START--
INFO: Run Behavior\ReadHtmlCacheBehavior [ RunTime:0.000000s ]
INFO: [ app_begin ] --END-- [ RunTime:0.001000s ]
SQL: SHOW COLUMNS FROM `sp_manager` [ RunTime:0.0070s ]
SQL: SELECT r.role_auth_ids,r.role_auth_ac FROM sp_manager m INNER JOIN sp_role as r on m.role_id=r.role_id  WHERE m.mg_id = '502' LIMIT 1   [ RunTime:0.0000s ]
SQL: SHOW COLUMNS FROM `sp_goods` [ RunTime:0.0080s ]
SQL: SELECT * FROM `sp_goods` WHERE `goods_id` = 53 LIMIT 1   [ RunTime:0.0010s ]
SQL: SHOW COLUMNS FROM `sp_goods` [ RunTime:0.0080s ]
SQL: SELECT * FROM `sp_goods` WHERE `goods_id` = 53 LIMIT 1   [ RunTime:0.0010s ]
SQL: SHOW COLUMNS FROM `sp_goods_attr` [ RunTime:0.0570s ]
SQL: SELECT a.attr_id,a.attr_name,ga.attr_value FROM sp_goods_attr ga INNER JOIN sp_attribute a on ga.attr_id = a.attr_id  WHERE ga.goods_id = '53' AND a.attr_sel = 'only'  [ RunTime:0.0010s ]
SQL: SELECT a.attr_id,a.attr_name,group_concat(ga.attr_value) attr_values FROM sp_goods_attr ga INNER JOIN sp_attribute a on ga.attr_id = a.attr_id  WHERE ga.goods_id = '53' AND a.attr_sel = 'many' GROUP BY a.attr_id  [ RunTime:0.0010s ]
SQL: SHOW COLUMNS FROM `sp_goods_pics` [ RunTime:0.0090s ]
SQL: SELECT * FROM `sp_goods_pics` WHERE `goods_id` = 53  [ RunTime:0.0000s ]
SQL: SELECT `goods_price`,`goods_member_price` FROM `sp_goods` WHERE `goods_id` = 53 LIMIT 1   [ RunTime:0.0000s ]

[ 2017-07-20T20:04:44+08:00 ] 127.0.0.1 /Admin/Goods/stateGoods.html
INFO: [ app_begin ] --START--
INFO: Run Behavior\ReadHtmlCacheBehavior [ RunTime:0.001000s ]
INFO: [ app_begin ] --END-- [ RunTime:0.001000s ]
SQL: SHOW COLUMNS FROM `sp_manager` [ RunTime:0.0080s ]
SQL: SELECT r.role_auth_ids,r.role_auth_ac FROM sp_manager m INNER JOIN sp_role as r on m.role_id=r.role_id  WHERE m.mg_id = '502' LIMIT 1   [ RunTime:0.0010s ]
SQL: SHOW COLUMNS FROM `sp_goods` [ RunTime:0.0090s ]
SQL: SELECT * FROM `sp_goods` WHERE `goods_id` = 53 LIMIT 1   [ RunTime:0.0000s ]
SQL: SHOW COLUMNS FROM `sp_goods` [ RunTime:0.0070s ]
SQL: SELECT * FROM `sp_goods` WHERE `goods_id` = 53 LIMIT 1   [ RunTime:0.0000s ]
SQL: SHOW COLUMNS FROM `sp_goods_attr` [ RunTime:0.0070s ]
SQL: SELECT a.attr_id,a.attr_name,ga.attr_value FROM sp_goods_attr ga INNER JOIN sp_attribute a on ga.attr_id = a.attr_id  WHERE ga.goods_id = '53' AND a.attr_sel = 'only'  [ RunTime:0.0010s ]
SQL: SELECT a.attr_id,a.attr_name,group_concat(ga.attr_value) attr_values FROM sp_goods_attr ga INNER JOIN sp_attribute a on ga.attr_id = a.attr_id  WHERE ga.goods_id = '53' AND a.attr_sel = 'many' GROUP BY a.attr_id  [ RunTime:0.0000s ]
SQL: SHOW COLUMNS FROM `sp_goods_pics` [ RunTime:0.0070s ]
SQL: SELECT * FROM `sp_goods_pics` WHERE `goods_id` = 53  [ RunTime:0.0000s ]
SQL: SELECT `goods_price`,`goods_member_price` FROM `sp_goods` WHERE `goods_id` = 53 LIMIT 1   [ RunTime:0.0000s ]

[ 2017-07-20T20:05:06+08:00 ] 127.0.0.1 /Admin/Goods/stateGoods.html
INFO: [ app_begin ] --START--
INFO: Run Behavior\ReadHtmlCacheBehavior [ RunTime:0.001000s ]
INFO: [ app_begin ] --END-- [ RunTime:0.002000s ]
SQL: SHOW COLUMNS FROM `sp_manager` [ RunTime:0.0080s ]
SQL: SELECT r.role_auth_ids,r.role_auth_ac FROM sp_manager m INNER JOIN sp_role as r on m.role_id=r.role_id  WHERE m.mg_id = '502' LIMIT 1   [ RunTime:0.0010s ]
SQL: SHOW COLUMNS FROM `sp_goods` [ RunTime:0.0080s ]
SQL: SELECT * FROM `sp_goods` WHERE `goods_id` = 53 LIMIT 1   [ RunTime:0.0000s ]
SQL: SHOW COLUMNS FROM `sp_goods` [ RunTime:0.0090s ]
SQL: SELECT * FROM `sp_goods` WHERE `goods_id` = 53 LIMIT 1   [ RunTime:0.0000s ]
SQL: SHOW COLUMNS FROM `sp_goods_attr` [ RunTime:0.0070s ]
SQL: SELECT a.attr_id,a.attr_name,ga.attr_value FROM sp_goods_attr ga INNER JOIN sp_attribute a on ga.attr_id = a.attr_id  WHERE ga.goods_id = '53' AND a.attr_sel = 'only'  [ RunTime:0.0000s ]
SQL: SELECT a.attr_id,a.attr_name,group_concat(ga.attr_value) attr_values FROM sp_goods_attr ga INNER JOIN sp_attribute a on ga.attr_id = a.attr_id  WHERE ga.goods_id = '53' AND a.attr_sel = 'many' GROUP BY a.attr_id  [ RunTime:0.0010s ]
SQL: SHOW COLUMNS FROM `sp_goods_pics` [ RunTime:0.0080s ]
SQL: SELECT * FROM `sp_goods_pics` WHERE `goods_id` = 53  [ RunTime:0.0000s ]
SQL: SELECT `goods_price`,`goods_member_price` FROM `sp_goods` WHERE `goods_id` = 53 LIMIT 1   [ RunTime:0.0000s ]

[ 2017-07-20T20:05:22+08:00 ] 127.0.0.1 /Admin/Goods/stateGoods.html
INFO: [ app_begin ] --START--
INFO: Run Behavior\ReadHtmlCacheBehavior [ RunTime:0.000000s ]
INFO: [ app_begin ] --END-- [ RunTime:0.001000s ]
SQL: SHOW COLUMNS FROM `sp_manager` [ RunTime:0.0080s ]
SQL: SELECT r.role_auth_ids,r.role_auth_ac FROM sp_manager m INNER JOIN sp_role as r on m.role_id=r.role_id  WHERE m.mg_id = '502' LIMIT 1   [ RunTime:0.0000s ]
SQL: SHOW COLUMNS FROM `sp_goods` [ RunTime:0.0100s ]
SQL: SELECT * FROM `sp_goods` WHERE `goods_id` = 53 LIMIT 1   [ RunTime:0.0000s ]
SQL: SHOW COLUMNS FROM `sp_goods` [ RunTime:0.0090s ]
SQL: SELECT * FROM `sp_goods` WHERE `goods_id` = 53 LIMIT 1   [ RunTime:0.0000s ]
SQL: SHOW COLUMNS FROM `sp_goods_attr` [ RunTime:0.0090s ]
SQL: SELECT a.attr_id,a.attr_name,ga.attr_value FROM sp_goods_attr ga INNER JOIN sp_attribute a on ga.attr_id = a.attr_id  WHERE ga.goods_id = '53' AND a.attr_sel = 'only'  [ RunTime:0.0000s ]
SQL: SELECT a.attr_id,a.attr_name,group_concat(ga.attr_value) attr_values FROM sp_goods_attr ga INNER JOIN sp_attribute a on ga.attr_id = a.attr_id  WHERE ga.goods_id = '53' AND a.attr_sel = 'many' GROUP BY a.attr_id  [ RunTime:0.0000s ]
SQL: SHOW COLUMNS FROM `sp_goods_pics` [ RunTime:0.0070s ]
SQL: SELECT * FROM `sp_goods_pics` WHERE `goods_id` = 53  [ RunTime:0.0010s ]
SQL: SELECT `goods_price`,`goods_member_price` FROM `sp_goods` WHERE `goods_id` = 53 LIMIT 1   [ RunTime:0.0000s ]

[ 2017-07-20T20:05:35+08:00 ] 127.0.0.1 /Admin/Goods/stateGoods.html
INFO: [ app_begin ] --START--
INFO: Run Behavior\ReadHtmlCacheBehavior [ RunTime:0.001000s ]
INFO: [ app_begin ] --END-- [ RunTime:0.001000s ]
SQL: SHOW COLUMNS FROM `sp_manager` [ RunTime:0.0110s ]
SQL: SELECT r.role_auth_ids,r.role_auth_ac FROM sp_manager m INNER JOIN sp_role as r on m.role_id=r.role_id  WHERE m.mg_id = '502' LIMIT 1   [ RunTime:0.0000s ]
SQL: SHOW COLUMNS FROM `sp_goods` [ RunTime:0.0100s ]
SQL: SELECT * FROM `sp_goods` WHERE `goods_id` = 53 LIMIT 1   [ RunTime:0.0000s ]
SQL: SHOW COLUMNS FROM `sp_goods` [ RunTime:0.0080s ]
SQL: SELECT * FROM `sp_goods` WHERE `goods_id` = 53 LIMIT 1   [ RunTime:0.0000s ]
SQL: SHOW COLUMNS FROM `sp_goods_attr` [ RunTime:0.0060s ]
SQL: SELECT a.attr_id,a.attr_name,ga.attr_value FROM sp_goods_attr ga INNER JOIN sp_attribute a on ga.attr_id = a.attr_id  WHERE ga.goods_id = '53' AND a.attr_sel = 'only'  [ RunTime:0.0000s ]
SQL: SELECT a.attr_id,a.attr_name,group_concat(ga.attr_value) attr_values FROM sp_goods_attr ga INNER JOIN sp_attribute a on ga.attr_id = a.attr_id  WHERE ga.goods_id = '53' AND a.attr_sel = 'many' GROUP BY a.attr_id  [ RunTime:0.0010s ]
SQL: SHOW COLUMNS FROM `sp_goods_pics` [ RunTime:0.0070s ]
SQL: SELECT * FROM `sp_goods_pics` WHERE `goods_id` = 53  [ RunTime:0.0000s ]
SQL: SELECT `goods_price`,`goods_member_price` FROM `sp_goods` WHERE `goods_id` = 53 LIMIT 1   [ RunTime:0.0000s ]

[ 2017-07-20T20:05:48+08:00 ] 127.0.0.1 /Admin/Goods/stateGoods.html
INFO: [ app_begin ] --START--
INFO: Run Behavior\ReadHtmlCacheBehavior [ RunTime:0.001000s ]
INFO: [ app_begin ] --END-- [ RunTime:0.001000s ]
SQL: SHOW COLUMNS FROM `sp_manager` [ RunTime:0.0070s ]
SQL: SELECT r.role_auth_ids,r.role_auth_ac FROM sp_manager m INNER JOIN sp_role as r on m.role_id=r.role_id  WHERE m.mg_id = '502' LIMIT 1   [ RunTime:0.0000s ]
SQL: SHOW COLUMNS FROM `sp_goods` [ RunTime:0.0070s ]
SQL: SELECT * FROM `sp_goods` WHERE `goods_id` = 53 LIMIT 1   [ RunTime:0.0000s ]
SQL: SHOW COLUMNS FROM `sp_goods` [ RunTime:0.0070s ]
SQL: SELECT * FROM `sp_goods` WHERE `goods_id` = 53 LIMIT 1   [ RunTime:0.0000s ]
SQL: SHOW COLUMNS FROM `sp_goods_attr` [ RunTime:0.0060s ]
SQL: SELECT a.attr_id,a.attr_name,ga.attr_value FROM sp_goods_attr ga INNER JOIN sp_attribute a on ga.attr_id = a.attr_id  WHERE ga.goods_id = '53' AND a.attr_sel = 'only'  [ RunTime:0.0000s ]
SQL: SELECT a.attr_id,a.attr_name,group_concat(ga.attr_value) attr_values FROM sp_goods_attr ga INNER JOIN sp_attribute a on ga.attr_id = a.attr_id  WHERE ga.goods_id = '53' AND a.attr_sel = 'many' GROUP BY a.attr_id  [ RunTime:0.0000s ]
SQL: SHOW COLUMNS FROM `sp_goods_pics` [ RunTime:0.0070s ]
SQL: SELECT * FROM `sp_goods_pics` WHERE `goods_id` = 53  [ RunTime:0.0000s ]
SQL: SELECT `goods_price`,`goods_member_price` FROM `sp_goods` WHERE `goods_id` = 53 LIMIT 1   [ RunTime:0.0000s ]

[ 2017-07-20T20:05:55+08:00 ] 127.0.0.1 /Admin/Goods/stateGoods.html
INFO: [ app_begin ] --START--
INFO: Run Behavior\ReadHtmlCacheBehavior [ RunTime:0.001000s ]
INFO: [ app_begin ] --END-- [ RunTime:0.002000s ]
SQL: SHOW COLUMNS FROM `sp_manager` [ RunTime:0.0070s ]
SQL: SELECT r.role_auth_ids,r.role_auth_ac FROM sp_manager m INNER JOIN sp_role as r on m.role_id=r.role_id  WHERE m.mg_id = '502' LIMIT 1   [ RunTime:0.0000s ]
SQL: SHOW COLUMNS FROM `sp_goods` [ RunTime:0.0070s ]
SQL: SELECT * FROM `sp_goods` WHERE `goods_id` = 52 LIMIT 1   [ RunTime:0.0010s ]
SQL: SHOW COLUMNS FROM `sp_goods` [ RunTime:0.0070s ]
SQL: SELECT * FROM `sp_goods` WHERE `goods_id` = 52 LIMIT 1   [ RunTime:0.0000s ]
SQL: SHOW COLUMNS FROM `sp_goods_attr` [ RunTime:0.0070s ]
SQL: SELECT a.attr_id,a.attr_name,ga.attr_value FROM sp_goods_attr ga INNER JOIN sp_attribute a on ga.attr_id = a.attr_id  WHERE ga.goods_id = '52' AND a.attr_sel = 'only'  [ RunTime:0.0000s ]
SQL: SELECT a.attr_id,a.attr_name,group_concat(ga.attr_value) attr_values FROM sp_goods_attr ga INNER JOIN sp_attribute a on ga.attr_id = a.attr_id  WHERE ga.goods_id = '52' AND a.attr_sel = 'many' GROUP BY a.attr_id  [ RunTime:0.0000s ]
SQL: SHOW COLUMNS FROM `sp_goods_pics` [ RunTime:0.0070s ]
SQL: SELECT * FROM `sp_goods_pics` WHERE `goods_id` = 52  [ RunTime:0.0010s ]
SQL: SELECT `goods_price`,`goods_member_price` FROM `sp_goods` WHERE `goods_id` = 52 LIMIT 1   [ RunTime:0.0000s ]

[ 2017-07-20T20:06:27+08:00 ] 127.0.0.1 /Admin/Goods/stateGoods.html
INFO: [ app_begin ] --START--
INFO: Run Behavior\ReadHtmlCacheBehavior [ RunTime:0.001000s ]
INFO: [ app_begin ] --END-- [ RunTime:0.002000s ]
SQL: SHOW COLUMNS FROM `sp_manager` [ RunTime:0.0070s ]
SQL: SELECT r.role_auth_ids,r.role_auth_ac FROM sp_manager m INNER JOIN sp_role as r on m.role_id=r.role_id  WHERE m.mg_id = '502' LIMIT 1   [ RunTime:0.0010s ]
SQL: SHOW COLUMNS FROM `sp_goods` [ RunTime:0.0060s ]
SQL: SELECT * FROM `sp_goods` WHERE `goods_id` = 52 LIMIT 1   [ RunTime:0.0000s ]
SQL: SHOW COLUMNS FROM `sp_goods` [ RunTime:0.0070s ]
SQL: SELECT * FROM `sp_goods` WHERE `goods_id` = 52 LIMIT 1   [ RunTime:0.0000s ]
SQL: SHOW COLUMNS FROM `sp_goods_attr` [ RunTime:0.0060s ]
SQL: SELECT a.attr_id,a.attr_name,ga.attr_value FROM sp_goods_attr ga INNER JOIN sp_attribute a on ga.attr_id = a.attr_id  WHERE ga.goods_id = '52' AND a.attr_sel = 'only'  [ RunTime:0.0010s ]
SQL: SELECT a.attr_id,a.attr_name,group_concat(ga.attr_value) attr_values FROM sp_goods_attr ga INNER JOIN sp_attribute a on ga.attr_id = a.attr_id  WHERE ga.goods_id = '52' AND a.attr_sel = 'many' GROUP BY a.attr_id  [ RunTime:0.0000s ]
SQL: SHOW COLUMNS FROM `sp_goods_pics` [ RunTime:0.0060s ]
SQL: SELECT * FROM `sp_goods_pics` WHERE `goods_id` = 52  [ RunTime:0.0010s ]
SQL: SELECT `goods_price`,`goods_member_price` FROM `sp_goods` WHERE `goods_id` = 52 LIMIT 1   [ RunTime:0.0000s ]
INFO: [ view_parse ] --START--
INFO: [ template_filter ] --START--
INFO: Run Behavior\ContentReplaceBehavior [ RunTime:0.000000s ]
INFO: [ template_filter ] --END-- [ RunTime:0.000000s ]
NOTIC: [8] Undefined variable: number_price D:\www\itshop\Application\Runtime\Cache\Admin\795e274f7e0defaaba4ae5ed57f62a8c.php 第 593 行.
NOTIC: [8] Undefined variable: number_price D:\www\itshop\Application\Runtime\Cache\Admin\795e274f7e0defaaba4ae5ed57f62a8c.php 第 594 行.
INFO: Run Behavior\ParseTemplateBehavior [ RunTime:0.016001s ]
INFO: [ view_parse ] --END-- [ RunTime:0.016001s ]
INFO: [ view_filter ] --START--
INFO: Run Behavior\WriteHtmlCacheBehavior [ RunTime:0.000000s ]
INFO: [ view_filter ] --END-- [ RunTime:0.000000s ]
SQL: UPDATE `sp_goods` SET `static_url`='./GoodsHTML/52.html' WHERE `goods_id` = 52 [ RunTime:0.0400s ]

[ 2017-07-20T23:31:49+08:00 ] 127.0.0.1 /Admin
INFO: [ view_parse ] --START--
INFO: [ template_filter ] --START--
INFO: Run Behavior\ContentReplaceBehavior [ RunTime:0.000000s ]
INFO: [ template_filter ] --END-- [ RunTime:0.000000s ]
INFO: Run Behavior\ParseTemplateBehavior [ RunTime:0.108007s ]
INFO: [ view_parse ] --END-- [ RunTime:0.110007s ]
INFO: [ view_filter ] --START--
INFO: Run Behavior\WriteHtmlCacheBehavior [ RunTime:0.001000s ]
INFO: [ view_filter ] --END-- [ RunTime:0.001000s ]
NOTIC: [2] Cannot modify header information - headers already sent by (output started at D:\www\itshop\Application\Admin\Common\AdminController.class.php:33) D:\www\itshop\ThinkPHP\Library\Think\View.class.php 第 91 行.
NOTIC: [2] Cannot modify header information - headers already sent by (output started at D:\www\itshop\Application\Admin\Common\AdminController.class.php:33) D:\www\itshop\ThinkPHP\Library\Think\View.class.php 第 92 行.
NOTIC: [2] Cannot modify header information - headers already sent by (output started at D:\www\itshop\Application\Admin\Common\AdminController.class.php:33) D:\www\itshop\ThinkPHP\Library\Think\View.class.php 第 93 行.
INFO: [ app_end ] --START--
INFO: Run Behavior\ShowPageTraceBehavior [ RunTime:0.001000s ]
INFO: [ app_end ] --END-- [ RunTime:0.002000s ]

[ 2017-07-20T23:31:57+08:00 ] 127.0.0.1 /Admin/Index/index.html
INFO: [ view_parse ] --START--
INFO: [ template_filter ] --START--
INFO: Run Behavior\ContentReplaceBehavior [ RunTime:0.000000s ]
INFO: [ template_filter ] --END-- [ RunTime:0.000000s ]
INFO: Run Behavior\ParseTemplateBehavior [ RunTime:0.005000s ]
INFO: [ view_parse ] --END-- [ RunTime:0.006001s ]
INFO: [ view_filter ] --START--
INFO: Run Behavior\WriteHtmlCacheBehavior [ RunTime:0.000000s ]
INFO: [ view_filter ] --END-- [ RunTime:0.000000s ]
INFO: [ app_end ] --START--
INFO: Run Behavior\ShowPageTraceBehavior [ RunTime:0.000000s ]
INFO: [ app_end ] --END-- [ RunTime:0.000000s ]

[ 2017-07-20T23:31:57+08:00 ] 127.0.0.1 /Admin/Index/top.html
INFO: [ view_parse ] --START--
INFO: [ template_filter ] --START--
INFO: Run Behavior\ContentReplaceBehavior [ RunTime:0.000000s ]
INFO: [ template_filter ] --END-- [ RunTime:0.000000s ]
INFO: Run Behavior\ParseTemplateBehavior [ RunTime:0.018001s ]
INFO: [ view_parse ] --END-- [ RunTime:0.018001s ]
INFO: [ view_filter ] --START--
INFO: Run Behavior\WriteHtmlCacheBehavior [ RunTime:0.000000s ]
INFO: [ view_filter ] --END-- [ RunTime:0.000000s ]
INFO: [ app_end ] --START--
INFO: Run Behavior\ShowPageTraceBehavior [ RunTime:0.001000s ]
INFO: [ app_end ] --END-- [ RunTime:0.001000s ]

[ 2017-07-20T23:31:58+08:00 ] 127.0.0.1 /Admin/Index/center.html
INFO: [ view_parse ] --START--
INFO: [ template_filter ] --START--
INFO: Run Behavior\ContentReplaceBehavior [ RunTime:0.000000s ]
INFO: [ template_filter ] --END-- [ RunTime:0.001000s ]
INFO: Run Behavior\ParseTemplateBehavior [ RunTime:0.011001s ]
INFO: [ view_parse ] --END-- [ RunTime:0.012001s ]
INFO: [ view_filter ] --START--
INFO: Run Behavior\WriteHtmlCacheBehavior [ RunTime:0.000000s ]
INFO: [ view_filter ] --END-- [ RunTime:0.000000s ]
INFO: [ app_end ] --START--
INFO: Run Behavior\ShowPageTraceBehavior [ RunTime:0.001000s ]
INFO: [ app_end ] --END-- [ RunTime:0.001000s ]

[ 2017-07-20T23:31:58+08:00 ] 127.0.0.1 /Admin/Index/left.html
SQL: SHOW COLUMNS FROM `sp_auth` [ RunTime:0.0400s ]
SQL: SELECT * FROM `sp_auth` WHERE `auth_level` = '0'  [ RunTime:0.0010s ]
SQL: SELECT * FROM `sp_auth` WHERE `auth_level` = '1'  [ RunTime:0.0010s ]
INFO: [ view_parse ] --START--
INFO: [ template_filter ] --START--
INFO: Run Behavior\ContentReplaceBehavior [ RunTime:0.000000s ]
INFO: [ template_filter ] --END-- [ RunTime:0.001000s ]
INFO: Run Behavior\ParseTemplateBehavior [ RunTime:0.037002s ]
INFO: [ view_parse ] --END-- [ RunTime:0.038002s ]
INFO: [ view_filter ] --START--
INFO: Run Behavior\WriteHtmlCacheBehavior [ RunTime:0.000000s ]
INFO: [ view_filter ] --END-- [ RunTime:0.001000s ]
INFO: [ app_end ] --START--
INFO: Run Behavior\ShowPageTraceBehavior [ RunTime:0.001000s ]
INFO: [ app_end ] --END-- [ RunTime:0.001000s ]

[ 2017-07-20T23:31:58+08:00 ] 127.0.0.1 /Admin/Index/down.html
INFO: [ view_parse ] --START--
INFO: [ template_filter ] --START--
INFO: Run Behavior\ContentReplaceBehavior [ RunTime:0.000000s ]
INFO: [ template_filter ] --END-- [ RunTime:0.000000s ]
INFO: Run Behavior\ParseTemplateBehavior [ RunTime:0.053003s ]
INFO: [ view_parse ] --END-- [ RunTime:0.054004s ]
INFO: [ view_filter ] --START--
INFO: Run Behavior\WriteHtmlCacheBehavior [ RunTime:0.001000s ]
INFO: [ view_filter ] --END-- [ RunTime:0.001000s ]
INFO: [ app_end ] --START--
INFO: Run Behavior\ShowPageTraceBehavior [ RunTime:0.001000s ]
INFO: [ app_end ] --END-- [ RunTime:0.001000s ]

[ 2017-07-20T23:32:06+08:00 ] 127.0.0.1 /index.php/Admin/Goods/getAttrByType2?goods_id=54&type_id=3
INFO: [ app_begin ] --START--
INFO: Run Behavior\ReadHtmlCacheBehavior [ RunTime:0.001001s ]
INFO: [ app_begin ] --END-- [ RunTime:0.001001s ]
SQL: SHOW COLUMNS FROM `sp_manager` [ RunTime:0.0070s ]
SQL: SELECT r.role_auth_ids,r.role_auth_ac FROM sp_manager m INNER JOIN sp_role as r on m.role_id=r.role_id  WHERE m.mg_id = '502' LIMIT 1   [ RunTime:0.0000s ]
SQL: SHOW COLUMNS FROM `sp_attribute` [ RunTime:0.0060s ]
SQL: SELECT a.attr_id,a.attr_name,a.attr_vals,a.attr_sel,(select group_concat(ga.attr_value) from sp_goods_attr ga where ga.attr_id = a.attr_id and ga.goods_id=54) attr_value FROM sp_attribute a WHERE a.type_id = '3'  [ RunTime:0.0190s ]
INFO: [ app_end ] --START--
INFO: Run Behavior\ShowPageTraceBehavior [ RunTime:0.001000s ]
INFO: [ app_end ] --END-- [ RunTime:0.001000s ]

[ 2017-07-20T23:32:06+08:00 ] 127.0.0.1 /index.php/Admin/Goods/getAttrByType2?goods_id=54&type_id=3
INFO: [ app_begin ] --START--
INFO: Run Behavior\ReadHtmlCacheBehavior [ RunTime:0.001000s ]
INFO: [ app_begin ] --END-- [ RunTime:0.001000s ]
SQL: SHOW COLUMNS FROM `sp_manager` [ RunTime:0.0070s ]
SQL: SELECT r.role_auth_ids,r.role_auth_ac FROM sp_manager m INNER JOIN sp_role as r on m.role_id=r.role_id  WHERE m.mg_id = '502' LIMIT 1   [ RunTime:0.0000s ]
SQL: SHOW COLUMNS FROM `sp_attribute` [ RunTime:0.0060s ]
SQL: SELECT a.attr_id,a.attr_name,a.attr_vals,a.attr_sel,(select group_concat(ga.attr_value) from sp_goods_attr ga where ga.attr_id = a.attr_id and ga.goods_id=54) attr_value FROM sp_attribute a WHERE a.type_id = '3'  [ RunTime:0.0010s ]
INFO: [ app_end ] --START--
INFO: Run Behavior\ShowPageTraceBehavior [ RunTime:0.000000s ]
INFO: [ app_end ] --END-- [ RunTime:0.000000s ]

[ 2017-07-20T23:32:17+08:00 ] 127.0.0.1 /index.php/Admin/Goods/getAttrByType2?goods_id=53&type_id=0
INFO: [ app_begin ] --START--
INFO: Run Behavior\ReadHtmlCacheBehavior [ RunTime:0.001000s ]
INFO: [ app_begin ] --END-- [ RunTime:0.001000s ]
SQL: SHOW COLUMNS FROM `sp_manager` [ RunTime:0.0090s ]
SQL: SELECT r.role_auth_ids,r.role_auth_ac FROM sp_manager m INNER JOIN sp_role as r on m.role_id=r.role_id  WHERE m.mg_id = '502' LIMIT 1   [ RunTime:0.0000s ]
SQL: SHOW COLUMNS FROM `sp_attribute` [ RunTime:0.0090s ]
SQL: SELECT a.attr_id,a.attr_name,a.attr_vals,a.attr_sel,(select group_concat(ga.attr_value) from sp_goods_attr ga where ga.attr_id = a.attr_id and ga.goods_id=53) attr_value FROM sp_attribute a WHERE a.type_id = '0'  [ RunTime:0.0000s ]
INFO: [ app_end ] --START--
INFO: Run Behavior\ShowPageTraceBehavior [ RunTime:0.001000s ]
INFO: [ app_end ] --END-- [ RunTime:0.001000s ]

[ 2017-07-20T23:32:17+08:00 ] 127.0.0.1 /index.php/Admin/Goods/getAttrByType2?goods_id=53&type_id=0
INFO: [ app_begin ] --START--
INFO: Run Behavior\ReadHtmlCacheBehavior [ RunTime:0.000000s ]
INFO: [ app_begin ] --END-- [ RunTime:0.001000s ]
SQL: SHOW COLUMNS FROM `sp_manager` [ RunTime:0.0110s ]
SQL: SELECT r.role_auth_ids,r.role_auth_ac FROM sp_manager m INNER JOIN sp_role as r on m.role_id=r.role_id  WHERE m.mg_id = '502' LIMIT 1   [ RunTime:0.0000s ]
SQL: SHOW COLUMNS FROM `sp_attribute` [ RunTime:0.0100s ]
SQL: SELECT a.attr_id,a.attr_name,a.attr_vals,a.attr_sel,(select group_concat(ga.attr_value) from sp_goods_attr ga where ga.attr_id = a.attr_id and ga.goods_id=53) attr_value FROM sp_attribute a WHERE a.type_id = '0'  [ RunTime:0.0010s ]
INFO: [ app_end ] --START--
INFO: Run Behavior\ShowPageTraceBehavior [ RunTime:0.001000s ]
INFO: [ app_end ] --END-- [ RunTime:0.001000s ]

