[ 2017-07-30T11:55:24+08:00 ] 127.0.0.1 /Admin
INFO: [ view_parse ] --START--
INFO: [ template_filter ] --START--
INFO: Run Behavior\ContentReplaceBehavior [ RunTime:0.000000s ]
INFO: [ template_filter ] --END-- [ RunTime:0.001000s ]
INFO: Run Behavior\ParseTemplateBehavior [ RunTime:0.041002s ]
INFO: [ view_parse ] --END-- [ RunTime:0.043003s ]
INFO: [ view_filter ] --START--
INFO: Run Behavior\WriteHtmlCacheBehavior [ RunTime:0.001000s ]
INFO: [ view_filter ] --END-- [ RunTime:0.001000s ]
NOTIC: [2] Cannot modify header information - headers already sent by (output started at D:\www\itshop\Application\Admin\Common\AdminController.class.php:35) D:\www\itshop\ThinkPHP\Library\Think\View.class.php 第 91 行.
NOTIC: [2] Cannot modify header information - headers already sent by (output started at D:\www\itshop\Application\Admin\Common\AdminController.class.php:35) D:\www\itshop\ThinkPHP\Library\Think\View.class.php 第 92 行.
NOTIC: [2] Cannot modify header information - headers already sent by (output started at D:\www\itshop\Application\Admin\Common\AdminController.class.php:35) D:\www\itshop\ThinkPHP\Library\Think\View.class.php 第 93 行.
INFO: [ app_end ] --START--
INFO: Run Behavior\ShowPageTraceBehavior [ RunTime:0.001000s ]
INFO: [ app_end ] --END-- [ RunTime:0.001000s ]

[ 2017-07-30T11:57:08+08:00 ] 127.0.0.1 /Admin/Index/index.html
INFO: [ view_parse ] --START--
INFO: [ template_filter ] --START--
INFO: Run Behavior\ContentReplaceBehavior [ RunTime:0.000000s ]
INFO: [ template_filter ] --END-- [ RunTime:0.001000s ]
INFO: Run Behavior\ParseTemplateBehavior [ RunTime:0.020001s ]
INFO: [ view_parse ] --END-- [ RunTime:0.021001s ]
INFO: [ view_filter ] --START--
INFO: Run Behavior\WriteHtmlCacheBehavior [ RunTime:0.001000s ]
INFO: [ view_filter ] --END-- [ RunTime:0.001000s ]
INFO: [ app_end ] --START--
INFO: Run Behavior\ShowPageTraceBehavior [ RunTime:0.001000s ]
INFO: [ app_end ] --END-- [ RunTime:0.001000s ]

[ 2017-07-30T11:57:08+08:00 ] 127.0.0.1 /Admin/Index/top.html
INFO: [ view_parse ] --START--
INFO: [ template_filter ] --START--
INFO: Run Behavior\ContentReplaceBehavior [ RunTime:0.000000s ]
INFO: [ template_filter ] --END-- [ RunTime:0.000000s ]
INFO: Run Behavior\ParseTemplateBehavior [ RunTime:0.028002s ]
INFO: [ view_parse ] --END-- [ RunTime:0.029002s ]
INFO: [ view_filter ] --START--
INFO: Run Behavior\WriteHtmlCacheBehavior [ RunTime:0.001000s ]
INFO: [ view_filter ] --END-- [ RunTime:0.001000s ]
INFO: [ app_end ] --START--
INFO: Run Behavior\ShowPageTraceBehavior [ RunTime:0.001000s ]
INFO: [ app_end ] --END-- [ RunTime:0.001000s ]

[ 2017-07-30T11:57:09+08:00 ] 127.0.0.1 /Admin/Index/center.html
INFO: [ view_parse ] --START--
INFO: [ template_filter ] --START--
INFO: Run Behavior\ContentReplaceBehavior [ RunTime:0.000000s ]
INFO: [ template_filter ] --END-- [ RunTime:0.001000s ]
INFO: Run Behavior\ParseTemplateBehavior [ RunTime:0.016001s ]
INFO: [ view_parse ] --END-- [ RunTime:0.016001s ]
INFO: [ view_filter ] --START--
INFO: Run Behavior\WriteHtmlCacheBehavior [ RunTime:0.000000s ]
INFO: [ view_filter ] --END-- [ RunTime:0.002000s ]
INFO: [ app_end ] --START--
INFO: Run Behavior\ShowPageTraceBehavior [ RunTime:0.002000s ]
INFO: [ app_end ] --END-- [ RunTime:0.002000s ]

[ 2017-07-30T11:57:09+08:00 ] 127.0.0.1 /Admin/Index/down.html
INFO: [ view_parse ] --START--
INFO: [ template_filter ] --START--
INFO: Run Behavior\ContentReplaceBehavior [ RunTime:0.000000s ]
INFO: [ template_filter ] --END-- [ RunTime:0.000000s ]
INFO: Run Behavior\ParseTemplateBehavior [ RunTime:0.062004s ]
INFO: [ view_parse ] --END-- [ RunTime:0.064004s ]
INFO: [ view_filter ] --START--
INFO: Run Behavior\WriteHtmlCacheBehavior [ RunTime:0.001000s ]
INFO: [ view_filter ] --END-- [ RunTime:0.001000s ]
INFO: [ app_end ] --START--
INFO: Run Behavior\ShowPageTraceBehavior [ RunTime:0.002000s ]
INFO: [ app_end ] --END-- [ RunTime:0.002000s ]

[ 2017-07-30T11:57:09+08:00 ] 127.0.0.1 /Admin/Index/left.html
SQL: SHOW COLUMNS FROM `sp_auth` [ RunTime:0.1130s ]
SQL: SELECT * FROM `sp_auth` WHERE `auth_level` = '0'  [ RunTime:0.0010s ]
SQL: SELECT * FROM `sp_auth` WHERE `auth_level` = '1'  [ RunTime:0.0010s ]
INFO: [ view_parse ] --START--
INFO: [ template_filter ] --START--
INFO: Run Behavior\ContentReplaceBehavior [ RunTime:0.000000s ]
INFO: [ template_filter ] --END-- [ RunTime:0.000000s ]
INFO: Run Behavior\ParseTemplateBehavior [ RunTime:0.048003s ]
INFO: [ view_parse ] --END-- [ RunTime:0.048003s ]
INFO: [ view_filter ] --START--
INFO: Run Behavior\WriteHtmlCacheBehavior [ RunTime:0.001000s ]
INFO: [ view_filter ] --END-- [ RunTime:0.002000s ]
INFO: [ app_end ] --START--
INFO: Run Behavior\ShowPageTraceBehavior [ RunTime:0.001000s ]
INFO: [ app_end ] --END-- [ RunTime:0.002000s ]

[ 2017-07-30T12:04:58+08:00 ] 127.0.0.1 /Admin/Extend/sendExtend.html
INFO: [ app_begin ] --START--
INFO: Run Behavior\ReadHtmlCacheBehavior [ RunTime:0.000000s ]
INFO: [ app_begin ] --END-- [ RunTime:0.000000s ]
SQL: SHOW COLUMNS FROM `sp_manager` [ RunTime:0.0000s ]
SQL: SELECT r.role_auth_ids,r.role_auth_ac FROM sp_manager m INNER JOIN sp_role as r on m.role_id=r.role_id  WHERE m.mg_id = '502' LIMIT 1   [ RunTime:0.0000s ]
SQL: SHOW COLUMNS FROM `sp_extend` [ RunTime:0.0156s ]
SQL: SELECT * FROM `sp_extend` WHERE `id` = 4 LIMIT 1   [ RunTime:0.0864s ]
NOTIC: [8] Undefined variable: entend_info D:\www\itshop\Application\Admin\Controller\ExtendController.class.php 第 38 行.
SQL: SHOW COLUMNS FROM `sp_user` [ RunTime:0.1248s ]
SQL: SELECT * FROM `sp_user`  [ RunTime:0.0000s ]

[ 2017-07-30T12:09:34+08:00 ] 127.0.0.1 /Admin/Extend/sendExtend.html
INFO: [ app_begin ] --START--
INFO: Run Behavior\ReadHtmlCacheBehavior [ RunTime:0.001000s ]
INFO: [ app_begin ] --END-- [ RunTime:0.001000s ]
SQL: SHOW COLUMNS FROM `sp_manager` [ RunTime:0.0156s ]
SQL: SELECT r.role_auth_ids,r.role_auth_ac FROM sp_manager m INNER JOIN sp_role as r on m.role_id=r.role_id  WHERE m.mg_id = '502' LIMIT 1   [ RunTime:0.0000s ]
SQL: SHOW COLUMNS FROM `sp_extend` [ RunTime:0.0000s ]
SQL: SELECT * FROM `sp_extend` WHERE `id` = 1 LIMIT 1   [ RunTime:0.0000s ]
NOTIC: [8] Undefined variable: entend_info D:\www\itshop\Application\Admin\Controller\ExtendController.class.php 第 38 行.
SQL: SHOW COLUMNS FROM `sp_user` [ RunTime:0.0110s ]
SQL: SELECT * FROM `sp_user`  [ RunTime:0.0000s ]

[ 2017-07-30T12:12:00+08:00 ] 127.0.0.1 /Admin/Extend/sendExtend.html
INFO: [ app_begin ] --START--
INFO: Run Behavior\ReadHtmlCacheBehavior [ RunTime:0.001000s ]
INFO: [ app_begin ] --END-- [ RunTime:0.001000s ]
SQL: SHOW COLUMNS FROM `sp_manager` [ RunTime:0.0000s ]
SQL: SELECT r.role_auth_ids,r.role_auth_ac FROM sp_manager m INNER JOIN sp_role as r on m.role_id=r.role_id  WHERE m.mg_id = '502' LIMIT 1   [ RunTime:0.0000s ]
SQL: SHOW COLUMNS FROM `sp_extend` [ RunTime:0.0000s ]
SQL: SELECT * FROM `sp_extend` WHERE `id` = 1 LIMIT 1   [ RunTime:0.0000s ]
NOTIC: [8] Undefined variable: entend_info D:\www\itshop\Application\Admin\Controller\ExtendController.class.php 第 38 行.
SQL: SHOW COLUMNS FROM `sp_user` [ RunTime:0.0156s ]
SQL: SELECT * FROM `sp_user`  [ RunTime:0.0000s ]

[ 2017-07-30T12:12:25+08:00 ] 127.0.0.1 /Admin/Extend/sendExtend.html
INFO: [ app_begin ] --START--
INFO: Run Behavior\ReadHtmlCacheBehavior [ RunTime:0.001000s ]
INFO: [ app_begin ] --END-- [ RunTime:0.002000s ]
SQL: SHOW COLUMNS FROM `sp_manager` [ RunTime:0.0000s ]
SQL: SELECT r.role_auth_ids,r.role_auth_ac FROM sp_manager m INNER JOIN sp_role as r on m.role_id=r.role_id  WHERE m.mg_id = '502' LIMIT 1   [ RunTime:0.0000s ]
SQL: SHOW COLUMNS FROM `sp_extend` [ RunTime:0.0000s ]
SQL: SELECT * FROM `sp_extend` WHERE `id` = 1 LIMIT 1   [ RunTime:0.0000s ]
NOTIC: [8] Undefined variable: entend_info D:\www\itshop\Application\Admin\Controller\ExtendController.class.php 第 38 行.
SQL: SHOW COLUMNS FROM `sp_user` [ RunTime:0.0156s ]
SQL: SELECT * FROM `sp_user`  [ RunTime:0.0000s ]

[ 2017-07-30T12:14:00+08:00 ] 127.0.0.1 /Admin/Extend/sendExtend.html
INFO: [ app_begin ] --START--
INFO: Run Behavior\ReadHtmlCacheBehavior [ RunTime:0.001000s ]
INFO: [ app_begin ] --END-- [ RunTime:0.001000s ]
SQL: SHOW COLUMNS FROM `sp_manager` [ RunTime:0.0000s ]
SQL: SELECT r.role_auth_ids,r.role_auth_ac FROM sp_manager m INNER JOIN sp_role as r on m.role_id=r.role_id  WHERE m.mg_id = '502' LIMIT 1   [ RunTime:0.0000s ]
SQL: SHOW COLUMNS FROM `sp_extend` [ RunTime:0.0000s ]
SQL: SELECT * FROM `sp_extend` WHERE `id` = 1 LIMIT 1   [ RunTime:0.0000s ]
NOTIC: [8] Undefined variable: entend_info D:\www\itshop\Application\Admin\Controller\ExtendController.class.php 第 38 行.
SQL: SHOW COLUMNS FROM `sp_user` [ RunTime:0.0156s ]
SQL: SELECT * FROM `sp_user`  [ RunTime:0.0000s ]

[ 2017-07-30T12:18:15+08:00 ] 127.0.0.1 /Admin/Extend/sendExtend.html
INFO: [ app_begin ] --START--
INFO: Run Behavior\ReadHtmlCacheBehavior [ RunTime:0.001000s ]
INFO: [ app_begin ] --END-- [ RunTime:0.001000s ]
SQL: SHOW COLUMNS FROM `sp_manager` [ RunTime:0.0030s ]
SQL: SELECT r.role_auth_ids,r.role_auth_ac FROM sp_manager m INNER JOIN sp_role as r on m.role_id=r.role_id  WHERE m.mg_id = '502' LIMIT 1   [ RunTime:0.0000s ]
SQL: SHOW COLUMNS FROM `sp_extend` [ RunTime:0.0000s ]
SQL: SELECT * FROM `sp_extend` WHERE `id` = 4 LIMIT 1   [ RunTime:0.0000s ]
NOTIC: [8] Undefined variable: entend_info D:\www\itshop\Application\Admin\Controller\ExtendController.class.php 第 38 行.
SQL: SHOW COLUMNS FROM `sp_user` [ RunTime:0.0000s ]
SQL: SELECT * FROM `sp_user`  [ RunTime:0.0000s ]

[ 2017-07-30T12:18:24+08:00 ] 127.0.0.1 /Admin/Extend/sendExtend.html
INFO: [ app_begin ] --START--
INFO: Run Behavior\ReadHtmlCacheBehavior [ RunTime:0.001001s ]
INFO: [ app_begin ] --END-- [ RunTime:0.001001s ]
SQL: SHOW COLUMNS FROM `sp_manager` [ RunTime:0.0110s ]
SQL: SELECT r.role_auth_ids,r.role_auth_ac FROM sp_manager m INNER JOIN sp_role as r on m.role_id=r.role_id  WHERE m.mg_id = '502' LIMIT 1   [ RunTime:0.0010s ]
SQL: SHOW COLUMNS FROM `sp_extend` [ RunTime:0.0130s ]
SQL: SELECT * FROM `sp_extend` WHERE `id` = 4 LIMIT 1   [ RunTime:0.0010s ]
NOTIC: [8] Undefined variable: entend_info D:\www\itshop\Application\Admin\Controller\ExtendController.class.php 第 38 行.
SQL: SHOW COLUMNS FROM `sp_user` [ RunTime:0.0100s ]
SQL: SELECT * FROM `sp_user`  [ RunTime:0.0010s ]

[ 2017-07-30T14:43:15+08:00 ] 127.0.0.1 /Admin/Extend/sendExtend.html
INFO: [ app_begin ] --START--
INFO: Run Behavior\ReadHtmlCacheBehavior [ RunTime:0.001000s ]
INFO: [ app_begin ] --END-- [ RunTime:0.002000s ]
SQL: SHOW COLUMNS FROM `sp_manager` [ RunTime:0.0080s ]
SQL: SELECT r.role_auth_ids,r.role_auth_ac FROM sp_manager m INNER JOIN sp_role as r on m.role_id=r.role_id  WHERE m.mg_id = '502' LIMIT 1   [ RunTime:0.0000s ]
SQL: SHOW COLUMNS FROM `sp_extend` [ RunTime:0.0080s ]
SQL: SELECT * FROM `sp_extend` WHERE `id` = 4 LIMIT 1   [ RunTime:0.0000s ]
NOTIC: [8] Undefined variable: entend_info D:\www\itshop\Application\Admin\Controller\ExtendController.class.php 第 38 行.
SQL: SHOW COLUMNS FROM `sp_user` [ RunTime:0.0312s ]
SQL: SELECT * FROM `sp_user`  [ RunTime:0.0000s ]

