[ 2017-07-16T01:05:24+08:00 ] 127.0.0.1 /index.php/Admin
INFO: [ view_parse ] --START--
INFO: [ template_filter ] --START--
INFO: Run Behavior\ContentReplaceBehavior [ RunTime:0.000000s ]
INFO: [ template_filter ] --END-- [ RunTime:0.000000s ]
INFO: Run Behavior\ParseTemplateBehavior [ RunTime:0.018001s ]
INFO: [ view_parse ] --END-- [ RunTime:0.020001s ]
INFO: [ view_filter ] --START--
INFO: Run Behavior\WriteHtmlCacheBehavior [ RunTime:0.001000s ]
INFO: [ view_filter ] --END-- [ RunTime:0.001000s ]
INFO: [ app_end ] --START--
INFO: Run Behavior\ShowPageTraceBehavior [ RunTime:0.002000s ]
INFO: [ app_end ] --END-- [ RunTime:0.002000s ]

[ 2017-07-16T01:06:02+08:00 ] 127.0.0.1 /index.php/Admin/Index/index.html
INFO: [ view_parse ] --START--
INFO: [ template_filter ] --START--
INFO: Run Behavior\ContentReplaceBehavior [ RunTime:0.000000s ]
INFO: [ template_filter ] --END-- [ RunTime:0.000000s ]
INFO: Run Behavior\ParseTemplateBehavior [ RunTime:0.018001s ]
INFO: [ view_parse ] --END-- [ RunTime:0.019001s ]
INFO: [ view_filter ] --START--
INFO: Run Behavior\WriteHtmlCacheBehavior [ RunTime:0.002000s ]
INFO: [ view_filter ] --END-- [ RunTime:0.002000s ]
INFO: [ app_end ] --START--
INFO: Run Behavior\ShowPageTraceBehavior [ RunTime:0.003001s ]
INFO: [ app_end ] --END-- [ RunTime:0.003001s ]

[ 2017-07-16T01:06:02+08:00 ] 127.0.0.1 /index.php/Admin/Index/top.html
INFO: [ view_parse ] --START--
INFO: [ template_filter ] --START--
INFO: Run Behavior\ContentReplaceBehavior [ RunTime:0.000000s ]
INFO: [ template_filter ] --END-- [ RunTime:0.000000s ]
INFO: Run Behavior\ParseTemplateBehavior [ RunTime:0.033002s ]
INFO: [ view_parse ] --END-- [ RunTime:0.035002s ]
INFO: [ view_filter ] --START--
INFO: Run Behavior\WriteHtmlCacheBehavior [ RunTime:0.001000s ]
INFO: [ view_filter ] --END-- [ RunTime:0.001000s ]
INFO: [ app_end ] --START--
INFO: Run Behavior\ShowPageTraceBehavior [ RunTime:0.002000s ]
INFO: [ app_end ] --END-- [ RunTime:0.002000s ]

[ 2017-07-16T01:06:03+08:00 ] 127.0.0.1 /index.php/Admin/Index/center.html
INFO: [ view_parse ] --START--
INFO: [ template_filter ] --START--
INFO: Run Behavior\ContentReplaceBehavior [ RunTime:0.000000s ]
INFO: [ template_filter ] --END-- [ RunTime:0.000000s ]
INFO: Run Behavior\ParseTemplateBehavior [ RunTime:0.008001s ]
INFO: [ view_parse ] --END-- [ RunTime:0.010001s ]
INFO: [ view_filter ] --START--
INFO: Run Behavior\WriteHtmlCacheBehavior [ RunTime:0.000000s ]
INFO: [ view_filter ] --END-- [ RunTime:0.000000s ]
INFO: [ app_end ] --START--
INFO: Run Behavior\ShowPageTraceBehavior [ RunTime:0.001000s ]
INFO: [ app_end ] --END-- [ RunTime:0.001000s ]

[ 2017-07-16T01:06:03+08:00 ] 127.0.0.1 /index.php/Admin/Index/left.html
SQL: SHOW COLUMNS FROM `sp_auth` [ RunTime:0.0220s ]
SQL: SELECT * FROM `sp_auth` WHERE `auth_level` = '0'  [ RunTime:0.0010s ]
SQL: SELECT * FROM `sp_auth` WHERE `auth_level` = '1'  [ RunTime:0.0010s ]
INFO: [ view_parse ] --START--
INFO: [ template_filter ] --START--
INFO: Run Behavior\ContentReplaceBehavior [ RunTime:0.000000s ]
INFO: [ template_filter ] --END-- [ RunTime:0.000000s ]
INFO: Run Behavior\ParseTemplateBehavior [ RunTime:0.045003s ]
INFO: [ view_parse ] --END-- [ RunTime:0.045003s ]
INFO: [ view_filter ] --START--
INFO: Run Behavior\WriteHtmlCacheBehavior [ RunTime:0.002000s ]
INFO: [ view_filter ] --END-- [ RunTime:0.002000s ]
INFO: [ app_end ] --START--
INFO: Run Behavior\ShowPageTraceBehavior [ RunTime:0.002000s ]
INFO: [ app_end ] --END-- [ RunTime:0.002000s ]

[ 2017-07-16T01:06:03+08:00 ] 127.0.0.1 /index.php/Admin/Index/down.html
INFO: [ view_parse ] --START--
INFO: [ template_filter ] --START--
INFO: Run Behavior\ContentReplaceBehavior [ RunTime:0.000000s ]
INFO: [ template_filter ] --END-- [ RunTime:0.000000s ]
INFO: Run Behavior\ParseTemplateBehavior [ RunTime:0.071004s ]
INFO: [ view_parse ] --END-- [ RunTime:0.073004s ]
INFO: [ view_filter ] --START--
INFO: Run Behavior\WriteHtmlCacheBehavior [ RunTime:0.002000s ]
INFO: [ view_filter ] --END-- [ RunTime:0.002000s ]
INFO: [ app_end ] --START--
INFO: Run Behavior\ShowPageTraceBehavior [ RunTime:0.003000s ]
INFO: [ app_end ] --END-- [ RunTime:0.004000s ]

[ 2017-07-16T01:06:45+08:00 ] 127.0.0.1 /index.php/Admin/Order/packageNumber.html
INFO: [ app_begin ] --START--
INFO: Run Behavior\ReadHtmlCacheBehavior [ RunTime:0.003000s ]
INFO: [ app_begin ] --END-- [ RunTime:0.006000s ]
SQL: SHOW COLUMNS FROM `sp_manager` [ RunTime:0.0330s ]
SQL: SELECT r.role_auth_ids,r.role_auth_ac FROM sp_manager m INNER JOIN sp_role as r on m.role_id=r.role_id  WHERE m.mg_id = '502' LIMIT 1   [ RunTime:0.0010s ]

[ 2017-07-16T01:06:57+08:00 ] 127.0.0.1 /index.php/Admin/Order/packageNumber.html
INFO: [ app_begin ] --START--
INFO: Run Behavior\ReadHtmlCacheBehavior [ RunTime:0.001000s ]
INFO: [ app_begin ] --END-- [ RunTime:0.004000s ]
SQL: SHOW COLUMNS FROM `sp_manager` [ RunTime:0.0330s ]
SQL: SELECT r.role_auth_ids,r.role_auth_ac FROM sp_manager m INNER JOIN sp_role as r on m.role_id=r.role_id  WHERE m.mg_id = '502' LIMIT 1   [ RunTime:0.0010s ]

[ 2017-07-16T01:07:17+08:00 ] 127.0.0.1 /index.php/Admin/Order/packageNumber.html
INFO: [ app_begin ] --START--
INFO: Run Behavior\ReadHtmlCacheBehavior [ RunTime:0.001000s ]
INFO: [ app_begin ] --END-- [ RunTime:0.002000s ]
SQL: SHOW COLUMNS FROM `sp_manager` [ RunTime:0.0130s ]
SQL: SELECT r.role_auth_ids,r.role_auth_ac FROM sp_manager m INNER JOIN sp_role as r on m.role_id=r.role_id  WHERE m.mg_id = '502' LIMIT 1   [ RunTime:0.0030s ]

[ 2017-07-16T01:07:45+08:00 ] 127.0.0.1 /index.php/Admin/Order/packageNumber.html
INFO: [ app_begin ] --START--
INFO: Run Behavior\ReadHtmlCacheBehavior [ RunTime:0.001000s ]
INFO: [ app_begin ] --END-- [ RunTime:0.001000s ]
SQL: SHOW COLUMNS FROM `sp_manager` [ RunTime:0.0090s ]
SQL: SELECT r.role_auth_ids,r.role_auth_ac FROM sp_manager m INNER JOIN sp_role as r on m.role_id=r.role_id  WHERE m.mg_id = '502' LIMIT 1   [ RunTime:0.0010s ]

[ 2017-07-16T01:09:07+08:00 ] 127.0.0.1 /index.php/Admin/Index/index.html
INFO: [ view_parse ] --START--
INFO: [ template_filter ] --START--
INFO: Run Behavior\ContentReplaceBehavior [ RunTime:0.001000s ]
INFO: [ template_filter ] --END-- [ RunTime:0.001000s ]
INFO: Run Behavior\ParseTemplateBehavior [ RunTime:0.024001s ]
INFO: [ view_parse ] --END-- [ RunTime:0.027002s ]
INFO: [ view_filter ] --START--
INFO: Run Behavior\WriteHtmlCacheBehavior [ RunTime:0.002000s ]
INFO: [ view_filter ] --END-- [ RunTime:0.002000s ]
INFO: [ app_end ] --START--
INFO: Run Behavior\ShowPageTraceBehavior [ RunTime:0.003000s ]
INFO: [ app_end ] --END-- [ RunTime:0.003000s ]

[ 2017-07-16T01:09:08+08:00 ] 127.0.0.1 /index.php/Admin/Index/top.html
INFO: [ view_parse ] --START--
INFO: [ template_filter ] --START--
INFO: Run Behavior\ContentReplaceBehavior [ RunTime:0.001000s ]
INFO: [ template_filter ] --END-- [ RunTime:0.001000s ]
INFO: Run Behavior\ParseTemplateBehavior [ RunTime:0.037003s ]
INFO: [ view_parse ] --END-- [ RunTime:0.040003s ]
INFO: [ view_filter ] --START--
INFO: Run Behavior\WriteHtmlCacheBehavior [ RunTime:0.002000s ]
INFO: [ view_filter ] --END-- [ RunTime:0.002000s ]
INFO: [ app_end ] --START--
INFO: Run Behavior\ShowPageTraceBehavior [ RunTime:0.004000s ]
INFO: [ app_end ] --END-- [ RunTime:0.004000s ]

[ 2017-07-16T01:09:08+08:00 ] 127.0.0.1 /index.php/Admin/Index/center.html
INFO: [ view_parse ] --START--
INFO: [ template_filter ] --START--
INFO: Run Behavior\ContentReplaceBehavior [ RunTime:0.000000s ]
INFO: [ template_filter ] --END-- [ RunTime:0.000000s ]
INFO: Run Behavior\ParseTemplateBehavior [ RunTime:0.034002s ]
INFO: [ view_parse ] --END-- [ RunTime:0.038002s ]
INFO: [ view_filter ] --START--
INFO: Run Behavior\WriteHtmlCacheBehavior [ RunTime:0.002000s ]
INFO: [ view_filter ] --END-- [ RunTime:0.002000s ]
INFO: [ app_end ] --START--
INFO: Run Behavior\ShowPageTraceBehavior [ RunTime:0.002000s ]
INFO: [ app_end ] --END-- [ RunTime:0.002000s ]

[ 2017-07-16T01:09:08+08:00 ] 127.0.0.1 /index.php/Admin/Index/left.html
SQL: SHOW COLUMNS FROM `sp_auth` [ RunTime:0.0210s ]
SQL: SELECT * FROM `sp_auth` WHERE `auth_level` = '0'  [ RunTime:0.0010s ]
SQL: SELECT * FROM `sp_auth` WHERE `auth_level` = '1'  [ RunTime:0.0010s ]
INFO: [ view_parse ] --START--
INFO: [ template_filter ] --START--
INFO: Run Behavior\ContentReplaceBehavior [ RunTime:0.000000s ]
INFO: [ template_filter ] --END-- [ RunTime:0.000000s ]
INFO: Run Behavior\ParseTemplateBehavior [ RunTime:0.031002s ]
INFO: [ view_parse ] --END-- [ RunTime:0.032002s ]
INFO: [ view_filter ] --START--
INFO: Run Behavior\WriteHtmlCacheBehavior [ RunTime:0.001000s ]
INFO: [ view_filter ] --END-- [ RunTime:0.001000s ]
INFO: [ app_end ] --START--
INFO: Run Behavior\ShowPageTraceBehavior [ RunTime:0.002000s ]
INFO: [ app_end ] --END-- [ RunTime:0.002000s ]

[ 2017-07-16T01:09:09+08:00 ] 127.0.0.1 /index.php/Admin/Index/down.html
INFO: [ view_parse ] --START--
INFO: [ template_filter ] --START--
INFO: Run Behavior\ContentReplaceBehavior [ RunTime:0.000000s ]
INFO: [ template_filter ] --END-- [ RunTime:0.000000s ]
INFO: Run Behavior\ParseTemplateBehavior [ RunTime:0.020001s ]
INFO: [ view_parse ] --END-- [ RunTime:0.022001s ]
INFO: [ view_filter ] --START--
INFO: Run Behavior\WriteHtmlCacheBehavior [ RunTime:0.002000s ]
INFO: [ view_filter ] --END-- [ RunTime:0.002000s ]
INFO: [ app_end ] --START--
INFO: Run Behavior\ShowPageTraceBehavior [ RunTime:0.002000s ]
INFO: [ app_end ] --END-- [ RunTime:0.003001s ]

[ 2017-07-16T01:09:34+08:00 ] 127.0.0.1 /index.php/Admin/Order/packageNumber.html
INFO: [ app_begin ] --START--
INFO: Run Behavior\ReadHtmlCacheBehavior [ RunTime:0.001000s ]
INFO: [ app_begin ] --END-- [ RunTime:0.002001s ]
SQL: SHOW COLUMNS FROM `sp_manager` [ RunTime:0.0070s ]
SQL: SELECT r.role_auth_ids,r.role_auth_ac FROM sp_manager m INNER JOIN sp_role as r on m.role_id=r.role_id  WHERE m.mg_id = '502' LIMIT 1   [ RunTime:0.0010s ]

[ 2017-07-16T01:09:57+08:00 ] 127.0.0.1 /index.php/Admin/Order/packageNumber.html
INFO: [ app_begin ] --START--
INFO: Run Behavior\ReadHtmlCacheBehavior [ RunTime:0.002000s ]
INFO: [ app_begin ] --END-- [ RunTime:0.004000s ]
SQL: SHOW COLUMNS FROM `sp_manager` [ RunTime:0.0210s ]
SQL: SELECT r.role_auth_ids,r.role_auth_ac FROM sp_manager m INNER JOIN sp_role as r on m.role_id=r.role_id  WHERE m.mg_id = '502' LIMIT 1   [ RunTime:0.0010s ]

[ 2017-07-16T01:10:29+08:00 ] 127.0.0.1 /index.php/Admin/Order/packageNumber.html
INFO: [ app_begin ] --START--
INFO: Run Behavior\ReadHtmlCacheBehavior [ RunTime:0.002000s ]
INFO: [ app_begin ] --END-- [ RunTime:0.003001s ]
SQL: SHOW COLUMNS FROM `sp_manager` [ RunTime:0.0080s ]
SQL: SELECT r.role_auth_ids,r.role_auth_ac FROM sp_manager m INNER JOIN sp_role as r on m.role_id=r.role_id  WHERE m.mg_id = '502' LIMIT 1   [ RunTime:0.0010s ]

[ 2017-07-16T01:10:45+08:00 ] 127.0.0.1 /index.php/Admin/Order/packageNumber.html
INFO: [ app_begin ] --START--
INFO: Run Behavior\ReadHtmlCacheBehavior [ RunTime:0.003000s ]
INFO: [ app_begin ] --END-- [ RunTime:0.005000s ]
SQL: SHOW COLUMNS FROM `sp_manager` [ RunTime:0.0300s ]
SQL: SELECT r.role_auth_ids,r.role_auth_ac FROM sp_manager m INNER JOIN sp_role as r on m.role_id=r.role_id  WHERE m.mg_id = '502' LIMIT 1   [ RunTime:0.0010s ]

[ 2017-07-16T01:11:08+08:00 ] 127.0.0.1 /index.php/Admin/Order/packageNumber.html
INFO: [ app_begin ] --START--
INFO: Run Behavior\ReadHtmlCacheBehavior [ RunTime:0.001000s ]
INFO: [ app_begin ] --END-- [ RunTime:0.001000s ]
SQL: SHOW COLUMNS FROM `sp_manager` [ RunTime:0.0270s ]
SQL: SELECT r.role_auth_ids,r.role_auth_ac FROM sp_manager m INNER JOIN sp_role as r on m.role_id=r.role_id  WHERE m.mg_id = '502' LIMIT 1   [ RunTime:0.0010s ]

[ 2017-07-16T01:11:21+08:00 ] 127.0.0.1 /index.php/Admin/Order/packageNumber.html
INFO: [ app_begin ] --START--
INFO: Run Behavior\ReadHtmlCacheBehavior [ RunTime:0.003000s ]
INFO: [ app_begin ] --END-- [ RunTime:0.005000s ]
SQL: SHOW COLUMNS FROM `sp_manager` [ RunTime:0.0290s ]
SQL: SELECT r.role_auth_ids,r.role_auth_ac FROM sp_manager m INNER JOIN sp_role as r on m.role_id=r.role_id  WHERE m.mg_id = '502' LIMIT 1   [ RunTime:0.0030s ]

[ 2017-07-16T01:12:56+08:00 ] 127.0.0.1 /index.php/Admin/Order/packageNumber.html
INFO: [ app_begin ] --START--
INFO: Run Behavior\ReadHtmlCacheBehavior [ RunTime:0.001000s ]
INFO: [ app_begin ] --END-- [ RunTime:0.001000s ]
SQL: SHOW COLUMNS FROM `sp_manager` [ RunTime:0.0310s ]
SQL: SELECT r.role_auth_ids,r.role_auth_ac FROM sp_manager m INNER JOIN sp_role as r on m.role_id=r.role_id  WHERE m.mg_id = '502' LIMIT 1   [ RunTime:0.0010s ]
SQL: SHOW COLUMNS FROM `sp_backage` [ RunTime:0.0180s ]
SQL: SELECT * FROM `sp_backage` WHERE `order_id` = 1 LIMIT 1   [ RunTime:0.0010s ]
SQL: INSERT INTO `sp_backage` (`backage_state`,`backage_number`,`order_id`) VALUES ('2017-06-22 22:27:13++[四川成都双流县西航港公司黄甲分部]快件已被 门卫室 签收#2017-06-22 22:15:59++[四川成都双流县西航港公司黄甲分部]进行派件扫描；派送业务员：小宋；联系电话：13808016470#2017-06-22 13:53:47++[四川成都双流县西航港公司黄甲分部]到达目的地网点，快件将很快进行派送#2017-06-22 12:37:45++[四川成都双流县西航港公司]进行快件扫描，将发往：四川成都双流县西航港公司黄甲分部#2017-06-22 07:37:48++[四川成都分拨中心]从站点发出，本次转运目的地：四川成都双流县西航港公司#2017-06-22 07:20:17++[四川成都分拨中心]在分拨中心进行卸车扫描#2017-06-21 03:10:00++[广东广州分拨中心]进行装车扫描，即将发往：四川成都分拨中心#2017-06-21 03:07:09++[广东广州分拨中心]在分拨中心进行称重扫描#2017-06-20 22:36:31++[广东广州天河区东圃公司]进行下级地点扫描，将发往：四川成都网点包#2017-06-20 22:01:41++[广东广州天河区东圃公司成雨淘宝分部]进行揽件扫描#','3993821445004','1') [ RunTime:0.1550s ]
SQL: SHOW COLUMNS FROM `sp_order` [ RunTime:0.0180s ]
SQL: UPDATE `sp_order` SET `is_send`='是',`order_status`='1' WHERE `order_id` = 1 [ RunTime:0.0340s ]

[ 2017-07-16T08:56:04+08:00 ] 127.0.0.1 /index.php/Admin
INFO: [ view_parse ] --START--
INFO: [ template_filter ] --START--
INFO: Run Behavior\ContentReplaceBehavior [ RunTime:0.000000s ]
INFO: [ template_filter ] --END-- [ RunTime:0.000000s ]
INFO: Run Behavior\ParseTemplateBehavior [ RunTime:0.019001s ]
INFO: [ view_parse ] --END-- [ RunTime:0.021001s ]
INFO: [ view_filter ] --START--
INFO: Run Behavior\WriteHtmlCacheBehavior [ RunTime:0.001000s ]
INFO: [ view_filter ] --END-- [ RunTime:0.001000s ]
INFO: [ app_end ] --START--
INFO: Run Behavior\ShowPageTraceBehavior [ RunTime:0.002000s ]
INFO: [ app_end ] --END-- [ RunTime:0.002000s ]

[ 2017-07-16T09:02:37+08:00 ] 127.0.0.1 /index.php/Admin/Index/index.html
INFO: [ view_parse ] --START--
INFO: [ template_filter ] --START--
INFO: Run Behavior\ContentReplaceBehavior [ RunTime:0.000000s ]
INFO: [ template_filter ] --END-- [ RunTime:0.000000s ]
INFO: Run Behavior\ParseTemplateBehavior [ RunTime:0.026001s ]
INFO: [ view_parse ] --END-- [ RunTime:0.027001s ]
INFO: [ view_filter ] --START--
INFO: Run Behavior\WriteHtmlCacheBehavior [ RunTime:0.002001s ]
INFO: [ view_filter ] --END-- [ RunTime:0.002001s ]
INFO: [ app_end ] --START--
INFO: Run Behavior\ShowPageTraceBehavior [ RunTime:0.001000s ]
INFO: [ app_end ] --END-- [ RunTime:0.001000s ]

[ 2017-07-16T09:02:37+08:00 ] 127.0.0.1 /index.php/Admin/Index/top.html
INFO: [ view_parse ] --START--
INFO: [ template_filter ] --START--
INFO: Run Behavior\ContentReplaceBehavior [ RunTime:0.000000s ]
INFO: [ template_filter ] --END-- [ RunTime:0.000000s ]
INFO: Run Behavior\ParseTemplateBehavior [ RunTime:0.040002s ]
INFO: [ view_parse ] --END-- [ RunTime:0.042002s ]
INFO: [ view_filter ] --START--
INFO: Run Behavior\WriteHtmlCacheBehavior [ RunTime:0.002000s ]
INFO: [ view_filter ] --END-- [ RunTime:0.002000s ]
INFO: [ app_end ] --START--
INFO: Run Behavior\ShowPageTraceBehavior [ RunTime:0.002000s ]
INFO: [ app_end ] --END-- [ RunTime:0.002000s ]

[ 2017-07-16T09:02:38+08:00 ] 127.0.0.1 /index.php/Admin/Index/center.html
INFO: [ view_parse ] --START--
INFO: [ template_filter ] --START--
INFO: Run Behavior\ContentReplaceBehavior [ RunTime:0.000000s ]
INFO: [ template_filter ] --END-- [ RunTime:0.000000s ]
INFO: Run Behavior\ParseTemplateBehavior [ RunTime:0.011000s ]
INFO: [ view_parse ] --END-- [ RunTime:0.013000s ]
INFO: [ view_filter ] --START--
INFO: Run Behavior\WriteHtmlCacheBehavior [ RunTime:0.001001s ]
INFO: [ view_filter ] --END-- [ RunTime:0.001001s ]
INFO: [ app_end ] --START--
INFO: Run Behavior\ShowPageTraceBehavior [ RunTime:0.000000s ]
INFO: [ app_end ] --END-- [ RunTime:0.000000s ]

[ 2017-07-16T09:02:39+08:00 ] 127.0.0.1 /index.php/Admin/Index/left.html
SQL: SHOW COLUMNS FROM `sp_auth` [ RunTime:0.0620s ]
SQL: SELECT * FROM `sp_auth` WHERE `auth_level` = '0'  [ RunTime:0.0010s ]
SQL: SELECT * FROM `sp_auth` WHERE `auth_level` = '1'  [ RunTime:0.0010s ]
INFO: [ view_parse ] --START--
INFO: [ template_filter ] --START--
INFO: Run Behavior\ContentReplaceBehavior [ RunTime:0.000000s ]
INFO: [ template_filter ] --END-- [ RunTime:0.000000s ]
INFO: Run Behavior\ParseTemplateBehavior [ RunTime:0.037002s ]
INFO: [ view_parse ] --END-- [ RunTime:0.037002s ]
INFO: [ view_filter ] --START--
INFO: Run Behavior\WriteHtmlCacheBehavior [ RunTime:0.001000s ]
INFO: [ view_filter ] --END-- [ RunTime:0.001000s ]
INFO: [ app_end ] --START--
INFO: Run Behavior\ShowPageTraceBehavior [ RunTime:0.002000s ]
INFO: [ app_end ] --END-- [ RunTime:0.002000s ]

[ 2017-07-16T09:02:39+08:00 ] 127.0.0.1 /index.php/Admin/Index/down.html
INFO: [ view_parse ] --START--
INFO: [ template_filter ] --START--
INFO: Run Behavior\ContentReplaceBehavior [ RunTime:0.000000s ]
INFO: [ template_filter ] --END-- [ RunTime:0.001000s ]
INFO: Run Behavior\ParseTemplateBehavior [ RunTime:0.078004s ]
INFO: [ view_parse ] --END-- [ RunTime:0.081005s ]
INFO: [ view_filter ] --START--
INFO: Run Behavior\WriteHtmlCacheBehavior [ RunTime:0.002000s ]
INFO: [ view_filter ] --END-- [ RunTime:0.003000s ]
INFO: [ app_end ] --START--
INFO: Run Behavior\ShowPageTraceBehavior [ RunTime:0.004000s ]
INFO: [ app_end ] --END-- [ RunTime:0.004000s ]

[ 2017-07-16T09:38:21+08:00 ] 127.0.0.1 /index.php/Admin/Index/index.html
INFO: [ view_parse ] --START--
INFO: [ template_filter ] --START--
INFO: Run Behavior\ContentReplaceBehavior [ RunTime:0.000000s ]
INFO: [ template_filter ] --END-- [ RunTime:0.001000s ]
INFO: Run Behavior\ParseTemplateBehavior [ RunTime:0.055004s ]
INFO: [ view_parse ] --END-- [ RunTime:0.057004s ]
INFO: [ view_filter ] --START--
INFO: Run Behavior\WriteHtmlCacheBehavior [ RunTime:0.001000s ]
INFO: [ view_filter ] --END-- [ RunTime:0.001000s ]
INFO: [ app_end ] --START--
INFO: Run Behavior\ShowPageTraceBehavior [ RunTime:0.002000s ]
INFO: [ app_end ] --END-- [ RunTime:0.002000s ]

[ 2017-07-16T09:38:21+08:00 ] 127.0.0.1 /index.php/Admin/Index/top.html
INFO: [ view_parse ] --START--
INFO: [ template_filter ] --START--
INFO: Run Behavior\ContentReplaceBehavior [ RunTime:0.001000s ]
INFO: [ template_filter ] --END-- [ RunTime:0.001000s ]
INFO: Run Behavior\ParseTemplateBehavior [ RunTime:0.027001s ]
INFO: [ view_parse ] --END-- [ RunTime:0.030002s ]
INFO: [ view_filter ] --START--
INFO: Run Behavior\WriteHtmlCacheBehavior [ RunTime:0.001000s ]
INFO: [ view_filter ] --END-- [ RunTime:0.001000s ]
INFO: [ app_end ] --START--
INFO: Run Behavior\ShowPageTraceBehavior [ RunTime:0.002000s ]
INFO: [ app_end ] --END-- [ RunTime:0.003001s ]

[ 2017-07-16T09:38:22+08:00 ] 127.0.0.1 /index.php/Admin/Index/down.html
INFO: [ view_parse ] --START--
INFO: [ template_filter ] --START--
INFO: Run Behavior\ContentReplaceBehavior [ RunTime:0.000000s ]
INFO: [ template_filter ] --END-- [ RunTime:0.000000s ]
INFO: Run Behavior\ParseTemplateBehavior [ RunTime:0.005000s ]
INFO: [ view_parse ] --END-- [ RunTime:0.005000s ]
INFO: [ view_filter ] --START--
INFO: Run Behavior\WriteHtmlCacheBehavior [ RunTime:0.001000s ]
INFO: [ view_filter ] --END-- [ RunTime:0.001000s ]
INFO: [ app_end ] --START--
INFO: Run Behavior\ShowPageTraceBehavior [ RunTime:0.001000s ]
INFO: [ app_end ] --END-- [ RunTime:0.001000s ]

[ 2017-07-16T09:38:22+08:00 ] 127.0.0.1 /index.php/Admin/Index/center.html
INFO: [ view_parse ] --START--
INFO: [ template_filter ] --START--
INFO: Run Behavior\ContentReplaceBehavior [ RunTime:0.000000s ]
INFO: [ template_filter ] --END-- [ RunTime:0.000000s ]
INFO: Run Behavior\ParseTemplateBehavior [ RunTime:0.047003s ]
INFO: [ view_parse ] --END-- [ RunTime:0.049003s ]
INFO: [ view_filter ] --START--
INFO: Run Behavior\WriteHtmlCacheBehavior [ RunTime:0.001000s ]
INFO: [ view_filter ] --END-- [ RunTime:0.001000s ]
INFO: [ app_end ] --START--
INFO: Run Behavior\ShowPageTraceBehavior [ RunTime:0.001000s ]
INFO: [ app_end ] --END-- [ RunTime:0.001000s ]

[ 2017-07-16T09:38:22+08:00 ] 127.0.0.1 /index.php/Admin/Index/left.html
SQL: SHOW COLUMNS FROM `sp_auth` [ RunTime:0.0230s ]
SQL: SELECT * FROM `sp_auth` WHERE `auth_level` = '0'  [ RunTime:0.0020s ]
SQL: SELECT * FROM `sp_auth` WHERE `auth_level` = '1'  [ RunTime:0.0010s ]
INFO: [ view_parse ] --START--
INFO: [ template_filter ] --START--
INFO: Run Behavior\ContentReplaceBehavior [ RunTime:0.000000s ]
INFO: [ template_filter ] --END-- [ RunTime:0.000000s ]
INFO: Run Behavior\ParseTemplateBehavior [ RunTime:0.029001s ]
INFO: [ view_parse ] --END-- [ RunTime:0.029001s ]
INFO: [ view_filter ] --START--
INFO: Run Behavior\WriteHtmlCacheBehavior [ RunTime:0.001000s ]
INFO: [ view_filter ] --END-- [ RunTime:0.001000s ]
INFO: [ app_end ] --START--
INFO: Run Behavior\ShowPageTraceBehavior [ RunTime:0.002000s ]
INFO: [ app_end ] --END-- [ RunTime:0.002000s ]

[ 2017-07-16T09:40:30+08:00 ] 127.0.0.1 /index.php/Admin/Index/index.html
INFO: [ view_parse ] --START--
INFO: [ template_filter ] --START--
INFO: Run Behavior\ContentReplaceBehavior [ RunTime:0.000000s ]
INFO: [ template_filter ] --END-- [ RunTime:0.001000s ]
INFO: Run Behavior\ParseTemplateBehavior [ RunTime:0.020002s ]
INFO: [ view_parse ] --END-- [ RunTime:0.022002s ]
INFO: [ view_filter ] --START--
INFO: Run Behavior\WriteHtmlCacheBehavior [ RunTime:0.002000s ]
INFO: [ view_filter ] --END-- [ RunTime:0.003000s ]
INFO: [ app_end ] --START--
INFO: Run Behavior\ShowPageTraceBehavior [ RunTime:0.003000s ]
INFO: [ app_end ] --END-- [ RunTime:0.003000s ]

[ 2017-07-16T09:40:30+08:00 ] 127.0.0.1 /index.php/Admin/Index/top.html
INFO: [ view_parse ] --START--
INFO: [ template_filter ] --START--
INFO: Run Behavior\ContentReplaceBehavior [ RunTime:0.001000s ]
INFO: [ template_filter ] --END-- [ RunTime:0.001000s ]
INFO: Run Behavior\ParseTemplateBehavior [ RunTime:0.030002s ]
INFO: [ view_parse ] --END-- [ RunTime:0.032002s ]
INFO: [ view_filter ] --START--
INFO: Run Behavior\WriteHtmlCacheBehavior [ RunTime:0.002000s ]
INFO: [ view_filter ] --END-- [ RunTime:0.002000s ]
INFO: [ app_end ] --START--
INFO: Run Behavior\ShowPageTraceBehavior [ RunTime:0.002000s ]
INFO: [ app_end ] --END-- [ RunTime:0.002000s ]

[ 2017-07-16T09:40:31+08:00 ] 127.0.0.1 /index.php/Admin/Index/center.html
INFO: [ view_parse ] --START--
INFO: [ template_filter ] --START--
INFO: Run Behavior\ContentReplaceBehavior [ RunTime:0.000000s ]
INFO: [ template_filter ] --END-- [ RunTime:0.000000s ]
INFO: Run Behavior\ParseTemplateBehavior [ RunTime:0.031002s ]
INFO: [ view_parse ] --END-- [ RunTime:0.033002s ]
INFO: [ view_filter ] --START--
INFO: Run Behavior\WriteHtmlCacheBehavior [ RunTime:0.003000s ]
INFO: [ view_filter ] --END-- [ RunTime:0.003000s ]
INFO: [ app_end ] --START--
INFO: Run Behavior\ShowPageTraceBehavior [ RunTime:0.003000s ]
INFO: [ app_end ] --END-- [ RunTime:0.003000s ]

[ 2017-07-16T09:40:31+08:00 ] 127.0.0.1 /index.php/Admin/Index/left.html
SQL: SHOW COLUMNS FROM `sp_auth` [ RunTime:0.0340s ]
SQL: SELECT * FROM `sp_auth` WHERE `auth_level` = '0'  [ RunTime:0.0330s ]
SQL: SELECT * FROM `sp_auth` WHERE `auth_level` = '1'  [ RunTime:0.0010s ]
INFO: [ view_parse ] --START--
INFO: [ template_filter ] --START--
INFO: Run Behavior\ContentReplaceBehavior [ RunTime:0.000000s ]
INFO: [ template_filter ] --END-- [ RunTime:0.000000s ]
INFO: Run Behavior\ParseTemplateBehavior [ RunTime:0.038002s ]
INFO: [ view_parse ] --END-- [ RunTime:0.038002s ]
INFO: [ view_filter ] --START--
INFO: Run Behavior\WriteHtmlCacheBehavior [ RunTime:0.002000s ]
INFO: [ view_filter ] --END-- [ RunTime:0.002000s ]
INFO: [ app_end ] --START--
INFO: Run Behavior\ShowPageTraceBehavior [ RunTime:0.003000s ]
INFO: [ app_end ] --END-- [ RunTime:0.004000s ]

[ 2017-07-16T09:40:31+08:00 ] 127.0.0.1 /index.php/Admin/Index/down.html
INFO: [ view_parse ] --START--
INFO: [ template_filter ] --START--
INFO: Run Behavior\ContentReplaceBehavior [ RunTime:0.000000s ]
INFO: [ template_filter ] --END-- [ RunTime:0.001000s ]
INFO: Run Behavior\ParseTemplateBehavior [ RunTime:0.029002s ]
INFO: [ view_parse ] --END-- [ RunTime:0.032002s ]
INFO: [ view_filter ] --START--
INFO: Run Behavior\WriteHtmlCacheBehavior [ RunTime:0.002000s ]
INFO: [ view_filter ] --END-- [ RunTime:0.002000s ]
INFO: [ app_end ] --START--
INFO: Run Behavior\ShowPageTraceBehavior [ RunTime:0.003000s ]
INFO: [ app_end ] --END-- [ RunTime:0.003000s ]

