[ 2017-07-29T00:06:51+08:00 ] 127.0.0.1 /Admin/Extend/sendExtend.html
INFO: [ app_begin ] --START--
INFO: Run Behavior\ReadHtmlCacheBehavior [ RunTime:0.000000s ]
INFO: [ app_begin ] --END-- [ RunTime:0.001000s ]
SQL: SHOW COLUMNS FROM `sp_manager` [ RunTime:0.0010s ]
SQL: SELECT r.role_auth_ids,r.role_auth_ac FROM sp_manager m INNER JOIN sp_role as r on m.role_id=r.role_id  WHERE m.mg_id = '502' LIMIT 1   [ RunTime:0.0000s ]
SQL: SHOW COLUMNS FROM `sp_extend` [ RunTime:0.0000s ]
SQL: SELECT * FROM `sp_extend` WHERE `id` = 1 LIMIT 1   [ RunTime:0.0000s ]
NOTIC: [8] Undefined variable: entend_info D:\www\itshop\Application\Admin\Controller\ExtendController.class.php 第 38 行.
SQL: SHOW COLUMNS FROM `sp_user` [ RunTime:0.0156s ]
SQL: SELECT * FROM `sp_user`  [ RunTime:0.0000s ]

[ 2017-07-29T00:07:08+08:00 ] 127.0.0.1 /Admin/Extend/sendExtend.html
INFO: [ app_begin ] --START--
INFO: Run Behavior\ReadHtmlCacheBehavior [ RunTime:0.000000s ]
INFO: [ app_begin ] --END-- [ RunTime:0.001000s ]
SQL: SHOW COLUMNS FROM `sp_manager` [ RunTime:0.0000s ]
SQL: SELECT r.role_auth_ids,r.role_auth_ac FROM sp_manager m INNER JOIN sp_role as r on m.role_id=r.role_id  WHERE m.mg_id = '502' LIMIT 1   [ RunTime:0.0000s ]
SQL: SHOW COLUMNS FROM `sp_extend` [ RunTime:0.0156s ]
SQL: SELECT * FROM `sp_extend` WHERE `id` = 4 LIMIT 1   [ RunTime:0.0000s ]
NOTIC: [8] Undefined variable: entend_info D:\www\itshop\Application\Admin\Controller\ExtendController.class.php 第 38 行.
SQL: SHOW COLUMNS FROM `sp_user` [ RunTime:0.0000s ]
SQL: SELECT * FROM `sp_user`  [ RunTime:0.0000s ]

[ 2017-07-29T00:10:35+08:00 ] 127.0.0.1 /Admin/Extend/sendExtend.html
INFO: [ app_begin ] --START--
INFO: Run Behavior\ReadHtmlCacheBehavior [ RunTime:0.002000s ]
INFO: [ app_begin ] --END-- [ RunTime:0.003000s ]
SQL: SHOW COLUMNS FROM `sp_manager` [ RunTime:0.0080s ]
SQL: SELECT r.role_auth_ids,r.role_auth_ac FROM sp_manager m INNER JOIN sp_role as r on m.role_id=r.role_id  WHERE m.mg_id = '502' LIMIT 1   [ RunTime:0.0010s ]
SQL: SHOW COLUMNS FROM `sp_extend` [ RunTime:0.0070s ]
SQL: SELECT * FROM `sp_extend` WHERE `id` = 2 LIMIT 1   [ RunTime:0.0000s ]
NOTIC: [8] Undefined variable: entend_info D:\www\itshop\Application\Admin\Controller\ExtendController.class.php 第 38 行.
SQL: SHOW COLUMNS FROM `sp_user` [ RunTime:0.0040s ]
SQL: SELECT * FROM `sp_user`  [ RunTime:0.0000s ]

[ 2017-07-29T00:14:09+08:00 ] 127.0.0.1 /Admin/Extend/sendExtend.html
INFO: [ app_begin ] --START--
INFO: Run Behavior\ReadHtmlCacheBehavior [ RunTime:0.001000s ]
INFO: [ app_begin ] --END-- [ RunTime:0.002000s ]
SQL: SHOW COLUMNS FROM `sp_manager` [ RunTime:0.0000s ]
SQL: SELECT r.role_auth_ids,r.role_auth_ac FROM sp_manager m INNER JOIN sp_role as r on m.role_id=r.role_id  WHERE m.mg_id = '502' LIMIT 1   [ RunTime:0.0000s ]
SQL: SHOW COLUMNS FROM `sp_extend` [ RunTime:0.0000s ]
SQL: SELECT * FROM `sp_extend` WHERE `id` = 4 LIMIT 1   [ RunTime:0.0000s ]
NOTIC: [8] Undefined variable: entend_info D:\www\itshop\Application\Admin\Controller\ExtendController.class.php 第 38 行.
SQL: SHOW COLUMNS FROM `sp_user` [ RunTime:0.0156s ]
SQL: SELECT * FROM `sp_user`  [ RunTime:0.0000s ]

[ 2017-07-29T07:28:04+08:00 ] 127.0.0.1 /admin
INFO: [ view_parse ] --START--
INFO: [ template_filter ] --START--
INFO: Run Behavior\ContentReplaceBehavior [ RunTime:0.000000s ]
INFO: [ template_filter ] --END-- [ RunTime:0.001000s ]
INFO: Run Behavior\ParseTemplateBehavior [ RunTime:0.059003s ]
INFO: [ view_parse ] --END-- [ RunTime:0.062003s ]
INFO: [ view_filter ] --START--
INFO: Run Behavior\WriteHtmlCacheBehavior [ RunTime:0.001000s ]
INFO: [ view_filter ] --END-- [ RunTime:0.001000s ]
NOTIC: [2] Cannot modify header information - headers already sent by (output started at D:\www\itshop\Application\Admin\Common\AdminController.class.php:35) D:\www\itshop\ThinkPHP\Library\Think\View.class.php 第 91 行.
NOTIC: [2] Cannot modify header information - headers already sent by (output started at D:\www\itshop\Application\Admin\Common\AdminController.class.php:35) D:\www\itshop\ThinkPHP\Library\Think\View.class.php 第 92 行.
NOTIC: [2] Cannot modify header information - headers already sent by (output started at D:\www\itshop\Application\Admin\Common\AdminController.class.php:35) D:\www\itshop\ThinkPHP\Library\Think\View.class.php 第 93 行.
INFO: [ app_end ] --START--
INFO: Run Behavior\ShowPageTraceBehavior [ RunTime:0.002001s ]
INFO: [ app_end ] --END-- [ RunTime:0.002001s ]

[ 2017-07-29T07:28:16+08:00 ] 127.0.0.1 /Admin/Index/index.html
INFO: [ view_parse ] --START--
INFO: [ template_filter ] --START--
INFO: Run Behavior\ContentReplaceBehavior [ RunTime:0.000000s ]
INFO: [ template_filter ] --END-- [ RunTime:0.001000s ]
INFO: Run Behavior\ParseTemplateBehavior [ RunTime:0.009000s ]
INFO: [ view_parse ] --END-- [ RunTime:0.009000s ]
INFO: [ view_filter ] --START--
INFO: Run Behavior\WriteHtmlCacheBehavior [ RunTime:0.001000s ]
INFO: [ view_filter ] --END-- [ RunTime:0.001000s ]
INFO: [ app_end ] --START--
INFO: Run Behavior\ShowPageTraceBehavior [ RunTime:0.001001s ]
INFO: [ app_end ] --END-- [ RunTime:0.001001s ]

[ 2017-07-29T07:28:16+08:00 ] 127.0.0.1 /Admin/Index/top.html
INFO: [ view_parse ] --START--
INFO: [ template_filter ] --START--
INFO: Run Behavior\ContentReplaceBehavior [ RunTime:0.000000s ]
INFO: [ template_filter ] --END-- [ RunTime:0.000000s ]
INFO: Run Behavior\ParseTemplateBehavior [ RunTime:0.025002s ]
INFO: [ view_parse ] --END-- [ RunTime:0.026002s ]
INFO: [ view_filter ] --START--
INFO: Run Behavior\WriteHtmlCacheBehavior [ RunTime:0.001000s ]
INFO: [ view_filter ] --END-- [ RunTime:0.001000s ]
INFO: [ app_end ] --START--
INFO: Run Behavior\ShowPageTraceBehavior [ RunTime:0.001000s ]
INFO: [ app_end ] --END-- [ RunTime:0.002000s ]

[ 2017-07-29T07:28:17+08:00 ] 127.0.0.1 /Admin/Index/center.html
INFO: [ view_parse ] --START--
INFO: [ template_filter ] --START--
INFO: Run Behavior\ContentReplaceBehavior [ RunTime:0.000000s ]
INFO: [ template_filter ] --END-- [ RunTime:0.000000s ]
INFO: Run Behavior\ParseTemplateBehavior [ RunTime:0.011001s ]
INFO: [ view_parse ] --END-- [ RunTime:0.012001s ]
INFO: [ view_filter ] --START--
INFO: Run Behavior\WriteHtmlCacheBehavior [ RunTime:0.001000s ]
INFO: [ view_filter ] --END-- [ RunTime:0.001000s ]
INFO: [ app_end ] --START--
INFO: Run Behavior\ShowPageTraceBehavior [ RunTime:0.001000s ]
INFO: [ app_end ] --END-- [ RunTime:0.001000s ]

[ 2017-07-29T07:28:18+08:00 ] 127.0.0.1 /Admin/Index/left.html
SQL: SHOW COLUMNS FROM `sp_auth` [ RunTime:0.0580s ]
SQL: SELECT * FROM `sp_auth` WHERE `auth_level` = '0'  [ RunTime:0.0030s ]
SQL: SELECT * FROM `sp_auth` WHERE `auth_level` = '1'  [ RunTime:0.0010s ]
INFO: [ view_parse ] --START--
INFO: [ template_filter ] --START--
INFO: Run Behavior\ContentReplaceBehavior [ RunTime:0.000000s ]
INFO: [ template_filter ] --END-- [ RunTime:0.000000s ]
INFO: Run Behavior\ParseTemplateBehavior [ RunTime:0.069004s ]
INFO: [ view_parse ] --END-- [ RunTime:0.069004s ]
INFO: [ view_filter ] --START--
INFO: Run Behavior\WriteHtmlCacheBehavior [ RunTime:0.001000s ]
INFO: [ view_filter ] --END-- [ RunTime:0.001000s ]
INFO: [ app_end ] --START--
INFO: Run Behavior\ShowPageTraceBehavior [ RunTime:0.001000s ]
INFO: [ app_end ] --END-- [ RunTime:0.001000s ]

[ 2017-07-29T07:28:18+08:00 ] 127.0.0.1 /Admin/Index/down.html
INFO: [ view_parse ] --START--
INFO: [ template_filter ] --START--
INFO: Run Behavior\ContentReplaceBehavior [ RunTime:0.001000s ]
INFO: [ template_filter ] --END-- [ RunTime:0.002000s ]
INFO: Run Behavior\ParseTemplateBehavior [ RunTime:0.061003s ]
INFO: [ view_parse ] --END-- [ RunTime:0.062004s ]
INFO: [ view_filter ] --START--
INFO: Run Behavior\WriteHtmlCacheBehavior [ RunTime:0.000000s ]
INFO: [ view_filter ] --END-- [ RunTime:0.001000s ]
INFO: [ app_end ] --START--
INFO: Run Behavior\ShowPageTraceBehavior [ RunTime:0.001000s ]
INFO: [ app_end ] --END-- [ RunTime:0.001000s ]

[ 2017-07-29T07:30:00+08:00 ] 127.0.0.1 /Admin/Extend/sendExtend.html
INFO: [ app_begin ] --START--
INFO: Run Behavior\ReadHtmlCacheBehavior [ RunTime:0.001000s ]
INFO: [ app_begin ] --END-- [ RunTime:0.001000s ]
SQL: SHOW COLUMNS FROM `sp_manager` [ RunTime:0.0312s ]
SQL: SELECT r.role_auth_ids,r.role_auth_ac FROM sp_manager m INNER JOIN sp_role as r on m.role_id=r.role_id  WHERE m.mg_id = '502' LIMIT 1   [ RunTime:0.0000s ]
SQL: SHOW COLUMNS FROM `sp_extend` [ RunTime:0.0000s ]
SQL: SELECT * FROM `sp_extend` WHERE `id` = 4 LIMIT 1   [ RunTime:0.0000s ]
NOTIC: [8] Undefined variable: entend_info D:\www\itshop\Application\Admin\Controller\ExtendController.class.php 第 38 行.
SQL: SHOW COLUMNS FROM `sp_user` [ RunTime:0.1176s ]
SQL: SELECT * FROM `sp_user`  [ RunTime:0.0000s ]

[ 2017-07-29T07:31:22+08:00 ] 127.0.0.1 /Admin/Extend/sendExtend.html
INFO: [ app_begin ] --START--
INFO: Run Behavior\ReadHtmlCacheBehavior [ RunTime:0.000000s ]
INFO: [ app_begin ] --END-- [ RunTime:0.001000s ]
SQL: SHOW COLUMNS FROM `sp_manager` [ RunTime:0.0060s ]
SQL: SELECT r.role_auth_ids,r.role_auth_ac FROM sp_manager m INNER JOIN sp_role as r on m.role_id=r.role_id  WHERE m.mg_id = '502' LIMIT 1   [ RunTime:0.0000s ]
SQL: SHOW COLUMNS FROM `sp_extend` [ RunTime:0.0060s ]
SQL: SELECT * FROM `sp_extend` WHERE `id` = 2 LIMIT 1   [ RunTime:0.0000s ]
NOTIC: [8] Undefined variable: entend_info D:\www\itshop\Application\Admin\Controller\ExtendController.class.php 第 38 行.
SQL: SHOW COLUMNS FROM `sp_user` [ RunTime:0.0010s ]
SQL: SELECT * FROM `sp_user`  [ RunTime:0.0000s ]

[ 2017-07-29T19:53:42+08:00 ] 127.0.0.1 /Admin
INFO: [ view_parse ] --START--
INFO: [ template_filter ] --START--
INFO: Run Behavior\ContentReplaceBehavior [ RunTime:0.021001s ]
INFO: [ template_filter ] --END-- [ RunTime:0.021001s ]
INFO: Run Behavior\ParseTemplateBehavior [ RunTime:0.134007s ]
INFO: [ view_parse ] --END-- [ RunTime:0.135007s ]
INFO: [ view_filter ] --START--
INFO: Run Behavior\WriteHtmlCacheBehavior [ RunTime:0.014001s ]
INFO: [ view_filter ] --END-- [ RunTime:0.014001s ]
NOTIC: [2] Cannot modify header information - headers already sent by (output started at D:\www\itshop\Application\Admin\Common\AdminController.class.php:35) D:\www\itshop\ThinkPHP\Library\Think\View.class.php 第 91 行.
NOTIC: [2] Cannot modify header information - headers already sent by (output started at D:\www\itshop\Application\Admin\Common\AdminController.class.php:35) D:\www\itshop\ThinkPHP\Library\Think\View.class.php 第 92 行.
NOTIC: [2] Cannot modify header information - headers already sent by (output started at D:\www\itshop\Application\Admin\Common\AdminController.class.php:35) D:\www\itshop\ThinkPHP\Library\Think\View.class.php 第 93 行.
INFO: [ app_end ] --START--
INFO: Run Behavior\ShowPageTraceBehavior [ RunTime:0.002000s ]
INFO: [ app_end ] --END-- [ RunTime:0.002000s ]

[ 2017-07-29T19:54:12+08:00 ] 127.0.0.1 /Admin/Index/index.html
INFO: [ view_parse ] --START--
INFO: [ template_filter ] --START--
INFO: Run Behavior\ContentReplaceBehavior [ RunTime:0.000000s ]
INFO: [ template_filter ] --END-- [ RunTime:0.001000s ]
INFO: Run Behavior\ParseTemplateBehavior [ RunTime:0.014000s ]
INFO: [ view_parse ] --END-- [ RunTime:0.015000s ]
INFO: [ view_filter ] --START--
INFO: Run Behavior\WriteHtmlCacheBehavior [ RunTime:0.001001s ]
INFO: [ view_filter ] --END-- [ RunTime:0.001001s ]
INFO: [ app_end ] --START--
INFO: Run Behavior\ShowPageTraceBehavior [ RunTime:0.001000s ]
INFO: [ app_end ] --END-- [ RunTime:0.001000s ]

[ 2017-07-29T19:54:13+08:00 ] 127.0.0.1 /Admin/Index/top.html
INFO: [ view_parse ] --START--
INFO: [ template_filter ] --START--
INFO: Run Behavior\ContentReplaceBehavior [ RunTime:0.001000s ]
INFO: [ template_filter ] --END-- [ RunTime:0.001000s ]
INFO: Run Behavior\ParseTemplateBehavior [ RunTime:0.076004s ]
INFO: [ view_parse ] --END-- [ RunTime:0.077004s ]
INFO: [ view_filter ] --START--
INFO: Run Behavior\WriteHtmlCacheBehavior [ RunTime:0.001000s ]
INFO: [ view_filter ] --END-- [ RunTime:0.001000s ]
INFO: [ app_end ] --START--
INFO: Run Behavior\ShowPageTraceBehavior [ RunTime:0.001000s ]
INFO: [ app_end ] --END-- [ RunTime:0.001000s ]

[ 2017-07-29T19:54:13+08:00 ] 127.0.0.1 /Admin/Index/down.html
INFO: [ view_parse ] --START--
INFO: [ template_filter ] --START--
INFO: Run Behavior\ContentReplaceBehavior [ RunTime:0.000000s ]
INFO: [ template_filter ] --END-- [ RunTime:0.001000s ]
INFO: Run Behavior\ParseTemplateBehavior [ RunTime:0.176010s ]
INFO: [ view_parse ] --END-- [ RunTime:0.178010s ]
INFO: [ view_filter ] --START--
INFO: Run Behavior\WriteHtmlCacheBehavior [ RunTime:0.001000s ]
INFO: [ view_filter ] --END-- [ RunTime:0.002000s ]
INFO: [ app_end ] --START--
INFO: Run Behavior\ShowPageTraceBehavior [ RunTime:0.002000s ]
INFO: [ app_end ] --END-- [ RunTime:0.002000s ]

[ 2017-07-29T19:54:14+08:00 ] 127.0.0.1 /Admin/Index/center.html
INFO: [ view_parse ] --START--
INFO: [ template_filter ] --START--
INFO: Run Behavior\ContentReplaceBehavior [ RunTime:0.000000s ]
INFO: [ template_filter ] --END-- [ RunTime:0.001000s ]
INFO: Run Behavior\ParseTemplateBehavior [ RunTime:0.029001s ]
INFO: [ view_parse ] --END-- [ RunTime:0.030001s ]
INFO: [ view_filter ] --START--
INFO: Run Behavior\WriteHtmlCacheBehavior [ RunTime:0.000000s ]
INFO: [ view_filter ] --END-- [ RunTime:0.000000s ]
INFO: [ app_end ] --START--
INFO: Run Behavior\ShowPageTraceBehavior [ RunTime:0.001000s ]
INFO: [ app_end ] --END-- [ RunTime:0.001000s ]

[ 2017-07-29T19:54:14+08:00 ] 127.0.0.1 /Admin/Index/left.html
SQL: SHOW COLUMNS FROM `sp_auth` [ RunTime:0.0700s ]
SQL: SELECT * FROM `sp_auth` WHERE `auth_level` = '0'  [ RunTime:0.0000s ]
SQL: SELECT * FROM `sp_auth` WHERE `auth_level` = '1'  [ RunTime:0.0000s ]
INFO: [ view_parse ] --START--
INFO: [ template_filter ] --START--
INFO: Run Behavior\ContentReplaceBehavior [ RunTime:0.000000s ]
INFO: [ template_filter ] --END-- [ RunTime:0.000000s ]
INFO: Run Behavior\ParseTemplateBehavior [ RunTime:0.098006s ]
INFO: [ view_parse ] --END-- [ RunTime:0.099006s ]
INFO: [ view_filter ] --START--
INFO: Run Behavior\WriteHtmlCacheBehavior [ RunTime:0.001000s ]
INFO: [ view_filter ] --END-- [ RunTime:0.001000s ]
INFO: [ app_end ] --START--
INFO: Run Behavior\ShowPageTraceBehavior [ RunTime:0.000000s ]
INFO: [ app_end ] --END-- [ RunTime:0.001000s ]

