[ 2017-07-03T08:33:41+08:00 ] 127.0.0.1 /index.php/admin
INFO: [ view_parse ] --START--
INFO: [ template_filter ] --START--
INFO: Run Behavior\ContentReplaceBehavior [ RunTime:0.000482s ]
INFO: [ template_filter ] --END-- [ RunTime:0.001493s ]
INFO: Run Behavior\ParseTemplateBehavior [ RunTime:0.017660s ]
INFO: [ view_parse ] --END-- [ RunTime:0.019072s ]
INFO: [ view_filter ] --START--
INFO: Run Behavior\WriteHtmlCacheBehavior [ RunTime:0.000894s ]
INFO: [ view_filter ] --END-- [ RunTime:0.001558s ]
INFO: [ app_end ] --START--
INFO: Run Behavior\ShowPageTraceBehavior [ RunTime:0.001005s ]
INFO: [ app_end ] --END-- [ RunTime:0.001654s ]

[ 2017-07-03T08:33:41+08:00 ] 127.0.0.1 /index.php/Admin/Index/top.html
INFO: [ view_parse ] --START--
INFO: [ template_filter ] --START--
INFO: Run Behavior\ContentReplaceBehavior [ RunTime:0.000333s ]
INFO: [ template_filter ] --END-- [ RunTime:0.000998s ]
INFO: Run Behavior\ParseTemplateBehavior [ RunTime:0.018553s ]
INFO: [ view_parse ] --END-- [ RunTime:0.019794s ]
INFO: [ view_filter ] --START--
INFO: Run Behavior\WriteHtmlCacheBehavior [ RunTime:0.000894s ]
INFO: [ view_filter ] --END-- [ RunTime:0.001606s ]
INFO: [ app_end ] --START--
INFO: Run Behavior\ShowPageTraceBehavior [ RunTime:0.001093s ]
INFO: [ app_end ] --END-- [ RunTime:0.001756s ]

[ 2017-07-03T08:33:42+08:00 ] 127.0.0.1 /index.php/Admin/Index/center.html
INFO: [ view_parse ] --START--
INFO: [ template_filter ] --START--
INFO: Run Behavior\ContentReplaceBehavior [ RunTime:0.001350s ]
INFO: [ template_filter ] --END-- [ RunTime:0.003797s ]
INFO: Run Behavior\ParseTemplateBehavior [ RunTime:0.030223s ]
INFO: [ view_parse ] --END-- [ RunTime:0.032247s ]
INFO: [ view_filter ] --START--
INFO: Run Behavior\WriteHtmlCacheBehavior [ RunTime:0.001055s ]
INFO: [ view_filter ] --END-- [ RunTime:0.002615s ]
INFO: [ app_end ] --START--
INFO: Run Behavior\ShowPageTraceBehavior [ RunTime:0.001338s ]
INFO: [ app_end ] --END-- [ RunTime:0.002409s ]

[ 2017-07-03T08:33:42+08:00 ] 127.0.0.1 /index.php/Admin/Index/down.html
INFO: [ view_parse ] --START--
INFO: [ template_filter ] --START--
INFO: Run Behavior\ContentReplaceBehavior [ RunTime:0.000623s ]
INFO: [ template_filter ] --END-- [ RunTime:0.001975s ]
INFO: Run Behavior\ParseTemplateBehavior [ RunTime:0.048226s ]
INFO: [ view_parse ] --END-- [ RunTime:0.049990s ]
INFO: [ view_filter ] --START--
INFO: Run Behavior\WriteHtmlCacheBehavior [ RunTime:0.001413s ]
INFO: [ view_filter ] --END-- [ RunTime:0.002610s ]
INFO: [ app_end ] --START--
INFO: Run Behavior\ShowPageTraceBehavior [ RunTime:0.003065s ]
INFO: [ app_end ] --END-- [ RunTime:0.004506s ]

[ 2017-07-03T08:33:42+08:00 ] 127.0.0.1 /index.php/Admin/Index/left.html
INFO: [ view_parse ] --START--
INFO: [ template_filter ] --START--
INFO: Run Behavior\ContentReplaceBehavior [ RunTime:0.000624s ]
INFO: [ template_filter ] --END-- [ RunTime:0.001933s ]
INFO: Run Behavior\ParseTemplateBehavior [ RunTime:0.043613s ]
INFO: [ view_parse ] --END-- [ RunTime:0.045663s ]
INFO: [ view_filter ] --START--
INFO: Run Behavior\WriteHtmlCacheBehavior [ RunTime:0.000852s ]
INFO: [ view_filter ] --END-- [ RunTime:0.001493s ]
INFO: [ app_end ] --START--
INFO: Run Behavior\ShowPageTraceBehavior [ RunTime:0.001917s ]
INFO: [ app_end ] --END-- [ RunTime:0.003140s ]

[ 2017-07-03T10:07:30+08:00 ] 127.0.0.1 /index.php/Admin/Goods/tianjia.html
ERR: 1062:Duplicate entry '华为荣耀8' for key 'goods_name'
 [ SQL语句 ] : INSERT INTO `sp_goods` (`goods_name`,`goods_price`,`goods_number`,`goods_weight`,`goods_introduce`,`upd_time`,`add_time`) VALUES ('华为荣耀8','2345','11','222','哈哈哈','1499047649','1499047649')

[ 2017-07-03T10:17:21+08:00 ] 127.0.0.1 /index.php/Admin/Goods/tianjia.html
ERR: 1062:Duplicate entry '' for key 'goods_name'
 [ SQL语句 ] : INSERT INTO `sp_goods` (`goods_name`,`goods_price`,`goods_number`,`goods_weight`,`goods_introduce`,`upd_time`,`add_time`) VALUES ('','','0','0','','1499048203','1499048203')

[ 2017-07-03T10:22:14+08:00 ] 127.0.0.1 /index.php/Admin/Goods/tianjia.html
ERR: 1062:Duplicate entry '华为荣耀8' for key 'goods_name'
 [ SQL语句 ] : INSERT INTO `sp_goods` (`goods_name`,`goods_price`,`goods_number`,`goods_weight`,`goods_introduce`,`upd_time`,`add_time`,`goods_big_logo`,`goods_small_logo`) VALUES ('华为荣耀8','22222','234','500','玩到了','1499048534','1499048534','./Public/Uploads/logo/2017-07-03/5959aa5610b27.jpg','./Public/Uploads/logo/2017-07-03/small_5959aa5610b27.jpg')

[ 2017-07-03T11:21:30+08:00 ] 127.0.0.1 /index.php/admin
INFO: [ view_parse ] --START--
INFO: [ template_filter ] --START--
INFO: Run Behavior\ContentReplaceBehavior [ RunTime:0.000305s ]
INFO: [ template_filter ] --END-- [ RunTime:0.001059s ]
INFO: Run Behavior\ParseTemplateBehavior [ RunTime:0.017267s ]
INFO: [ view_parse ] --END-- [ RunTime:0.018647s ]
INFO: [ view_filter ] --START--
INFO: Run Behavior\WriteHtmlCacheBehavior [ RunTime:0.000901s ]
INFO: [ view_filter ] --END-- [ RunTime:0.001545s ]
INFO: [ app_end ] --START--
INFO: Run Behavior\ShowPageTraceBehavior [ RunTime:0.001221s ]
INFO: [ app_end ] --END-- [ RunTime:0.002090s ]

[ 2017-07-03T11:21:30+08:00 ] 127.0.0.1 /index.php/Admin/Index/top.html
INFO: [ view_parse ] --START--
INFO: [ template_filter ] --START--
INFO: Run Behavior\ContentReplaceBehavior [ RunTime:0.000573s ]
INFO: [ template_filter ] --END-- [ RunTime:0.001765s ]
INFO: Run Behavior\ParseTemplateBehavior [ RunTime:0.031168s ]
INFO: [ view_parse ] --END-- [ RunTime:0.034632s ]
INFO: [ view_filter ] --START--
INFO: Run Behavior\WriteHtmlCacheBehavior [ RunTime:0.001595s ]
INFO: [ view_filter ] --END-- [ RunTime:0.003269s ]
INFO: [ app_end ] --START--
INFO: Run Behavior\ShowPageTraceBehavior [ RunTime:0.001737s ]
INFO: [ app_end ] --END-- [ RunTime:0.003236s ]

[ 2017-07-03T11:21:31+08:00 ] 127.0.0.1 /index.php/Admin/Index/center.html
INFO: [ view_parse ] --START--
INFO: [ template_filter ] --START--
INFO: Run Behavior\ContentReplaceBehavior [ RunTime:0.000614s ]
INFO: [ template_filter ] --END-- [ RunTime:0.001923s ]
INFO: Run Behavior\ParseTemplateBehavior [ RunTime:0.046310s ]
INFO: [ view_parse ] --END-- [ RunTime:0.048803s ]
INFO: [ view_filter ] --START--
INFO: Run Behavior\WriteHtmlCacheBehavior [ RunTime:0.005455s ]
INFO: [ view_filter ] --END-- [ RunTime:0.008142s ]
INFO: [ app_end ] --START--
INFO: Run Behavior\ShowPageTraceBehavior [ RunTime:0.010543s ]
INFO: [ app_end ] --END-- [ RunTime:0.012242s ]

[ 2017-07-03T11:21:32+08:00 ] 127.0.0.1 /index.php/Admin/Index/down.html
INFO: [ view_parse ] --START--
INFO: [ template_filter ] --START--
INFO: Run Behavior\ContentReplaceBehavior [ RunTime:0.000712s ]
INFO: [ template_filter ] --END-- [ RunTime:0.005821s ]
INFO: Run Behavior\ParseTemplateBehavior [ RunTime:0.048261s ]
INFO: [ view_parse ] --END-- [ RunTime:0.056126s ]
INFO: [ view_filter ] --START--
INFO: Run Behavior\WriteHtmlCacheBehavior [ RunTime:0.003252s ]
INFO: [ view_filter ] --END-- [ RunTime:0.006490s ]
INFO: [ app_end ] --START--
INFO: Run Behavior\ShowPageTraceBehavior [ RunTime:0.002309s ]
INFO: [ app_end ] --END-- [ RunTime:0.008394s ]

[ 2017-07-03T11:21:32+08:00 ] 127.0.0.1 /index.php/Admin/Index/left.html
INFO: [ view_parse ] --START--
INFO: [ template_filter ] --START--
INFO: Run Behavior\ContentReplaceBehavior [ RunTime:0.000559s ]
INFO: [ template_filter ] --END-- [ RunTime:0.002022s ]
INFO: Run Behavior\ParseTemplateBehavior [ RunTime:0.043663s ]
INFO: [ view_parse ] --END-- [ RunTime:0.047503s ]
INFO: [ view_filter ] --START--
INFO: Run Behavior\WriteHtmlCacheBehavior [ RunTime:0.003201s ]
INFO: [ view_filter ] --END-- [ RunTime:0.006717s ]
INFO: [ app_end ] --START--
INFO: Run Behavior\ShowPageTraceBehavior [ RunTime:0.012412s ]
INFO: [ app_end ] --END-- [ RunTime:0.015346s ]

[ 2017-07-03T14:01:01+08:00 ] 127.0.0.1 /index.php/admin/index
INFO: [ view_parse ] --START--
INFO: [ template_filter ] --START--
INFO: Run Behavior\ContentReplaceBehavior [ RunTime:0.000521s ]
INFO: [ template_filter ] --END-- [ RunTime:0.001633s ]
INFO: Run Behavior\ParseTemplateBehavior [ RunTime:0.028975s ]
INFO: [ view_parse ] --END-- [ RunTime:0.031011s ]
INFO: [ view_filter ] --START--
INFO: Run Behavior\WriteHtmlCacheBehavior [ RunTime:0.000886s ]
INFO: [ view_filter ] --END-- [ RunTime:0.001592s ]
INFO: [ app_end ] --START--
INFO: Run Behavior\ShowPageTraceBehavior [ RunTime:0.001288s ]
INFO: [ app_end ] --END-- [ RunTime:0.001995s ]

[ 2017-07-03T14:01:02+08:00 ] 127.0.0.1 /index.php/Admin/Index/top.html
INFO: [ view_parse ] --START--
INFO: [ template_filter ] --START--
INFO: Run Behavior\ContentReplaceBehavior [ RunTime:0.000337s ]
INFO: [ template_filter ] --END-- [ RunTime:0.001238s ]
INFO: Run Behavior\ParseTemplateBehavior [ RunTime:0.023957s ]
INFO: [ view_parse ] --END-- [ RunTime:0.025747s ]
INFO: [ view_filter ] --START--
INFO: Run Behavior\WriteHtmlCacheBehavior [ RunTime:0.001169s ]
INFO: [ view_filter ] --END-- [ RunTime:0.002055s ]
INFO: [ app_end ] --START--
INFO: Run Behavior\ShowPageTraceBehavior [ RunTime:0.002003s ]
INFO: [ app_end ] --END-- [ RunTime:0.003185s ]

[ 2017-07-03T14:01:03+08:00 ] 127.0.0.1 /index.php/Admin/Index/down.html
INFO: [ view_parse ] --START--
INFO: [ template_filter ] --START--
INFO: Run Behavior\ContentReplaceBehavior [ RunTime:0.000589s ]
INFO: [ template_filter ] --END-- [ RunTime:0.001816s ]
INFO: Run Behavior\ParseTemplateBehavior [ RunTime:0.035633s ]
INFO: [ view_parse ] --END-- [ RunTime:0.038087s ]
INFO: [ view_filter ] --START--
INFO: Run Behavior\WriteHtmlCacheBehavior [ RunTime:0.000974s ]
INFO: [ view_filter ] --END-- [ RunTime:0.001796s ]
INFO: [ app_end ] --START--
INFO: Run Behavior\ShowPageTraceBehavior [ RunTime:0.001315s ]
INFO: [ app_end ] --END-- [ RunTime:0.002207s ]

[ 2017-07-03T14:01:03+08:00 ] 127.0.0.1 /index.php/Admin/Index/center.html
INFO: [ view_parse ] --START--
INFO: [ template_filter ] --START--
INFO: Run Behavior\ContentReplaceBehavior [ RunTime:0.000333s ]
INFO: [ template_filter ] --END-- [ RunTime:0.001226s ]
INFO: Run Behavior\ParseTemplateBehavior [ RunTime:0.033525s ]
INFO: [ view_parse ] --END-- [ RunTime:0.036162s ]
INFO: [ view_filter ] --START--
INFO: Run Behavior\WriteHtmlCacheBehavior [ RunTime:0.001449s ]
INFO: [ view_filter ] --END-- [ RunTime:0.002503s ]
INFO: [ app_end ] --START--
INFO: Run Behavior\ShowPageTraceBehavior [ RunTime:0.001550s ]
INFO: [ app_end ] --END-- [ RunTime:0.002477s ]

[ 2017-07-03T14:01:04+08:00 ] 127.0.0.1 /index.php/Admin/Index/left.html
INFO: [ view_parse ] --START--
INFO: [ template_filter ] --START--
INFO: Run Behavior\ContentReplaceBehavior [ RunTime:0.000527s ]
INFO: [ template_filter ] --END-- [ RunTime:0.001736s ]
INFO: Run Behavior\ParseTemplateBehavior [ RunTime:0.066522s ]
INFO: [ view_parse ] --END-- [ RunTime:0.068924s ]
INFO: [ view_filter ] --START--
INFO: Run Behavior\WriteHtmlCacheBehavior [ RunTime:0.000840s ]
INFO: [ view_filter ] --END-- [ RunTime:0.001486s ]
INFO: [ app_end ] --START--
INFO: Run Behavior\ShowPageTraceBehavior [ RunTime:0.001018s ]
INFO: [ app_end ] --END-- [ RunTime:0.001712s ]

[ 2017-07-03T14:30:32+08:00 ] 127.0.0.1 /index.php/Admin/Goods/tianjia.html
ERR: 1062:Duplicate entry '' for key 'goods_name'
 [ SQL语句 ] : INSERT INTO `sp_goods` (`goods_name`,`goods_price`,`goods_number`,`goods_weight`,`goods_introduce`,`upd_time`,`add_time`) VALUES ('','','0','0','','1499063432','1499063432')

[ 2017-07-03T14:34:26+08:00 ] 127.0.0.1 /index.php/Admin/Goods/tianjia.html
ERR: 不存在的图像文件

[ 2017-07-03T14:40:00+08:00 ] 127.0.0.1 /index.php/Admin/Goods/tianjia.html
ERR: 没有可以被缩略的图像资源

[ 2017-07-03T14:48:20+08:00 ] 127.0.0.1 /index.php/Admin/Goods/tianjia.html
ERR: 没有可以被缩略的图像资源

[ 2017-07-03T15:03:29+08:00 ] 127.0.0.1 /index.php/Admin/Goods/tianjia.html
ERR: 没有可以被缩略的图像资源

[ 2017-07-03T15:13:34+08:00 ] 127.0.0.1 /index.php/Admin/Goods/tianjia.html
ERR: 没有可以被缩略的图像资源

[ 2017-07-03T15:14:22+08:00 ] 127.0.0.1 /index.php/Admin/Goods/tianjia.html
ERR: 没有可以被缩略的图像资源

[ 2017-07-03T16:25:14+08:00 ] 127.0.0.1 /index.php/Admin/Goods/tianjia.html
ERR: 没有可以被缩略的图像资源

[ 2017-07-03T16:27:38+08:00 ] 127.0.0.1 /index.php/Admin/Goods/tianjia.html
ERR: 1062:Duplicate entry '柔柔弱弱' for key 'goods_name'
 [ SQL语句 ] : INSERT INTO `sp_goods` (`goods_name`,`goods_price`,`goods_number`,`goods_weight`,`goods_introduce`,`upd_time`,`add_time`) VALUES ('柔柔弱弱','2221211','1111','1111','','1499070458','1499070458')

[ 2017-07-03T16:35:09+08:00 ] 127.0.0.1 /index.php/admin/index
INFO: [ view_parse ] --START--
INFO: [ template_filter ] --START--
INFO: Run Behavior\ContentReplaceBehavior [ RunTime:0.000359s ]
INFO: [ template_filter ] --END-- [ RunTime:0.001091s ]
INFO: Run Behavior\ParseTemplateBehavior [ RunTime:0.022055s ]
INFO: [ view_parse ] --END-- [ RunTime:0.023646s ]
INFO: [ view_filter ] --START--
INFO: Run Behavior\WriteHtmlCacheBehavior [ RunTime:0.001747s ]
INFO: [ view_filter ] --END-- [ RunTime:0.002489s ]
INFO: [ app_end ] --START--
INFO: Run Behavior\ShowPageTraceBehavior [ RunTime:0.001261s ]
INFO: [ app_end ] --END-- [ RunTime:0.001934s ]

[ 2017-07-03T16:35:10+08:00 ] 127.0.0.1 /index.php/Admin/Index/top.html
INFO: [ view_parse ] --START--
INFO: [ template_filter ] --START--
INFO: Run Behavior\ContentReplaceBehavior [ RunTime:0.000576s ]
INFO: [ template_filter ] --END-- [ RunTime:0.001761s ]
INFO: Run Behavior\ParseTemplateBehavior [ RunTime:0.028797s ]
INFO: [ view_parse ] --END-- [ RunTime:0.030847s ]
INFO: [ view_filter ] --START--
INFO: Run Behavior\WriteHtmlCacheBehavior [ RunTime:0.001279s ]
INFO: [ view_filter ] --END-- [ RunTime:0.002252s ]
INFO: [ app_end ] --START--
INFO: Run Behavior\ShowPageTraceBehavior [ RunTime:0.001438s ]
INFO: [ app_end ] --END-- [ RunTime:0.002468s ]

[ 2017-07-03T16:35:11+08:00 ] 127.0.0.1 /index.php/Admin/Index/center.html
INFO: [ view_parse ] --START--
INFO: [ template_filter ] --START--
INFO: Run Behavior\ContentReplaceBehavior [ RunTime:0.000524s ]
INFO: [ template_filter ] --END-- [ RunTime:0.001632s ]
INFO: Run Behavior\ParseTemplateBehavior [ RunTime:0.024957s ]
INFO: [ view_parse ] --END-- [ RunTime:0.027153s ]
INFO: [ view_filter ] --START--
INFO: Run Behavior\WriteHtmlCacheBehavior [ RunTime:0.000948s ]
INFO: [ view_filter ] --END-- [ RunTime:0.001612s ]
INFO: [ app_end ] --START--
INFO: Run Behavior\ShowPageTraceBehavior [ RunTime:0.001095s ]
INFO: [ app_end ] --END-- [ RunTime:0.001751s ]

[ 2017-07-03T16:35:11+08:00 ] 127.0.0.1 /index.php/Admin/Index/down.html
INFO: [ view_parse ] --START--
INFO: [ template_filter ] --START--
INFO: Run Behavior\ContentReplaceBehavior [ RunTime:0.000642s ]
INFO: [ template_filter ] --END-- [ RunTime:0.002037s ]
INFO: Run Behavior\ParseTemplateBehavior [ RunTime:0.030546s ]
INFO: [ view_parse ] --END-- [ RunTime:0.032919s ]
INFO: [ view_filter ] --START--
INFO: Run Behavior\WriteHtmlCacheBehavior [ RunTime:0.001804s ]
INFO: [ view_filter ] --END-- [ RunTime:0.003034s ]
INFO: [ app_end ] --START--
INFO: Run Behavior\ShowPageTraceBehavior [ RunTime:0.001734s ]
INFO: [ app_end ] --END-- [ RunTime:0.002879s ]

[ 2017-07-03T16:35:22+08:00 ] 127.0.0.1 /index.php/Admin/Index/left.html
INFO: [ view_parse ] --START--
INFO: [ template_filter ] --START--
INFO: Run Behavior\ContentReplaceBehavior [ RunTime:0.000553s ]
INFO: [ template_filter ] --END-- [ RunTime:0.001746s ]
INFO: Run Behavior\ParseTemplateBehavior [ RunTime:0.024768s ]
INFO: [ view_parse ] --END-- [ RunTime:0.026571s ]
INFO: [ view_filter ] --START--
INFO: Run Behavior\WriteHtmlCacheBehavior [ RunTime:0.001264s ]
INFO: [ view_filter ] --END-- [ RunTime:0.002667s ]
INFO: [ app_end ] --START--
INFO: Run Behavior\ShowPageTraceBehavior [ RunTime:0.001104s ]
INFO: [ app_end ] --END-- [ RunTime:0.001838s ]

[ 2017-07-03T16:35:36+08:00 ] 127.0.0.1 /index.php/admin/index
INFO: [ view_parse ] --START--
INFO: [ template_filter ] --START--
INFO: Run Behavior\ContentReplaceBehavior [ RunTime:0.000962s ]
INFO: [ template_filter ] --END-- [ RunTime:0.002295s ]
INFO: Run Behavior\ParseTemplateBehavior [ RunTime:0.037665s ]
INFO: [ view_parse ] --END-- [ RunTime:0.039649s ]
INFO: [ view_filter ] --START--
INFO: Run Behavior\WriteHtmlCacheBehavior [ RunTime:0.010789s ]
INFO: [ view_filter ] --END-- [ RunTime:0.012068s ]
INFO: [ app_end ] --START--
INFO: Run Behavior\ShowPageTraceBehavior [ RunTime:0.001897s ]
INFO: [ app_end ] --END-- [ RunTime:0.003434s ]

[ 2017-07-03T16:36:34+08:00 ] 127.0.0.1 /index.php/admin
INFO: [ view_parse ] --START--
INFO: [ template_filter ] --START--
INFO: Run Behavior\ContentReplaceBehavior [ RunTime:0.000354s ]
INFO: [ template_filter ] --END-- [ RunTime:0.001106s ]
INFO: Run Behavior\ParseTemplateBehavior [ RunTime:0.025070s ]
INFO: [ view_parse ] --END-- [ RunTime:0.026659s ]
INFO: [ view_filter ] --START--
INFO: Run Behavior\WriteHtmlCacheBehavior [ RunTime:0.000869s ]
INFO: [ view_filter ] --END-- [ RunTime:0.001535s ]
INFO: [ app_end ] --START--
INFO: Run Behavior\ShowPageTraceBehavior [ RunTime:0.001320s ]
INFO: [ app_end ] --END-- [ RunTime:0.001963s ]

[ 2017-07-03T16:36:35+08:00 ] 127.0.0.1 /index.php/Admin/Index/top.html
INFO: [ view_parse ] --START--
INFO: [ template_filter ] --START--
INFO: Run Behavior\ContentReplaceBehavior [ RunTime:0.000687s ]
INFO: [ template_filter ] --END-- [ RunTime:0.002163s ]
INFO: Run Behavior\ParseTemplateBehavior [ RunTime:0.034621s ]
INFO: [ view_parse ] --END-- [ RunTime:0.036740s ]
INFO: [ view_filter ] --START--
INFO: Run Behavior\WriteHtmlCacheBehavior [ RunTime:0.001838s ]
INFO: [ view_filter ] --END-- [ RunTime:0.003246s ]
INFO: [ app_end ] --START--
INFO: Run Behavior\ShowPageTraceBehavior [ RunTime:0.002011s ]
INFO: [ app_end ] --END-- [ RunTime:0.003240s ]

[ 2017-07-03T16:36:35+08:00 ] 127.0.0.1 /index.php/Admin/Index/center.html
INFO: [ view_parse ] --START--
INFO: [ template_filter ] --START--
INFO: Run Behavior\ContentReplaceBehavior [ RunTime:0.000606s ]
INFO: [ template_filter ] --END-- [ RunTime:0.001859s ]
INFO: Run Behavior\ParseTemplateBehavior [ RunTime:0.027085s ]
INFO: [ view_parse ] --END-- [ RunTime:0.031029s ]
INFO: [ view_filter ] --START--
INFO: Run Behavior\WriteHtmlCacheBehavior [ RunTime:0.002565s ]
INFO: [ view_filter ] --END-- [ RunTime:0.004472s ]
INFO: [ app_end ] --START--
INFO: Run Behavior\ShowPageTraceBehavior [ RunTime:0.014111s ]
INFO: [ app_end ] --END-- [ RunTime:0.018657s ]

[ 2017-07-03T16:36:36+08:00 ] 127.0.0.1 /index.php/Admin/Index/down.html
INFO: [ view_parse ] --START--
INFO: [ template_filter ] --START--
INFO: Run Behavior\ContentReplaceBehavior [ RunTime:0.003470s ]
INFO: [ template_filter ] --END-- [ RunTime:0.007382s ]
INFO: Run Behavior\ParseTemplateBehavior [ RunTime:0.053624s ]
INFO: [ view_parse ] --END-- [ RunTime:0.056187s ]
INFO: [ view_filter ] --START--
INFO: Run Behavior\WriteHtmlCacheBehavior [ RunTime:0.001315s ]
INFO: [ view_filter ] --END-- [ RunTime:0.002619s ]
INFO: [ app_end ] --START--
INFO: Run Behavior\ShowPageTraceBehavior [ RunTime:0.005282s ]
INFO: [ app_end ] --END-- [ RunTime:0.007341s ]

[ 2017-07-03T16:36:36+08:00 ] 127.0.0.1 /index.php/Admin/Index/left.html
INFO: [ view_parse ] --START--
INFO: [ template_filter ] --START--
INFO: Run Behavior\ContentReplaceBehavior [ RunTime:0.000634s ]
INFO: [ template_filter ] --END-- [ RunTime:0.001818s ]
INFO: Run Behavior\ParseTemplateBehavior [ RunTime:0.027297s ]
INFO: [ view_parse ] --END-- [ RunTime:0.029173s ]
INFO: [ view_filter ] --START--
INFO: Run Behavior\WriteHtmlCacheBehavior [ RunTime:0.001291s ]
INFO: [ view_filter ] --END-- [ RunTime:0.002878s ]
INFO: [ app_end ] --START--
INFO: Run Behavior\ShowPageTraceBehavior [ RunTime:0.001694s ]
INFO: [ app_end ] --END-- [ RunTime:0.002737s ]

[ 2017-07-03T17:09:55+08:00 ] 127.0.0.1 /index.php/admin
INFO: [ view_parse ] --START--
INFO: [ template_filter ] --START--
INFO: Run Behavior\ContentReplaceBehavior [ RunTime:0.000451s ]
INFO: [ template_filter ] --END-- [ RunTime:0.001232s ]
INFO: Run Behavior\ParseTemplateBehavior [ RunTime:0.021474s ]
INFO: [ view_parse ] --END-- [ RunTime:0.023018s ]
INFO: [ view_filter ] --START--
INFO: Run Behavior\WriteHtmlCacheBehavior [ RunTime:0.001007s ]
INFO: [ view_filter ] --END-- [ RunTime:0.001770s ]
INFO: [ app_end ] --START--
INFO: Run Behavior\ShowPageTraceBehavior [ RunTime:0.001319s ]
INFO: [ app_end ] --END-- [ RunTime:0.002212s ]

[ 2017-07-03T17:09:57+08:00 ] 127.0.0.1 /index.php/Admin/Index/top.html
INFO: [ view_parse ] --START--
INFO: [ template_filter ] --START--
INFO: Run Behavior\ContentReplaceBehavior [ RunTime:0.000562s ]
INFO: [ template_filter ] --END-- [ RunTime:0.001838s ]
INFO: Run Behavior\ParseTemplateBehavior [ RunTime:0.026070s ]
INFO: [ view_parse ] --END-- [ RunTime:0.027484s ]
INFO: [ view_filter ] --START--
INFO: Run Behavior\WriteHtmlCacheBehavior [ RunTime:0.000865s ]
INFO: [ view_filter ] --END-- [ RunTime:0.001503s ]
INFO: [ app_end ] --START--
INFO: Run Behavior\ShowPageTraceBehavior [ RunTime:0.000949s ]
INFO: [ app_end ] --END-- [ RunTime:0.001586s ]

[ 2017-07-03T17:09:58+08:00 ] 127.0.0.1 /index.php/Admin/Index/center.html
INFO: [ view_parse ] --START--
INFO: [ template_filter ] --START--
INFO: Run Behavior\ContentReplaceBehavior [ RunTime:0.000724s ]
INFO: [ template_filter ] --END-- [ RunTime:0.001895s ]
INFO: Run Behavior\ParseTemplateBehavior [ RunTime:0.017856s ]
INFO: [ view_parse ] --END-- [ RunTime:0.019250s ]
INFO: [ view_filter ] --START--
INFO: Run Behavior\WriteHtmlCacheBehavior [ RunTime:0.001056s ]
INFO: [ view_filter ] --END-- [ RunTime:0.001713s ]
INFO: [ app_end ] --START--
INFO: Run Behavior\ShowPageTraceBehavior [ RunTime:0.001228s ]
INFO: [ app_end ] --END-- [ RunTime:0.001893s ]

[ 2017-07-03T17:09:58+08:00 ] 127.0.0.1 /index.php/Admin/Index/down.html
INFO: [ view_parse ] --START--
INFO: [ template_filter ] --START--
INFO: Run Behavior\ContentReplaceBehavior [ RunTime:0.000552s ]
INFO: [ template_filter ] --END-- [ RunTime:0.001666s ]
INFO: Run Behavior\ParseTemplateBehavior [ RunTime:0.036304s ]
INFO: [ view_parse ] --END-- [ RunTime:0.038707s ]
INFO: [ view_filter ] --START--
INFO: Run Behavior\WriteHtmlCacheBehavior [ RunTime:0.001623s ]
INFO: [ view_filter ] --END-- [ RunTime:0.002597s ]
INFO: [ app_end ] --START--
INFO: Run Behavior\ShowPageTraceBehavior [ RunTime:0.001566s ]
INFO: [ app_end ] --END-- [ RunTime:0.002452s ]

[ 2017-07-03T17:09:59+08:00 ] 127.0.0.1 /index.php/Admin/Index/left.html
INFO: [ view_parse ] --START--
INFO: [ template_filter ] --START--
INFO: Run Behavior\ContentReplaceBehavior [ RunTime:0.000594s ]
INFO: [ template_filter ] --END-- [ RunTime:0.001854s ]
INFO: Run Behavior\ParseTemplateBehavior [ RunTime:0.027889s ]
INFO: [ view_parse ] --END-- [ RunTime:0.030065s ]
INFO: [ view_filter ] --START--
INFO: Run Behavior\WriteHtmlCacheBehavior [ RunTime:0.001411s ]
INFO: [ view_filter ] --END-- [ RunTime:0.002954s ]
INFO: [ app_end ] --START--
INFO: Run Behavior\ShowPageTraceBehavior [ RunTime:0.002499s ]
INFO: [ app_end ] --END-- [ RunTime:0.003542s ]

[ 2017-07-03T17:10:26+08:00 ] 127.0.0.1 /index.php/admin/index
INFO: [ view_parse ] --START--
INFO: [ template_filter ] --START--
INFO: Run Behavior\ContentReplaceBehavior [ RunTime:0.000341s ]
INFO: [ template_filter ] --END-- [ RunTime:0.000997s ]
INFO: Run Behavior\ParseTemplateBehavior [ RunTime:0.017833s ]
INFO: [ view_parse ] --END-- [ RunTime:0.019140s ]
INFO: [ view_filter ] --START--
INFO: Run Behavior\WriteHtmlCacheBehavior [ RunTime:0.001167s ]
INFO: [ view_filter ] --END-- [ RunTime:0.001814s ]
INFO: [ app_end ] --START--
INFO: Run Behavior\ShowPageTraceBehavior [ RunTime:0.001130s ]
INFO: [ app_end ] --END-- [ RunTime:0.001775s ]

[ 2017-07-03T17:10:27+08:00 ] 127.0.0.1 /index.php/Admin/Index/top.html
INFO: [ view_parse ] --START--
INFO: [ template_filter ] --START--
INFO: Run Behavior\ContentReplaceBehavior [ RunTime:0.000397s ]
INFO: [ template_filter ] --END-- [ RunTime:0.001308s ]
INFO: Run Behavior\ParseTemplateBehavior [ RunTime:0.030056s ]
INFO: [ view_parse ] --END-- [ RunTime:0.031940s ]
INFO: [ view_filter ] --START--
INFO: Run Behavior\WriteHtmlCacheBehavior [ RunTime:0.001974s ]
INFO: [ view_filter ] --END-- [ RunTime:0.003468s ]
INFO: [ app_end ] --START--
INFO: Run Behavior\ShowPageTraceBehavior [ RunTime:0.001232s ]
INFO: [ app_end ] --END-- [ RunTime:0.001994s ]

[ 2017-07-03T17:10:27+08:00 ] 127.0.0.1 /index.php/Admin/Index/center.html
INFO: [ view_parse ] --START--
INFO: [ template_filter ] --START--
INFO: Run Behavior\ContentReplaceBehavior [ RunTime:0.000644s ]
INFO: [ template_filter ] --END-- [ RunTime:0.002113s ]
INFO: Run Behavior\ParseTemplateBehavior [ RunTime:0.052451s ]
INFO: [ view_parse ] --END-- [ RunTime:0.054863s ]
INFO: [ view_filter ] --START--
INFO: Run Behavior\WriteHtmlCacheBehavior [ RunTime:0.005557s ]
INFO: [ view_filter ] --END-- [ RunTime:0.010672s ]
INFO: [ app_end ] --START--
INFO: Run Behavior\ShowPageTraceBehavior [ RunTime:0.003140s ]
INFO: [ app_end ] --END-- [ RunTime:0.004495s ]

[ 2017-07-03T17:10:28+08:00 ] 127.0.0.1 /index.php/Admin/Index/down.html
INFO: [ view_parse ] --START--
INFO: [ template_filter ] --START--
INFO: Run Behavior\ContentReplaceBehavior [ RunTime:0.000654s ]
INFO: [ template_filter ] --END-- [ RunTime:0.002002s ]
INFO: Run Behavior\ParseTemplateBehavior [ RunTime:0.033763s ]
INFO: [ view_parse ] --END-- [ RunTime:0.036141s ]
INFO: [ view_filter ] --START--
INFO: Run Behavior\WriteHtmlCacheBehavior [ RunTime:0.001545s ]
INFO: [ view_filter ] --END-- [ RunTime:0.002766s ]
INFO: [ app_end ] --START--
INFO: Run Behavior\ShowPageTraceBehavior [ RunTime:0.001717s ]
INFO: [ app_end ] --END-- [ RunTime:0.002845s ]

[ 2017-07-03T17:10:28+08:00 ] 127.0.0.1 /index.php/Admin/Index/left.html
INFO: [ view_parse ] --START--
INFO: [ template_filter ] --START--
INFO: Run Behavior\ContentReplaceBehavior [ RunTime:0.000435s ]
INFO: [ template_filter ] --END-- [ RunTime:0.001521s ]
INFO: Run Behavior\ParseTemplateBehavior [ RunTime:0.029641s ]
INFO: [ view_parse ] --END-- [ RunTime:0.032241s ]
INFO: [ view_filter ] --START--
INFO: Run Behavior\WriteHtmlCacheBehavior [ RunTime:0.001757s ]
INFO: [ view_filter ] --END-- [ RunTime:0.002910s ]
INFO: [ app_end ] --START--
INFO: Run Behavior\ShowPageTraceBehavior [ RunTime:0.001520s ]
INFO: [ app_end ] --END-- [ RunTime:0.002264s ]

[ 2017-07-03T18:38:45+08:00 ] 127.0.0.1 /index.php/admin
INFO: [ view_parse ] --START--
INFO: [ template_filter ] --START--
INFO: Run Behavior\ContentReplaceBehavior [ RunTime:0.000321s ]
INFO: [ template_filter ] --END-- [ RunTime:0.001247s ]
INFO: Run Behavior\ParseTemplateBehavior [ RunTime:0.022484s ]
INFO: [ view_parse ] --END-- [ RunTime:0.024013s ]
INFO: [ view_filter ] --START--
INFO: Run Behavior\WriteHtmlCacheBehavior [ RunTime:0.000899s ]
INFO: [ view_filter ] --END-- [ RunTime:0.001549s ]
INFO: [ app_end ] --START--
INFO: Run Behavior\ShowPageTraceBehavior [ RunTime:0.000997s ]
INFO: [ app_end ] --END-- [ RunTime:0.001644s ]

[ 2017-07-03T18:38:46+08:00 ] 127.0.0.1 /index.php/Admin/Index/top.html
INFO: [ view_parse ] --START--
INFO: [ template_filter ] --START--
INFO: Run Behavior\ContentReplaceBehavior [ RunTime:0.000338s ]
INFO: [ template_filter ] --END-- [ RunTime:0.001023s ]
INFO: Run Behavior\ParseTemplateBehavior [ RunTime:0.021841s ]
INFO: [ view_parse ] --END-- [ RunTime:0.023357s ]
INFO: [ view_filter ] --START--
INFO: Run Behavior\WriteHtmlCacheBehavior [ RunTime:0.001182s ]
INFO: [ view_filter ] --END-- [ RunTime:0.002074s ]
INFO: [ app_end ] --START--
INFO: Run Behavior\ShowPageTraceBehavior [ RunTime:0.001081s ]
INFO: [ app_end ] --END-- [ RunTime:0.001735s ]

[ 2017-07-03T18:38:47+08:00 ] 127.0.0.1 /index.php/Admin/Index/center.html
INFO: [ view_parse ] --START--
INFO: [ template_filter ] --START--
INFO: Run Behavior\ContentReplaceBehavior [ RunTime:0.000355s ]
INFO: [ template_filter ] --END-- [ RunTime:0.001181s ]
INFO: Run Behavior\ParseTemplateBehavior [ RunTime:0.031311s ]
INFO: [ view_parse ] --END-- [ RunTime:0.033118s ]
INFO: [ view_filter ] --START--
INFO: Run Behavior\WriteHtmlCacheBehavior [ RunTime:0.003730s ]
INFO: [ view_filter ] --END-- [ RunTime:0.006550s ]
INFO: [ app_end ] --START--
INFO: Run Behavior\ShowPageTraceBehavior [ RunTime:0.002214s ]
INFO: [ app_end ] --END-- [ RunTime:0.003684s ]

[ 2017-07-03T18:38:47+08:00 ] 127.0.0.1 /index.php/Admin/Index/down.html
INFO: [ view_parse ] --START--
INFO: [ template_filter ] --START--
INFO: Run Behavior\ContentReplaceBehavior [ RunTime:0.000813s ]
INFO: [ template_filter ] --END-- [ RunTime:0.002212s ]
INFO: Run Behavior\ParseTemplateBehavior [ RunTime:0.037815s ]
INFO: [ view_parse ] --END-- [ RunTime:0.043183s ]
INFO: [ view_filter ] --START--
INFO: Run Behavior\WriteHtmlCacheBehavior [ RunTime:0.001182s ]
INFO: [ view_filter ] --END-- [ RunTime:0.002157s ]
INFO: [ app_end ] --START--
INFO: Run Behavior\ShowPageTraceBehavior [ RunTime:0.001822s ]
INFO: [ app_end ] --END-- [ RunTime:0.003583s ]

[ 2017-07-03T18:38:47+08:00 ] 127.0.0.1 /index.php/Admin/Index/left.html
INFO: [ view_parse ] --START--
INFO: [ template_filter ] --START--
INFO: Run Behavior\ContentReplaceBehavior [ RunTime:0.000646s ]
INFO: [ template_filter ] --END-- [ RunTime:0.001938s ]
INFO: Run Behavior\ParseTemplateBehavior [ RunTime:0.032701s ]
INFO: [ view_parse ] --END-- [ RunTime:0.036292s ]
INFO: [ view_filter ] --START--
INFO: Run Behavior\WriteHtmlCacheBehavior [ RunTime:0.002170s ]
INFO: [ view_filter ] --END-- [ RunTime:0.003433s ]
INFO: [ app_end ] --START--
INFO: Run Behavior\ShowPageTraceBehavior [ RunTime:0.001740s ]
INFO: [ app_end ] --END-- [ RunTime:0.002944s ]

[ 2017-07-03T19:05:39+08:00 ] 127.0.0.1 /index.php/Admin/Goods/delPics.html
INFO: [ app_begin ] --START--
INFO: Run Behavior\ReadHtmlCacheBehavior [ RunTime:0.001045s ]
INFO: [ app_begin ] --END-- [ RunTime:0.002313s ]
SQL: SHOW COLUMNS FROM `sp_goods_pics` [ RunTime:0.0065s ]
ERR: Think\Model:fing方法不存在！

[ 2017-07-03T19:05:53+08:00 ] 127.0.0.1 /index.php/Admin/Goods/delPics.html
INFO: [ app_begin ] --START--
INFO: Run Behavior\ReadHtmlCacheBehavior [ RunTime:0.001058s ]
INFO: [ app_begin ] --END-- [ RunTime:0.002228s ]
SQL: SHOW COLUMNS FROM `sp_goods_pics` [ RunTime:0.0058s ]
ERR: Think\Model:fing方法不存在！

[ 2017-07-03T19:07:37+08:00 ] 127.0.0.1 /index.php/Admin/Goods/delPics.html
INFO: [ app_begin ] --START--
INFO: Run Behavior\ReadHtmlCacheBehavior [ RunTime:0.001406s ]
INFO: [ app_begin ] --END-- [ RunTime:0.003456s ]
SQL: SHOW COLUMNS FROM `sp_goods_pics` [ RunTime:0.0077s ]
ERR: Think\Model:fing方法不存在！

[ 2017-07-03T19:09:47+08:00 ] 127.0.0.1 /index.php/admin
INFO: [ view_parse ] --START--
INFO: [ template_filter ] --START--
INFO: Run Behavior\ContentReplaceBehavior [ RunTime:0.000301s ]
INFO: [ template_filter ] --END-- [ RunTime:0.000950s ]
INFO: Run Behavior\ParseTemplateBehavior [ RunTime:0.018010s ]
INFO: [ view_parse ] --END-- [ RunTime:0.019620s ]
INFO: [ view_filter ] --START--
INFO: Run Behavior\WriteHtmlCacheBehavior [ RunTime:0.001178s ]
INFO: [ view_filter ] --END-- [ RunTime:0.002467s ]
INFO: [ app_end ] --START--
INFO: Run Behavior\ShowPageTraceBehavior [ RunTime:0.001147s ]
INFO: [ app_end ] --END-- [ RunTime:0.001783s ]

[ 2017-07-03T19:09:48+08:00 ] 127.0.0.1 /index.php/Admin/Index/top.html
INFO: [ view_parse ] --START--
INFO: [ template_filter ] --START--
INFO: Run Behavior\ContentReplaceBehavior [ RunTime:0.000382s ]
INFO: [ template_filter ] --END-- [ RunTime:0.001142s ]
INFO: Run Behavior\ParseTemplateBehavior [ RunTime:0.028251s ]
INFO: [ view_parse ] --END-- [ RunTime:0.030187s ]
INFO: [ view_filter ] --START--
INFO: Run Behavior\WriteHtmlCacheBehavior [ RunTime:0.001112s ]
INFO: [ view_filter ] --END-- [ RunTime:0.001991s ]
INFO: [ app_end ] --START--
INFO: Run Behavior\ShowPageTraceBehavior [ RunTime:0.001829s ]
INFO: [ app_end ] --END-- [ RunTime:0.002744s ]

[ 2017-07-03T19:09:49+08:00 ] 127.0.0.1 /index.php/Admin/Index/down.html
INFO: [ view_parse ] --START--
INFO: [ template_filter ] --START--
INFO: Run Behavior\ContentReplaceBehavior [ RunTime:0.000800s ]
INFO: [ template_filter ] --END-- [ RunTime:0.002249s ]
INFO: Run Behavior\ParseTemplateBehavior [ RunTime:0.028919s ]
INFO: [ view_parse ] --END-- [ RunTime:0.032079s ]
INFO: [ view_filter ] --START--
INFO: Run Behavior\WriteHtmlCacheBehavior [ RunTime:0.002379s ]
INFO: [ view_filter ] --END-- [ RunTime:0.003827s ]
INFO: [ app_end ] --START--
INFO: Run Behavior\ShowPageTraceBehavior [ RunTime:0.002262s ]
INFO: [ app_end ] --END-- [ RunTime:0.003591s ]

[ 2017-07-03T19:09:49+08:00 ] 127.0.0.1 /index.php/Admin/Index/center.html
INFO: [ view_parse ] --START--
INFO: [ template_filter ] --START--
INFO: Run Behavior\ContentReplaceBehavior [ RunTime:0.000541s ]
INFO: [ template_filter ] --END-- [ RunTime:0.001640s ]
INFO: Run Behavior\ParseTemplateBehavior [ RunTime:0.045526s ]
INFO: [ view_parse ] --END-- [ RunTime:0.052073s ]
INFO: [ view_filter ] --START--
INFO: Run Behavior\WriteHtmlCacheBehavior [ RunTime:0.001798s ]
INFO: [ view_filter ] --END-- [ RunTime:0.002902s ]
INFO: [ app_end ] --START--
INFO: Run Behavior\ShowPageTraceBehavior [ RunTime:0.002164s ]
INFO: [ app_end ] --END-- [ RunTime:0.003312s ]

[ 2017-07-03T19:09:50+08:00 ] 127.0.0.1 /index.php/Admin/Index/left.html
INFO: [ view_parse ] --START--
INFO: [ template_filter ] --START--
INFO: Run Behavior\ContentReplaceBehavior [ RunTime:0.002138s ]
INFO: [ template_filter ] --END-- [ RunTime:0.005401s ]
INFO: Run Behavior\ParseTemplateBehavior [ RunTime:0.041647s ]
INFO: [ view_parse ] --END-- [ RunTime:0.045817s ]
INFO: [ view_filter ] --START--
INFO: Run Behavior\WriteHtmlCacheBehavior [ RunTime:0.001806s ]
INFO: [ view_filter ] --END-- [ RunTime:0.003155s ]
INFO: [ app_end ] --START--
INFO: Run Behavior\ShowPageTraceBehavior [ RunTime:0.001812s ]
INFO: [ app_end ] --END-- [ RunTime:0.002855s ]

[ 2017-07-03T19:10:04+08:00 ] 127.0.0.1 /index.php/Admin/Goods/delPics.html
INFO: [ app_begin ] --START--
INFO: Run Behavior\ReadHtmlCacheBehavior [ RunTime:0.001763s ]
INFO: [ app_begin ] --END-- [ RunTime:0.003126s ]
SQL: SHOW COLUMNS FROM `sp_goods_pics` [ RunTime:0.0079s ]
ERR: Think\Model:fing方法不存在！

[ 2017-07-03T19:13:52+08:00 ] 127.0.0.1 /index.php/Admin/Goods/delPics.html
INFO: [ app_begin ] --START--
INFO: Run Behavior\ReadHtmlCacheBehavior [ RunTime:0.001349s ]
INFO: [ app_begin ] --END-- [ RunTime:0.002941s ]
SQL: SHOW COLUMNS FROM `sp_goods_pics` [ RunTime:0.0089s ]
ERR: Think\Model:fing方法不存在！

[ 2017-07-03T19:15:19+08:00 ] 127.0.0.1 /index.php/Admin/Goods/delPics.html
INFO: [ app_begin ] --START--
INFO: Run Behavior\ReadHtmlCacheBehavior [ RunTime:0.001797s ]
INFO: [ app_begin ] --END-- [ RunTime:0.003743s ]
SQL: SHOW COLUMNS FROM `sp_goods_pics` [ RunTime:0.0095s ]
ERR: Think\Model:fing方法不存在！

[ 2017-07-03T19:15:45+08:00 ] 127.0.0.1 /index.php/Admin/Goods/delPics.html
INFO: [ app_begin ] --START--
INFO: Run Behavior\ReadHtmlCacheBehavior [ RunTime:0.001508s ]
INFO: [ app_begin ] --END-- [ RunTime:0.003786s ]
SQL: SHOW COLUMNS FROM `sp_goods_pics` [ RunTime:0.0073s ]
ERR: Think\Model:fing方法不存在！

[ 2017-07-03T19:16:08+08:00 ] 127.0.0.1 /index.php/Admin/Goods/delPics.html
INFO: [ app_begin ] --START--
INFO: Run Behavior\ReadHtmlCacheBehavior [ RunTime:0.001556s ]
INFO: [ app_begin ] --END-- [ RunTime:0.003179s ]
SQL: SHOW COLUMNS FROM `sp_goods_pics` [ RunTime:0.0074s ]
ERR: Think\Model:fing方法不存在！

[ 2017-07-03T19:18:12+08:00 ] 127.0.0.1 /index.php/Admin/Goods/delPics.html
INFO: [ app_begin ] --START--
INFO: Run Behavior\ReadHtmlCacheBehavior [ RunTime:0.000883s ]
INFO: [ app_begin ] --END-- [ RunTime:0.002060s ]
SQL: SHOW COLUMNS FROM `sp_goods_pics` [ RunTime:0.0073s ]
ERR: Think\Model:fing方法不存在！

[ 2017-07-03T19:25:00+08:00 ] 127.0.0.1 /index.php/Admin/Goods/delPics.html
INFO: [ app_begin ] --START--
INFO: Run Behavior\ReadHtmlCacheBehavior [ RunTime:0.000897s ]
INFO: [ app_begin ] --END-- [ RunTime:0.002071s ]
SQL: SHOW COLUMNS FROM `sp_goods_pics` [ RunTime:0.0072s ]
ERR: Think\Model:fing方法不存在！

[ 2017-07-03T19:25:32+08:00 ] 127.0.0.1 /index.php/Admin/Goods/delPics.html
INFO: [ app_begin ] --START--
INFO: Run Behavior\ReadHtmlCacheBehavior [ RunTime:0.000902s ]
INFO: [ app_begin ] --END-- [ RunTime:0.002105s ]
SQL: SHOW COLUMNS FROM `sp_goods_pics` [ RunTime:0.0071s ]
ERR: Think\Model:fing方法不存在！

[ 2017-07-03T19:38:18+08:00 ] 127.0.0.1 /index.php/admin
INFO: [ view_parse ] --START--
INFO: [ template_filter ] --START--
INFO: Run Behavior\ContentReplaceBehavior [ RunTime:0.000334s ]
INFO: [ template_filter ] --END-- [ RunTime:0.000991s ]
INFO: Run Behavior\ParseTemplateBehavior [ RunTime:0.018599s ]
INFO: [ view_parse ] --END-- [ RunTime:0.020384s ]
INFO: [ view_filter ] --START--
INFO: Run Behavior\WriteHtmlCacheBehavior [ RunTime:0.000895s ]
INFO: [ view_filter ] --END-- [ RunTime:0.001541s ]
INFO: [ app_end ] --START--
INFO: Run Behavior\ShowPageTraceBehavior [ RunTime:0.001587s ]
INFO: [ app_end ] --END-- [ RunTime:0.002658s ]

[ 2017-07-03T19:38:18+08:00 ] 127.0.0.1 /index.php/Admin/Index/top.html
INFO: [ view_parse ] --START--
INFO: [ template_filter ] --START--
INFO: Run Behavior\ContentReplaceBehavior [ RunTime:0.000331s ]
INFO: [ template_filter ] --END-- [ RunTime:0.000997s ]
INFO: Run Behavior\ParseTemplateBehavior [ RunTime:0.029073s ]
INFO: [ view_parse ] --END-- [ RunTime:0.030818s ]
INFO: [ view_filter ] --START--
INFO: Run Behavior\WriteHtmlCacheBehavior [ RunTime:0.001336s ]
INFO: [ view_filter ] --END-- [ RunTime:0.002215s ]
INFO: [ app_end ] --START--
INFO: Run Behavior\ShowPageTraceBehavior [ RunTime:0.001095s ]
INFO: [ app_end ] --END-- [ RunTime:0.002855s ]

[ 2017-07-03T19:38:19+08:00 ] 127.0.0.1 /index.php/Admin/Index/center.html
INFO: [ view_parse ] --START--
INFO: [ template_filter ] --START--
INFO: Run Behavior\ContentReplaceBehavior [ RunTime:0.000519s ]
INFO: [ template_filter ] --END-- [ RunTime:0.001800s ]
INFO: Run Behavior\ParseTemplateBehavior [ RunTime:0.034051s ]
INFO: [ view_parse ] --END-- [ RunTime:0.036199s ]
INFO: [ view_filter ] --START--
INFO: Run Behavior\WriteHtmlCacheBehavior [ RunTime:0.001398s ]
INFO: [ view_filter ] --END-- [ RunTime:0.002691s ]
INFO: [ app_end ] --START--
INFO: Run Behavior\ShowPageTraceBehavior [ RunTime:0.001720s ]
INFO: [ app_end ] --END-- [ RunTime:0.003322s ]

[ 2017-07-03T19:38:20+08:00 ] 127.0.0.1 /index.php/Admin/Index/down.html
INFO: [ view_parse ] --START--
INFO: [ template_filter ] --START--
INFO: Run Behavior\ContentReplaceBehavior [ RunTime:0.000602s ]
INFO: [ template_filter ] --END-- [ RunTime:0.001885s ]
INFO: Run Behavior\ParseTemplateBehavior [ RunTime:0.035444s ]
INFO: [ view_parse ] --END-- [ RunTime:0.039522s ]
INFO: [ view_filter ] --START--
INFO: Run Behavior\WriteHtmlCacheBehavior [ RunTime:0.000985s ]
INFO: [ view_filter ] --END-- [ RunTime:0.001676s ]
INFO: [ app_end ] --START--
INFO: Run Behavior\ShowPageTraceBehavior [ RunTime:0.001240s ]
INFO: [ app_end ] --END-- [ RunTime:0.001902s ]

[ 2017-07-03T19:38:20+08:00 ] 127.0.0.1 /index.php/Admin/Index/left.html
INFO: [ view_parse ] --START--
INFO: [ template_filter ] --START--
INFO: Run Behavior\ContentReplaceBehavior [ RunTime:0.000537s ]
INFO: [ template_filter ] --END-- [ RunTime:0.001792s ]
INFO: Run Behavior\ParseTemplateBehavior [ RunTime:0.040656s ]
INFO: [ view_parse ] --END-- [ RunTime:0.042865s ]
INFO: [ view_filter ] --START--
INFO: Run Behavior\WriteHtmlCacheBehavior [ RunTime:0.001372s ]
INFO: [ view_filter ] --END-- [ RunTime:0.003915s ]
INFO: [ app_end ] --START--
INFO: Run Behavior\ShowPageTraceBehavior [ RunTime:0.001760s ]
INFO: [ app_end ] --END-- [ RunTime:0.003045s ]

[ 2017-07-03T19:41:09+08:00 ] 127.0.0.1 /index.php/admin
INFO: [ view_parse ] --START--
INFO: [ template_filter ] --START--
INFO: Run Behavior\ContentReplaceBehavior [ RunTime:0.000630s ]
INFO: [ template_filter ] --END-- [ RunTime:0.001573s ]
INFO: Run Behavior\ParseTemplateBehavior [ RunTime:0.022028s ]
INFO: [ view_parse ] --END-- [ RunTime:0.024451s ]
INFO: [ view_filter ] --START--
INFO: Run Behavior\WriteHtmlCacheBehavior [ RunTime:0.000973s ]
INFO: [ view_filter ] --END-- [ RunTime:0.001688s ]
INFO: [ app_end ] --START--
INFO: Run Behavior\ShowPageTraceBehavior [ RunTime:0.001190s ]
INFO: [ app_end ] --END-- [ RunTime:0.001844s ]

[ 2017-07-03T19:41:09+08:00 ] 127.0.0.1 /index.php/Admin/Index/top.html
INFO: [ view_parse ] --START--
INFO: [ template_filter ] --START--
INFO: Run Behavior\ContentReplaceBehavior [ RunTime:0.000709s ]
INFO: [ template_filter ] --END-- [ RunTime:0.005088s ]
INFO: Run Behavior\ParseTemplateBehavior [ RunTime:0.041531s ]
INFO: [ view_parse ] --END-- [ RunTime:0.044145s ]
INFO: [ view_filter ] --START--
INFO: Run Behavior\WriteHtmlCacheBehavior [ RunTime:0.002083s ]
INFO: [ view_filter ] --END-- [ RunTime:0.006533s ]
INFO: [ app_end ] --START--
INFO: Run Behavior\ShowPageTraceBehavior [ RunTime:0.003611s ]
INFO: [ app_end ] --END-- [ RunTime:0.005572s ]

[ 2017-07-03T19:41:09+08:00 ] 127.0.0.1 /index.php/Admin/Index/center.html
INFO: [ view_parse ] --START--
INFO: [ template_filter ] --START--
INFO: Run Behavior\ContentReplaceBehavior [ RunTime:0.000320s ]
INFO: [ template_filter ] --END-- [ RunTime:0.001052s ]
INFO: Run Behavior\ParseTemplateBehavior [ RunTime:0.020486s ]
INFO: [ view_parse ] --END-- [ RunTime:0.022618s ]
INFO: [ view_filter ] --START--
INFO: Run Behavior\WriteHtmlCacheBehavior [ RunTime:0.000978s ]
INFO: [ view_filter ] --END-- [ RunTime:0.001646s ]
INFO: [ app_end ] --START--
INFO: Run Behavior\ShowPageTraceBehavior [ RunTime:0.001165s ]
INFO: [ app_end ] --END-- [ RunTime:0.001836s ]

[ 2017-07-03T19:41:10+08:00 ] 127.0.0.1 /index.php/Admin/Index/left.html
INFO: [ view_parse ] --START--
INFO: [ template_filter ] --START--
INFO: Run Behavior\ContentReplaceBehavior [ RunTime:0.000319s ]
INFO: [ template_filter ] --END-- [ RunTime:0.000989s ]
INFO: Run Behavior\ParseTemplateBehavior [ RunTime:0.019129s ]
INFO: [ view_parse ] --END-- [ RunTime:0.021574s ]
INFO: [ view_filter ] --START--
INFO: Run Behavior\WriteHtmlCacheBehavior [ RunTime:0.001321s ]
INFO: [ view_filter ] --END-- [ RunTime:0.002126s ]
INFO: [ app_end ] --START--
INFO: Run Behavior\ShowPageTraceBehavior [ RunTime:0.001232s ]
INFO: [ app_end ] --END-- [ RunTime:0.001876s ]

[ 2017-07-03T19:41:10+08:00 ] 127.0.0.1 /index.php/Admin/Index/down.html
INFO: [ view_parse ] --START--
INFO: [ template_filter ] --START--
INFO: Run Behavior\ContentReplaceBehavior [ RunTime:0.000633s ]
INFO: [ template_filter ] --END-- [ RunTime:0.001972s ]
INFO: Run Behavior\ParseTemplateBehavior [ RunTime:0.026151s ]
INFO: [ view_parse ] --END-- [ RunTime:0.028076s ]
INFO: [ view_filter ] --START--
INFO: Run Behavior\WriteHtmlCacheBehavior [ RunTime:0.001339s ]
INFO: [ view_filter ] --END-- [ RunTime:0.003476s ]
INFO: [ app_end ] --START--
INFO: Run Behavior\ShowPageTraceBehavior [ RunTime:0.001978s ]
INFO: [ app_end ] --END-- [ RunTime:0.003866s ]

[ 2017-07-03T19:41:26+08:00 ] 127.0.0.1 /index.php/Admin/Goods/delPics.html
INFO: [ app_begin ] --START--
INFO: Run Behavior\ReadHtmlCacheBehavior [ RunTime:0.000922s ]
INFO: [ app_begin ] --END-- [ RunTime:0.002212s ]
SQL: SHOW COLUMNS FROM `sp_goods_pics` [ RunTime:0.0096s ]
ERR: Think\Model:fing方法不存在！

[ 2017-07-03T19:41:49+08:00 ] 127.0.0.1 /index.php/Admin/Goods/delPics.html
INFO: [ app_begin ] --START--
INFO: Run Behavior\ReadHtmlCacheBehavior [ RunTime:0.000940s ]
INFO: [ app_begin ] --END-- [ RunTime:0.002161s ]
SQL: SHOW COLUMNS FROM `sp_goods_pics` [ RunTime:0.0084s ]
ERR: Think\Model:fing方法不存在！

[ 2017-07-03T19:42:33+08:00 ] 127.0.0.1 /index.php/Admin/Goods/delPics.html
INFO: [ app_begin ] --START--
INFO: Run Behavior\ReadHtmlCacheBehavior [ RunTime:0.000962s ]
INFO: [ app_begin ] --END-- [ RunTime:0.002212s ]
SQL: SHOW COLUMNS FROM `sp_goods_pics` [ RunTime:0.0068s ]
SQL: SELECT * FROM `sp_goods_pics` WHERE `pics_id` = 12 LIMIT 1   [ RunTime:0.0006s ]
SQL: DELETE FROM `sp_goods_pics` WHERE `pics_id` = 12 [ RunTime:0.0210s ]
INFO: [ app_end ] --START--
INFO: Run Behavior\ShowPageTraceBehavior [ RunTime:0.001386s ]
INFO: [ app_end ] --END-- [ RunTime:0.001915s ]

[ 2017-07-03T19:43:34+08:00 ] 127.0.0.1 /index.php/Admin/Goods/delPics.html
INFO: [ app_begin ] --START--
INFO: Run Behavior\ReadHtmlCacheBehavior [ RunTime:0.001048s ]
INFO: [ app_begin ] --END-- [ RunTime:0.002348s ]
SQL: SHOW COLUMNS FROM `sp_goods_pics` [ RunTime:0.0062s ]
SQL: SELECT * FROM `sp_goods_pics` WHERE `pics_id` = 11 LIMIT 1   [ RunTime:0.0005s ]
SQL: DELETE FROM `sp_goods_pics` WHERE `pics_id` = 11 [ RunTime:0.0006s ]
INFO: [ app_end ] --START--
INFO: Run Behavior\ShowPageTraceBehavior [ RunTime:0.001370s ]
INFO: [ app_end ] --END-- [ RunTime:0.001904s ]

[ 2017-07-03T19:50:45+08:00 ] 127.0.0.1 /index.php/Admin/Goods/upd/goods_id/46.html
ERR: 没有可以被缩略的图像资源

[ 2017-07-03T19:51:06+08:00 ] 127.0.0.1 /index.php/Admin/Goods/delPics.html
INFO: [ app_begin ] --START--
INFO: Run Behavior\ReadHtmlCacheBehavior [ RunTime:0.001161s ]
INFO: [ app_begin ] --END-- [ RunTime:0.002421s ]
SQL: SHOW COLUMNS FROM `sp_goods_pics` [ RunTime:0.0069s ]
SQL: SELECT * FROM `sp_goods_pics` WHERE `pics_id` = 18 LIMIT 1   [ RunTime:0.0006s ]
SQL: DELETE FROM `sp_goods_pics` WHERE `pics_id` = 18 [ RunTime:0.0006s ]
INFO: [ app_end ] --START--
INFO: Run Behavior\ShowPageTraceBehavior [ RunTime:0.001998s ]
INFO: [ app_end ] --END-- [ RunTime:0.002605s ]

[ 2017-07-03T20:57:01+08:00 ] 127.0.0.1 /index.php/admin/index
INFO: [ view_parse ] --START--
INFO: [ template_filter ] --START--
INFO: Run Behavior\ContentReplaceBehavior [ RunTime:0.000398s ]
INFO: [ template_filter ] --END-- [ RunTime:0.001152s ]
INFO: Run Behavior\ParseTemplateBehavior [ RunTime:0.019615s ]
INFO: [ view_parse ] --END-- [ RunTime:0.020866s ]
INFO: [ view_filter ] --START--
INFO: Run Behavior\WriteHtmlCacheBehavior [ RunTime:0.001654s ]
INFO: [ view_filter ] --END-- [ RunTime:0.002542s ]
INFO: [ app_end ] --START--
INFO: Run Behavior\ShowPageTraceBehavior [ RunTime:0.001231s ]
INFO: [ app_end ] --END-- [ RunTime:0.001997s ]

[ 2017-07-03T20:57:01+08:00 ] 127.0.0.1 /index.php/Admin/Index/top.html
INFO: [ view_parse ] --START--
INFO: [ template_filter ] --START--
INFO: Run Behavior\ContentReplaceBehavior [ RunTime:0.000612s ]
INFO: [ template_filter ] --END-- [ RunTime:0.001792s ]
INFO: Run Behavior\ParseTemplateBehavior [ RunTime:0.024002s ]
INFO: [ view_parse ] --END-- [ RunTime:0.026165s ]
INFO: [ view_filter ] --START--
INFO: Run Behavior\WriteHtmlCacheBehavior [ RunTime:0.001008s ]
INFO: [ view_filter ] --END-- [ RunTime:0.001948s ]
INFO: [ app_end ] --START--
INFO: Run Behavior\ShowPageTraceBehavior [ RunTime:0.001685s ]
INFO: [ app_end ] --END-- [ RunTime:0.002603s ]

[ 2017-07-03T20:57:02+08:00 ] 127.0.0.1 /index.php/Admin/Index/center.html
INFO: [ view_parse ] --START--
INFO: [ template_filter ] --START--
INFO: Run Behavior\ContentReplaceBehavior [ RunTime:0.000617s ]
INFO: [ template_filter ] --END-- [ RunTime:0.002040s ]
INFO: Run Behavior\ParseTemplateBehavior [ RunTime:0.045222s ]
INFO: [ view_parse ] --END-- [ RunTime:0.047482s ]
INFO: [ view_filter ] --START--
INFO: Run Behavior\WriteHtmlCacheBehavior [ RunTime:0.002293s ]
INFO: [ view_filter ] --END-- [ RunTime:0.003547s ]
INFO: [ app_end ] --START--
INFO: Run Behavior\ShowPageTraceBehavior [ RunTime:0.001794s ]
INFO: [ app_end ] --END-- [ RunTime:0.003838s ]

[ 2017-07-03T20:57:03+08:00 ] 127.0.0.1 /index.php/Admin/Index/down.html
INFO: [ view_parse ] --START--
INFO: [ template_filter ] --START--
INFO: Run Behavior\ContentReplaceBehavior [ RunTime:0.000746s ]
INFO: [ template_filter ] --END-- [ RunTime:0.002417s ]
INFO: Run Behavior\ParseTemplateBehavior [ RunTime:0.028723s ]
INFO: [ view_parse ] --END-- [ RunTime:0.031875s ]
INFO: [ view_filter ] --START--
INFO: Run Behavior\WriteHtmlCacheBehavior [ RunTime:0.000982s ]
INFO: [ view_filter ] --END-- [ RunTime:0.001811s ]
INFO: [ app_end ] --START--
INFO: Run Behavior\ShowPageTraceBehavior [ RunTime:0.001167s ]
INFO: [ app_end ] --END-- [ RunTime:0.001849s ]

[ 2017-07-03T20:57:03+08:00 ] 127.0.0.1 /index.php/Admin/Index/left.html
INFO: [ view_parse ] --START--
INFO: [ template_filter ] --START--
INFO: Run Behavior\ContentReplaceBehavior [ RunTime:0.000596s ]
INFO: [ template_filter ] --END-- [ RunTime:0.001629s ]
INFO: Run Behavior\ParseTemplateBehavior [ RunTime:0.020432s ]
INFO: [ view_parse ] --END-- [ RunTime:0.022751s ]
INFO: [ view_filter ] --START--
INFO: Run Behavior\WriteHtmlCacheBehavior [ RunTime:0.001191s ]
INFO: [ view_filter ] --END-- [ RunTime:0.002453s ]
INFO: [ app_end ] --START--
INFO: Run Behavior\ShowPageTraceBehavior [ RunTime:0.001275s ]
INFO: [ app_end ] --END-- [ RunTime:0.002487s ]

[ 2017-07-03T21:21:14+08:00 ] 127.0.0.1 /index.php/admin/goods/verifier
ERR: 非法操作:verifier

[ 2017-07-03T21:27:40+08:00 ] 127.0.0.1 /index.php/admin
INFO: [ view_parse ] --START--
INFO: [ template_filter ] --START--
INFO: Run Behavior\ContentReplaceBehavior [ RunTime:0.000371s ]
INFO: [ template_filter ] --END-- [ RunTime:0.001141s ]
INFO: Run Behavior\ParseTemplateBehavior [ RunTime:0.023167s ]
INFO: [ view_parse ] --END-- [ RunTime:0.024750s ]
INFO: [ view_filter ] --START--
INFO: Run Behavior\WriteHtmlCacheBehavior [ RunTime:0.001023s ]
INFO: [ view_filter ] --END-- [ RunTime:0.001776s ]
INFO: [ app_end ] --START--
INFO: Run Behavior\ShowPageTraceBehavior [ RunTime:0.001122s ]
INFO: [ app_end ] --END-- [ RunTime:0.001754s ]

[ 2017-07-03T21:27:41+08:00 ] 127.0.0.1 /index.php/Admin/Index/top.html
INFO: [ view_parse ] --START--
INFO: [ template_filter ] --START--
INFO: Run Behavior\ContentReplaceBehavior [ RunTime:0.000459s ]
INFO: [ template_filter ] --END-- [ RunTime:0.001632s ]
INFO: Run Behavior\ParseTemplateBehavior [ RunTime:0.030311s ]
INFO: [ view_parse ] --END-- [ RunTime:0.032006s ]
INFO: [ view_filter ] --START--
INFO: Run Behavior\WriteHtmlCacheBehavior [ RunTime:0.000971s ]
INFO: [ view_filter ] --END-- [ RunTime:0.001727s ]
INFO: [ app_end ] --START--
INFO: Run Behavior\ShowPageTraceBehavior [ RunTime:0.001962s ]
INFO: [ app_end ] --END-- [ RunTime:0.003293s ]

[ 2017-07-03T21:27:42+08:00 ] 127.0.0.1 /index.php/Admin/Index/center.html
INFO: [ view_parse ] --START--
INFO: [ template_filter ] --START--
INFO: Run Behavior\ContentReplaceBehavior [ RunTime:0.000339s ]
INFO: [ template_filter ] --END-- [ RunTime:0.000986s ]
INFO: Run Behavior\ParseTemplateBehavior [ RunTime:0.017771s ]
INFO: [ view_parse ] --END-- [ RunTime:0.019155s ]
INFO: [ view_filter ] --START--
INFO: Run Behavior\WriteHtmlCacheBehavior [ RunTime:0.000978s ]
INFO: [ view_filter ] --END-- [ RunTime:0.001847s ]
INFO: [ app_end ] --START--
INFO: Run Behavior\ShowPageTraceBehavior [ RunTime:0.001266s ]
INFO: [ app_end ] --END-- [ RunTime:0.001934s ]

[ 2017-07-03T21:27:42+08:00 ] 127.0.0.1 /index.php/Admin/Index/down.html
INFO: [ view_parse ] --START--
INFO: [ template_filter ] --START--
INFO: Run Behavior\ContentReplaceBehavior [ RunTime:0.000658s ]
INFO: [ template_filter ] --END-- [ RunTime:0.001890s ]
INFO: Run Behavior\ParseTemplateBehavior [ RunTime:0.031571s ]
INFO: [ view_parse ] --END-- [ RunTime:0.034317s ]
INFO: [ view_filter ] --START--
INFO: Run Behavior\WriteHtmlCacheBehavior [ RunTime:0.001359s ]
INFO: [ view_filter ] --END-- [ RunTime:0.003526s ]
INFO: [ app_end ] --START--
INFO: Run Behavior\ShowPageTraceBehavior [ RunTime:0.001216s ]
INFO: [ app_end ] --END-- [ RunTime:0.001911s ]

[ 2017-07-03T21:27:42+08:00 ] 127.0.0.1 /index.php/Admin/Index/left.html
INFO: [ view_parse ] --START--
INFO: [ template_filter ] --START--
INFO: Run Behavior\ContentReplaceBehavior [ RunTime:0.000321s ]
INFO: [ template_filter ] --END-- [ RunTime:0.000993s ]
INFO: Run Behavior\ParseTemplateBehavior [ RunTime:0.019678s ]
INFO: [ view_parse ] --END-- [ RunTime:0.021974s ]
INFO: [ view_filter ] --START--
INFO: Run Behavior\WriteHtmlCacheBehavior [ RunTime:0.001373s ]
INFO: [ view_filter ] --END-- [ RunTime:0.002570s ]
INFO: [ app_end ] --START--
INFO: Run Behavior\ShowPageTraceBehavior [ RunTime:0.001683s ]
INFO: [ app_end ] --END-- [ RunTime:0.002808s ]

[ 2017-07-03T21:27:53+08:00 ] 127.0.0.1 /index.php/Admin/Manager/verifyImg0.26880598507559883
ERR: 非法操作:verifyImg0.26880598507559883

[ 2017-07-03T21:27:53+08:00 ] 127.0.0.1 /index.php/Admin/Manager/verifyImg0.5386747621904333
ERR: 非法操作:verifyImg0.5386747621904333

[ 2017-07-03T21:27:54+08:00 ] 127.0.0.1 /index.php/Admin/Manager/verifyImg0.31545020539299573
ERR: 非法操作:verifyImg0.31545020539299573

[ 2017-07-03T21:27:55+08:00 ] 127.0.0.1 /index.php/Admin/Manager/verifyImg0.9902948472897983
ERR: 非法操作:verifyImg0.9902948472897983

[ 2017-07-03T21:27:57+08:00 ] 127.0.0.1 /index.php/Admin/Manager/verifyImg0.33198992995984744
ERR: 非法操作:verifyImg0.33198992995984744

[ 2017-07-03T21:27:57+08:00 ] 127.0.0.1 /index.php/Admin/Manager/verifyImg0.3625174761518075
ERR: 非法操作:verifyImg0.3625174761518075

[ 2017-07-03T21:27:58+08:00 ] 127.0.0.1 /index.php/Admin/Manager/verifyImg0.734631799901045
ERR: 非法操作:verifyImg0.734631799901045

[ 2017-07-03T21:28:20+08:00 ] 127.0.0.1 /index.php/Admin/Manager/verifyImg0.26880598507559883
ERR: 非法操作:verifyImg0.26880598507559883

[ 2017-07-03T21:33:37+08:00 ] 127.0.0.1 /index.php/admin/index
INFO: [ view_parse ] --START--
INFO: [ template_filter ] --START--
INFO: Run Behavior\ContentReplaceBehavior [ RunTime:0.000347s ]
INFO: [ template_filter ] --END-- [ RunTime:0.000990s ]
INFO: Run Behavior\ParseTemplateBehavior [ RunTime:0.016812s ]
INFO: [ view_parse ] --END-- [ RunTime:0.018112s ]
INFO: [ view_filter ] --START--
INFO: Run Behavior\WriteHtmlCacheBehavior [ RunTime:0.000952s ]
INFO: [ view_filter ] --END-- [ RunTime:0.001596s ]
INFO: [ app_end ] --START--
INFO: Run Behavior\ShowPageTraceBehavior [ RunTime:0.001210s ]
INFO: [ app_end ] --END-- [ RunTime:0.001910s ]

[ 2017-07-03T21:33:38+08:00 ] 127.0.0.1 /index.php/Admin/Index/center.html
INFO: [ view_parse ] --START--
INFO: [ template_filter ] --START--
INFO: Run Behavior\ContentReplaceBehavior [ RunTime:0.000598s ]
INFO: [ template_filter ] --END-- [ RunTime:0.002900s ]
INFO: Run Behavior\ParseTemplateBehavior [ RunTime:0.025920s ]
INFO: [ view_parse ] --END-- [ RunTime:0.027629s ]
INFO: [ view_filter ] --START--
INFO: Run Behavior\WriteHtmlCacheBehavior [ RunTime:0.001636s ]
INFO: [ view_filter ] --END-- [ RunTime:0.002569s ]
INFO: [ app_end ] --START--
INFO: Run Behavior\ShowPageTraceBehavior [ RunTime:0.001945s ]
INFO: [ app_end ] --END-- [ RunTime:0.003266s ]

[ 2017-07-03T21:33:38+08:00 ] 127.0.0.1 /index.php/Admin/Index/top.html
INFO: [ view_parse ] --START--
INFO: [ template_filter ] --START--
INFO: Run Behavior\ContentReplaceBehavior [ RunTime:0.000557s ]
INFO: [ template_filter ] --END-- [ RunTime:0.001586s ]
INFO: Run Behavior\ParseTemplateBehavior [ RunTime:0.032313s ]
INFO: [ view_parse ] --END-- [ RunTime:0.035671s ]
INFO: [ view_filter ] --START--
INFO: Run Behavior\WriteHtmlCacheBehavior [ RunTime:0.000917s ]
INFO: [ view_filter ] --END-- [ RunTime:0.001560s ]
INFO: [ app_end ] --START--
INFO: Run Behavior\ShowPageTraceBehavior [ RunTime:0.002739s ]
INFO: [ app_end ] --END-- [ RunTime:0.003863s ]

[ 2017-07-03T21:33:39+08:00 ] 127.0.0.1 /index.php/Admin/Index/left.html
INFO: [ view_parse ] --START--
INFO: [ template_filter ] --START--
INFO: Run Behavior\ContentReplaceBehavior [ RunTime:0.000593s ]
INFO: [ template_filter ] --END-- [ RunTime:0.002146s ]
INFO: Run Behavior\ParseTemplateBehavior [ RunTime:0.037688s ]
INFO: [ view_parse ] --END-- [ RunTime:0.039995s ]
INFO: [ view_filter ] --START--
INFO: Run Behavior\WriteHtmlCacheBehavior [ RunTime:0.001668s ]
INFO: [ view_filter ] --END-- [ RunTime:0.002859s ]
INFO: [ app_end ] --START--
INFO: Run Behavior\ShowPageTraceBehavior [ RunTime:0.001827s ]
INFO: [ app_end ] --END-- [ RunTime:0.004117s ]

[ 2017-07-03T21:33:39+08:00 ] 127.0.0.1 /index.php/Admin/Index/down.html
INFO: [ view_parse ] --START--
INFO: [ template_filter ] --START--
INFO: Run Behavior\ContentReplaceBehavior [ RunTime:0.000342s ]
INFO: [ template_filter ] --END-- [ RunTime:0.000999s ]
INFO: Run Behavior\ParseTemplateBehavior [ RunTime:0.021241s ]
INFO: [ view_parse ] --END-- [ RunTime:0.023265s ]
INFO: [ view_filter ] --START--
INFO: Run Behavior\WriteHtmlCacheBehavior [ RunTime:0.001092s ]
INFO: [ view_filter ] --END-- [ RunTime:0.002145s ]
INFO: [ app_end ] --START--
INFO: Run Behavior\ShowPageTraceBehavior [ RunTime:0.001167s ]
INFO: [ app_end ] --END-- [ RunTime:0.002245s ]

[ 2017-07-03T21:33:55+08:00 ] 127.0.0.1 /index.php/Admin/Goods/upd/goods_id/46.html
ERR: 没有可以被缩略的图像资源

[ 2017-07-03T21:34:47+08:00 ] 127.0.0.1 /index.php/Admin/Goods/delPics.html
INFO: [ app_begin ] --START--
INFO: Run Behavior\ReadHtmlCacheBehavior [ RunTime:0.001804s ]
INFO: [ app_begin ] --END-- [ RunTime:0.003667s ]
SQL: SHOW COLUMNS FROM `sp_goods_pics` [ RunTime:0.0105s ]
SQL: SELECT * FROM `sp_goods_pics` WHERE `pics_id` = 20 LIMIT 1   [ RunTime:0.0007s ]
SQL: DELETE FROM `sp_goods_pics` WHERE `pics_id` = 20 [ RunTime:0.0007s ]
INFO: [ app_end ] --START--
INFO: Run Behavior\ShowPageTraceBehavior [ RunTime:0.002140s ]
INFO: [ app_end ] --END-- [ RunTime:0.003125s ]

[ 2017-07-03T21:34:57+08:00 ] 127.0.0.1 /index.php/admin/index
INFO: [ view_parse ] --START--
INFO: [ template_filter ] --START--
INFO: Run Behavior\ContentReplaceBehavior [ RunTime:0.000403s ]
INFO: [ template_filter ] --END-- [ RunTime:0.001324s ]
INFO: Run Behavior\ParseTemplateBehavior [ RunTime:0.023428s ]
INFO: [ view_parse ] --END-- [ RunTime:0.025831s ]
INFO: [ view_filter ] --START--
INFO: Run Behavior\WriteHtmlCacheBehavior [ RunTime:0.001425s ]
INFO: [ view_filter ] --END-- [ RunTime:0.002401s ]
INFO: [ app_end ] --START--
INFO: Run Behavior\ShowPageTraceBehavior [ RunTime:0.001479s ]
INFO: [ app_end ] --END-- [ RunTime:0.002187s ]

[ 2017-07-03T21:34:58+08:00 ] 127.0.0.1 /index.php/Admin/Index/top.html
INFO: [ view_parse ] --START--
INFO: [ template_filter ] --START--
INFO: Run Behavior\ContentReplaceBehavior [ RunTime:0.000333s ]
INFO: [ template_filter ] --END-- [ RunTime:0.001006s ]
INFO: Run Behavior\ParseTemplateBehavior [ RunTime:0.022615s ]
INFO: [ view_parse ] --END-- [ RunTime:0.024217s ]
INFO: [ view_filter ] --START--
INFO: Run Behavior\WriteHtmlCacheBehavior [ RunTime:0.000824s ]
INFO: [ view_filter ] --END-- [ RunTime:0.001525s ]
INFO: [ app_end ] --START--
INFO: Run Behavior\ShowPageTraceBehavior [ RunTime:0.001399s ]
INFO: [ app_end ] --END-- [ RunTime:0.002295s ]

[ 2017-07-03T21:34:58+08:00 ] 127.0.0.1 /index.php/Admin/Index/center.html
INFO: [ view_parse ] --START--
INFO: [ template_filter ] --START--
INFO: Run Behavior\ContentReplaceBehavior [ RunTime:0.000322s ]
INFO: [ template_filter ] --END-- [ RunTime:0.001014s ]
INFO: Run Behavior\ParseTemplateBehavior [ RunTime:0.037082s ]
INFO: [ view_parse ] --END-- [ RunTime:0.042675s ]
INFO: [ view_filter ] --START--
INFO: Run Behavior\WriteHtmlCacheBehavior [ RunTime:0.001083s ]
INFO: [ view_filter ] --END-- [ RunTime:0.002777s ]
INFO: [ app_end ] --START--
INFO: Run Behavior\ShowPageTraceBehavior [ RunTime:0.003303s ]
INFO: [ app_end ] --END-- [ RunTime:0.004299s ]

[ 2017-07-03T21:34:59+08:00 ] 127.0.0.1 /index.php/Admin/Index/left.html
INFO: [ view_parse ] --START--
INFO: [ template_filter ] --START--
INFO: Run Behavior\ContentReplaceBehavior [ RunTime:0.000642s ]
INFO: [ template_filter ] --END-- [ RunTime:0.002020s ]
INFO: Run Behavior\ParseTemplateBehavior [ RunTime:0.024192s ]
INFO: [ view_parse ] --END-- [ RunTime:0.025592s ]
INFO: [ view_filter ] --START--
INFO: Run Behavior\WriteHtmlCacheBehavior [ RunTime:0.001637s ]
INFO: [ view_filter ] --END-- [ RunTime:0.002300s ]
INFO: [ app_end ] --START--
INFO: Run Behavior\ShowPageTraceBehavior [ RunTime:0.001377s ]
INFO: [ app_end ] --END-- [ RunTime:0.002111s ]

[ 2017-07-03T21:35:00+08:00 ] 127.0.0.1 /index.php/Admin/Index/down.html
INFO: [ view_parse ] --START--
INFO: [ template_filter ] --START--
INFO: Run Behavior\ContentReplaceBehavior [ RunTime:0.000746s ]
INFO: [ template_filter ] --END-- [ RunTime:0.001994s ]
INFO: Run Behavior\ParseTemplateBehavior [ RunTime:0.029888s ]
INFO: [ view_parse ] --END-- [ RunTime:0.031851s ]
INFO: [ view_filter ] --START--
INFO: Run Behavior\WriteHtmlCacheBehavior [ RunTime:0.001924s ]
INFO: [ view_filter ] --END-- [ RunTime:0.003025s ]
INFO: [ app_end ] --START--
INFO: Run Behavior\ShowPageTraceBehavior [ RunTime:0.002223s ]
INFO: [ app_end ] --END-- [ RunTime:0.003541s ]

[ 2017-07-03T21:35:24+08:00 ] 127.0.0.1 /index.php/Admin/Goods/delPics.html
INFO: [ app_begin ] --START--
INFO: Run Behavior\ReadHtmlCacheBehavior [ RunTime:0.001454s ]
INFO: [ app_begin ] --END-- [ RunTime:0.002924s ]
SQL: SHOW COLUMNS FROM `sp_goods_pics` [ RunTime:0.0081s ]
SQL: SELECT * FROM `sp_goods_pics` WHERE `pics_id` = 19 LIMIT 1   [ RunTime:0.0006s ]
SQL: DELETE FROM `sp_goods_pics` WHERE `pics_id` = 19 [ RunTime:0.0007s ]
INFO: [ app_end ] --START--
INFO: Run Behavior\ShowPageTraceBehavior [ RunTime:0.001685s ]
INFO: [ app_end ] --END-- [ RunTime:0.002410s ]

[ 2017-07-03T21:40:24+08:00 ] 127.0.0.1 /index.php/admin/manager/main.php
ERR: 非法操作:main.php

[ 2017-07-03T22:54:33+08:00 ] 127.0.0.1 /index.php/Admin/Index/index.html
INFO: [ view_parse ] --START--
INFO: [ template_filter ] --START--
INFO: Run Behavior\ContentReplaceBehavior [ RunTime:0.000527s ]
INFO: [ template_filter ] --END-- [ RunTime:0.001519s ]
INFO: Run Behavior\ParseTemplateBehavior [ RunTime:0.034542s ]
INFO: [ view_parse ] --END-- [ RunTime:0.036099s ]
INFO: [ view_filter ] --START--
INFO: Run Behavior\WriteHtmlCacheBehavior [ RunTime:0.000862s ]
INFO: [ view_filter ] --END-- [ RunTime:0.001541s ]
INFO: [ app_end ] --START--
INFO: Run Behavior\ShowPageTraceBehavior [ RunTime:0.001527s ]
INFO: [ app_end ] --END-- [ RunTime:0.002428s ]

[ 2017-07-03T22:54:34+08:00 ] 127.0.0.1 /index.php/Admin/Index/top.html
INFO: [ view_parse ] --START--
INFO: [ template_filter ] --START--
INFO: Run Behavior\ContentReplaceBehavior [ RunTime:0.000585s ]
INFO: [ template_filter ] --END-- [ RunTime:0.001847s ]
INFO: Run Behavior\ParseTemplateBehavior [ RunTime:0.238252s ]
INFO: [ view_parse ] --END-- [ RunTime:0.240887s ]
INFO: [ view_filter ] --START--
INFO: Run Behavior\WriteHtmlCacheBehavior [ RunTime:0.001363s ]
INFO: [ view_filter ] --END-- [ RunTime:0.002641s ]
INFO: [ app_end ] --START--
INFO: Run Behavior\ShowPageTraceBehavior [ RunTime:0.007317s ]
INFO: [ app_end ] --END-- [ RunTime:0.008520s ]

[ 2017-07-03T22:54:35+08:00 ] 127.0.0.1 /index.php/Admin/Index/center.html
INFO: [ view_parse ] --START--
INFO: [ template_filter ] --START--
INFO: Run Behavior\ContentReplaceBehavior [ RunTime:0.000311s ]
INFO: [ template_filter ] --END-- [ RunTime:0.000977s ]
INFO: Run Behavior\ParseTemplateBehavior [ RunTime:0.017632s ]
INFO: [ view_parse ] --END-- [ RunTime:0.018864s ]
INFO: [ view_filter ] --START--
INFO: Run Behavior\WriteHtmlCacheBehavior [ RunTime:0.000866s ]
INFO: [ view_filter ] --END-- [ RunTime:0.001501s ]
INFO: [ app_end ] --START--
INFO: Run Behavior\ShowPageTraceBehavior [ RunTime:0.001462s ]
INFO: [ app_end ] --END-- [ RunTime:0.002140s ]

[ 2017-07-03T22:54:35+08:00 ] 127.0.0.1 /index.php/Admin/Index/down.html
INFO: [ view_parse ] --START--
INFO: [ template_filter ] --START--
INFO: Run Behavior\ContentReplaceBehavior [ RunTime:0.000858s ]
INFO: [ template_filter ] --END-- [ RunTime:0.002081s ]
INFO: Run Behavior\ParseTemplateBehavior [ RunTime:0.048145s ]
INFO: [ view_parse ] --END-- [ RunTime:0.050306s ]
INFO: [ view_filter ] --START--
INFO: Run Behavior\WriteHtmlCacheBehavior [ RunTime:0.001185s ]
INFO: [ view_filter ] --END-- [ RunTime:0.002240s ]
INFO: [ app_end ] --START--
INFO: Run Behavior\ShowPageTraceBehavior [ RunTime:0.001626s ]
INFO: [ app_end ] --END-- [ RunTime:0.002634s ]

[ 2017-07-03T22:54:36+08:00 ] 127.0.0.1 /index.php/Admin/Index/left.html
INFO: [ view_parse ] --START--
INFO: [ template_filter ] --START--
INFO: Run Behavior\ContentReplaceBehavior [ RunTime:0.000343s ]
INFO: [ template_filter ] --END-- [ RunTime:0.001188s ]
INFO: Run Behavior\ParseTemplateBehavior [ RunTime:0.037265s ]
INFO: [ view_parse ] --END-- [ RunTime:0.039467s ]
INFO: [ view_filter ] --START--
INFO: Run Behavior\WriteHtmlCacheBehavior [ RunTime:0.001290s ]
INFO: [ view_filter ] --END-- [ RunTime:0.002532s ]
INFO: [ app_end ] --START--
INFO: Run Behavior\ShowPageTraceBehavior [ RunTime:0.001680s ]
INFO: [ app_end ] --END-- [ RunTime:0.002858s ]

[ 2017-07-03T22:56:34+08:00 ] 127.0.0.1 /index.php/Admin/Index/index.html
INFO: [ view_parse ] --START--
INFO: [ template_filter ] --START--
INFO: Run Behavior\ContentReplaceBehavior [ RunTime:0.000317s ]
INFO: [ template_filter ] --END-- [ RunTime:0.001001s ]
INFO: Run Behavior\ParseTemplateBehavior [ RunTime:0.024887s ]
INFO: [ view_parse ] --END-- [ RunTime:0.026352s ]
INFO: [ view_filter ] --START--
INFO: Run Behavior\WriteHtmlCacheBehavior [ RunTime:0.001643s ]
INFO: [ view_filter ] --END-- [ RunTime:0.002890s ]
INFO: [ app_end ] --START--
INFO: Run Behavior\ShowPageTraceBehavior [ RunTime:0.001712s ]
INFO: [ app_end ] --END-- [ RunTime:0.002695s ]

[ 2017-07-03T22:56:35+08:00 ] 127.0.0.1 /index.php/Admin/Index/center.html
INFO: [ view_parse ] --START--
INFO: [ template_filter ] --START--
INFO: Run Behavior\ContentReplaceBehavior [ RunTime:0.000523s ]
INFO: [ template_filter ] --END-- [ RunTime:0.001918s ]
INFO: Run Behavior\ParseTemplateBehavior [ RunTime:0.077879s ]
INFO: [ view_parse ] --END-- [ RunTime:0.080183s ]
INFO: [ view_filter ] --START--
INFO: Run Behavior\WriteHtmlCacheBehavior [ RunTime:0.001855s ]
INFO: [ view_filter ] --END-- [ RunTime:0.003780s ]
INFO: [ app_end ] --START--
INFO: Run Behavior\ShowPageTraceBehavior [ RunTime:0.001819s ]
INFO: [ app_end ] --END-- [ RunTime:0.003062s ]

[ 2017-07-03T22:56:35+08:00 ] 127.0.0.1 /index.php/Admin/Index/top.html
INFO: [ view_parse ] --START--
INFO: [ template_filter ] --START--
INFO: Run Behavior\ContentReplaceBehavior [ RunTime:0.000556s ]
INFO: [ template_filter ] --END-- [ RunTime:0.002054s ]
INFO: Run Behavior\ParseTemplateBehavior [ RunTime:0.031652s ]
INFO: [ view_parse ] --END-- [ RunTime:0.034808s ]
INFO: [ view_filter ] --START--
INFO: Run Behavior\WriteHtmlCacheBehavior [ RunTime:0.001323s ]
INFO: [ view_filter ] --END-- [ RunTime:0.002525s ]
INFO: [ app_end ] --START--
INFO: Run Behavior\ShowPageTraceBehavior [ RunTime:0.001713s ]
INFO: [ app_end ] --END-- [ RunTime:0.003433s ]

[ 2017-07-03T22:56:36+08:00 ] 127.0.0.1 /index.php/Admin/Index/down.html
INFO: [ view_parse ] --START--
INFO: [ template_filter ] --START--
INFO: Run Behavior\ContentReplaceBehavior [ RunTime:0.000600s ]
INFO: [ template_filter ] --END-- [ RunTime:0.001894s ]
INFO: Run Behavior\ParseTemplateBehavior [ RunTime:0.028088s ]
INFO: [ view_parse ] --END-- [ RunTime:0.030787s ]
INFO: [ view_filter ] --START--
INFO: Run Behavior\WriteHtmlCacheBehavior [ RunTime:0.004222s ]
INFO: [ view_filter ] --END-- [ RunTime:0.005504s ]
INFO: [ app_end ] --START--
INFO: Run Behavior\ShowPageTraceBehavior [ RunTime:0.003579s ]
INFO: [ app_end ] --END-- [ RunTime:0.006094s ]

[ 2017-07-03T22:56:36+08:00 ] 127.0.0.1 /index.php/Admin/Index/left.html
INFO: [ view_parse ] --START--
INFO: [ template_filter ] --START--
INFO: Run Behavior\ContentReplaceBehavior [ RunTime:0.000560s ]
INFO: [ template_filter ] --END-- [ RunTime:0.001786s ]
INFO: Run Behavior\ParseTemplateBehavior [ RunTime:0.027406s ]
INFO: [ view_parse ] --END-- [ RunTime:0.029909s ]
INFO: [ view_filter ] --START--
INFO: Run Behavior\WriteHtmlCacheBehavior [ RunTime:0.001440s ]
INFO: [ view_filter ] --END-- [ RunTime:0.002679s ]
INFO: [ app_end ] --START--
INFO: Run Behavior\ShowPageTraceBehavior [ RunTime:0.001706s ]
INFO: [ app_end ] --END-- [ RunTime:0.002988s ]

[ 2017-07-03T23:00:41+08:00 ] 127.0.0.1 /index.php/Admin/Index/index.html
INFO: [ view_parse ] --START--
INFO: [ template_filter ] --START--
INFO: Run Behavior\ContentReplaceBehavior [ RunTime:0.000395s ]
INFO: [ template_filter ] --END-- [ RunTime:0.001051s ]
INFO: Run Behavior\ParseTemplateBehavior [ RunTime:0.044995s ]
INFO: [ view_parse ] --END-- [ RunTime:0.063944s ]
INFO: [ view_filter ] --START--
INFO: Run Behavior\WriteHtmlCacheBehavior [ RunTime:0.001284s ]
INFO: [ view_filter ] --END-- [ RunTime:0.001925s ]
INFO: [ app_end ] --START--
INFO: Run Behavior\ShowPageTraceBehavior [ RunTime:0.015327s ]
INFO: [ app_end ] --END-- [ RunTime:0.016022s ]

[ 2017-07-03T23:00:41+08:00 ] 127.0.0.1 /index.php/Admin/Index/top.html
INFO: [ view_parse ] --START--
INFO: [ template_filter ] --START--
INFO: Run Behavior\ContentReplaceBehavior [ RunTime:0.000547s ]
INFO: [ template_filter ] --END-- [ RunTime:0.001647s ]
INFO: Run Behavior\ParseTemplateBehavior [ RunTime:0.027379s ]
INFO: [ view_parse ] --END-- [ RunTime:0.028701s ]
INFO: [ view_filter ] --START--
INFO: Run Behavior\WriteHtmlCacheBehavior [ RunTime:0.001782s ]
INFO: [ view_filter ] --END-- [ RunTime:0.003235s ]
INFO: [ app_end ] --START--
INFO: Run Behavior\ShowPageTraceBehavior [ RunTime:0.001959s ]
INFO: [ app_end ] --END-- [ RunTime:0.003208s ]

[ 2017-07-03T23:00:42+08:00 ] 127.0.0.1 /index.php/Admin/Index/center.html
INFO: [ view_parse ] --START--
INFO: [ template_filter ] --START--
INFO: Run Behavior\ContentReplaceBehavior [ RunTime:0.000553s ]
INFO: [ template_filter ] --END-- [ RunTime:0.002042s ]
INFO: Run Behavior\ParseTemplateBehavior [ RunTime:0.039910s ]
INFO: [ view_parse ] --END-- [ RunTime:0.042183s ]
INFO: [ view_filter ] --START--
INFO: Run Behavior\WriteHtmlCacheBehavior [ RunTime:0.004664s ]
INFO: [ view_filter ] --END-- [ RunTime:0.006037s ]
INFO: [ app_end ] --START--
INFO: Run Behavior\ShowPageTraceBehavior [ RunTime:0.007655s ]
INFO: [ app_end ] --END-- [ RunTime:0.009355s ]

[ 2017-07-03T23:00:43+08:00 ] 127.0.0.1 /index.php/Admin/Index/down.html
INFO: [ view_parse ] --START--
INFO: [ template_filter ] --START--
INFO: Run Behavior\ContentReplaceBehavior [ RunTime:0.000975s ]
INFO: [ template_filter ] --END-- [ RunTime:0.003855s ]
INFO: Run Behavior\ParseTemplateBehavior [ RunTime:0.044202s ]
INFO: [ view_parse ] --END-- [ RunTime:0.046605s ]
INFO: [ view_filter ] --START--
INFO: Run Behavior\WriteHtmlCacheBehavior [ RunTime:0.001555s ]
INFO: [ view_filter ] --END-- [ RunTime:0.002780s ]
INFO: [ app_end ] --START--
INFO: Run Behavior\ShowPageTraceBehavior [ RunTime:0.008614s ]
INFO: [ app_end ] --END-- [ RunTime:0.010440s ]

[ 2017-07-03T23:00:43+08:00 ] 127.0.0.1 /index.php/Admin/Index/left.html
INFO: [ view_parse ] --START--
INFO: [ template_filter ] --START--
INFO: Run Behavior\ContentReplaceBehavior [ RunTime:0.001006s ]
INFO: [ template_filter ] --END-- [ RunTime:0.002271s ]
INFO: Run Behavior\ParseTemplateBehavior [ RunTime:0.040548s ]
INFO: [ view_parse ] --END-- [ RunTime:0.042995s ]
INFO: [ view_filter ] --START--
INFO: Run Behavior\WriteHtmlCacheBehavior [ RunTime:0.001463s ]
INFO: [ view_filter ] --END-- [ RunTime:0.002776s ]
INFO: [ app_end ] --START--
INFO: Run Behavior\ShowPageTraceBehavior [ RunTime:0.001611s ]
INFO: [ app_end ] --END-- [ RunTime:0.002702s ]

[ 2017-07-03T23:00:51+08:00 ] 127.0.0.1 /index.php/Admin/Manager/logout.html
ERR: 非法操作:logout

[ 2017-07-03T23:02:37+08:00 ] 127.0.0.1 /index.php/Admin/Index/index.html
INFO: [ view_parse ] --START--
INFO: [ template_filter ] --START--
INFO: Run Behavior\ContentReplaceBehavior [ RunTime:0.000415s ]
INFO: [ template_filter ] --END-- [ RunTime:0.001345s ]
INFO: Run Behavior\ParseTemplateBehavior [ RunTime:0.017315s ]
INFO: [ view_parse ] --END-- [ RunTime:0.018484s ]
INFO: [ view_filter ] --START--
INFO: Run Behavior\WriteHtmlCacheBehavior [ RunTime:0.000886s ]
INFO: [ view_filter ] --END-- [ RunTime:0.001516s ]
INFO: [ app_end ] --START--
INFO: Run Behavior\ShowPageTraceBehavior [ RunTime:0.001012s ]
INFO: [ app_end ] --END-- [ RunTime:0.001644s ]

[ 2017-07-03T23:02:37+08:00 ] 127.0.0.1 /index.php/Admin/Index/top.html
INFO: [ view_parse ] --START--
INFO: [ template_filter ] --START--
INFO: Run Behavior\ContentReplaceBehavior [ RunTime:0.000639s ]
INFO: [ template_filter ] --END-- [ RunTime:0.001812s ]
INFO: Run Behavior\ParseTemplateBehavior [ RunTime:0.026643s ]
INFO: [ view_parse ] --END-- [ RunTime:0.027916s ]
INFO: [ view_filter ] --START--
INFO: Run Behavior\WriteHtmlCacheBehavior [ RunTime:0.001915s ]
INFO: [ view_filter ] --END-- [ RunTime:0.002813s ]
INFO: [ app_end ] --START--
INFO: Run Behavior\ShowPageTraceBehavior [ RunTime:0.001980s ]
INFO: [ app_end ] --END-- [ RunTime:0.003058s ]

[ 2017-07-03T23:02:38+08:00 ] 127.0.0.1 /index.php/Admin/Index/down.html
INFO: [ view_parse ] --START--
INFO: [ template_filter ] --START--
INFO: Run Behavior\ContentReplaceBehavior [ RunTime:0.000455s ]
INFO: [ template_filter ] --END-- [ RunTime:0.001368s ]
INFO: Run Behavior\ParseTemplateBehavior [ RunTime:0.022508s ]
INFO: [ view_parse ] --END-- [ RunTime:0.024585s ]
INFO: [ view_filter ] --START--
INFO: Run Behavior\WriteHtmlCacheBehavior [ RunTime:0.001674s ]
INFO: [ view_filter ] --END-- [ RunTime:0.002947s ]
INFO: [ app_end ] --START--
INFO: Run Behavior\ShowPageTraceBehavior [ RunTime:0.001697s ]
INFO: [ app_end ] --END-- [ RunTime:0.002852s ]

[ 2017-07-03T23:02:38+08:00 ] 127.0.0.1 /index.php/Admin/Index/center.html
INFO: [ view_parse ] --START--
INFO: [ template_filter ] --START--
INFO: Run Behavior\ContentReplaceBehavior [ RunTime:0.000621s ]
INFO: [ template_filter ] --END-- [ RunTime:0.001653s ]
INFO: Run Behavior\ParseTemplateBehavior [ RunTime:0.025927s ]
INFO: [ view_parse ] --END-- [ RunTime:0.028208s ]
INFO: [ view_filter ] --START--
INFO: Run Behavior\WriteHtmlCacheBehavior [ RunTime:0.000898s ]
INFO: [ view_filter ] --END-- [ RunTime:0.001527s ]
INFO: [ app_end ] --START--
INFO: Run Behavior\ShowPageTraceBehavior [ RunTime:0.002095s ]
INFO: [ app_end ] --END-- [ RunTime:0.003364s ]

[ 2017-07-03T23:02:39+08:00 ] 127.0.0.1 /index.php/Admin/Index/left.html
INFO: [ view_parse ] --START--
INFO: [ template_filter ] --START--
INFO: Run Behavior\ContentReplaceBehavior [ RunTime:0.000553s ]
INFO: [ template_filter ] --END-- [ RunTime:0.001747s ]
INFO: Run Behavior\ParseTemplateBehavior [ RunTime:0.024760s ]
INFO: [ view_parse ] --END-- [ RunTime:0.026322s ]
INFO: [ view_filter ] --START--
INFO: Run Behavior\WriteHtmlCacheBehavior [ RunTime:0.001281s ]
INFO: [ view_filter ] --END-- [ RunTime:0.002517s ]
INFO: [ app_end ] --START--
INFO: Run Behavior\ShowPageTraceBehavior [ RunTime:0.003525s ]
INFO: [ app_end ] --END-- [ RunTime:0.004765s ]

[ 2017-07-03T23:02:59+08:00 ] 127.0.0.1 /index.php/Admin/Index/index.html
INFO: [ view_parse ] --START--
INFO: [ template_filter ] --START--
INFO: Run Behavior\ContentReplaceBehavior [ RunTime:0.000305s ]
INFO: [ template_filter ] --END-- [ RunTime:0.000957s ]
INFO: Run Behavior\ParseTemplateBehavior [ RunTime:0.017066s ]
INFO: [ view_parse ] --END-- [ RunTime:0.018215s ]
INFO: [ view_filter ] --START--
INFO: Run Behavior\WriteHtmlCacheBehavior [ RunTime:0.000876s ]
INFO: [ view_filter ] --END-- [ RunTime:0.001531s ]
INFO: [ app_end ] --START--
INFO: Run Behavior\ShowPageTraceBehavior [ RunTime:0.000968s ]
INFO: [ app_end ] --END-- [ RunTime:0.001592s ]

[ 2017-07-03T23:03:00+08:00 ] 127.0.0.1 /index.php/Admin/Index/top.html
INFO: [ view_parse ] --START--
INFO: [ template_filter ] --START--
INFO: Run Behavior\ContentReplaceBehavior [ RunTime:0.000572s ]
INFO: [ template_filter ] --END-- [ RunTime:0.001794s ]
INFO: Run Behavior\ParseTemplateBehavior [ RunTime:0.031976s ]
INFO: [ view_parse ] --END-- [ RunTime:0.034215s ]
INFO: [ view_filter ] --START--
INFO: Run Behavior\WriteHtmlCacheBehavior [ RunTime:0.001409s ]
INFO: [ view_filter ] --END-- [ RunTime:0.002695s ]
INFO: [ app_end ] --START--
INFO: Run Behavior\ShowPageTraceBehavior [ RunTime:0.002063s ]
INFO: [ app_end ] --END-- [ RunTime:0.003458s ]

[ 2017-07-03T23:03:00+08:00 ] 127.0.0.1 /index.php/Admin/Index/center.html
INFO: [ view_parse ] --START--
INFO: [ template_filter ] --START--
INFO: Run Behavior\ContentReplaceBehavior [ RunTime:0.000609s ]
INFO: [ template_filter ] --END-- [ RunTime:0.001975s ]
INFO: Run Behavior\ParseTemplateBehavior [ RunTime:0.041909s ]
INFO: [ view_parse ] --END-- [ RunTime:0.044392s ]
INFO: [ view_filter ] --START--
INFO: Run Behavior\WriteHtmlCacheBehavior [ RunTime:0.001390s ]
INFO: [ view_filter ] --END-- [ RunTime:0.002496s ]
INFO: [ app_end ] --START--
INFO: Run Behavior\ShowPageTraceBehavior [ RunTime:0.001667s ]
INFO: [ app_end ] --END-- [ RunTime:0.002827s ]

[ 2017-07-03T23:03:01+08:00 ] 127.0.0.1 /index.php/Admin/Index/left.html
INFO: [ view_parse ] --START--
INFO: [ template_filter ] --START--
INFO: Run Behavior\ContentReplaceBehavior [ RunTime:0.000419s ]
INFO: [ template_filter ] --END-- [ RunTime:0.001796s ]
INFO: Run Behavior\ParseTemplateBehavior [ RunTime:0.025869s ]
INFO: [ view_parse ] --END-- [ RunTime:0.028052s ]
INFO: [ view_filter ] --START--
INFO: Run Behavior\WriteHtmlCacheBehavior [ RunTime:0.001477s ]
INFO: [ view_filter ] --END-- [ RunTime:0.002885s ]
INFO: [ app_end ] --START--
INFO: Run Behavior\ShowPageTraceBehavior [ RunTime:0.001115s ]
INFO: [ app_end ] --END-- [ RunTime:0.003245s ]

[ 2017-07-03T23:03:01+08:00 ] 127.0.0.1 /index.php/Admin/Index/down.html
INFO: [ view_parse ] --START--
INFO: [ template_filter ] --START--
INFO: Run Behavior\ContentReplaceBehavior [ RunTime:0.000814s ]
INFO: [ template_filter ] --END-- [ RunTime:0.002813s ]
INFO: Run Behavior\ParseTemplateBehavior [ RunTime:0.021592s ]
INFO: [ view_parse ] --END-- [ RunTime:0.023236s ]
INFO: [ view_filter ] --START--
INFO: Run Behavior\WriteHtmlCacheBehavior [ RunTime:0.000974s ]
INFO: [ view_filter ] --END-- [ RunTime:0.001826s ]
INFO: [ app_end ] --START--
INFO: Run Behavior\ShowPageTraceBehavior [ RunTime:0.001277s ]
INFO: [ app_end ] --END-- [ RunTime:0.002148s ]

[ 2017-07-03T23:03:03+08:00 ] 127.0.0.1 /index.php/Admin/Index/Articles.php
ERR: 非法操作:Articles.php

