[ 2017-07-15T00:07:04+08:00 ] 127.0.0.1 /index.php/Admin
INFO: [ view_parse ] --START--
INFO: [ template_filter ] --START--
INFO: Run Behavior\ContentReplaceBehavior [ RunTime:0.000000s ]
INFO: [ template_filter ] --END-- [ RunTime:0.001000s ]
INFO: Run Behavior\ParseTemplateBehavior [ RunTime:0.031002s ]
INFO: [ view_parse ] --END-- [ RunTime:0.033002s ]
INFO: [ view_filter ] --START--
INFO: Run Behavior\WriteHtmlCacheBehavior [ RunTime:0.001000s ]
INFO: [ view_filter ] --END-- [ RunTime:0.001000s ]
INFO: [ app_end ] --START--
INFO: Run Behavior\ShowPageTraceBehavior [ RunTime:0.002000s ]
INFO: [ app_end ] --END-- [ RunTime:0.002000s ]

[ 2017-07-15T00:07:15+08:00 ] 127.0.0.1 /index.php/Admin/Index/index.html
INFO: [ view_parse ] --START--
INFO: [ template_filter ] --START--
INFO: Run Behavior\ContentReplaceBehavior [ RunTime:0.000000s ]
INFO: [ template_filter ] --END-- [ RunTime:0.000000s ]
INFO: Run Behavior\ParseTemplateBehavior [ RunTime:0.016001s ]
INFO: [ view_parse ] --END-- [ RunTime:0.017001s ]
INFO: [ view_filter ] --START--
INFO: Run Behavior\WriteHtmlCacheBehavior [ RunTime:0.000000s ]
INFO: [ view_filter ] --END-- [ RunTime:0.000000s ]
INFO: [ app_end ] --START--
INFO: Run Behavior\ShowPageTraceBehavior [ RunTime:0.003000s ]
INFO: [ app_end ] --END-- [ RunTime:0.003000s ]

[ 2017-07-15T00:07:16+08:00 ] 127.0.0.1 /index.php/Admin/Index/top.html
INFO: [ view_parse ] --START--
INFO: [ template_filter ] --START--
INFO: Run Behavior\ContentReplaceBehavior [ RunTime:0.000000s ]
INFO: [ template_filter ] --END-- [ RunTime:0.000000s ]
INFO: Run Behavior\ParseTemplateBehavior [ RunTime:0.036003s ]
INFO: [ view_parse ] --END-- [ RunTime:0.038003s ]
INFO: [ view_filter ] --START--
INFO: Run Behavior\WriteHtmlCacheBehavior [ RunTime:0.002000s ]
INFO: [ view_filter ] --END-- [ RunTime:0.002000s ]
INFO: [ app_end ] --START--
INFO: Run Behavior\ShowPageTraceBehavior [ RunTime:0.002000s ]
INFO: [ app_end ] --END-- [ RunTime:0.002000s ]

[ 2017-07-15T00:07:17+08:00 ] 127.0.0.1 /index.php/Admin/Index/center.html
INFO: [ view_parse ] --START--
INFO: [ template_filter ] --START--
INFO: Run Behavior\ContentReplaceBehavior [ RunTime:0.000000s ]
INFO: [ template_filter ] --END-- [ RunTime:0.000000s ]
INFO: Run Behavior\ParseTemplateBehavior [ RunTime:0.021001s ]
INFO: [ view_parse ] --END-- [ RunTime:0.023001s ]
INFO: [ view_filter ] --START--
INFO: Run Behavior\WriteHtmlCacheBehavior [ RunTime:0.001000s ]
INFO: [ view_filter ] --END-- [ RunTime:0.002000s ]
INFO: [ app_end ] --START--
INFO: Run Behavior\ShowPageTraceBehavior [ RunTime:0.002000s ]
INFO: [ app_end ] --END-- [ RunTime:0.003000s ]

[ 2017-07-15T00:07:17+08:00 ] 127.0.0.1 /index.php/Admin/Index/left.html
SQL: SHOW COLUMNS FROM `sp_auth` [ RunTime:0.0520s ]
SQL: SELECT * FROM `sp_auth` WHERE `auth_level` = '0'  [ RunTime:0.0010s ]
SQL: SELECT * FROM `sp_auth` WHERE `auth_level` = '1'  [ RunTime:0.0010s ]
INFO: [ view_parse ] --START--
INFO: [ template_filter ] --START--
INFO: Run Behavior\ContentReplaceBehavior [ RunTime:0.000000s ]
INFO: [ template_filter ] --END-- [ RunTime:0.001000s ]
INFO: Run Behavior\ParseTemplateBehavior [ RunTime:0.025001s ]
INFO: [ view_parse ] --END-- [ RunTime:0.025001s ]
INFO: [ view_filter ] --START--
INFO: Run Behavior\WriteHtmlCacheBehavior [ RunTime:0.000000s ]
INFO: [ view_filter ] --END-- [ RunTime:0.000000s ]
INFO: [ app_end ] --START--
INFO: Run Behavior\ShowPageTraceBehavior [ RunTime:0.002000s ]
INFO: [ app_end ] --END-- [ RunTime:0.002000s ]

[ 2017-07-15T00:07:17+08:00 ] 127.0.0.1 /index.php/Admin/Index/down.html
INFO: [ view_parse ] --START--
INFO: [ template_filter ] --START--
INFO: Run Behavior\ContentReplaceBehavior [ RunTime:0.001000s ]
INFO: [ template_filter ] --END-- [ RunTime:0.001000s ]
INFO: Run Behavior\ParseTemplateBehavior [ RunTime:0.063003s ]
INFO: [ view_parse ] --END-- [ RunTime:0.065003s ]
INFO: [ view_filter ] --START--
INFO: Run Behavior\WriteHtmlCacheBehavior [ RunTime:0.003001s ]
INFO: [ view_filter ] --END-- [ RunTime:0.003001s ]
INFO: [ app_end ] --START--
INFO: Run Behavior\ShowPageTraceBehavior [ RunTime:0.004000s ]
INFO: [ app_end ] --END-- [ RunTime:0.004000s ]

[ 2017-07-15T00:07:23+08:00 ] 127.0.0.1 /index.php/Admin/Manager/showlist
ERR: 非法操作:showlist

[ 2017-07-15T15:18:11+08:00 ] 127.0.0.1 /index.php/Admin
INFO: [ view_parse ] --START--
INFO: [ template_filter ] --START--
INFO: Run Behavior\ContentReplaceBehavior [ RunTime:0.001000s ]
INFO: [ template_filter ] --END-- [ RunTime:0.001000s ]
INFO: Run Behavior\ParseTemplateBehavior [ RunTime:0.056003s ]
INFO: [ view_parse ] --END-- [ RunTime:0.060003s ]
INFO: [ view_filter ] --START--
INFO: Run Behavior\WriteHtmlCacheBehavior [ RunTime:0.002000s ]
INFO: [ view_filter ] --END-- [ RunTime:0.002000s ]
INFO: [ app_end ] --START--
INFO: Run Behavior\ShowPageTraceBehavior [ RunTime:0.002000s ]
INFO: [ app_end ] --END-- [ RunTime:0.002000s ]

[ 2017-07-15T15:18:40+08:00 ] 127.0.0.1 /index.php/Admin/Index/index.html
INFO: [ view_parse ] --START--
INFO: [ template_filter ] --START--
INFO: Run Behavior\ContentReplaceBehavior [ RunTime:0.000000s ]
INFO: [ template_filter ] --END-- [ RunTime:0.000000s ]
INFO: Run Behavior\ParseTemplateBehavior [ RunTime:0.018001s ]
INFO: [ view_parse ] --END-- [ RunTime:0.019001s ]
INFO: [ view_filter ] --START--
INFO: Run Behavior\WriteHtmlCacheBehavior [ RunTime:0.001000s ]
INFO: [ view_filter ] --END-- [ RunTime:0.001000s ]
INFO: [ app_end ] --START--
INFO: Run Behavior\ShowPageTraceBehavior [ RunTime:0.001001s ]
INFO: [ app_end ] --END-- [ RunTime:0.001001s ]

[ 2017-07-15T15:18:40+08:00 ] 127.0.0.1 /index.php/Admin/Index/top.html
INFO: [ view_parse ] --START--
INFO: [ template_filter ] --START--
INFO: Run Behavior\ContentReplaceBehavior [ RunTime:0.001000s ]
INFO: [ template_filter ] --END-- [ RunTime:0.001000s ]
INFO: Run Behavior\ParseTemplateBehavior [ RunTime:0.050003s ]
INFO: [ view_parse ] --END-- [ RunTime:0.052003s ]
INFO: [ view_filter ] --START--
INFO: Run Behavior\WriteHtmlCacheBehavior [ RunTime:0.001000s ]
INFO: [ view_filter ] --END-- [ RunTime:0.001000s ]
INFO: [ app_end ] --START--
INFO: Run Behavior\ShowPageTraceBehavior [ RunTime:0.002000s ]
INFO: [ app_end ] --END-- [ RunTime:0.002000s ]

[ 2017-07-15T15:18:41+08:00 ] 127.0.0.1 /index.php/Admin/Index/center.html
INFO: [ view_parse ] --START--
INFO: [ template_filter ] --START--
INFO: Run Behavior\ContentReplaceBehavior [ RunTime:0.001000s ]
INFO: [ template_filter ] --END-- [ RunTime:0.001000s ]
INFO: Run Behavior\ParseTemplateBehavior [ RunTime:0.046003s ]
INFO: [ view_parse ] --END-- [ RunTime:0.047003s ]
INFO: [ view_filter ] --START--
INFO: Run Behavior\WriteHtmlCacheBehavior [ RunTime:0.001000s ]
INFO: [ view_filter ] --END-- [ RunTime:0.001000s ]
INFO: [ app_end ] --START--
INFO: Run Behavior\ShowPageTraceBehavior [ RunTime:0.002000s ]
INFO: [ app_end ] --END-- [ RunTime:0.002000s ]

[ 2017-07-15T15:18:42+08:00 ] 127.0.0.1 /index.php/Admin/Index/left.html
SQL: SHOW COLUMNS FROM `sp_auth` [ RunTime:0.1100s ]
SQL: SELECT * FROM `sp_auth` WHERE `auth_level` = '0'  [ RunTime:0.0010s ]
SQL: SELECT * FROM `sp_auth` WHERE `auth_level` = '1'  [ RunTime:0.0020s ]
INFO: [ view_parse ] --START--
INFO: [ template_filter ] --START--
INFO: Run Behavior\ContentReplaceBehavior [ RunTime:0.000000s ]
INFO: [ template_filter ] --END-- [ RunTime:0.000000s ]
INFO: Run Behavior\ParseTemplateBehavior [ RunTime:0.075004s ]
INFO: [ view_parse ] --END-- [ RunTime:0.075004s ]
INFO: [ view_filter ] --START--
INFO: Run Behavior\WriteHtmlCacheBehavior [ RunTime:0.001000s ]
INFO: [ view_filter ] --END-- [ RunTime:0.001000s ]
INFO: [ app_end ] --START--
INFO: Run Behavior\ShowPageTraceBehavior [ RunTime:0.003000s ]
INFO: [ app_end ] --END-- [ RunTime:0.003000s ]

[ 2017-07-15T15:18:42+08:00 ] 127.0.0.1 /index.php/Admin/Index/down.html
INFO: [ view_parse ] --START--
INFO: [ template_filter ] --START--
INFO: Run Behavior\ContentReplaceBehavior [ RunTime:0.000000s ]
INFO: [ template_filter ] --END-- [ RunTime:0.000000s ]
INFO: Run Behavior\ParseTemplateBehavior [ RunTime:0.125007s ]
INFO: [ view_parse ] --END-- [ RunTime:0.127007s ]
INFO: [ view_filter ] --START--
INFO: Run Behavior\WriteHtmlCacheBehavior [ RunTime:0.002001s ]
INFO: [ view_filter ] --END-- [ RunTime:0.002001s ]
INFO: [ app_end ] --START--
INFO: Run Behavior\ShowPageTraceBehavior [ RunTime:0.003000s ]
INFO: [ app_end ] --END-- [ RunTime:0.004000s ]

[ 2017-07-15T15:55:40+08:00 ] 127.0.0.1 /index.php/Admin/Order/packageNumber.html
INFO: [ app_begin ] --START--
INFO: Run Behavior\ReadHtmlCacheBehavior [ RunTime:0.000000s ]
INFO: [ app_begin ] --END-- [ RunTime:0.001000s ]
SQL: SHOW COLUMNS FROM `sp_manager` [ RunTime:0.0530s ]
SQL: SELECT r.role_auth_ids,r.role_auth_ac FROM sp_manager m INNER JOIN sp_role as r on m.role_id=r.role_id  WHERE m.mg_id = '502' LIMIT 1   [ RunTime:0.0010s ]

[ 2017-07-15T15:56:02+08:00 ] 127.0.0.1 /index.php/Admin/Order/packageNumber.html
INFO: [ app_begin ] --START--
INFO: Run Behavior\ReadHtmlCacheBehavior [ RunTime:0.001000s ]
INFO: [ app_begin ] --END-- [ RunTime:0.001000s ]
SQL: SHOW COLUMNS FROM `sp_manager` [ RunTime:0.0410s ]
SQL: SELECT r.role_auth_ids,r.role_auth_ac FROM sp_manager m INNER JOIN sp_role as r on m.role_id=r.role_id  WHERE m.mg_id = '502' LIMIT 1   [ RunTime:0.0020s ]

[ 2017-07-15T16:31:15+08:00 ] 127.0.0.1 /index.php/Admin/Order/packageNumber.html
INFO: [ app_begin ] --START--
INFO: Run Behavior\ReadHtmlCacheBehavior [ RunTime:0.004000s ]
INFO: [ app_begin ] --END-- [ RunTime:0.005000s ]
SQL: SHOW COLUMNS FROM `sp_manager` [ RunTime:0.0670s ]
SQL: SELECT r.role_auth_ids,r.role_auth_ac FROM sp_manager m INNER JOIN sp_role as r on m.role_id=r.role_id  WHERE m.mg_id = '502' LIMIT 1   [ RunTime:0.0010s ]
SQL: SHOW COLUMNS FROM `sp_backage` [ RunTime:0.1060s ]
NOTIC: [2] Illegal string offset 'data' D:\www\itshop\Application\Admin\Model\BackageModel.class.php 第 13 行.
NOTIC: [2] Invalid argument supplied for foreach() D:\www\itshop\Application\Admin\Model\BackageModel.class.php 第 13 行.
NOTIC: [2] Illegal string offset 'nu' D:\www\itshop\Application\Admin\Model\BackageModel.class.php 第 17 行.
SQL: SELECT * FROM `sp_backage` WHERE `order_id` = 8 LIMIT 1   [ RunTime:0.0180s ]
SQL: INSERT INTO `sp_backage` (`backage_state`,`backage_number`,`order_id`) VALUES ('','\"','8') [ RunTime:0.0820s ]
SQL: SHOW COLUMNS FROM `sp_order` [ RunTime:0.1200s ]
SQL: UPDATE `sp_order` SET `is_send`='是' WHERE `order_id` = 8 [ RunTime:0.0500s ]
ERR: Think\Model:error方法不存在！

[ 2017-07-15T16:32:01+08:00 ] 127.0.0.1 /index.php/Admin/Order/packageNumber.html
INFO: [ app_begin ] --START--
INFO: Run Behavior\ReadHtmlCacheBehavior [ RunTime:0.004000s ]
INFO: [ app_begin ] --END-- [ RunTime:0.005000s ]
SQL: SHOW COLUMNS FROM `sp_manager` [ RunTime:0.1210s ]
SQL: SELECT r.role_auth_ids,r.role_auth_ac FROM sp_manager m INNER JOIN sp_role as r on m.role_id=r.role_id  WHERE m.mg_id = '502' LIMIT 1   [ RunTime:0.0020s ]
SQL: SHOW COLUMNS FROM `sp_backage` [ RunTime:0.0480s ]
NOTIC: [2] Illegal string offset 'data' D:\www\itshop\Application\Admin\Model\BackageModel.class.php 第 13 行.
NOTIC: [2] Invalid argument supplied for foreach() D:\www\itshop\Application\Admin\Model\BackageModel.class.php 第 13 行.
NOTIC: [2] Illegal string offset 'nu' D:\www\itshop\Application\Admin\Model\BackageModel.class.php 第 17 行.
SQL: SELECT * FROM `sp_backage` WHERE `order_id` = 9 LIMIT 1   [ RunTime:0.0010s ]
SQL: INSERT INTO `sp_backage` (`backage_state`,`backage_number`,`order_id`) VALUES ('','\"','9') [ RunTime:0.0150s ]
SQL: SHOW COLUMNS FROM `sp_order` [ RunTime:0.0650s ]
SQL: UPDATE `sp_order` SET `is_send`='是' WHERE `order_id` = 9 [ RunTime:0.0030s ]
ERR: Think\Model:error方法不存在！

[ 2017-07-15T16:32:24+08:00 ] 127.0.0.1 /index.php/Admin/Order/packageNumber.html
INFO: [ app_begin ] --START--
INFO: Run Behavior\ReadHtmlCacheBehavior [ RunTime:0.002001s ]
INFO: [ app_begin ] --END-- [ RunTime:0.004001s ]
SQL: SHOW COLUMNS FROM `sp_manager` [ RunTime:0.1240s ]
SQL: SELECT r.role_auth_ids,r.role_auth_ac FROM sp_manager m INNER JOIN sp_role as r on m.role_id=r.role_id  WHERE m.mg_id = '502' LIMIT 1   [ RunTime:0.0020s ]
SQL: SHOW COLUMNS FROM `sp_backage` [ RunTime:0.0610s ]
NOTIC: [2] Illegal string offset 'data' D:\www\itshop\Application\Admin\Model\BackageModel.class.php 第 13 行.
NOTIC: [2] Invalid argument supplied for foreach() D:\www\itshop\Application\Admin\Model\BackageModel.class.php 第 13 行.
NOTIC: [2] Illegal string offset 'nu' D:\www\itshop\Application\Admin\Model\BackageModel.class.php 第 17 行.
SQL: SELECT * FROM `sp_backage` WHERE `order_id` = 8 LIMIT 1   [ RunTime:0.0010s ]
SQL: UPDATE `sp_backage` SET `backage_state`='',`backage_number`='\"' WHERE `order_id` = 8 [ RunTime:0.0540s ]
ERR: Think\Model:error方法不存在！

[ 2017-07-15T16:32:39+08:00 ] 127.0.0.1 /index.php/Admin/Order/packageNumber.html
ERR: Think\Model:error方法不存在！

[ 2017-07-15T16:32:48+08:00 ] 127.0.0.1 /index.php/Admin/Order/packageNumber.html
ERR: Think\Model:error方法不存在！

[ 2017-07-15T16:34:05+08:00 ] 127.0.0.1 /index.php/Admin/Order/packageNumber.html
INFO: [ app_begin ] --START--
INFO: Run Behavior\ReadHtmlCacheBehavior [ RunTime:0.003000s ]
INFO: [ app_begin ] --END-- [ RunTime:0.005000s ]
SQL: SHOW COLUMNS FROM `sp_manager` [ RunTime:0.0550s ]
SQL: SELECT r.role_auth_ids,r.role_auth_ac FROM sp_manager m INNER JOIN sp_role as r on m.role_id=r.role_id  WHERE m.mg_id = '502' LIMIT 1   [ RunTime:0.0050s ]
SQL: SHOW COLUMNS FROM `sp_backage` [ RunTime:0.0750s ]
NOTIC: [2] Illegal string offset 'data' D:\www\itshop\Application\Admin\Model\BackageModel.class.php 第 13 行.
NOTIC: [2] Invalid argument supplied for foreach() D:\www\itshop\Application\Admin\Model\BackageModel.class.php 第 13 行.
NOTIC: [2] Illegal string offset 'nu' D:\www\itshop\Application\Admin\Model\BackageModel.class.php 第 17 行.
SQL: SELECT * FROM `sp_backage` WHERE `order_id` = 8 LIMIT 1   [ RunTime:0.0020s ]
SQL: UPDATE `sp_backage` SET `backage_state`='',`backage_number`='\"' WHERE `order_id` = 8 [ RunTime:0.0480s ]
ERR: Think\Model:error方法不存在！

[ 2017-07-15T16:34:55+08:00 ] 127.0.0.1 /index.php/Admin/Order/packageNumber.html
INFO: [ app_begin ] --START--
INFO: Run Behavior\ReadHtmlCacheBehavior [ RunTime:0.004001s ]
INFO: [ app_begin ] --END-- [ RunTime:0.006001s ]
SQL: SHOW COLUMNS FROM `sp_manager` [ RunTime:0.0710s ]
SQL: SELECT r.role_auth_ids,r.role_auth_ac FROM sp_manager m INNER JOIN sp_role as r on m.role_id=r.role_id  WHERE m.mg_id = '502' LIMIT 1   [ RunTime:0.0010s ]
SQL: SHOW COLUMNS FROM `sp_backage` [ RunTime:0.0700s ]
NOTIC: [2] Illegal string offset 'data' D:\www\itshop\Application\Admin\Model\BackageModel.class.php 第 13 行.
NOTIC: [2] Invalid argument supplied for foreach() D:\www\itshop\Application\Admin\Model\BackageModel.class.php 第 13 行.
NOTIC: [2] Illegal string offset 'nu' D:\www\itshop\Application\Admin\Model\BackageModel.class.php 第 17 行.
SQL: SELECT * FROM `sp_backage` WHERE `order_id` = 9 LIMIT 1   [ RunTime:0.0010s ]
SQL: UPDATE `sp_backage` SET `backage_state`='',`backage_number`='\"' WHERE `order_id` = 9 [ RunTime:0.0160s ]

[ 2017-07-15T16:35:26+08:00 ] 127.0.0.1 /index.php/Admin/Order/packageNumber.html
INFO: [ app_begin ] --START--
INFO: Run Behavior\ReadHtmlCacheBehavior [ RunTime:0.007001s ]
INFO: [ app_begin ] --END-- [ RunTime:0.008001s ]
SQL: SHOW COLUMNS FROM `sp_manager` [ RunTime:0.0500s ]
SQL: SELECT r.role_auth_ids,r.role_auth_ac FROM sp_manager m INNER JOIN sp_role as r on m.role_id=r.role_id  WHERE m.mg_id = '502' LIMIT 1   [ RunTime:0.0020s ]
SQL: SHOW COLUMNS FROM `sp_backage` [ RunTime:0.0690s ]
NOTIC: [2] Illegal string offset 'data' D:\www\itshop\Application\Admin\Model\BackageModel.class.php 第 13 行.
NOTIC: [2] Invalid argument supplied for foreach() D:\www\itshop\Application\Admin\Model\BackageModel.class.php 第 13 行.
NOTIC: [2] Illegal string offset 'nu' D:\www\itshop\Application\Admin\Model\BackageModel.class.php 第 17 行.
SQL: SELECT * FROM `sp_backage` WHERE `order_id` = 2 LIMIT 1   [ RunTime:0.0010s ]
SQL: INSERT INTO `sp_backage` (`backage_state`,`backage_number`,`order_id`) VALUES ('','\"','2') [ RunTime:0.0320s ]
SQL: SHOW COLUMNS FROM `sp_order` [ RunTime:0.0820s ]
SQL: UPDATE `sp_order` SET `is_send`='是' WHERE `order_id` = 2 [ RunTime:0.0030s ]

[ 2017-07-15T16:37:14+08:00 ] 127.0.0.1 /index.php/Admin/Order/packageNumber.html
INFO: [ app_begin ] --START--
INFO: Run Behavior\ReadHtmlCacheBehavior [ RunTime:0.002000s ]
INFO: [ app_begin ] --END-- [ RunTime:0.004001s ]
SQL: SHOW COLUMNS FROM `sp_manager` [ RunTime:0.0520s ]
SQL: SELECT r.role_auth_ids,r.role_auth_ac FROM sp_manager m INNER JOIN sp_role as r on m.role_id=r.role_id  WHERE m.mg_id = '502' LIMIT 1   [ RunTime:0.0020s ]
SQL: SHOW COLUMNS FROM `sp_backage` [ RunTime:0.0530s ]
NOTIC: [2] Illegal string offset 'data' D:\www\itshop\Application\Admin\Model\BackageModel.class.php 第 13 行.
NOTIC: [2] Invalid argument supplied for foreach() D:\www\itshop\Application\Admin\Model\BackageModel.class.php 第 13 行.
NOTIC: [2] Illegal string offset 'nu' D:\www\itshop\Application\Admin\Model\BackageModel.class.php 第 17 行.
SQL: SELECT * FROM `sp_backage` WHERE `order_id` = 9 LIMIT 1   [ RunTime:0.0030s ]
SQL: UPDATE `sp_backage` SET `backage_state`='',`backage_number`='\"' WHERE `order_id` = 9 [ RunTime:0.0320s ]

[ 2017-07-15T16:37:27+08:00 ] 127.0.0.1 /index.php/Admin/Order/packageNumber.html
INFO: [ app_begin ] --START--
INFO: Run Behavior\ReadHtmlCacheBehavior [ RunTime:0.003000s ]
INFO: [ app_begin ] --END-- [ RunTime:0.005001s ]
SQL: SHOW COLUMNS FROM `sp_manager` [ RunTime:0.0540s ]
SQL: SELECT r.role_auth_ids,r.role_auth_ac FROM sp_manager m INNER JOIN sp_role as r on m.role_id=r.role_id  WHERE m.mg_id = '502' LIMIT 1   [ RunTime:0.0010s ]
SQL: SHOW COLUMNS FROM `sp_backage` [ RunTime:0.0570s ]
NOTIC: [2] Illegal string offset 'data' D:\www\itshop\Application\Admin\Model\BackageModel.class.php 第 13 行.
NOTIC: [2] Invalid argument supplied for foreach() D:\www\itshop\Application\Admin\Model\BackageModel.class.php 第 13 行.
NOTIC: [2] Illegal string offset 'nu' D:\www\itshop\Application\Admin\Model\BackageModel.class.php 第 17 行.
SQL: SELECT * FROM `sp_backage` WHERE `order_id` = 9 LIMIT 1   [ RunTime:0.0010s ]
SQL: UPDATE `sp_backage` SET `backage_state`='',`backage_number`='\"' WHERE `order_id` = 9 [ RunTime:0.0080s ]

[ 2017-07-15T16:37:33+08:00 ] 127.0.0.1 /index.php/Admin/Order/packageNumber.html
INFO: [ app_begin ] --START--
INFO: Run Behavior\ReadHtmlCacheBehavior [ RunTime:0.004001s ]
INFO: [ app_begin ] --END-- [ RunTime:0.007001s ]
SQL: SHOW COLUMNS FROM `sp_manager` [ RunTime:0.0610s ]
SQL: SELECT r.role_auth_ids,r.role_auth_ac FROM sp_manager m INNER JOIN sp_role as r on m.role_id=r.role_id  WHERE m.mg_id = '502' LIMIT 1   [ RunTime:0.0020s ]
SQL: SHOW COLUMNS FROM `sp_backage` [ RunTime:0.0630s ]
NOTIC: [2] Illegal string offset 'data' D:\www\itshop\Application\Admin\Model\BackageModel.class.php 第 13 行.
NOTIC: [2] Invalid argument supplied for foreach() D:\www\itshop\Application\Admin\Model\BackageModel.class.php 第 13 行.
NOTIC: [2] Illegal string offset 'nu' D:\www\itshop\Application\Admin\Model\BackageModel.class.php 第 17 行.
SQL: SELECT * FROM `sp_backage` WHERE `order_id` = 9 LIMIT 1   [ RunTime:0.0020s ]
SQL: UPDATE `sp_backage` SET `backage_state`='',`backage_number`='\"' WHERE `order_id` = 9 [ RunTime:0.0030s ]

[ 2017-07-15T16:40:28+08:00 ] 127.0.0.1 /index.php/Admin/Order/packageNumber.html
INFO: [ app_begin ] --START--
INFO: Run Behavior\ReadHtmlCacheBehavior [ RunTime:0.000000s ]
INFO: [ app_begin ] --END-- [ RunTime:0.001000s ]
SQL: SHOW COLUMNS FROM `sp_manager` [ RunTime:0.0390s ]
SQL: SELECT r.role_auth_ids,r.role_auth_ac FROM sp_manager m INNER JOIN sp_role as r on m.role_id=r.role_id  WHERE m.mg_id = '502' LIMIT 1   [ RunTime:0.0010s ]
SQL: SHOW COLUMNS FROM `sp_backage` [ RunTime:0.0390s ]
NOTIC: [2] Illegal string offset 'data' D:\www\itshop\Application\Admin\Model\BackageModel.class.php 第 13 行.
NOTIC: [2] Invalid argument supplied for foreach() D:\www\itshop\Application\Admin\Model\BackageModel.class.php 第 13 行.
NOTIC: [2] Illegal string offset 'nu' D:\www\itshop\Application\Admin\Model\BackageModel.class.php 第 17 行.
SQL: SELECT * FROM `sp_backage` WHERE `order_id` = 9 LIMIT 1   [ RunTime:0.0010s ]
SQL: UPDATE `sp_backage` SET `backage_state`='',`backage_number`='\"' WHERE `order_id` = 9 [ RunTime:0.0460s ]

[ 2017-07-15T16:40:32+08:00 ] 127.0.0.1 /index.php/Admin/Order/packageNumber.html
INFO: [ app_begin ] --START--
INFO: Run Behavior\ReadHtmlCacheBehavior [ RunTime:0.002000s ]
INFO: [ app_begin ] --END-- [ RunTime:0.003000s ]
SQL: SHOW COLUMNS FROM `sp_manager` [ RunTime:0.0440s ]
SQL: SELECT r.role_auth_ids,r.role_auth_ac FROM sp_manager m INNER JOIN sp_role as r on m.role_id=r.role_id  WHERE m.mg_id = '502' LIMIT 1   [ RunTime:0.0010s ]
SQL: SHOW COLUMNS FROM `sp_backage` [ RunTime:0.0360s ]
NOTIC: [2] Illegal string offset 'data' D:\www\itshop\Application\Admin\Model\BackageModel.class.php 第 13 行.
NOTIC: [2] Invalid argument supplied for foreach() D:\www\itshop\Application\Admin\Model\BackageModel.class.php 第 13 行.
NOTIC: [2] Illegal string offset 'nu' D:\www\itshop\Application\Admin\Model\BackageModel.class.php 第 17 行.
SQL: SELECT * FROM `sp_backage` WHERE `order_id` = 2 LIMIT 1   [ RunTime:0.0000s ]
SQL: UPDATE `sp_backage` SET `backage_state`='',`backage_number`='\"' WHERE `order_id` = 2 [ RunTime:0.0420s ]

[ 2017-07-15T16:40:48+08:00 ] 127.0.0.1 /index.php/Admin/Order/packageNumber.html
INFO: [ app_begin ] --START--
INFO: Run Behavior\ReadHtmlCacheBehavior [ RunTime:0.004000s ]
INFO: [ app_begin ] --END-- [ RunTime:0.006000s ]
SQL: SHOW COLUMNS FROM `sp_manager` [ RunTime:0.0540s ]
SQL: SELECT r.role_auth_ids,r.role_auth_ac FROM sp_manager m INNER JOIN sp_role as r on m.role_id=r.role_id  WHERE m.mg_id = '502' LIMIT 1   [ RunTime:0.0020s ]
SQL: SHOW COLUMNS FROM `sp_backage` [ RunTime:0.0400s ]
NOTIC: [2] Illegal string offset 'data' D:\www\itshop\Application\Admin\Model\BackageModel.class.php 第 13 行.
NOTIC: [2] Invalid argument supplied for foreach() D:\www\itshop\Application\Admin\Model\BackageModel.class.php 第 13 行.
NOTIC: [2] Illegal string offset 'nu' D:\www\itshop\Application\Admin\Model\BackageModel.class.php 第 17 行.
SQL: SELECT * FROM `sp_backage` WHERE `order_id` = 1 LIMIT 1   [ RunTime:0.0010s ]
SQL: INSERT INTO `sp_backage` (`backage_state`,`backage_number`,`order_id`) VALUES ('','\"','1') [ RunTime:0.0190s ]
SQL: SHOW COLUMNS FROM `sp_order` [ RunTime:0.0460s ]
SQL: UPDATE `sp_order` SET `is_send`='是' WHERE `order_id` = 1 [ RunTime:0.0270s ]

[ 2017-07-15T18:19:24+08:00 ] 127.0.0.1 /index.php/Admin
INFO: [ view_parse ] --START--
INFO: [ template_filter ] --START--
INFO: Run Behavior\ContentReplaceBehavior [ RunTime:0.000000s ]
INFO: [ template_filter ] --END-- [ RunTime:0.000000s ]
INFO: Run Behavior\ParseTemplateBehavior [ RunTime:0.045002s ]
INFO: [ view_parse ] --END-- [ RunTime:0.047002s ]
INFO: [ view_filter ] --START--
INFO: Run Behavior\WriteHtmlCacheBehavior [ RunTime:0.000000s ]
INFO: [ view_filter ] --END-- [ RunTime:0.000000s ]
INFO: [ app_end ] --START--
INFO: Run Behavior\ShowPageTraceBehavior [ RunTime:0.002001s ]
INFO: [ app_end ] --END-- [ RunTime:0.002001s ]

[ 2017-07-15T18:24:17+08:00 ] 127.0.0.1 /index.php/Admin/Index/index.html
INFO: [ view_parse ] --START--
INFO: [ template_filter ] --START--
INFO: Run Behavior\ContentReplaceBehavior [ RunTime:0.000000s ]
INFO: [ template_filter ] --END-- [ RunTime:0.000000s ]
INFO: Run Behavior\ParseTemplateBehavior [ RunTime:0.032002s ]
INFO: [ view_parse ] --END-- [ RunTime:0.033002s ]
INFO: [ view_filter ] --START--
INFO: Run Behavior\WriteHtmlCacheBehavior [ RunTime:0.001000s ]
INFO: [ view_filter ] --END-- [ RunTime:0.002000s ]
INFO: [ app_end ] --START--
INFO: Run Behavior\ShowPageTraceBehavior [ RunTime:0.001000s ]
INFO: [ app_end ] --END-- [ RunTime:0.001000s ]

[ 2017-07-15T18:24:17+08:00 ] 127.0.0.1 /index.php/Admin/Index/top.html
INFO: [ view_parse ] --START--
INFO: [ template_filter ] --START--
INFO: Run Behavior\ContentReplaceBehavior [ RunTime:0.000000s ]
INFO: [ template_filter ] --END-- [ RunTime:0.000000s ]
INFO: Run Behavior\ParseTemplateBehavior [ RunTime:0.066004s ]
INFO: [ view_parse ] --END-- [ RunTime:0.069004s ]
INFO: [ view_filter ] --START--
INFO: Run Behavior\WriteHtmlCacheBehavior [ RunTime:0.001000s ]
INFO: [ view_filter ] --END-- [ RunTime:0.001000s ]
INFO: [ app_end ] --START--
INFO: Run Behavior\ShowPageTraceBehavior [ RunTime:0.002000s ]
INFO: [ app_end ] --END-- [ RunTime:0.002000s ]

[ 2017-07-15T18:24:18+08:00 ] 127.0.0.1 /index.php/Admin/Index/center.html
INFO: [ view_parse ] --START--
INFO: [ template_filter ] --START--
INFO: Run Behavior\ContentReplaceBehavior [ RunTime:0.000000s ]
INFO: [ template_filter ] --END-- [ RunTime:0.000000s ]
INFO: Run Behavior\ParseTemplateBehavior [ RunTime:0.018001s ]
INFO: [ view_parse ] --END-- [ RunTime:0.018001s ]
INFO: [ view_filter ] --START--
INFO: Run Behavior\WriteHtmlCacheBehavior [ RunTime:0.001000s ]
INFO: [ view_filter ] --END-- [ RunTime:0.001000s ]
INFO: [ app_end ] --START--
INFO: Run Behavior\ShowPageTraceBehavior [ RunTime:0.001000s ]
INFO: [ app_end ] --END-- [ RunTime:0.001000s ]

[ 2017-07-15T18:24:19+08:00 ] 127.0.0.1 /index.php/Admin/Index/down.html
INFO: [ view_parse ] --START--
INFO: [ template_filter ] --START--
INFO: Run Behavior\ContentReplaceBehavior [ RunTime:0.000000s ]
INFO: [ template_filter ] --END-- [ RunTime:0.001000s ]
INFO: Run Behavior\ParseTemplateBehavior [ RunTime:0.076004s ]
INFO: [ view_parse ] --END-- [ RunTime:0.078004s ]
INFO: [ view_filter ] --START--
INFO: Run Behavior\WriteHtmlCacheBehavior [ RunTime:0.002000s ]
INFO: [ view_filter ] --END-- [ RunTime:0.002000s ]
INFO: [ app_end ] --START--
INFO: Run Behavior\ShowPageTraceBehavior [ RunTime:0.002000s ]
INFO: [ app_end ] --END-- [ RunTime:0.002000s ]

[ 2017-07-15T18:24:19+08:00 ] 127.0.0.1 /index.php/Admin/Index/left.html
SQL: SHOW COLUMNS FROM `sp_auth` [ RunTime:0.0540s ]
SQL: SELECT * FROM `sp_auth` WHERE `auth_level` = '0'  [ RunTime:0.0160s ]
SQL: SELECT * FROM `sp_auth` WHERE `auth_level` = '1'  [ RunTime:0.0010s ]
INFO: [ view_parse ] --START--
INFO: [ template_filter ] --START--
INFO: Run Behavior\ContentReplaceBehavior [ RunTime:0.000000s ]
INFO: [ template_filter ] --END-- [ RunTime:0.001000s ]
INFO: Run Behavior\ParseTemplateBehavior [ RunTime:0.045002s ]
INFO: [ view_parse ] --END-- [ RunTime:0.045002s ]
INFO: [ view_filter ] --START--
INFO: Run Behavior\WriteHtmlCacheBehavior [ RunTime:0.001000s ]
INFO: [ view_filter ] --END-- [ RunTime:0.001000s ]
INFO: [ app_end ] --START--
INFO: Run Behavior\ShowPageTraceBehavior [ RunTime:0.002001s ]
INFO: [ app_end ] --END-- [ RunTime:0.002001s ]

[ 2017-07-15T18:24:48+08:00 ] 127.0.0.1 /index.php/Admin/Order/packageNumber.html
INFO: [ app_begin ] --START--
INFO: Run Behavior\ReadHtmlCacheBehavior [ RunTime:0.001000s ]
INFO: [ app_begin ] --END-- [ RunTime:0.002000s ]
SQL: SHOW COLUMNS FROM `sp_manager` [ RunTime:0.0370s ]
SQL: SELECT r.role_auth_ids,r.role_auth_ac FROM sp_manager m INNER JOIN sp_role as r on m.role_id=r.role_id  WHERE m.mg_id = '502' LIMIT 1   [ RunTime:0.0010s ]
SQL: SHOW COLUMNS FROM `sp_backage` [ RunTime:0.0450s ]
NOTIC: [2] Illegal string offset 'data' D:\www\itshop\Application\Admin\Model\BackageModel.class.php 第 13 行.
NOTIC: [2] Invalid argument supplied for foreach() D:\www\itshop\Application\Admin\Model\BackageModel.class.php 第 13 行.
NOTIC: [2] Illegal string offset 'nu' D:\www\itshop\Application\Admin\Model\BackageModel.class.php 第 17 行.
SQL: SELECT * FROM `sp_backage` WHERE `order_id` = 9 LIMIT 1   [ RunTime:0.0050s ]
SQL: UPDATE `sp_backage` SET `backage_state`='',`backage_number`='\"' WHERE `order_id` = 9 [ RunTime:0.0350s ]

[ 2017-07-15T18:25:06+08:00 ] 127.0.0.1 /index.php/Admin/Order/packageNumber.html
INFO: [ app_begin ] --START--
INFO: Run Behavior\ReadHtmlCacheBehavior [ RunTime:0.001000s ]
INFO: [ app_begin ] --END-- [ RunTime:0.001000s ]
SQL: SHOW COLUMNS FROM `sp_manager` [ RunTime:0.0480s ]
SQL: SELECT r.role_auth_ids,r.role_auth_ac FROM sp_manager m INNER JOIN sp_role as r on m.role_id=r.role_id  WHERE m.mg_id = '502' LIMIT 1   [ RunTime:0.0020s ]
SQL: SHOW COLUMNS FROM `sp_backage` [ RunTime:0.0370s ]
NOTIC: [2] Illegal string offset 'data' D:\www\itshop\Application\Admin\Model\BackageModel.class.php 第 13 行.
NOTIC: [2] Invalid argument supplied for foreach() D:\www\itshop\Application\Admin\Model\BackageModel.class.php 第 13 行.
NOTIC: [2] Illegal string offset 'nu' D:\www\itshop\Application\Admin\Model\BackageModel.class.php 第 17 行.
SQL: SELECT * FROM `sp_backage` WHERE `order_id` = 2 LIMIT 1   [ RunTime:0.0010s ]
SQL: UPDATE `sp_backage` SET `backage_state`='',`backage_number`='\"' WHERE `order_id` = 2 [ RunTime:0.0400s ]

[ 2017-07-15T18:28:23+08:00 ] 127.0.0.1 /index.php/Admin/Order/packageNumber.html
INFO: [ app_begin ] --START--
INFO: Run Behavior\ReadHtmlCacheBehavior [ RunTime:0.000000s ]
INFO: [ app_begin ] --END-- [ RunTime:0.001000s ]
SQL: SHOW COLUMNS FROM `sp_manager` [ RunTime:0.0540s ]
SQL: SELECT r.role_auth_ids,r.role_auth_ac FROM sp_manager m INNER JOIN sp_role as r on m.role_id=r.role_id  WHERE m.mg_id = '502' LIMIT 1   [ RunTime:0.0080s ]
SQL: SHOW COLUMNS FROM `sp_backage` [ RunTime:0.0300s ]
SQL: SELECT * FROM `sp_backage` WHERE `order_id` = 9 LIMIT 1   [ RunTime:0.0000s ]
SQL: UPDATE `sp_backage` SET `backage_state`='2017-06-27 12:33:52++已签收,签收人是:【门卫签收】#2017-06-27 08:23:41++【四川成都双流公司】的派件员【西航港承包区】正在派件#2017-06-27 06:20:27++快件已到达【四川成都双流公司】#2017-06-26 19:28:55++由【四川成都中转部】发往【四川成都双流公司】#2017-06-24 00:08:22++由【浙江义乌公司】发往【四川成都航空部】#2017-06-23 17:18:17++【浙江义乌公司】正在进行【装袋】扫描#2017-06-23 17:18:17++由【浙江义乌公司】发往【四川成都航空部】#2017-06-23 17:05:36++【浙江义乌公司】的收件员【菜鸟面单2】已收件#',`backage_number`='3332487314805' WHERE `order_id` = 9 [ RunTime:0.0200s ]
SQL: SHOW COLUMNS FROM `sp_order` [ RunTime:0.0300s ]
SQL: UPDATE `sp_order` SET `is_send`='是' WHERE `order_id` = 9 [ RunTime:0.0050s ]

[ 2017-07-15T18:29:32+08:00 ] 127.0.0.1 /index.php/Admin/Order/packageNumber.html
INFO: [ app_begin ] --START--
INFO: Run Behavior\ReadHtmlCacheBehavior [ RunTime:0.002000s ]
INFO: [ app_begin ] --END-- [ RunTime:0.003000s ]
SQL: SHOW COLUMNS FROM `sp_manager` [ RunTime:0.0480s ]
SQL: SELECT r.role_auth_ids,r.role_auth_ac FROM sp_manager m INNER JOIN sp_role as r on m.role_id=r.role_id  WHERE m.mg_id = '502' LIMIT 1   [ RunTime:0.0010s ]
SQL: SHOW COLUMNS FROM `sp_backage` [ RunTime:0.0270s ]
SQL: SELECT * FROM `sp_backage` WHERE `order_id` = 1 LIMIT 1   [ RunTime:0.0140s ]
SQL: UPDATE `sp_backage` SET `backage_state`='2017-06-22 22:27:13++[四川成都双流县西航港公司黄甲分部]快件已被 门卫室 签收#2017-06-22 22:15:59++[四川成都双流县西航港公司黄甲分部]进行派件扫描；派送业务员：小宋；联系电话：13808016470#2017-06-22 13:53:47++[四川成都双流县西航港公司黄甲分部]到达目的地网点，快件将很快进行派送#2017-06-22 12:37:45++[四川成都双流县西航港公司]进行快件扫描，将发往：四川成都双流县西航港公司黄甲分部#2017-06-22 07:37:48++[四川成都分拨中心]从站点发出，本次转运目的地：四川成都双流县西航港公司#2017-06-22 07:20:17++[四川成都分拨中心]在分拨中心进行卸车扫描#2017-06-21 03:10:00++[广东广州分拨中心]进行装车扫描，即将发往：四川成都分拨中心#2017-06-21 03:07:09++[广东广州分拨中心]在分拨中心进行称重扫描#2017-06-20 22:36:31++[广东广州天河区东圃公司]进行下级地点扫描，将发往：四川成都网点包#2017-06-20 22:01:41++[广东广州天河区东圃公司成雨淘宝分部]进行揽件扫描#',`backage_number`='3993821445004' WHERE `order_id` = 1 [ RunTime:0.0030s ]
SQL: SHOW COLUMNS FROM `sp_order` [ RunTime:0.0340s ]
SQL: UPDATE `sp_order` SET `is_send`='是' WHERE `order_id` = 1 [ RunTime:0.0020s ]

[ 2017-07-15T18:32:34+08:00 ] 127.0.0.1 /index.php/Admin/Order/packageNumber.html
INFO: [ app_begin ] --START--
INFO: Run Behavior\ReadHtmlCacheBehavior [ RunTime:0.002000s ]
INFO: [ app_begin ] --END-- [ RunTime:0.004000s ]
SQL: SHOW COLUMNS FROM `sp_manager` [ RunTime:0.0350s ]
SQL: SELECT r.role_auth_ids,r.role_auth_ac FROM sp_manager m INNER JOIN sp_role as r on m.role_id=r.role_id  WHERE m.mg_id = '502' LIMIT 1   [ RunTime:0.0010s ]
SQL: SHOW COLUMNS FROM `sp_backage` [ RunTime:0.0300s ]
SQL: SELECT * FROM `sp_backage` WHERE `order_id` = 9 LIMIT 1   [ RunTime:0.0010s ]
SQL: UPDATE `sp_backage` SET `backage_state`='2017-06-27 12:33:52++已签收,签收人是:【门卫签收】#2017-06-27 08:23:41++【四川成都双流公司】的派件员【西航港承包区】正在派件#2017-06-27 06:20:27++快件已到达【四川成都双流公司】#2017-06-26 19:28:55++由【四川成都中转部】发往【四川成都双流公司】#2017-06-24 00:08:22++由【浙江义乌公司】发往【四川成都航空部】#2017-06-23 17:18:17++【浙江义乌公司】正在进行【装袋】扫描#2017-06-23 17:18:17++由【浙江义乌公司】发往【四川成都航空部】#2017-06-23 17:05:36++【浙江义乌公司】的收件员【菜鸟面单2】已收件#',`backage_number`='3332487314805' WHERE `order_id` = 9 [ RunTime:0.0240s ]

[ 2017-07-15T18:33:15+08:00 ] 127.0.0.1 /index.php/Admin/Index/index.html
INFO: [ view_parse ] --START--
INFO: [ template_filter ] --START--
INFO: Run Behavior\ContentReplaceBehavior [ RunTime:0.000000s ]
INFO: [ template_filter ] --END-- [ RunTime:0.000000s ]
INFO: Run Behavior\ParseTemplateBehavior [ RunTime:0.047002s ]
INFO: [ view_parse ] --END-- [ RunTime:0.049002s ]
INFO: [ view_filter ] --START--
INFO: Run Behavior\WriteHtmlCacheBehavior [ RunTime:0.002001s ]
INFO: [ view_filter ] --END-- [ RunTime:0.002001s ]
INFO: [ app_end ] --START--
INFO: Run Behavior\ShowPageTraceBehavior [ RunTime:0.003000s ]
INFO: [ app_end ] --END-- [ RunTime:0.003000s ]

[ 2017-07-15T18:33:15+08:00 ] 127.0.0.1 /index.php/Admin/Index/center.html
INFO: [ view_parse ] --START--
INFO: [ template_filter ] --START--
INFO: Run Behavior\ContentReplaceBehavior [ RunTime:0.000000s ]
INFO: [ template_filter ] --END-- [ RunTime:0.000000s ]
INFO: Run Behavior\ParseTemplateBehavior [ RunTime:0.040002s ]
INFO: [ view_parse ] --END-- [ RunTime:0.042002s ]
INFO: [ view_filter ] --START--
INFO: Run Behavior\WriteHtmlCacheBehavior [ RunTime:0.001001s ]
INFO: [ view_filter ] --END-- [ RunTime:0.001001s ]
INFO: [ app_end ] --START--
INFO: Run Behavior\ShowPageTraceBehavior [ RunTime:0.001000s ]
INFO: [ app_end ] --END-- [ RunTime:0.002000s ]

[ 2017-07-15T18:33:15+08:00 ] 127.0.0.1 /index.php/Admin/Index/left.html
SQL: SHOW COLUMNS FROM `sp_auth` [ RunTime:0.0440s ]
SQL: SELECT * FROM `sp_auth` WHERE `auth_level` = '0'  [ RunTime:0.0040s ]
SQL: SELECT * FROM `sp_auth` WHERE `auth_level` = '1'  [ RunTime:0.0010s ]
INFO: [ view_parse ] --START--
INFO: [ template_filter ] --START--
INFO: Run Behavior\ContentReplaceBehavior [ RunTime:0.001000s ]
INFO: [ template_filter ] --END-- [ RunTime:0.001000s ]
INFO: Run Behavior\ParseTemplateBehavior [ RunTime:0.055003s ]
INFO: [ view_parse ] --END-- [ RunTime:0.056003s ]
INFO: [ view_filter ] --START--
INFO: Run Behavior\WriteHtmlCacheBehavior [ RunTime:0.002000s ]
INFO: [ view_filter ] --END-- [ RunTime:0.002000s ]
INFO: [ app_end ] --START--
INFO: Run Behavior\ShowPageTraceBehavior [ RunTime:0.002000s ]
INFO: [ app_end ] --END-- [ RunTime:0.002000s ]

[ 2017-07-15T18:33:16+08:00 ] 127.0.0.1 /index.php/Admin/Index/top.html
INFO: [ view_parse ] --START--
INFO: [ template_filter ] --START--
INFO: Run Behavior\ContentReplaceBehavior [ RunTime:0.000000s ]
INFO: [ template_filter ] --END-- [ RunTime:0.001000s ]
INFO: Run Behavior\ParseTemplateBehavior [ RunTime:0.054003s ]
INFO: [ view_parse ] --END-- [ RunTime:0.056003s ]
INFO: [ view_filter ] --START--
INFO: Run Behavior\WriteHtmlCacheBehavior [ RunTime:0.002000s ]
INFO: [ view_filter ] --END-- [ RunTime:0.002000s ]
INFO: [ app_end ] --START--
INFO: Run Behavior\ShowPageTraceBehavior [ RunTime:0.002000s ]
INFO: [ app_end ] --END-- [ RunTime:0.002000s ]

[ 2017-07-15T18:33:17+08:00 ] 127.0.0.1 /index.php/Admin/Index/down.html
INFO: [ view_parse ] --START--
INFO: [ template_filter ] --START--
INFO: Run Behavior\ContentReplaceBehavior [ RunTime:0.000000s ]
INFO: [ template_filter ] --END-- [ RunTime:0.000000s ]
INFO: Run Behavior\ParseTemplateBehavior [ RunTime:0.097005s ]
INFO: [ view_parse ] --END-- [ RunTime:0.099006s ]
INFO: [ view_filter ] --START--
INFO: Run Behavior\WriteHtmlCacheBehavior [ RunTime:0.002000s ]
INFO: [ view_filter ] --END-- [ RunTime:0.002000s ]
INFO: [ app_end ] --START--
INFO: Run Behavior\ShowPageTraceBehavior [ RunTime:0.003000s ]
INFO: [ app_end ] --END-- [ RunTime:0.004000s ]

[ 2017-07-15T18:33:26+08:00 ] 127.0.0.1 /index.php/Admin/Order/packageNumber.html
INFO: [ app_begin ] --START--
INFO: Run Behavior\ReadHtmlCacheBehavior [ RunTime:0.001001s ]
INFO: [ app_begin ] --END-- [ RunTime:0.004001s ]
SQL: SHOW COLUMNS FROM `sp_manager` [ RunTime:0.0580s ]
SQL: SELECT r.role_auth_ids,r.role_auth_ac FROM sp_manager m INNER JOIN sp_role as r on m.role_id=r.role_id  WHERE m.mg_id = '502' LIMIT 1   [ RunTime:0.0010s ]
SQL: SHOW COLUMNS FROM `sp_backage` [ RunTime:0.0110s ]
SQL: SELECT * FROM `sp_backage` WHERE `order_id` = 9 LIMIT 1   [ RunTime:0.0010s ]
SQL: UPDATE `sp_backage` SET `backage_state`='2017-06-27 12:33:52++已签收,签收人是:【门卫签收】#2017-06-27 08:23:41++【四川成都双流公司】的派件员【西航港承包区】正在派件#2017-06-27 06:20:27++快件已到达【四川成都双流公司】#2017-06-26 19:28:55++由【四川成都中转部】发往【四川成都双流公司】#2017-06-24 00:08:22++由【浙江义乌公司】发往【四川成都航空部】#2017-06-23 17:18:17++【浙江义乌公司】正在进行【装袋】扫描#2017-06-23 17:18:17++由【浙江义乌公司】发往【四川成都航空部】#2017-06-23 17:05:36++【浙江义乌公司】的收件员【菜鸟面单2】已收件#',`backage_number`='3332487314805' WHERE `order_id` = 9 [ RunTime:0.0400s ]

[ 2017-07-15T18:33:34+08:00 ] 127.0.0.1 /index.php/Admin/Order/packageNumber.html
INFO: [ app_begin ] --START--
INFO: Run Behavior\ReadHtmlCacheBehavior [ RunTime:0.002000s ]
INFO: [ app_begin ] --END-- [ RunTime:0.004000s ]
SQL: SHOW COLUMNS FROM `sp_manager` [ RunTime:0.0550s ]
SQL: SELECT r.role_auth_ids,r.role_auth_ac FROM sp_manager m INNER JOIN sp_role as r on m.role_id=r.role_id  WHERE m.mg_id = '502' LIMIT 1   [ RunTime:0.0010s ]
SQL: SHOW COLUMNS FROM `sp_backage` [ RunTime:0.0560s ]
SQL: SELECT * FROM `sp_backage` WHERE `order_id` = 9 LIMIT 1   [ RunTime:0.0010s ]
SQL: UPDATE `sp_backage` SET `backage_state`='2017-06-27 12:33:52++已签收,签收人是:【门卫签收】#2017-06-27 08:23:41++【四川成都双流公司】的派件员【西航港承包区】正在派件#2017-06-27 06:20:27++快件已到达【四川成都双流公司】#2017-06-26 19:28:55++由【四川成都中转部】发往【四川成都双流公司】#2017-06-24 00:08:22++由【浙江义乌公司】发往【四川成都航空部】#2017-06-23 17:18:17++【浙江义乌公司】正在进行【装袋】扫描#2017-06-23 17:18:17++由【浙江义乌公司】发往【四川成都航空部】#2017-06-23 17:05:36++【浙江义乌公司】的收件员【菜鸟面单2】已收件#',`backage_number`='3332487314805' WHERE `order_id` = 9 [ RunTime:0.0420s ]

[ 2017-07-15T18:33:41+08:00 ] 127.0.0.1 /index.php/Admin/Order/packageNumber.html
INFO: [ app_begin ] --START--
INFO: Run Behavior\ReadHtmlCacheBehavior [ RunTime:0.000000s ]
INFO: [ app_begin ] --END-- [ RunTime:0.002000s ]
SQL: SHOW COLUMNS FROM `sp_manager` [ RunTime:0.0360s ]
SQL: SELECT r.role_auth_ids,r.role_auth_ac FROM sp_manager m INNER JOIN sp_role as r on m.role_id=r.role_id  WHERE m.mg_id = '502' LIMIT 1   [ RunTime:0.0010s ]
SQL: SHOW COLUMNS FROM `sp_backage` [ RunTime:0.0290s ]
SQL: SELECT * FROM `sp_backage` WHERE `order_id` = 8 LIMIT 1   [ RunTime:0.0000s ]
SQL: UPDATE `sp_backage` SET `backage_state`='2017-06-27 12:33:52++已签收,签收人是:【门卫签收】#2017-06-27 08:23:41++【四川成都双流公司】的派件员【西航港承包区】正在派件#2017-06-27 06:20:27++快件已到达【四川成都双流公司】#2017-06-26 19:28:55++由【四川成都中转部】发往【四川成都双流公司】#2017-06-24 00:08:22++由【浙江义乌公司】发往【四川成都航空部】#2017-06-23 17:18:17++【浙江义乌公司】正在进行【装袋】扫描#2017-06-23 17:18:17++由【浙江义乌公司】发往【四川成都航空部】#2017-06-23 17:05:36++【浙江义乌公司】的收件员【菜鸟面单2】已收件#',`backage_number`='3332487314805' WHERE `order_id` = 8 [ RunTime:0.0300s ]
SQL: SHOW COLUMNS FROM `sp_order` [ RunTime:0.0340s ]
SQL: UPDATE `sp_order` SET `is_send`='是' WHERE `order_id` = 8 [ RunTime:0.0030s ]

[ 2017-07-15T18:34:19+08:00 ] 127.0.0.1 /index.php/Admin/Order/packageNumber.html
INFO: [ app_begin ] --START--
INFO: Run Behavior\ReadHtmlCacheBehavior [ RunTime:0.007000s ]
INFO: [ app_begin ] --END-- [ RunTime:0.008000s ]
SQL: SHOW COLUMNS FROM `sp_manager` [ RunTime:0.0490s ]
SQL: SELECT r.role_auth_ids,r.role_auth_ac FROM sp_manager m INNER JOIN sp_role as r on m.role_id=r.role_id  WHERE m.mg_id = '502' LIMIT 1   [ RunTime:0.0020s ]
SQL: SHOW COLUMNS FROM `sp_backage` [ RunTime:0.0350s ]
SQL: SELECT * FROM `sp_backage` WHERE `order_id` = 9 LIMIT 1   [ RunTime:0.0010s ]
SQL: INSERT INTO `sp_backage` (`backage_state`,`backage_number`,`order_id`) VALUES ('2017-06-27 12:33:52++已签收,签收人是:【门卫签收】#2017-06-27 08:23:41++【四川成都双流公司】的派件员【西航港承包区】正在派件#2017-06-27 06:20:27++快件已到达【四川成都双流公司】#2017-06-26 19:28:55++由【四川成都中转部】发往【四川成都双流公司】#2017-06-24 00:08:22++由【浙江义乌公司】发往【四川成都航空部】#2017-06-23 17:18:17++【浙江义乌公司】正在进行【装袋】扫描#2017-06-23 17:18:17++由【浙江义乌公司】发往【四川成都航空部】#2017-06-23 17:05:36++【浙江义乌公司】的收件员【菜鸟面单2】已收件#','3332487314805','9') [ RunTime:0.0950s ]
SQL: SHOW COLUMNS FROM `sp_order` [ RunTime:0.0220s ]
SQL: UPDATE `sp_order` SET `is_send`='是',`order_status`='1' WHERE `order_id` = 9 [ RunTime:0.0120s ]

[ 2017-07-15T18:35:13+08:00 ] 127.0.0.1 /index.php/Admin/Order/packageNumber.html
INFO: [ app_begin ] --START--
INFO: Run Behavior\ReadHtmlCacheBehavior [ RunTime:0.001000s ]
INFO: [ app_begin ] --END-- [ RunTime:0.001000s ]
SQL: SHOW COLUMNS FROM `sp_manager` [ RunTime:0.0360s ]
SQL: SELECT r.role_auth_ids,r.role_auth_ac FROM sp_manager m INNER JOIN sp_role as r on m.role_id=r.role_id  WHERE m.mg_id = '502' LIMIT 1   [ RunTime:0.0010s ]
SQL: SHOW COLUMNS FROM `sp_backage` [ RunTime:0.0240s ]
SQL: SELECT * FROM `sp_backage` WHERE `order_id` = 9 LIMIT 1   [ RunTime:0.0000s ]
SQL: UPDATE `sp_backage` SET `backage_state`='2017-06-22 22:27:13++[四川成都双流县西航港公司黄甲分部]快件已被 门卫室 签收#2017-06-22 22:15:59++[四川成都双流县西航港公司黄甲分部]进行派件扫描；派送业务员：小宋；联系电话：13808016470#2017-06-22 13:53:47++[四川成都双流县西航港公司黄甲分部]到达目的地网点，快件将很快进行派送#2017-06-22 12:37:45++[四川成都双流县西航港公司]进行快件扫描，将发往：四川成都双流县西航港公司黄甲分部#2017-06-22 07:37:48++[四川成都分拨中心]从站点发出，本次转运目的地：四川成都双流县西航港公司#2017-06-22 07:20:17++[四川成都分拨中心]在分拨中心进行卸车扫描#2017-06-21 03:10:00++[广东广州分拨中心]进行装车扫描，即将发往：四川成都分拨中心#2017-06-21 03:07:09++[广东广州分拨中心]在分拨中心进行称重扫描#2017-06-20 22:36:31++[广东广州天河区东圃公司]进行下级地点扫描，将发往：四川成都网点包#2017-06-20 22:01:41++[广东广州天河区东圃公司成雨淘宝分部]进行揽件扫描#',`backage_number`='3993821445004' WHERE `order_id` = 9 [ RunTime:0.0340s ]
SQL: SHOW COLUMNS FROM `sp_order` [ RunTime:0.0320s ]
SQL: UPDATE `sp_order` SET `is_send`='是',`order_status`='1' WHERE `order_id` = 9 [ RunTime:0.0020s ]

[ 2017-07-15T18:35:26+08:00 ] 127.0.0.1 /index.php/Admin/Order/packageNumber.html
INFO: [ app_begin ] --START--
INFO: Run Behavior\ReadHtmlCacheBehavior [ RunTime:0.000000s ]
INFO: [ app_begin ] --END-- [ RunTime:0.002000s ]
SQL: SHOW COLUMNS FROM `sp_manager` [ RunTime:0.0360s ]
SQL: SELECT r.role_auth_ids,r.role_auth_ac FROM sp_manager m INNER JOIN sp_role as r on m.role_id=r.role_id  WHERE m.mg_id = '502' LIMIT 1   [ RunTime:0.0010s ]
SQL: SHOW COLUMNS FROM `sp_backage` [ RunTime:0.0360s ]
SQL: SELECT * FROM `sp_backage` WHERE `order_id` = 8 LIMIT 1   [ RunTime:0.0020s ]
SQL: INSERT INTO `sp_backage` (`backage_state`,`backage_number`,`order_id`) VALUES ('2017-06-22 22:27:13++[四川成都双流县西航港公司黄甲分部]快件已被 门卫室 签收#2017-06-22 22:15:59++[四川成都双流县西航港公司黄甲分部]进行派件扫描；派送业务员：小宋；联系电话：13808016470#2017-06-22 13:53:47++[四川成都双流县西航港公司黄甲分部]到达目的地网点，快件将很快进行派送#2017-06-22 12:37:45++[四川成都双流县西航港公司]进行快件扫描，将发往：四川成都双流县西航港公司黄甲分部#2017-06-22 07:37:48++[四川成都分拨中心]从站点发出，本次转运目的地：四川成都双流县西航港公司#2017-06-22 07:20:17++[四川成都分拨中心]在分拨中心进行卸车扫描#2017-06-21 03:10:00++[广东广州分拨中心]进行装车扫描，即将发往：四川成都分拨中心#2017-06-21 03:07:09++[广东广州分拨中心]在分拨中心进行称重扫描#2017-06-20 22:36:31++[广东广州天河区东圃公司]进行下级地点扫描，将发往：四川成都网点包#2017-06-20 22:01:41++[广东广州天河区东圃公司成雨淘宝分部]进行揽件扫描#','3993821445004','8') [ RunTime:0.0270s ]
SQL: SHOW COLUMNS FROM `sp_order` [ RunTime:0.0380s ]
SQL: UPDATE `sp_order` SET `is_send`='是',`order_status`='1' WHERE `order_id` = 8 [ RunTime:0.0020s ]

[ 2017-07-15T18:35:47+08:00 ] 127.0.0.1 /index.php/Admin/Order/packageNumber.html
INFO: [ app_begin ] --START--
INFO: Run Behavior\ReadHtmlCacheBehavior [ RunTime:0.001000s ]
INFO: [ app_begin ] --END-- [ RunTime:0.001000s ]
SQL: SHOW COLUMNS FROM `sp_manager` [ RunTime:0.0400s ]
SQL: SELECT r.role_auth_ids,r.role_auth_ac FROM sp_manager m INNER JOIN sp_role as r on m.role_id=r.role_id  WHERE m.mg_id = '502' LIMIT 1   [ RunTime:0.0020s ]
SQL: SHOW COLUMNS FROM `sp_backage` [ RunTime:0.0290s ]
SQL: SELECT * FROM `sp_backage` WHERE `order_id` = 7 LIMIT 1   [ RunTime:0.0000s ]
SQL: INSERT INTO `sp_backage` (`backage_state`,`backage_number`,`order_id`) VALUES ('2017-06-22 22:27:13++[四川成都双流县西航港公司黄甲分部]快件已被 门卫室 签收#2017-06-22 22:15:59++[四川成都双流县西航港公司黄甲分部]进行派件扫描；派送业务员：小宋；联系电话：13808016470#2017-06-22 13:53:47++[四川成都双流县西航港公司黄甲分部]到达目的地网点，快件将很快进行派送#2017-06-22 12:37:45++[四川成都双流县西航港公司]进行快件扫描，将发往：四川成都双流县西航港公司黄甲分部#2017-06-22 07:37:48++[四川成都分拨中心]从站点发出，本次转运目的地：四川成都双流县西航港公司#2017-06-22 07:20:17++[四川成都分拨中心]在分拨中心进行卸车扫描#2017-06-21 03:10:00++[广东广州分拨中心]进行装车扫描，即将发往：四川成都分拨中心#2017-06-21 03:07:09++[广东广州分拨中心]在分拨中心进行称重扫描#2017-06-20 22:36:31++[广东广州天河区东圃公司]进行下级地点扫描，将发往：四川成都网点包#2017-06-20 22:01:41++[广东广州天河区东圃公司成雨淘宝分部]进行揽件扫描#','3993821445004','7') [ RunTime:0.0020s ]
SQL: SHOW COLUMNS FROM `sp_order` [ RunTime:0.0170s ]
SQL: UPDATE `sp_order` SET `is_send`='是',`order_status`='1' WHERE `order_id` = 7 [ RunTime:0.0020s ]

[ 2017-07-15T18:47:11+08:00 ] 127.0.0.1 /index.php/Admin/Order/packageNumber.html
INFO: [ app_begin ] --START--
INFO: Run Behavior\ReadHtmlCacheBehavior [ RunTime:0.002000s ]
INFO: [ app_begin ] --END-- [ RunTime:0.003000s ]
SQL: SHOW COLUMNS FROM `sp_manager` [ RunTime:0.0470s ]
SQL: SELECT r.role_auth_ids,r.role_auth_ac FROM sp_manager m INNER JOIN sp_role as r on m.role_id=r.role_id  WHERE m.mg_id = '502' LIMIT 1   [ RunTime:0.0220s ]

[ 2017-07-15T18:48:35+08:00 ] 127.0.0.1 /index.php/Admin/Order/packageNumber.html
INFO: [ app_begin ] --START--
INFO: Run Behavior\ReadHtmlCacheBehavior [ RunTime:0.000000s ]
INFO: [ app_begin ] --END-- [ RunTime:0.001000s ]
SQL: SHOW COLUMNS FROM `sp_manager` [ RunTime:0.0340s ]
SQL: SELECT r.role_auth_ids,r.role_auth_ac FROM sp_manager m INNER JOIN sp_role as r on m.role_id=r.role_id  WHERE m.mg_id = '502' LIMIT 1   [ RunTime:0.0010s ]

[ 2017-07-15T18:49:18+08:00 ] 127.0.0.1 /index.php/Admin/Order/packageNumber.html
INFO: [ app_begin ] --START--
INFO: Run Behavior\ReadHtmlCacheBehavior [ RunTime:0.003001s ]
INFO: [ app_begin ] --END-- [ RunTime:0.005001s ]
SQL: SHOW COLUMNS FROM `sp_manager` [ RunTime:0.0360s ]
SQL: SELECT r.role_auth_ids,r.role_auth_ac FROM sp_manager m INNER JOIN sp_role as r on m.role_id=r.role_id  WHERE m.mg_id = '502' LIMIT 1   [ RunTime:0.0010s ]

[ 2017-07-15T18:50:50+08:00 ] 127.0.0.1 /index.php/Admin/Order/packageNumber.html
INFO: [ app_begin ] --START--
INFO: Run Behavior\ReadHtmlCacheBehavior [ RunTime:0.001000s ]
INFO: [ app_begin ] --END-- [ RunTime:0.002000s ]
SQL: SHOW COLUMNS FROM `sp_manager` [ RunTime:0.0380s ]
SQL: SELECT r.role_auth_ids,r.role_auth_ac FROM sp_manager m INNER JOIN sp_role as r on m.role_id=r.role_id  WHERE m.mg_id = '502' LIMIT 1   [ RunTime:0.0120s ]

[ 2017-07-15T18:53:24+08:00 ] 127.0.0.1 /index.php/Admin/Order/packageNumber.html
INFO: [ app_begin ] --START--
INFO: Run Behavior\ReadHtmlCacheBehavior [ RunTime:0.001001s ]
INFO: [ app_begin ] --END-- [ RunTime:0.001001s ]
SQL: SHOW COLUMNS FROM `sp_manager` [ RunTime:0.0120s ]
SQL: SELECT r.role_auth_ids,r.role_auth_ac FROM sp_manager m INNER JOIN sp_role as r on m.role_id=r.role_id  WHERE m.mg_id = '502' LIMIT 1   [ RunTime:0.0010s ]

[ 2017-07-15T18:53:48+08:00 ] 127.0.0.1 /index.php/Admin/Order/packageNumber.html
INFO: [ app_begin ] --START--
INFO: Run Behavior\ReadHtmlCacheBehavior [ RunTime:0.001000s ]
INFO: [ app_begin ] --END-- [ RunTime:0.002000s ]
SQL: SHOW COLUMNS FROM `sp_manager` [ RunTime:0.0330s ]
SQL: SELECT r.role_auth_ids,r.role_auth_ac FROM sp_manager m INNER JOIN sp_role as r on m.role_id=r.role_id  WHERE m.mg_id = '502' LIMIT 1   [ RunTime:0.0020s ]

[ 2017-07-15T18:54:07+08:00 ] 127.0.0.1 /index.php/Admin/Order/packageNumber.html
INFO: [ app_begin ] --START--
INFO: Run Behavior\ReadHtmlCacheBehavior [ RunTime:0.000000s ]
INFO: [ app_begin ] --END-- [ RunTime:0.001000s ]
SQL: SHOW COLUMNS FROM `sp_manager` [ RunTime:0.0350s ]
SQL: SELECT r.role_auth_ids,r.role_auth_ac FROM sp_manager m INNER JOIN sp_role as r on m.role_id=r.role_id  WHERE m.mg_id = '502' LIMIT 1   [ RunTime:0.0020s ]

[ 2017-07-15T18:54:45+08:00 ] 127.0.0.1 /index.php/Admin/Order/packageNumber.html
INFO: [ app_begin ] --START--
INFO: Run Behavior\ReadHtmlCacheBehavior [ RunTime:0.001000s ]
INFO: [ app_begin ] --END-- [ RunTime:0.003000s ]
SQL: SHOW COLUMNS FROM `sp_manager` [ RunTime:0.0440s ]
SQL: SELECT r.role_auth_ids,r.role_auth_ac FROM sp_manager m INNER JOIN sp_role as r on m.role_id=r.role_id  WHERE m.mg_id = '502' LIMIT 1   [ RunTime:0.0010s ]

[ 2017-07-15T19:00:14+08:00 ] 127.0.0.1 /index.php/Admin/Order/packageNumber.html
INFO: [ app_begin ] --START--
INFO: Run Behavior\ReadHtmlCacheBehavior [ RunTime:0.000000s ]
INFO: [ app_begin ] --END-- [ RunTime:0.000000s ]
SQL: SHOW COLUMNS FROM `sp_manager` [ RunTime:0.0350s ]
SQL: SELECT r.role_auth_ids,r.role_auth_ac FROM sp_manager m INNER JOIN sp_role as r on m.role_id=r.role_id  WHERE m.mg_id = '502' LIMIT 1   [ RunTime:0.0010s ]

[ 2017-07-15T19:06:50+08:00 ] 127.0.0.1 /index.php/Admin/Order/
ERR: 非法操作:index

[ 2017-07-15T19:06:54+08:00 ] 127.0.0.1 /index.php/Admin
INFO: [ view_parse ] --START--
INFO: [ template_filter ] --START--
INFO: Run Behavior\ContentReplaceBehavior [ RunTime:0.001001s ]
INFO: [ template_filter ] --END-- [ RunTime:0.001001s ]
INFO: Run Behavior\ParseTemplateBehavior [ RunTime:0.049002s ]
INFO: [ view_parse ] --END-- [ RunTime:0.050002s ]
INFO: [ view_filter ] --START--
INFO: Run Behavior\WriteHtmlCacheBehavior [ RunTime:0.001000s ]
INFO: [ view_filter ] --END-- [ RunTime:0.001000s ]
INFO: [ app_end ] --START--
INFO: Run Behavior\ShowPageTraceBehavior [ RunTime:0.002001s ]
INFO: [ app_end ] --END-- [ RunTime:0.002001s ]

[ 2017-07-15T19:06:54+08:00 ] 127.0.0.1 /index.php/Admin/Index/top.html
INFO: [ view_parse ] --START--
INFO: [ template_filter ] --START--
INFO: Run Behavior\ContentReplaceBehavior [ RunTime:0.000000s ]
INFO: [ template_filter ] --END-- [ RunTime:0.000000s ]
INFO: Run Behavior\ParseTemplateBehavior [ RunTime:0.034002s ]
INFO: [ view_parse ] --END-- [ RunTime:0.037002s ]
INFO: [ view_filter ] --START--
INFO: Run Behavior\WriteHtmlCacheBehavior [ RunTime:0.001000s ]
INFO: [ view_filter ] --END-- [ RunTime:0.001000s ]
INFO: [ app_end ] --START--
INFO: Run Behavior\ShowPageTraceBehavior [ RunTime:0.001000s ]
INFO: [ app_end ] --END-- [ RunTime:0.002000s ]

[ 2017-07-15T19:06:55+08:00 ] 127.0.0.1 /index.php/Admin/Index/center.html
INFO: [ view_parse ] --START--
INFO: [ template_filter ] --START--
INFO: Run Behavior\ContentReplaceBehavior [ RunTime:0.000000s ]
INFO: [ template_filter ] --END-- [ RunTime:0.000000s ]
INFO: Run Behavior\ParseTemplateBehavior [ RunTime:0.017001s ]
INFO: [ view_parse ] --END-- [ RunTime:0.017001s ]
INFO: [ view_filter ] --START--
INFO: Run Behavior\WriteHtmlCacheBehavior [ RunTime:0.001000s ]
INFO: [ view_filter ] --END-- [ RunTime:0.001000s ]
INFO: [ app_end ] --START--
INFO: Run Behavior\ShowPageTraceBehavior [ RunTime:0.002001s ]
INFO: [ app_end ] --END-- [ RunTime:0.002001s ]

[ 2017-07-15T19:06:55+08:00 ] 127.0.0.1 /index.php/Admin/Index/down.html
INFO: [ view_parse ] --START--
INFO: [ template_filter ] --START--
INFO: Run Behavior\ContentReplaceBehavior [ RunTime:0.000000s ]
INFO: [ template_filter ] --END-- [ RunTime:0.000000s ]
INFO: Run Behavior\ParseTemplateBehavior [ RunTime:0.063003s ]
INFO: [ view_parse ] --END-- [ RunTime:0.064003s ]
INFO: [ view_filter ] --START--
INFO: Run Behavior\WriteHtmlCacheBehavior [ RunTime:0.001000s ]
INFO: [ view_filter ] --END-- [ RunTime:0.001000s ]
INFO: [ app_end ] --START--
INFO: Run Behavior\ShowPageTraceBehavior [ RunTime:0.002000s ]
INFO: [ app_end ] --END-- [ RunTime:0.002000s ]

[ 2017-07-15T19:06:55+08:00 ] 127.0.0.1 /index.php/Admin/Index/left.html
SQL: SHOW COLUMNS FROM `sp_auth` [ RunTime:0.0420s ]
SQL: SELECT * FROM `sp_auth` WHERE `auth_level` = '0'  [ RunTime:0.0000s ]
SQL: SELECT * FROM `sp_auth` WHERE `auth_level` = '1'  [ RunTime:0.0000s ]
INFO: [ view_parse ] --START--
INFO: [ template_filter ] --START--
INFO: Run Behavior\ContentReplaceBehavior [ RunTime:0.000000s ]
INFO: [ template_filter ] --END-- [ RunTime:0.000000s ]
INFO: Run Behavior\ParseTemplateBehavior [ RunTime:0.011001s ]
INFO: [ view_parse ] --END-- [ RunTime:0.011001s ]
INFO: [ view_filter ] --START--
INFO: Run Behavior\WriteHtmlCacheBehavior [ RunTime:0.000000s ]
INFO: [ view_filter ] --END-- [ RunTime:0.000000s ]
INFO: [ app_end ] --START--
INFO: Run Behavior\ShowPageTraceBehavior [ RunTime:0.001000s ]
INFO: [ app_end ] --END-- [ RunTime:0.001000s ]

